    Checking google-dialogflow2 v0.1.0 (/Users/sthiel/dev/google-apis/generated/gen/dialogflow/v2/lib)
error[E0201]: duplicate definitions with name `agent`:
    --> dialogflow/v2/lib/src/lib.rs:6002:13
     |
5939 | /             pub fn agent(
5940 | |                 &self,
5941 | |                 request: crate::schemas::GoogleCloudDialogflowV2Agent,
5942 | |                 parent: impl Into<String>,
...    |
5961 | |                 }
5962 | |             }
     | |_____________- previous definition of `agent` here
...
6002 | /             pub fn agent(&self) -> crate::resources::projects::agent::AgentActions<A> {
6003 | |                 crate::resources::projects::agent::AgentActions {
6004 | |                     reqwest: &self.reqwest,
6005 | |                     auth: &self.auth,
6006 | |                 }
6007 | |             }
     | |_____________^ duplicate definition

error: aborting due to previous error

For more information about this error, try `rustc --explain E0201`.
error: Could not compile `google-dialogflow2`.

To learn more, run the command again with --verbose.
