    Blocking waiting for file lock on build directory
    Checking google-servicenetworking1_beta v0.1.0 (/Users/sthiel/dev/google-apis/generated/gen/servicenetworking/v1beta/lib)
error[E0423]: expected value, found struct `connections::ConnectionsActions`
    --> gen/servicenetworking/v1beta/lib/src/lib.rs:3082:13
     |
3082 |             connections::ConnectionsActions
     |             ^^^^^^^^^^^^^^^^^^^^^^^^^^^^^^^ did you mean `connections::ConnectionsActions { /* fields */ }`?

error[E0107]: wrong number of type arguments: expected 0, found 1
  --> gen/servicenetworking/v1beta/lib/src/lib.rs:17:30
   |
17 |         pub consumer: Option<String>,
   |                              ^^^^^^ unexpected type argument

error[E0107]: wrong number of type arguments: expected 0, found 1
  --> gen/servicenetworking/v1beta/lib/src/lib.rs:20:38
   |
20 |         pub consumer_network: Option<String>,
   |                                      ^^^^^^ unexpected type argument

error[E0107]: wrong number of type arguments: expected 0, found 1
  --> gen/servicenetworking/v1beta/lib/src/lib.rs:23:33
   |
23 |         pub description: Option<String>,
   |                                 ^^^^^^ unexpected type argument

error[E0107]: wrong number of type arguments: expected 0, found 1
  --> gen/servicenetworking/v1beta/lib/src/lib.rs:26:38
   |
26 |         pub ip_prefix_length: Option<i32>,
   |                                      ^^^ unexpected type argument

error[E0107]: wrong number of type arguments: expected 0, found 1
  --> gen/servicenetworking/v1beta/lib/src/lib.rs:29:28
   |
29 |         pub region: Option<String>,
   |                            ^^^^^^ unexpected type argument

error[E0107]: wrong number of type arguments: expected 0, found 1
  --> gen/servicenetworking/v1beta/lib/src/lib.rs:32:39
   |
32 |         pub requested_address: Option<String>,
   |                                       ^^^^^^ unexpected type argument

error[E0107]: wrong number of type arguments: expected 0, found 1
  --> gen/servicenetworking/v1beta/lib/src/lib.rs:35:32
   |
35 |         pub subnetwork: Option<String>,
   |                                ^^^^^^ unexpected type argument

error[E0107]: wrong number of type arguments: expected 0, found 1
  --> gen/servicenetworking/v1beta/lib/src/lib.rs:38:38
   |
38 |         pub subnetwork_users: Option<Vec<String>>,
   |                                      ^^^^^^^^^^^ unexpected type argument

error[E0107]: wrong number of type arguments: expected 0, found 1
   --> gen/servicenetworking/v1beta/lib/src/lib.rs:100:29
    |
100 |         pub methods: Option<Vec<crate::schemas::Method>>,
    |                             ^^^^^^^^^^^^^^^^^^^^^^^^^^^ unexpected type argument

error[E0107]: wrong number of type arguments: expected 0, found 1
   --> gen/servicenetworking/v1beta/lib/src/lib.rs:103:28
    |
103 |         pub mixins: Option<Vec<crate::schemas::Mixin>>,
    |                            ^^^^^^^^^^^^^^^^^^^^^^^^^^ unexpected type argument

error[E0107]: wrong number of type arguments: expected 0, found 1
   --> gen/servicenetworking/v1beta/lib/src/lib.rs:106:26
    |
106 |         pub name: Option<String>,
    |                          ^^^^^^ unexpected type argument

error[E0107]: wrong number of type arguments: expected 0, found 1
   --> gen/servicenetworking/v1beta/lib/src/lib.rs:109:29
    |
109 |         pub options: Option<Vec<crate::schemas::Option>>,
    |                             ^^^^^^^^^^^^^^^^^^^^^^^^^^^ unexpected type argument

error[E0107]: wrong number of type arguments: expected 0, found 1
   --> gen/servicenetworking/v1beta/lib/src/lib.rs:112:36
    |
112 |         pub source_context: Option<crate::schemas::SourceContext>,
    |                                    ^^^^^^^^^^^^^^^^^^^^^^^^^^^^^ unexpected type argument

error[E0107]: wrong number of type arguments: expected 0, found 1
   --> gen/servicenetworking/v1beta/lib/src/lib.rs:115:28
    |
115 |         pub syntax: Option<crate::schemas::ApiSyntax>,
    |                            ^^^^^^^^^^^^^^^^^^^^^^^^^ unexpected type argument

error[E0107]: wrong number of type arguments: expected 0, found 1
   --> gen/servicenetworking/v1beta/lib/src/lib.rs:118:29
    |
118 |         pub version: Option<String>,
    |                             ^^^^^^ unexpected type argument

error[E0107]: wrong number of type arguments: expected 0, found 1
   --> gen/servicenetworking/v1beta/lib/src/lib.rs:145:31
    |
145 |         pub audiences: Option<String>,
    |                               ^^^^^^ unexpected type argument

error[E0107]: wrong number of type arguments: expected 0, found 1
   --> gen/servicenetworking/v1beta/lib/src/lib.rs:148:39
    |
148 |         pub authorization_url: Option<String>,
    |                                       ^^^^^^ unexpected type argument

error[E0107]: wrong number of type arguments: expected 0, found 1
   --> gen/servicenetworking/v1beta/lib/src/lib.rs:151:24
    |
151 |         pub id: Option<String>,
    |                        ^^^^^^ unexpected type argument

error[E0107]: wrong number of type arguments: expected 0, found 1
   --> gen/servicenetworking/v1beta/lib/src/lib.rs:154:28
    |
154 |         pub issuer: Option<String>,
    |                            ^^^^^^ unexpected type argument

error[E0107]: wrong number of type arguments: expected 0, found 1
   --> gen/servicenetworking/v1beta/lib/src/lib.rs:157:30
    |
157 |         pub jwks_uri: Option<String>,
    |                              ^^^^^^ unexpected type argument

error[E0107]: wrong number of type arguments: expected 0, found 1
   --> gen/servicenetworking/v1beta/lib/src/lib.rs:184:31
    |
184 |         pub audiences: Option<String>,
    |                               ^^^^^^ unexpected type argument

error[E0107]: wrong number of type arguments: expected 0, found 1
   --> gen/servicenetworking/v1beta/lib/src/lib.rs:187:33
    |
187 |         pub provider_id: Option<String>,
    |                                 ^^^^^^ unexpected type argument

error[E0107]: wrong number of type arguments: expected 0, found 1
   --> gen/servicenetworking/v1beta/lib/src/lib.rs:214:31
    |
214 |         pub providers: Option<Vec<crate::schemas::AuthProvider>>,
    |                               ^^^^^^^^^^^^^^^^^^^^^^^^^^^^^^^^^ unexpected type argument

error[E0107]: wrong number of type arguments: expected 0, found 1
   --> gen/servicenetworking/v1beta/lib/src/lib.rs:217:27
    |
217 |         pub rules: Option<Vec<crate::schemas::AuthenticationRule>>,
    |                           ^^^^^^^^^^^^^^^^^^^^^^^^^^^^^^^^^^^^^^^ unexpected type argument

error[E0107]: wrong number of type arguments: expected 0, found 1
   --> gen/servicenetworking/v1beta/lib/src/lib.rs:244:46
    |
244 |         pub allow_without_credential: Option<bool>,
    |                                              ^^^^ unexpected type argument

error[E0107]: wrong number of type arguments: expected 0, found 1
   --> gen/servicenetworking/v1beta/lib/src/lib.rs:247:27
    |
247 |         pub oauth: Option<crate::schemas::OauthRequirements>,
    |                           ^^^^^^^^^^^^^^^^^^^^^^^^^^^^^^^^^ unexpected type argument

error[E0107]: wrong number of type arguments: expected 0, found 1
   --> gen/servicenetworking/v1beta/lib/src/lib.rs:250:34
    |
250 |         pub requirements: Option<Vec<crate::schemas::AuthRequirement>>,
    |                                  ^^^^^^^^^^^^^^^^^^^^^^^^^^^^^^^^^^^^ unexpected type argument

error[E0107]: wrong number of type arguments: expected 0, found 1
   --> gen/servicenetworking/v1beta/lib/src/lib.rs:253:30
    |
253 |         pub selector: Option<String>,
    |                              ^^^^^^ unexpected type argument

error[E0107]: wrong number of type arguments: expected 0, found 1
   --> gen/servicenetworking/v1beta/lib/src/lib.rs:271:27
    |
271 |         pub rules: Option<Vec<crate::schemas::BackendRule>>,
    |                           ^^^^^^^^^^^^^^^^^^^^^^^^^^^^^^^^ unexpected type argument

error[E0107]: wrong number of type arguments: expected 0, found 1
   --> gen/servicenetworking/v1beta/lib/src/lib.rs:342:29
    |
342 |         pub address: Option<String>,
    |                             ^^^^^^ unexpected type argument

error[E0107]: wrong number of type arguments: expected 0, found 1
   --> gen/servicenetworking/v1beta/lib/src/lib.rs:345:30
    |
345 |         pub deadline: Option<f64>,
    |                              ^^^ unexpected type argument

error[E0107]: wrong number of type arguments: expected 0, found 1
   --> gen/servicenetworking/v1beta/lib/src/lib.rs:348:34
    |
348 |         pub jwt_audience: Option<String>,
    |                                  ^^^^^^ unexpected type argument

error[E0107]: wrong number of type arguments: expected 0, found 1
   --> gen/servicenetworking/v1beta/lib/src/lib.rs:351:34
    |
351 |         pub min_deadline: Option<f64>,
    |                                  ^^^ unexpected type argument

error[E0107]: wrong number of type arguments: expected 0, found 1
   --> gen/servicenetworking/v1beta/lib/src/lib.rs:354:40
    |
354 |         pub operation_deadline: Option<f64>,
    |                                        ^^^ unexpected type argument

error[E0107]: wrong number of type arguments: expected 0, found 1
   --> gen/servicenetworking/v1beta/lib/src/lib.rs:356:38
    |
356 |         pub path_translation: Option<crate::schemas::BackendRulePathTranslation>,
    |                                      ^^^^^^^^^^^^^^^^^^^^^^^^^^^^^^^^^^^^^^^^^^ unexpected type argument

error[E0107]: wrong number of type arguments: expected 0, found 1
   --> gen/servicenetworking/v1beta/lib/src/lib.rs:359:30
    |
359 |         pub selector: Option<String>,
    |                              ^^^^^^ unexpected type argument

error[E0107]: wrong number of type arguments: expected 0, found 1
   --> gen/servicenetworking/v1beta/lib/src/lib.rs:386:43
    |
386 |         pub consumer_destinations: Option<Vec<crate::schemas::BillingDestination>>,
    |                                           ^^^^^^^^^^^^^^^^^^^^^^^^^^^^^^^^^^^^^^^ unexpected type argument

error[E0107]: wrong number of type arguments: expected 0, found 1
   --> gen/servicenetworking/v1beta/lib/src/lib.rs:413:29
    |
413 |         pub metrics: Option<Vec<String>>,
    |                             ^^^^^^^^^^^ unexpected type argument

error[E0107]: wrong number of type arguments: expected 0, found 1
   --> gen/servicenetworking/v1beta/lib/src/lib.rs:416:40
    |
416 |         pub monitored_resource: Option<String>,
    |                                        ^^^^^^ unexpected type argument

error[E0107]: wrong number of type arguments: expected 0, found 1
   --> gen/servicenetworking/v1beta/lib/src/lib.rs:443:29
    |
443 |         pub network: Option<String>,
    |                             ^^^^^^ unexpected type argument

error[E0107]: wrong number of type arguments: expected 0, found 1
   --> gen/servicenetworking/v1beta/lib/src/lib.rs:446:29
    |
446 |         pub peering: Option<String>,
    |                             ^^^^^^ unexpected type argument

error[E0107]: wrong number of type arguments: expected 0, found 1
   --> gen/servicenetworking/v1beta/lib/src/lib.rs:449:45
    |
449 |         pub reserved_peering_ranges: Option<Vec<String>>,
    |                                             ^^^^^^^^^^^ unexpected type argument

error[E0107]: wrong number of type arguments: expected 0, found 1
   --> gen/servicenetworking/v1beta/lib/src/lib.rs:452:29
    |
452 |         pub service: Option<String>,
    |                             ^^^^^^ unexpected type argument

error[E0107]: wrong number of type arguments: expected 0, found 1
   --> gen/servicenetworking/v1beta/lib/src/lib.rs:479:27
    |
479 |         pub rules: Option<Vec<crate::schemas::ContextRule>>,
    |                           ^^^^^^^^^^^^^^^^^^^^^^^^^^^^^^^^ unexpected type argument

error[E0107]: wrong number of type arguments: expected 0, found 1
   --> gen/servicenetworking/v1beta/lib/src/lib.rs:506:48
    |
506 |         pub allowed_request_extensions: Option<Vec<String>>,
    |                                                ^^^^^^^^^^^ unexpected type argument

error[E0107]: wrong number of type arguments: expected 0, found 1
   --> gen/servicenetworking/v1beta/lib/src/lib.rs:509:49
    |
509 |         pub allowed_response_extensions: Option<Vec<String>>,
    |                                                 ^^^^^^^^^^^ unexpected type argument

error[E0107]: wrong number of type arguments: expected 0, found 1
   --> gen/servicenetworking/v1beta/lib/src/lib.rs:512:30
    |
512 |         pub provided: Option<Vec<String>>,
    |                              ^^^^^^^^^^^ unexpected type argument

error[E0107]: wrong number of type arguments: expected 0, found 1
   --> gen/servicenetworking/v1beta/lib/src/lib.rs:515:31
    |
515 |         pub requested: Option<Vec<String>>,
    |                               ^^^^^^^^^^^ unexpected type argument

error[E0107]: wrong number of type arguments: expected 0, found 1
   --> gen/servicenetworking/v1beta/lib/src/lib.rs:518:30
    |
518 |         pub selector: Option<String>,
    |                              ^^^^^^ unexpected type argument

error[E0107]: wrong number of type arguments: expected 0, found 1
   --> gen/servicenetworking/v1beta/lib/src/lib.rs:545:33
    |
545 |         pub environment: Option<String>,
    |                                 ^^^^^^ unexpected type argument

error[E0107]: wrong number of type arguments: expected 0, found 1
   --> gen/servicenetworking/v1beta/lib/src/lib.rs:572:27
    |
572 |         pub rules: Option<Vec<crate::schemas::CustomErrorRule>>,
    |                           ^^^^^^^^^^^^^^^^^^^^^^^^^^^^^^^^^^^^ unexpected type argument

error[E0107]: wrong number of type arguments: expected 0, found 1
   --> gen/servicenetworking/v1beta/lib/src/lib.rs:575:27
    |
575 |         pub types: Option<Vec<String>>,
    |                           ^^^^^^^^^^^ unexpected type argument

error[E0107]: wrong number of type arguments: expected 0, found 1
   --> gen/servicenetworking/v1beta/lib/src/lib.rs:602:35
    |
602 |         pub is_error_type: Option<bool>,
    |                                   ^^^^ unexpected type argument

error[E0107]: wrong number of type arguments: expected 0, found 1
   --> gen/servicenetworking/v1beta/lib/src/lib.rs:605:30
    |
605 |         pub selector: Option<String>,
    |                              ^^^^^^ unexpected type argument

error[E0107]: wrong number of type arguments: expected 0, found 1
   --> gen/servicenetworking/v1beta/lib/src/lib.rs:632:26
    |
632 |         pub kind: Option<String>,
    |                          ^^^^^^ unexpected type argument

error[E0107]: wrong number of type arguments: expected 0, found 1
   --> gen/servicenetworking/v1beta/lib/src/lib.rs:635:26
    |
635 |         pub path: Option<String>,
    |                          ^^^^^^ unexpected type argument

error[E0107]: wrong number of type arguments: expected 0, found 1
   --> gen/servicenetworking/v1beta/lib/src/lib.rs:662:44
    |
662 |         pub documentation_root_url: Option<String>,
    |                                            ^^^^^^ unexpected type argument

error[E0107]: wrong number of type arguments: expected 0, found 1
   --> gen/servicenetworking/v1beta/lib/src/lib.rs:665:30
    |
665 |         pub overview: Option<String>,
    |                              ^^^^^^ unexpected type argument

error[E0107]: wrong number of type arguments: expected 0, found 1
   --> gen/servicenetworking/v1beta/lib/src/lib.rs:668:27
    |
668 |         pub pages: Option<Vec<crate::schemas::Page>>,
    |                           ^^^^^^^^^^^^^^^^^^^^^^^^^ unexpected type argument

error[E0107]: wrong number of type arguments: expected 0, found 1
   --> gen/servicenetworking/v1beta/lib/src/lib.rs:671:27
    |
671 |         pub rules: Option<Vec<crate::schemas::DocumentationRule>>,
    |                           ^^^^^^^^^^^^^^^^^^^^^^^^^^^^^^^^^^^^^^ unexpected type argument

error[E0107]: wrong number of type arguments: expected 0, found 1
   --> gen/servicenetworking/v1beta/lib/src/lib.rs:674:38
    |
674 |         pub service_root_url: Option<String>,
    |                                      ^^^^^^ unexpected type argument

error[E0107]: wrong number of type arguments: expected 0, found 1
   --> gen/servicenetworking/v1beta/lib/src/lib.rs:677:29
    |
677 |         pub summary: Option<String>,
    |                             ^^^^^^ unexpected type argument

error[E0107]: wrong number of type arguments: expected 0, found 1
   --> gen/servicenetworking/v1beta/lib/src/lib.rs:704:45
    |
704 |         pub deprecation_description: Option<String>,
    |                                             ^^^^^^ unexpected type argument

error[E0107]: wrong number of type arguments: expected 0, found 1
   --> gen/servicenetworking/v1beta/lib/src/lib.rs:707:33
    |
707 |         pub description: Option<String>,
    |                                 ^^^^^^ unexpected type argument

error[E0107]: wrong number of type arguments: expected 0, found 1
   --> gen/servicenetworking/v1beta/lib/src/lib.rs:710:30
    |
710 |         pub selector: Option<String>,
    |                              ^^^^^^ unexpected type argument

error[E0107]: wrong number of type arguments: expected 0, found 1
   --> gen/servicenetworking/v1beta/lib/src/lib.rs:737:29
    |
737 |         pub aliases: Option<Vec<String>>,
    |                             ^^^^^^^^^^^ unexpected type argument

error[E0107]: wrong number of type arguments: expected 0, found 1
   --> gen/servicenetworking/v1beta/lib/src/lib.rs:740:32
    |
740 |         pub allow_cors: Option<bool>,
    |                                ^^^^ unexpected type argument

error[E0107]: wrong number of type arguments: expected 0, found 1
   --> gen/servicenetworking/v1beta/lib/src/lib.rs:743:30
    |
743 |         pub features: Option<Vec<String>>,
    |                              ^^^^^^^^^^^ unexpected type argument

error[E0107]: wrong number of type arguments: expected 0, found 1
   --> gen/servicenetworking/v1beta/lib/src/lib.rs:746:26
    |
746 |         pub name: Option<String>,
    |                          ^^^^^^ unexpected type argument

error[E0107]: wrong number of type arguments: expected 0, found 1
   --> gen/servicenetworking/v1beta/lib/src/lib.rs:749:28
    |
749 |         pub target: Option<String>,
    |                            ^^^^^^ unexpected type argument

error[E0107]: wrong number of type arguments: expected 0, found 1
   --> gen/servicenetworking/v1beta/lib/src/lib.rs:811:31
    |
811 |         pub enumvalue: Option<Vec<crate::schemas::EnumValue>>,
    |                               ^^^^^^^^^^^^^^^^^^^^^^^^^^^^^^ unexpected type argument

error[E0107]: wrong number of type arguments: expected 0, found 1
   --> gen/servicenetworking/v1beta/lib/src/lib.rs:814:26
    |
814 |         pub name: Option<String>,
    |                          ^^^^^^ unexpected type argument

error[E0107]: wrong number of type arguments: expected 0, found 1
   --> gen/servicenetworking/v1beta/lib/src/lib.rs:817:29
    |
817 |         pub options: Option<Vec<crate::schemas::Option>>,
    |                             ^^^^^^^^^^^^^^^^^^^^^^^^^^^ unexpected type argument

error[E0107]: wrong number of type arguments: expected 0, found 1
   --> gen/servicenetworking/v1beta/lib/src/lib.rs:820:36
    |
820 |         pub source_context: Option<crate::schemas::SourceContext>,
    |                                    ^^^^^^^^^^^^^^^^^^^^^^^^^^^^^ unexpected type argument

error[E0107]: wrong number of type arguments: expected 0, found 1
   --> gen/servicenetworking/v1beta/lib/src/lib.rs:823:28
    |
823 |         pub syntax: Option<crate::schemas::EnumSyntax>,
    |                            ^^^^^^^^^^^^^^^^^^^^^^^^^^ unexpected type argument

error[E0107]: wrong number of type arguments: expected 0, found 1
   --> gen/servicenetworking/v1beta/lib/src/lib.rs:839:26
    |
839 |         pub name: Option<String>,
    |                          ^^^^^^ unexpected type argument

error[E0107]: wrong number of type arguments: expected 0, found 1
   --> gen/servicenetworking/v1beta/lib/src/lib.rs:842:28
    |
842 |         pub number: Option<i32>,
    |                            ^^^ unexpected type argument

error[E0107]: wrong number of type arguments: expected 0, found 1
   --> gen/servicenetworking/v1beta/lib/src/lib.rs:845:29
    |
845 |         pub options: Option<Vec<crate::schemas::Option>>,
    |                             ^^^^^^^^^^^^^^^^^^^^^^^^^^^ unexpected type argument

error[E0107]: wrong number of type arguments: expected 0, found 1
    --> gen/servicenetworking/v1beta/lib/src/lib.rs:1029:33
     |
1029 |         pub cardinality: Option<crate::schemas::FieldCardinality>,
     |                                 ^^^^^^^^^^^^^^^^^^^^^^^^^^^^^^^^ unexpected type argument

error[E0107]: wrong number of type arguments: expected 0, found 1
    --> gen/servicenetworking/v1beta/lib/src/lib.rs:1032:35
     |
1032 |         pub default_value: Option<String>,
     |                                   ^^^^^^ unexpected type argument

error[E0107]: wrong number of type arguments: expected 0, found 1
    --> gen/servicenetworking/v1beta/lib/src/lib.rs:1035:31
     |
1035 |         pub json_name: Option<String>,
     |                               ^^^^^^ unexpected type argument

error[E0107]: wrong number of type arguments: expected 0, found 1
    --> gen/servicenetworking/v1beta/lib/src/lib.rs:1038:26
     |
1038 |         pub kind: Option<crate::schemas::FieldKind>,
     |                          ^^^^^^^^^^^^^^^^^^^^^^^^^ unexpected type argument

error[E0107]: wrong number of type arguments: expected 0, found 1
    --> gen/servicenetworking/v1beta/lib/src/lib.rs:1041:26
     |
1041 |         pub name: Option<String>,
     |                          ^^^^^^ unexpected type argument

error[E0107]: wrong number of type arguments: expected 0, found 1
    --> gen/servicenetworking/v1beta/lib/src/lib.rs:1044:28
     |
1044 |         pub number: Option<i32>,
     |                            ^^^ unexpected type argument

error[E0107]: wrong number of type arguments: expected 0, found 1
    --> gen/servicenetworking/v1beta/lib/src/lib.rs:1047:33
     |
1047 |         pub oneof_index: Option<i32>,
     |                                 ^^^ unexpected type argument

error[E0107]: wrong number of type arguments: expected 0, found 1
    --> gen/servicenetworking/v1beta/lib/src/lib.rs:1050:29
     |
1050 |         pub options: Option<Vec<crate::schemas::Option>>,
     |                             ^^^^^^^^^^^^^^^^^^^^^^^^^^^ unexpected type argument

error[E0107]: wrong number of type arguments: expected 0, found 1
    --> gen/servicenetworking/v1beta/lib/src/lib.rs:1053:28
     |
1053 |         pub packed: Option<bool>,
     |                            ^^^^ unexpected type argument

error[E0107]: wrong number of type arguments: expected 0, found 1
    --> gen/servicenetworking/v1beta/lib/src/lib.rs:1056:30
     |
1056 |         pub type_url: Option<String>,
     |                              ^^^^^^ unexpected type argument

error[E0107]: wrong number of type arguments: expected 0, found 1
    --> gen/servicenetworking/v1beta/lib/src/lib.rs:1083:35
     |
1083 |         pub ip_cidr_range: Option<String>,
     |                                   ^^^^^^ unexpected type argument

error[E0107]: wrong number of type arguments: expected 0, found 1
    --> gen/servicenetworking/v1beta/lib/src/lib.rs:1086:26
     |
1086 |         pub name: Option<String>,
     |                          ^^^^^^ unexpected type argument

error[E0107]: wrong number of type arguments: expected 0, found 1
    --> gen/servicenetworking/v1beta/lib/src/lib.rs:1089:29
     |
1089 |         pub network: Option<String>,
     |                             ^^^^^^ unexpected type argument

error[E0107]: wrong number of type arguments: expected 0, found 1
    --> gen/servicenetworking/v1beta/lib/src/lib.rs:1092:40
     |
1092 |         pub outside_allocation: Option<bool>,
     |                                        ^^^^ unexpected type argument

error[E0107]: wrong number of type arguments: expected 0, found 1
    --> gen/servicenetworking/v1beta/lib/src/lib.rs:1119:53
     |
1119 |         pub fully_decode_reserved_expansion: Option<bool>,
     |                                                     ^^^^ unexpected type argument

error[E0107]: wrong number of type arguments: expected 0, found 1
    --> gen/servicenetworking/v1beta/lib/src/lib.rs:1122:27
     |
1122 |         pub rules: Option<Vec<crate::schemas::HttpRule>>,
     |                           ^^^^^^^^^^^^^^^^^^^^^^^^^^^^^ unexpected type argument

error[E0107]: wrong number of type arguments: expected 0, found 1
    --> gen/servicenetworking/v1beta/lib/src/lib.rs:1149:41
     |
1149 |         pub additional_bindings: Option<Vec<crate::schemas::HttpRule>>,
     |                                         ^^^^^^^^^^^^^^^^^^^^^^^^^^^^^ unexpected type argument

error[E0107]: wrong number of type arguments: expected 0, found 1
    --> gen/servicenetworking/v1beta/lib/src/lib.rs:1152:26
     |
1152 |         pub body: Option<String>,
     |                          ^^^^^^ unexpected type argument

error[E0107]: wrong number of type arguments: expected 0, found 1
    --> gen/servicenetworking/v1beta/lib/src/lib.rs:1155:28
     |
1155 |         pub custom: Option<crate::schemas::CustomHttpPattern>,
     |                            ^^^^^^^^^^^^^^^^^^^^^^^^^^^^^^^^^ unexpected type argument

error[E0107]: wrong number of type arguments: expected 0, found 1
    --> gen/servicenetworking/v1beta/lib/src/lib.rs:1158:28
     |
1158 |         pub delete: Option<String>,
     |                            ^^^^^^ unexpected type argument

error[E0107]: wrong number of type arguments: expected 0, found 1
    --> gen/servicenetworking/v1beta/lib/src/lib.rs:1161:25
     |
1161 |         pub get: Option<String>,
     |                         ^^^^^^ unexpected type argument

error[E0107]: wrong number of type arguments: expected 0, found 1
    --> gen/servicenetworking/v1beta/lib/src/lib.rs:1164:27
     |
1164 |         pub patch: Option<String>,
     |                           ^^^^^^ unexpected type argument

error[E0107]: wrong number of type arguments: expected 0, found 1
    --> gen/servicenetworking/v1beta/lib/src/lib.rs:1167:26
     |
1167 |         pub post: Option<String>,
     |                          ^^^^^^ unexpected type argument

error[E0107]: wrong number of type arguments: expected 0, found 1
    --> gen/servicenetworking/v1beta/lib/src/lib.rs:1170:25
     |
1170 |         pub put: Option<String>,
     |                         ^^^^^^ unexpected type argument

error[E0107]: wrong number of type arguments: expected 0, found 1
    --> gen/servicenetworking/v1beta/lib/src/lib.rs:1173:35
     |
1173 |         pub response_body: Option<String>,
     |                                   ^^^^^^ unexpected type argument

error[E0107]: wrong number of type arguments: expected 0, found 1
    --> gen/servicenetworking/v1beta/lib/src/lib.rs:1176:30
     |
1176 |         pub selector: Option<String>,
     |                              ^^^^^^ unexpected type argument

error[E0107]: wrong number of type arguments: expected 0, found 1
    --> gen/servicenetworking/v1beta/lib/src/lib.rs:1253:33
     |
1253 |         pub description: Option<String>,
     |                                 ^^^^^^ unexpected type argument

error[E0107]: wrong number of type arguments: expected 0, found 1
    --> gen/servicenetworking/v1beta/lib/src/lib.rs:1256:25
     |
1256 |         pub key: Option<String>,
     |                         ^^^^^^ unexpected type argument

error[E0107]: wrong number of type arguments: expected 0, found 1
    --> gen/servicenetworking/v1beta/lib/src/lib.rs:1259:32
     |
1259 |         pub value_type: Option<crate::schemas::LabelDescriptorValueType>,
     |                                ^^^^^^^^^^^^^^^^^^^^^^^^^^^^^^^^^^^^^^^^ unexpected type argument

error[E0107]: wrong number of type arguments: expected 0, found 1
    --> gen/servicenetworking/v1beta/lib/src/lib.rs:1286:33
     |
1286 |         pub connections: Option<Vec<crate::schemas::Connection>>,
     |                                 ^^^^^^^^^^^^^^^^^^^^^^^^^^^^^^^ unexpected type argument

error[E0107]: wrong number of type arguments: expected 0, found 1
    --> gen/servicenetworking/v1beta/lib/src/lib.rs:1313:33
     |
1313 |         pub description: Option<String>,
     |                                 ^^^^^^ unexpected type argument

error[E0107]: wrong number of type arguments: expected 0, found 1
    --> gen/servicenetworking/v1beta/lib/src/lib.rs:1316:34
     |
1316 |         pub display_name: Option<String>,
     |                                  ^^^^^^ unexpected type argument

error[E0107]: wrong number of type arguments: expected 0, found 1
    --> gen/servicenetworking/v1beta/lib/src/lib.rs:1319:28
     |
1319 |         pub labels: Option<Vec<crate::schemas::LabelDescriptor>>,
     |                            ^^^^^^^^^^^^^^^^^^^^^^^^^^^^^^^^^^^^ unexpected type argument

error[E0107]: wrong number of type arguments: expected 0, found 1
    --> gen/servicenetworking/v1beta/lib/src/lib.rs:1322:26
     |
1322 |         pub name: Option<String>,
     |                          ^^^^^^ unexpected type argument

error[E0107]: wrong number of type arguments: expected 0, found 1
    --> gen/servicenetworking/v1beta/lib/src/lib.rs:1349:43
     |
1349 |         pub consumer_destinations: Option<Vec<crate::schemas::LoggingDestination>>,
     |                                           ^^^^^^^^^^^^^^^^^^^^^^^^^^^^^^^^^^^^^^^ unexpected type argument

error[E0107]: wrong number of type arguments: expected 0, found 1
    --> gen/servicenetworking/v1beta/lib/src/lib.rs:1352:43
     |
1352 |         pub producer_destinations: Option<Vec<crate::schemas::LoggingDestination>>,
     |                                           ^^^^^^^^^^^^^^^^^^^^^^^^^^^^^^^^^^^^^^^ unexpected type argument

error[E0107]: wrong number of type arguments: expected 0, found 1
    --> gen/servicenetworking/v1beta/lib/src/lib.rs:1379:26
     |
1379 |         pub logs: Option<Vec<String>>,
     |                          ^^^^^^^^^^^ unexpected type argument

error[E0107]: wrong number of type arguments: expected 0, found 1
    --> gen/servicenetworking/v1beta/lib/src/lib.rs:1382:40
     |
1382 |         pub monitored_resource: Option<String>,
     |                                        ^^^^^^ unexpected type argument

error[E0107]: wrong number of type arguments: expected 0, found 1
    --> gen/servicenetworking/v1beta/lib/src/lib.rs:1444:26
     |
1444 |         pub name: Option<String>,
     |                          ^^^^^^ unexpected type argument

error[E0107]: wrong number of type arguments: expected 0, found 1
    --> gen/servicenetworking/v1beta/lib/src/lib.rs:1447:29
     |
1447 |         pub options: Option<Vec<crate::schemas::Option>>,
     |                             ^^^^^^^^^^^^^^^^^^^^^^^^^^^ unexpected type argument

error[E0107]: wrong number of type arguments: expected 0, found 1
    --> gen/servicenetworking/v1beta/lib/src/lib.rs:1450:39
     |
1450 |         pub request_streaming: Option<bool>,
     |                                       ^^^^ unexpected type argument

error[E0107]: wrong number of type arguments: expected 0, found 1
    --> gen/servicenetworking/v1beta/lib/src/lib.rs:1453:38
     |
1453 |         pub request_type_url: Option<String>,
     |                                      ^^^^^^ unexpected type argument

error[E0107]: wrong number of type arguments: expected 0, found 1
    --> gen/servicenetworking/v1beta/lib/src/lib.rs:1456:40
     |
1456 |         pub response_streaming: Option<bool>,
     |                                        ^^^^ unexpected type argument

error[E0107]: wrong number of type arguments: expected 0, found 1
    --> gen/servicenetworking/v1beta/lib/src/lib.rs:1459:39
     |
1459 |         pub response_type_url: Option<String>,
     |                                       ^^^^^^ unexpected type argument

error[E0107]: wrong number of type arguments: expected 0, found 1
    --> gen/servicenetworking/v1beta/lib/src/lib.rs:1462:28
     |
1462 |         pub syntax: Option<crate::schemas::MethodSyntax>,
     |                            ^^^^^^^^^^^^^^^^^^^^^^^^^^^^ unexpected type argument

error[E0107]: wrong number of type arguments: expected 0, found 1
    --> gen/servicenetworking/v1beta/lib/src/lib.rs:1671:33
     |
1671 |         pub description: Option<String>,
     |                                 ^^^^^^ unexpected type argument

error[E0107]: wrong number of type arguments: expected 0, found 1
    --> gen/servicenetworking/v1beta/lib/src/lib.rs:1674:34
     |
1674 |         pub display_name: Option<String>,
     |                                  ^^^^^^ unexpected type argument

error[E0107]: wrong number of type arguments: expected 0, found 1
    --> gen/servicenetworking/v1beta/lib/src/lib.rs:1677:28
     |
1677 |         pub labels: Option<Vec<crate::schemas::LabelDescriptor>>,
     |                            ^^^^^^^^^^^^^^^^^^^^^^^^^^^^^^^^^^^^ unexpected type argument

error[E0107]: wrong number of type arguments: expected 0, found 1
    --> gen/servicenetworking/v1beta/lib/src/lib.rs:1680:34
     |
1680 |         pub launch_stage: Option<crate::schemas::MetricDescriptorLaunchStage>,
     |                                  ^^^^^^^^^^^^^^^^^^^^^^^^^^^^^^^^^^^^^^^^^^^ unexpected type argument

error[E0107]: wrong number of type arguments: expected 0, found 1
    --> gen/servicenetworking/v1beta/lib/src/lib.rs:1683:30
     |
1683 |         pub metadata: Option<crate::schemas::MetricDescriptorMetadata>,
     |                              ^^^^^^^^^^^^^^^^^^^^^^^^^^^^^^^^^^^^^^^^ unexpected type argument

error[E0107]: wrong number of type arguments: expected 0, found 1
    --> gen/servicenetworking/v1beta/lib/src/lib.rs:1686:33
     |
1686 |         pub metric_kind: Option<crate::schemas::MetricDescriptorMetricKind>,
     |                                 ^^^^^^^^^^^^^^^^^^^^^^^^^^^^^^^^^^^^^^^^^^ unexpected type argument

error[E0107]: wrong number of type arguments: expected 0, found 1
    --> gen/servicenetworking/v1beta/lib/src/lib.rs:1689:26
     |
1689 |         pub name: Option<String>,
     |                          ^^^^^^ unexpected type argument

error[E0107]: wrong number of type arguments: expected 0, found 1
    --> gen/servicenetworking/v1beta/lib/src/lib.rs:1692:28
     |
1692 |         pub r#type: Option<String>,
     |                            ^^^^^^ unexpected type argument

error[E0107]: wrong number of type arguments: expected 0, found 1
    --> gen/servicenetworking/v1beta/lib/src/lib.rs:1695:26
     |
1695 |         pub unit: Option<String>,
     |                          ^^^^^^ unexpected type argument

error[E0107]: wrong number of type arguments: expected 0, found 1
    --> gen/servicenetworking/v1beta/lib/src/lib.rs:1698:32
     |
1698 |         pub value_type: Option<crate::schemas::MetricDescriptorValueType>,
     |                                ^^^^^^^^^^^^^^^^^^^^^^^^^^^^^^^^^^^^^^^^^ unexpected type argument

error[E0107]: wrong number of type arguments: expected 0, found 1
    --> gen/servicenetworking/v1beta/lib/src/lib.rs:1791:34
     |
1791 |         pub ingest_delay: Option<String>,
     |                                  ^^^^^^ unexpected type argument

error[E0107]: wrong number of type arguments: expected 0, found 1
    --> gen/servicenetworking/v1beta/lib/src/lib.rs:1794:34
     |
1794 |         pub launch_stage: Option<crate::schemas::MetricDescriptorMetadataLaunchStage>,
     |                                  ^^^^^^^^^^^^^^^^^^^^^^^^^^^^^^^^^^^^^^^^^^^^^^^^^^^ unexpected type argument

error[E0107]: wrong number of type arguments: expected 0, found 1
    --> gen/servicenetworking/v1beta/lib/src/lib.rs:1797:35
     |
1797 |         pub sample_period: Option<String>,
     |                                   ^^^^^^ unexpected type argument

error[E0107]: wrong number of type arguments: expected 0, found 1
    --> gen/servicenetworking/v1beta/lib/src/lib.rs:1824:34
     |
1824 |         pub metric_costs: Option<::std::collections::BTreeMap<String, i64>>,
     |                                  ^^^^^^^^^^^^^^^^^^^^^^^^^^^^^^^^^^^^^^^^^ unexpected type argument

error[E0107]: wrong number of type arguments: expected 0, found 1
    --> gen/servicenetworking/v1beta/lib/src/lib.rs:1827:30
     |
1827 |         pub selector: Option<String>,
     |                              ^^^^^^ unexpected type argument

error[E0107]: wrong number of type arguments: expected 0, found 1
    --> gen/servicenetworking/v1beta/lib/src/lib.rs:1854:26
     |
1854 |         pub name: Option<String>,
     |                          ^^^^^^ unexpected type argument

error[E0107]: wrong number of type arguments: expected 0, found 1
    --> gen/servicenetworking/v1beta/lib/src/lib.rs:1857:26
     |
1857 |         pub root: Option<String>,
     |                          ^^^^^^ unexpected type argument

error[E0107]: wrong number of type arguments: expected 0, found 1
    --> gen/servicenetworking/v1beta/lib/src/lib.rs:1950:33
     |
1950 |         pub description: Option<String>,
     |                                 ^^^^^^ unexpected type argument

error[E0107]: wrong number of type arguments: expected 0, found 1
    --> gen/servicenetworking/v1beta/lib/src/lib.rs:1953:34
     |
1953 |         pub display_name: Option<String>,
     |                                  ^^^^^^ unexpected type argument

error[E0107]: wrong number of type arguments: expected 0, found 1
    --> gen/servicenetworking/v1beta/lib/src/lib.rs:1956:28
     |
1956 |         pub labels: Option<Vec<crate::schemas::LabelDescriptor>>,
     |                            ^^^^^^^^^^^^^^^^^^^^^^^^^^^^^^^^^^^^ unexpected type argument

error[E0107]: wrong number of type arguments: expected 0, found 1
    --> gen/servicenetworking/v1beta/lib/src/lib.rs:1959:34
     |
1959 |         pub launch_stage: Option<crate::schemas::MonitoredResourceDescriptorLaunchStage>,
     |                                  ^^^^^^^^^^^^^^^^^^^^^^^^^^^^^^^^^^^^^^^^^^^^^^^^^^^^^^ unexpected type argument

error[E0107]: wrong number of type arguments: expected 0, found 1
    --> gen/servicenetworking/v1beta/lib/src/lib.rs:1962:26
     |
1962 |         pub name: Option<String>,
     |                          ^^^^^^ unexpected type argument

error[E0107]: wrong number of type arguments: expected 0, found 1
    --> gen/servicenetworking/v1beta/lib/src/lib.rs:1965:28
     |
1965 |         pub r#type: Option<String>,
     |                            ^^^^^^ unexpected type argument

error[E0107]: wrong number of type arguments: expected 0, found 1
    --> gen/servicenetworking/v1beta/lib/src/lib.rs:1992:43
     |
1992 |         pub consumer_destinations: Option<Vec<crate::schemas::MonitoringDestination>>,
     |                                           ^^^^^^^^^^^^^^^^^^^^^^^^^^^^^^^^^^^^^^^^^^ unexpected type argument

error[E0107]: wrong number of type arguments: expected 0, found 1
    --> gen/servicenetworking/v1beta/lib/src/lib.rs:1995:43
     |
1995 |         pub producer_destinations: Option<Vec<crate::schemas::MonitoringDestination>>,
     |                                           ^^^^^^^^^^^^^^^^^^^^^^^^^^^^^^^^^^^^^^^^^^ unexpected type argument

error[E0107]: wrong number of type arguments: expected 0, found 1
    --> gen/servicenetworking/v1beta/lib/src/lib.rs:2022:29
     |
2022 |         pub metrics: Option<Vec<String>>,
     |                             ^^^^^^^^^^^ unexpected type argument

error[E0107]: wrong number of type arguments: expected 0, found 1
    --> gen/servicenetworking/v1beta/lib/src/lib.rs:2025:40
     |
2025 |         pub monitored_resource: Option<String>,
     |                                        ^^^^^^ unexpected type argument

error[E0107]: wrong number of type arguments: expected 0, found 1
    --> gen/servicenetworking/v1beta/lib/src/lib.rs:2052:38
     |
2052 |         pub canonical_scopes: Option<String>,
     |                                      ^^^^^^ unexpected type argument

error[E0107]: wrong number of type arguments: expected 0, found 1
    --> gen/servicenetworking/v1beta/lib/src/lib.rs:2068:26
     |
2068 |         pub done: Option<bool>,
     |                          ^^^^ unexpected type argument

error[E0107]: wrong number of type arguments: expected 0, found 1
    --> gen/servicenetworking/v1beta/lib/src/lib.rs:2071:27
     |
2071 |         pub error: Option<crate::schemas::Status>,
     |                           ^^^^^^^^^^^^^^^^^^^^^^ unexpected type argument

error[E0107]: wrong number of type arguments: expected 0, found 1
    --> gen/servicenetworking/v1beta/lib/src/lib.rs:2074:30
     |
2074 |         pub metadata: Option<::std::collections::BTreeMap<String, ::serde_json::Value>>,
     |                              ^^^^^^^^^^^^^^^^^^^^^^^^^^^^^^^^^^^^^^^^^^^^^^^^^^^^^^^^^ unexpected type argument

error[E0107]: wrong number of type arguments: expected 0, found 1
    --> gen/servicenetworking/v1beta/lib/src/lib.rs:2077:26
     |
2077 |         pub name: Option<String>,
     |                          ^^^^^^ unexpected type argument

error[E0107]: wrong number of type arguments: expected 0, found 1
    --> gen/servicenetworking/v1beta/lib/src/lib.rs:2080:30
     |
2080 |         pub response: Option<::std::collections::BTreeMap<String, ::serde_json::Value>>,
     |                              ^^^^^^^^^^^^^^^^^^^^^^^^^^^^^^^^^^^^^^^^^^^^^^^^^^^^^^^^^ unexpected type argument

error[E0107]: wrong number of type arguments: expected 0, found 1
    --> gen/servicenetworking/v1beta/lib/src/lib.rs:2096:26
     |
2096 |         pub name: Option<String>,
     |                          ^^^^^^ unexpected type argument

error[E0107]: wrong number of type arguments: expected 0, found 1
    --> gen/servicenetworking/v1beta/lib/src/lib.rs:2099:27
     |
2099 |         pub value: Option<::std::collections::BTreeMap<String, ::serde_json::Value>>,
     |                           ^^^^^^^^^^^^^^^^^^^^^^^^^^^^^^^^^^^^^^^^^^^^^^^^^^^^^^^^^ unexpected type argument

error[E0107]: wrong number of type arguments: expected 0, found 1
    --> gen/servicenetworking/v1beta/lib/src/lib.rs:2126:29
     |
2126 |         pub content: Option<String>,
     |                             ^^^^^^ unexpected type argument

error[E0107]: wrong number of type arguments: expected 0, found 1
    --> gen/servicenetworking/v1beta/lib/src/lib.rs:2129:26
     |
2129 |         pub name: Option<String>,
     |                          ^^^^^^ unexpected type argument

error[E0107]: wrong number of type arguments: expected 0, found 1
    --> gen/servicenetworking/v1beta/lib/src/lib.rs:2132:30
     |
2132 |         pub subpages: Option<Vec<crate::schemas::Page>>,
     |                              ^^^^^^^^^^^^^^^^^^^^^^^^^ unexpected type argument

error[E0107]: wrong number of type arguments: expected 0, found 1
    --> gen/servicenetworking/v1beta/lib/src/lib.rs:2159:28
     |
2159 |         pub limits: Option<Vec<crate::schemas::QuotaLimit>>,
     |                            ^^^^^^^^^^^^^^^^^^^^^^^^^^^^^^^ unexpected type argument

error[E0107]: wrong number of type arguments: expected 0, found 1
    --> gen/servicenetworking/v1beta/lib/src/lib.rs:2162:34
     |
2162 |         pub metric_rules: Option<Vec<crate::schemas::MetricRule>>,
     |                                  ^^^^^^^^^^^^^^^^^^^^^^^^^^^^^^^ unexpected type argument

error[E0107]: wrong number of type arguments: expected 0, found 1
    --> gen/servicenetworking/v1beta/lib/src/lib.rs:2190:35
     |
2190 |         pub default_limit: Option<i64>,
     |                                   ^^^ unexpected type argument

error[E0107]: wrong number of type arguments: expected 0, found 1
    --> gen/servicenetworking/v1beta/lib/src/lib.rs:2193:33
     |
2193 |         pub description: Option<String>,
     |                                 ^^^^^^ unexpected type argument

error[E0107]: wrong number of type arguments: expected 0, found 1
    --> gen/servicenetworking/v1beta/lib/src/lib.rs:2196:34
     |
2196 |         pub display_name: Option<String>,
     |                                  ^^^^^^ unexpected type argument

error[E0107]: wrong number of type arguments: expected 0, found 1
    --> gen/servicenetworking/v1beta/lib/src/lib.rs:2199:30
     |
2199 |         pub duration: Option<String>,
     |                              ^^^^^^ unexpected type argument

error[E0107]: wrong number of type arguments: expected 0, found 1
    --> gen/servicenetworking/v1beta/lib/src/lib.rs:2203:31
     |
2203 |         pub free_tier: Option<i64>,
     |                               ^^^ unexpected type argument

error[E0107]: wrong number of type arguments: expected 0, found 1
    --> gen/servicenetworking/v1beta/lib/src/lib.rs:2207:31
     |
2207 |         pub max_limit: Option<i64>,
     |                               ^^^ unexpected type argument

error[E0107]: wrong number of type arguments: expected 0, found 1
    --> gen/servicenetworking/v1beta/lib/src/lib.rs:2210:28
     |
2210 |         pub metric: Option<String>,
     |                            ^^^^^^ unexpected type argument

error[E0107]: wrong number of type arguments: expected 0, found 1
    --> gen/servicenetworking/v1beta/lib/src/lib.rs:2213:26
     |
2213 |         pub name: Option<String>,
     |                          ^^^^^^ unexpected type argument

error[E0107]: wrong number of type arguments: expected 0, found 1
    --> gen/servicenetworking/v1beta/lib/src/lib.rs:2216:26
     |
2216 |         pub unit: Option<String>,
     |                          ^^^^^^ unexpected type argument

error[E0107]: wrong number of type arguments: expected 0, found 1
    --> gen/servicenetworking/v1beta/lib/src/lib.rs:2219:28
     |
2219 |         pub values: Option<::std::collections::BTreeMap<String, i64>>,
     |                            ^^^^^^^^^^^^^^^^^^^^^^^^^^^^^^^^^^^^^^^^^ unexpected type argument

error[E0107]: wrong number of type arguments: expected 0, found 1
    --> gen/servicenetworking/v1beta/lib/src/lib.rs:2246:35
     |
2246 |         pub ip_cidr_range: Option<String>,
     |                                   ^^^^^^ unexpected type argument

error[E0107]: wrong number of type arguments: expected 0, found 1
    --> gen/servicenetworking/v1beta/lib/src/lib.rs:2249:29
     |
2249 |         pub network: Option<String>,
     |                             ^^^^^^ unexpected type argument

error[E0107]: wrong number of type arguments: expected 0, found 1
    --> gen/servicenetworking/v1beta/lib/src/lib.rs:2276:38
     |
2276 |         pub ip_prefix_length: Option<i32>,
     |                                      ^^^ unexpected type argument

error[E0107]: wrong number of type arguments: expected 0, found 1
    --> gen/servicenetworking/v1beta/lib/src/lib.rs:2279:29
     |
2279 |         pub network: Option<String>,
     |                             ^^^^^^ unexpected type argument

error[E0107]: wrong number of type arguments: expected 0, found 1
    --> gen/servicenetworking/v1beta/lib/src/lib.rs:2295:26
     |
2295 |         pub apis: Option<Vec<crate::schemas::Api>>,
     |                          ^^^^^^^^^^^^^^^^^^^^^^^^ unexpected type argument

error[E0107]: wrong number of type arguments: expected 0, found 1
    --> gen/servicenetworking/v1beta/lib/src/lib.rs:2298:36
     |
2298 |         pub authentication: Option<crate::schemas::Authentication>,
     |                                    ^^^^^^^^^^^^^^^^^^^^^^^^^^^^^^ unexpected type argument

error[E0107]: wrong number of type arguments: expected 0, found 1
    --> gen/servicenetworking/v1beta/lib/src/lib.rs:2301:29
     |
2301 |         pub backend: Option<crate::schemas::Backend>,
     |                             ^^^^^^^^^^^^^^^^^^^^^^^ unexpected type argument

error[E0107]: wrong number of type arguments: expected 0, found 1
    --> gen/servicenetworking/v1beta/lib/src/lib.rs:2304:29
     |
2304 |         pub billing: Option<crate::schemas::Billing>,
     |                             ^^^^^^^^^^^^^^^^^^^^^^^ unexpected type argument

error[E0107]: wrong number of type arguments: expected 0, found 1
    --> gen/servicenetworking/v1beta/lib/src/lib.rs:2307:36
     |
2307 |         pub config_version: Option<u32>,
     |                                    ^^^ unexpected type argument

error[E0107]: wrong number of type arguments: expected 0, found 1
    --> gen/servicenetworking/v1beta/lib/src/lib.rs:2310:29
     |
2310 |         pub context: Option<crate::schemas::Context>,
     |                             ^^^^^^^^^^^^^^^^^^^^^^^ unexpected type argument

error[E0107]: wrong number of type arguments: expected 0, found 1
    --> gen/servicenetworking/v1beta/lib/src/lib.rs:2313:29
     |
2313 |         pub control: Option<crate::schemas::Control>,
     |                             ^^^^^^^^^^^^^^^^^^^^^^^ unexpected type argument

error[E0107]: wrong number of type arguments: expected 0, found 1
    --> gen/servicenetworking/v1beta/lib/src/lib.rs:2316:34
     |
2316 |         pub custom_error: Option<crate::schemas::CustomError>,
     |                                  ^^^^^^^^^^^^^^^^^^^^^^^^^^^ unexpected type argument

error[E0107]: wrong number of type arguments: expected 0, found 1
    --> gen/servicenetworking/v1beta/lib/src/lib.rs:2319:35
     |
2319 |         pub documentation: Option<crate::schemas::Documentation>,
     |                                   ^^^^^^^^^^^^^^^^^^^^^^^^^^^^^ unexpected type argument

error[E0107]: wrong number of type arguments: expected 0, found 1
    --> gen/servicenetworking/v1beta/lib/src/lib.rs:2322:31
     |
2322 |         pub endpoints: Option<Vec<crate::schemas::Endpoint>>,
     |                               ^^^^^^^^^^^^^^^^^^^^^^^^^^^^^ unexpected type argument

error[E0107]: wrong number of type arguments: expected 0, found 1
    --> gen/servicenetworking/v1beta/lib/src/lib.rs:2325:27
     |
2325 |         pub enums: Option<Vec<crate::schemas::Enum>>,
     |                           ^^^^^^^^^^^^^^^^^^^^^^^^^ unexpected type argument

error[E0107]: wrong number of type arguments: expected 0, found 1
    --> gen/servicenetworking/v1beta/lib/src/lib.rs:2328:26
     |
2328 |         pub http: Option<crate::schemas::Http>,
     |                          ^^^^^^^^^^^^^^^^^^^^ unexpected type argument

error[E0107]: wrong number of type arguments: expected 0, found 1
    --> gen/servicenetworking/v1beta/lib/src/lib.rs:2331:24
     |
2331 |         pub id: Option<String>,
     |                        ^^^^^^ unexpected type argument

error[E0107]: wrong number of type arguments: expected 0, found 1
    --> gen/servicenetworking/v1beta/lib/src/lib.rs:2334:29
     |
2334 |         pub logging: Option<crate::schemas::Logging>,
     |                             ^^^^^^^^^^^^^^^^^^^^^^^ unexpected type argument

error[E0107]: wrong number of type arguments: expected 0, found 1
    --> gen/servicenetworking/v1beta/lib/src/lib.rs:2337:26
     |
2337 |         pub logs: Option<Vec<crate::schemas::LogDescriptor>>,
     |                          ^^^^^^^^^^^^^^^^^^^^^^^^^^^^^^^^^^ unexpected type argument

error[E0107]: wrong number of type arguments: expected 0, found 1
    --> gen/servicenetworking/v1beta/lib/src/lib.rs:2340:29
     |
2340 |         pub metrics: Option<Vec<crate::schemas::MetricDescriptor>>,
     |                             ^^^^^^^^^^^^^^^^^^^^^^^^^^^^^^^^^^^^^ unexpected type argument

error[E0107]: wrong number of type arguments: expected 0, found 1
    --> gen/servicenetworking/v1beta/lib/src/lib.rs:2343:41
     |
2343 |         pub monitored_resources: Option<Vec<crate::schemas::MonitoredResourceDescriptor>>,
     |                                         ^^^^^^^^^^^^^^^^^^^^^^^^^^^^^^^^^^^^^^^^^^^^^^^^ unexpected type argument

error[E0107]: wrong number of type arguments: expected 0, found 1
    --> gen/servicenetworking/v1beta/lib/src/lib.rs:2346:32
     |
2346 |         pub monitoring: Option<crate::schemas::Monitoring>,
     |                                ^^^^^^^^^^^^^^^^^^^^^^^^^^ unexpected type argument

error[E0107]: wrong number of type arguments: expected 0, found 1
    --> gen/servicenetworking/v1beta/lib/src/lib.rs:2349:26
     |
2349 |         pub name: Option<String>,
     |                          ^^^^^^ unexpected type argument

error[E0107]: wrong number of type arguments: expected 0, found 1
    --> gen/servicenetworking/v1beta/lib/src/lib.rs:2352:41
     |
2352 |         pub producer_project_id: Option<String>,
     |                                         ^^^^^^ unexpected type argument

error[E0107]: wrong number of type arguments: expected 0, found 1
    --> gen/servicenetworking/v1beta/lib/src/lib.rs:2355:27
     |
2355 |         pub quota: Option<crate::schemas::Quota>,
     |                           ^^^^^^^^^^^^^^^^^^^^^ unexpected type argument

error[E0107]: wrong number of type arguments: expected 0, found 1
    --> gen/servicenetworking/v1beta/lib/src/lib.rs:2358:33
     |
2358 |         pub source_info: Option<crate::schemas::SourceInfo>,
     |                                 ^^^^^^^^^^^^^^^^^^^^^^^^^^ unexpected type argument

error[E0107]: wrong number of type arguments: expected 0, found 1
    --> gen/servicenetworking/v1beta/lib/src/lib.rs:2361:39
     |
2361 |         pub system_parameters: Option<crate::schemas::SystemParameters>,
     |                                       ^^^^^^^^^^^^^^^^^^^^^^^^^^^^^^^^ unexpected type argument

error[E0107]: wrong number of type arguments: expected 0, found 1
    --> gen/servicenetworking/v1beta/lib/src/lib.rs:2364:34
     |
2364 |         pub system_types: Option<Vec<crate::schemas::Type>>,
     |                                  ^^^^^^^^^^^^^^^^^^^^^^^^^ unexpected type argument

error[E0107]: wrong number of type arguments: expected 0, found 1
    --> gen/servicenetworking/v1beta/lib/src/lib.rs:2367:27
     |
2367 |         pub title: Option<String>,
     |                           ^^^^^^ unexpected type argument

error[E0107]: wrong number of type arguments: expected 0, found 1
    --> gen/servicenetworking/v1beta/lib/src/lib.rs:2370:27
     |
2370 |         pub types: Option<Vec<crate::schemas::Type>>,
     |                           ^^^^^^^^^^^^^^^^^^^^^^^^^ unexpected type argument

error[E0107]: wrong number of type arguments: expected 0, found 1
    --> gen/servicenetworking/v1beta/lib/src/lib.rs:2373:27
     |
2373 |         pub usage: Option<crate::schemas::Usage>,
     |                           ^^^^^^^^^^^^^^^^^^^^^ unexpected type argument

error[E0107]: wrong number of type arguments: expected 0, found 1
    --> gen/servicenetworking/v1beta/lib/src/lib.rs:2400:31
     |
2400 |         pub file_name: Option<String>,
     |                               ^^^^^^ unexpected type argument

error[E0107]: wrong number of type arguments: expected 0, found 1
    --> gen/servicenetworking/v1beta/lib/src/lib.rs:2416:34
     |
2416 |         pub source_files: Option<Vec<::std::collections::BTreeMap<String, ::serde_json::Value>>>,
     |                                  ^^^^^^^^^^^^^^^^^^^^^^^^^^^^^^^^^^^^^^^^^^^^^^^^^^^^^^^^^^^^^^ unexpected type argument

error[E0107]: wrong number of type arguments: expected 0, found 1
    --> gen/servicenetworking/v1beta/lib/src/lib.rs:2432:26
     |
2432 |         pub code: Option<i32>,
     |                          ^^^ unexpected type argument

error[E0107]: wrong number of type arguments: expected 0, found 1
    --> gen/servicenetworking/v1beta/lib/src/lib.rs:2435:29
     |
2435 |         pub details: Option<Vec<::std::collections::BTreeMap<String, ::serde_json::Value>>>,
     |                             ^^^^^^^^^^^^^^^^^^^^^^^^^^^^^^^^^^^^^^^^^^^^^^^^^^^^^^^^^^^^^^ unexpected type argument

error[E0107]: wrong number of type arguments: expected 0, found 1
    --> gen/servicenetworking/v1beta/lib/src/lib.rs:2438:29
     |
2438 |         pub message: Option<String>,
     |                             ^^^^^^ unexpected type argument

error[E0107]: wrong number of type arguments: expected 0, found 1
    --> gen/servicenetworking/v1beta/lib/src/lib.rs:2465:35
     |
2465 |         pub ip_cidr_range: Option<String>,
     |                                   ^^^^^^ unexpected type argument

error[E0107]: wrong number of type arguments: expected 0, found 1
    --> gen/servicenetworking/v1beta/lib/src/lib.rs:2468:26
     |
2468 |         pub name: Option<String>,
     |                          ^^^^^^ unexpected type argument

error[E0107]: wrong number of type arguments: expected 0, found 1
    --> gen/servicenetworking/v1beta/lib/src/lib.rs:2471:29
     |
2471 |         pub network: Option<String>,
     |                             ^^^^^^ unexpected type argument

error[E0107]: wrong number of type arguments: expected 0, found 1
    --> gen/servicenetworking/v1beta/lib/src/lib.rs:2474:40
     |
2474 |         pub outside_allocation: Option<bool>,
     |                                        ^^^^ unexpected type argument

error[E0107]: wrong number of type arguments: expected 0, found 1
    --> gen/servicenetworking/v1beta/lib/src/lib.rs:2501:33
     |
2501 |         pub http_header: Option<String>,
     |                                 ^^^^^^ unexpected type argument

error[E0107]: wrong number of type arguments: expected 0, found 1
    --> gen/servicenetworking/v1beta/lib/src/lib.rs:2504:26
     |
2504 |         pub name: Option<String>,
     |                          ^^^^^^ unexpected type argument

error[E0107]: wrong number of type arguments: expected 0, found 1
    --> gen/servicenetworking/v1beta/lib/src/lib.rs:2507:41
     |
2507 |         pub url_query_parameter: Option<String>,
     |                                         ^^^^^^ unexpected type argument

error[E0107]: wrong number of type arguments: expected 0, found 1
    --> gen/servicenetworking/v1beta/lib/src/lib.rs:2534:32
     |
2534 |         pub parameters: Option<Vec<crate::schemas::SystemParameter>>,
     |                                ^^^^^^^^^^^^^^^^^^^^^^^^^^^^^^^^^^^^ unexpected type argument

error[E0107]: wrong number of type arguments: expected 0, found 1
    --> gen/servicenetworking/v1beta/lib/src/lib.rs:2537:30
     |
2537 |         pub selector: Option<String>,
     |                              ^^^^^^ unexpected type argument

error[E0107]: wrong number of type arguments: expected 0, found 1
    --> gen/servicenetworking/v1beta/lib/src/lib.rs:2564:27
     |
2564 |         pub rules: Option<Vec<crate::schemas::SystemParameterRule>>,
     |                           ^^^^^^^^^^^^^^^^^^^^^^^^^^^^^^^^^^^^^^^^ unexpected type argument

error[E0107]: wrong number of type arguments: expected 0, found 1
    --> gen/servicenetworking/v1beta/lib/src/lib.rs:2626:28
     |
2626 |         pub fields: Option<Vec<crate::schemas::Field>>,
     |                            ^^^^^^^^^^^^^^^^^^^^^^^^^^ unexpected type argument

error[E0107]: wrong number of type arguments: expected 0, found 1
    --> gen/servicenetworking/v1beta/lib/src/lib.rs:2629:26
     |
2629 |         pub name: Option<String>,
     |                          ^^^^^^ unexpected type argument

error[E0107]: wrong number of type arguments: expected 0, found 1
    --> gen/servicenetworking/v1beta/lib/src/lib.rs:2632:28
     |
2632 |         pub oneofs: Option<Vec<String>>,
     |                            ^^^^^^^^^^^ unexpected type argument

error[E0107]: wrong number of type arguments: expected 0, found 1
    --> gen/servicenetworking/v1beta/lib/src/lib.rs:2635:29
     |
2635 |         pub options: Option<Vec<crate::schemas::Option>>,
     |                             ^^^^^^^^^^^^^^^^^^^^^^^^^^^ unexpected type argument

error[E0107]: wrong number of type arguments: expected 0, found 1
    --> gen/servicenetworking/v1beta/lib/src/lib.rs:2638:36
     |
2638 |         pub source_context: Option<crate::schemas::SourceContext>,
     |                                    ^^^^^^^^^^^^^^^^^^^^^^^^^^^^^ unexpected type argument

error[E0107]: wrong number of type arguments: expected 0, found 1
    --> gen/servicenetworking/v1beta/lib/src/lib.rs:2641:28
     |
2641 |         pub syntax: Option<crate::schemas::TypeSyntax>,
     |                            ^^^^^^^^^^^^^^^^^^^^^^^^^^ unexpected type argument

error[E0107]: wrong number of type arguments: expected 0, found 1
    --> gen/servicenetworking/v1beta/lib/src/lib.rs:2668:51
     |
2668 |         pub producer_notification_channel: Option<String>,
     |                                                   ^^^^^^ unexpected type argument

error[E0107]: wrong number of type arguments: expected 0, found 1
    --> gen/servicenetworking/v1beta/lib/src/lib.rs:2671:34
     |
2671 |         pub requirements: Option<Vec<String>>,
     |                                  ^^^^^^^^^^^ unexpected type argument

error[E0107]: wrong number of type arguments: expected 0, found 1
    --> gen/servicenetworking/v1beta/lib/src/lib.rs:2674:27
     |
2674 |         pub rules: Option<Vec<crate::schemas::UsageRule>>,
     |                           ^^^^^^^^^^^^^^^^^^^^^^^^^^^^^^ unexpected type argument

error[E0107]: wrong number of type arguments: expected 0, found 1
    --> gen/servicenetworking/v1beta/lib/src/lib.rs:2701:46
     |
2701 |         pub allow_unregistered_calls: Option<bool>,
     |                                              ^^^^ unexpected type argument

error[E0107]: wrong number of type arguments: expected 0, found 1
    --> gen/servicenetworking/v1beta/lib/src/lib.rs:2704:30
     |
2704 |         pub selector: Option<String>,
     |                              ^^^^^^ unexpected type argument

error[E0107]: wrong number of type arguments: expected 0, found 1
    --> gen/servicenetworking/v1beta/lib/src/lib.rs:2707:42
     |
2707 |         pub skip_service_control: Option<bool>,
     |                                          ^^^^ unexpected type argument

error: aborting due to 232 previous errors

Some errors have detailed explanations: E0107, E0423.
For more information about an error, try `rustc --explain E0107`.
error: Could not compile `google-servicenetworking1_beta`.

To learn more, run the command again with --verbose.
