    Blocking waiting for file lock on build directory
    Checking google-sheets4 v0.1.0 (/Users/sthiel/dev/google-apis/generated/gen/sheets/v4/lib)
error[E0433]: failed to resolve: unresolved import
     --> gen/sheets/v4/lib/src/lib.rs:11635:47
      |
11635 |             insert_data_option: Option<crate::values::params::AppendInsertDataOption>,
      |                                               ^^^^^^
      |                                               |
      |                                               unresolved import
      |                                               help: a similar path exists: `crate::spreadsheets::values`

error[E0433]: failed to resolve: unresolved import
     --> gen/sheets/v4/lib/src/lib.rs:11637:31
      |
11637 |                 Option<crate::values::params::AppendResponseDateTimeRenderOption>,
      |                               ^^^^^^
      |                               |
      |                               unresolved import
      |                               help: a similar path exists: `crate::spreadsheets::values`

error[E0433]: failed to resolve: unresolved import
     --> gen/sheets/v4/lib/src/lib.rs:11639:31
      |
11639 |                 Option<crate::values::params::AppendResponseValueRenderOption>,
      |                               ^^^^^^
      |                               |
      |                               unresolved import
      |                               help: a similar path exists: `crate::spreadsheets::values`

error[E0433]: failed to resolve: unresolved import
     --> gen/sheets/v4/lib/src/lib.rs:11640:47
      |
11640 |             value_input_option: Option<crate::values::params::AppendValueInputOption>,
      |                                               ^^^^^^
      |                                               |
      |                                               unresolved import
      |                                               help: a similar path exists: `crate::spreadsheets::values`

error[E0433]: failed to resolve: unresolved import
     --> gen/sheets/v4/lib/src/lib.rs:11662:31
      |
11662 |                 value: crate::values::params::AppendInsertDataOption,
      |                               ^^^^^^
      |                               |
      |                               unresolved import
      |                               help: a similar path exists: `crate::spreadsheets::values`

error[E0433]: failed to resolve: unresolved import
     --> gen/sheets/v4/lib/src/lib.rs:11670:31
      |
11670 |                 value: crate::values::params::AppendResponseDateTimeRenderOption,
      |                               ^^^^^^
      |                               |
      |                               unresolved import
      |                               help: a similar path exists: `crate::spreadsheets::values`

error[E0433]: failed to resolve: unresolved import
     --> gen/sheets/v4/lib/src/lib.rs:11678:31
      |
11678 |                 value: crate::values::params::AppendResponseValueRenderOption,
      |                               ^^^^^^
      |                               |
      |                               unresolved import
      |                               help: a similar path exists: `crate::spreadsheets::values`

error[E0433]: failed to resolve: unresolved import
     --> gen/sheets/v4/lib/src/lib.rs:11686:31
      |
11686 |                 value: crate::values::params::AppendValueInputOption,
      |                               ^^^^^^
      |                               |
      |                               unresolved import
      |                               help: a similar path exists: `crate::spreadsheets::values`

error[E0433]: failed to resolve: unresolved import
     --> gen/sheets/v4/lib/src/lib.rs:12089:52
      |
12089 |             date_time_render_option: Option<crate::values::params::BatchGetDateTimeRenderOption>,
      |                                                    ^^^^^^
      |                                                    |
      |                                                    unresolved import
      |                                                    help: a similar path exists: `crate::spreadsheets::values`

error[E0433]: failed to resolve: unresolved import
     --> gen/sheets/v4/lib/src/lib.rs:12090:44
      |
12090 |             major_dimension: Option<crate::values::params::BatchGetMajorDimension>,
      |                                            ^^^^^^
      |                                            |
      |                                            unresolved import
      |                                            help: a similar path exists: `crate::spreadsheets::values`

error[E0433]: failed to resolve: unresolved import
     --> gen/sheets/v4/lib/src/lib.rs:12092:48
      |
12092 |             value_render_option: Option<crate::values::params::BatchGetValueRenderOption>,
      |                                                ^^^^^^
      |                                                |
      |                                                unresolved import
      |                                                help: a similar path exists: `crate::spreadsheets::values`

error[E0433]: failed to resolve: unresolved import
     --> gen/sheets/v4/lib/src/lib.rs:12109:31
      |
12109 |                 value: crate::values::params::BatchGetDateTimeRenderOption,
      |                               ^^^^^^
      |                               |
      |                               unresolved import
      |                               help: a similar path exists: `crate::spreadsheets::values`

error[E0433]: failed to resolve: unresolved import
     --> gen/sheets/v4/lib/src/lib.rs:12117:31
      |
12117 |                 value: crate::values::params::BatchGetMajorDimension,
      |                               ^^^^^^
      |                               |
      |                               unresolved import
      |                               help: a similar path exists: `crate::spreadsheets::values`

error[E0433]: failed to resolve: unresolved import
     --> gen/sheets/v4/lib/src/lib.rs:12130:31
      |
12130 |                 value: crate::values::params::BatchGetValueRenderOption,
      |                               ^^^^^^
      |                               |
      |                               unresolved import
      |                               help: a similar path exists: `crate::spreadsheets::values`

error[E0433]: failed to resolve: unresolved import
     --> gen/sheets/v4/lib/src/lib.rs:12791:52
      |
12791 |             date_time_render_option: Option<crate::values::params::GetDateTimeRenderOption>,
      |                                                    ^^^^^^
      |                                                    |
      |                                                    unresolved import
      |                                                    help: a similar path exists: `crate::spreadsheets::values`

error[E0433]: failed to resolve: unresolved import
     --> gen/sheets/v4/lib/src/lib.rs:12792:44
      |
12792 |             major_dimension: Option<crate::values::params::GetMajorDimension>,
      |                                            ^^^^^^
      |                                            |
      |                                            unresolved import
      |                                            help: a similar path exists: `crate::spreadsheets::values`

error[E0433]: failed to resolve: unresolved import
     --> gen/sheets/v4/lib/src/lib.rs:12793:48
      |
12793 |             value_render_option: Option<crate::values::params::GetValueRenderOption>,
      |                                                ^^^^^^
      |                                                |
      |                                                unresolved import
      |                                                help: a similar path exists: `crate::spreadsheets::values`

error[E0433]: failed to resolve: unresolved import
     --> gen/sheets/v4/lib/src/lib.rs:12810:31
      |
12810 |                 value: crate::values::params::GetDateTimeRenderOption,
      |                               ^^^^^^
      |                               |
      |                               unresolved import
      |                               help: a similar path exists: `crate::spreadsheets::values`

error[E0433]: failed to resolve: unresolved import
     --> gen/sheets/v4/lib/src/lib.rs:12818:31
      |
12818 |                 value: crate::values::params::GetMajorDimension,
      |                               ^^^^^^
      |                               |
      |                               unresolved import
      |                               help: a similar path exists: `crate::spreadsheets::values`

error[E0433]: failed to resolve: unresolved import
     --> gen/sheets/v4/lib/src/lib.rs:12826:31
      |
12826 |                 value: crate::values::params::GetValueRenderOption,
      |                               ^^^^^^
      |                               |
      |                               unresolved import
      |                               help: a similar path exists: `crate::spreadsheets::values`

error[E0433]: failed to resolve: unresolved import
     --> gen/sheets/v4/lib/src/lib.rs:12954:31
      |
12954 |                 Option<crate::values::params::UpdateResponseDateTimeRenderOption>,
      |                               ^^^^^^
      |                               |
      |                               unresolved import
      |                               help: a similar path exists: `crate::spreadsheets::values`

error[E0433]: failed to resolve: unresolved import
     --> gen/sheets/v4/lib/src/lib.rs:12956:31
      |
12956 |                 Option<crate::values::params::UpdateResponseValueRenderOption>,
      |                               ^^^^^^
      |                               |
      |                               unresolved import
      |                               help: a similar path exists: `crate::spreadsheets::values`

error[E0433]: failed to resolve: unresolved import
     --> gen/sheets/v4/lib/src/lib.rs:12957:47
      |
12957 |             value_input_option: Option<crate::values::params::UpdateValueInputOption>,
      |                                               ^^^^^^
      |                                               |
      |                                               unresolved import
      |                                               help: a similar path exists: `crate::spreadsheets::values`

error[E0433]: failed to resolve: unresolved import
     --> gen/sheets/v4/lib/src/lib.rs:12979:31
      |
12979 |                 value: crate::values::params::UpdateResponseDateTimeRenderOption,
      |                               ^^^^^^
      |                               |
      |                               unresolved import
      |                               help: a similar path exists: `crate::spreadsheets::values`

error[E0433]: failed to resolve: unresolved import
     --> gen/sheets/v4/lib/src/lib.rs:12987:31
      |
12987 |                 value: crate::values::params::UpdateResponseValueRenderOption,
      |                               ^^^^^^
      |                               |
      |                               unresolved import
      |                               help: a similar path exists: `crate::spreadsheets::values`

error[E0433]: failed to resolve: unresolved import
     --> gen/sheets/v4/lib/src/lib.rs:12995:31
      |
12995 |                 value: crate::values::params::UpdateValueInputOption,
      |                               ^^^^^^
      |                               |
      |                               unresolved import
      |                               help: a similar path exists: `crate::spreadsheets::values`

error[E0423]: expected value, found struct `developer_metadata::DeveloperMetadataActions`
    --> gen/sheets/v4/lib/src/lib.rs:9852:13
     |
9852 |             developer_metadata::DeveloperMetadataActions
     |             ^^^^^^^^^^^^^^^^^^^^^^^^^^^^^^^^^^^^^^^^^^^^ did you mean `developer_metadata::DeveloperMetadataActions { /* fields */ }`?

error[E0423]: expected value, found struct `sheets::SheetsActions`
    --> gen/sheets/v4/lib/src/lib.rs:9856:13
     |
9856 |             sheets::SheetsActions
     |             ^^^^^^^^^^^^^^^^^^^^^ did you mean `sheets::SheetsActions { /* fields */ }`?

error[E0423]: expected value, found struct `values::ValuesActions`
    --> gen/sheets/v4/lib/src/lib.rs:9860:13
     |
9860 |             values::ValuesActions
     |             ^^^^^^^^^^^^^^^^^^^^^ did you mean `values::ValuesActions { /* fields */ }`?

warning: unreachable expression
     --> gen/sheets/v4/lib/src/lib.rs:10918:21
      |
10918 | /                     Ok(match value {
10919 | |                         _ => {
10920 | |                             return Err(::serde::de::Error::custom(format!(
10921 | |                                 "invalid enum for #name: {}",
...     |
10924 | |                         }
10925 | |                     })
      | |______________________^
      |
      = note: #[warn(unreachable_code)] on by default

warning: unreachable expression
     --> gen/sheets/v4/lib/src/lib.rs:10954:21
      |
10954 | /                     Ok(match value {
10955 | |                         _ => {
10956 | |                             return Err(::serde::de::Error::custom(format!(
10957 | |                                 "invalid enum for #name: {}",
...     |
10960 | |                         }
10961 | |                     })
      | |______________________^

warning: unreachable expression
     --> gen/sheets/v4/lib/src/lib.rs:10990:21
      |
10990 | /                     Ok(match value {
10991 | |                         _ => {
10992 | |                             return Err(::serde::de::Error::custom(format!(
10993 | |                                 "invalid enum for #name: {}",
...     |
10996 | |                         }
10997 | |                     })
      | |______________________^

warning: unreachable expression
     --> gen/sheets/v4/lib/src/lib.rs:11026:21
      |
11026 | /                     Ok(match value {
11027 | |                         _ => {
11028 | |                             return Err(::serde::de::Error::custom(format!(
11029 | |                                 "invalid enum for #name: {}",
...     |
11032 | |                         }
11033 | |                     })
      | |______________________^

warning: unreachable expression
     --> gen/sheets/v4/lib/src/lib.rs:11062:21
      |
11062 | /                     Ok(match value {
11063 | |                         _ => {
11064 | |                             return Err(::serde::de::Error::custom(format!(
11065 | |                                 "invalid enum for #name: {}",
...     |
11068 | |                         }
11069 | |                     })
      | |______________________^

warning: unreachable expression
     --> gen/sheets/v4/lib/src/lib.rs:11098:21
      |
11098 | /                     Ok(match value {
11099 | |                         _ => {
11100 | |                             return Err(::serde::de::Error::custom(format!(
11101 | |                                 "invalid enum for #name: {}",
...     |
11104 | |                         }
11105 | |                     })
      | |______________________^

warning: unreachable expression
     --> gen/sheets/v4/lib/src/lib.rs:11134:21
      |
11134 | /                     Ok(match value {
11135 | |                         _ => {
11136 | |                             return Err(::serde::de::Error::custom(format!(
11137 | |                                 "invalid enum for #name: {}",
...     |
11140 | |                         }
11141 | |                     })
      | |______________________^

warning: unreachable expression
     --> gen/sheets/v4/lib/src/lib.rs:11170:21
      |
11170 | /                     Ok(match value {
11171 | |                         _ => {
11172 | |                             return Err(::serde::de::Error::custom(format!(
11173 | |                                 "invalid enum for #name: {}",
...     |
11176 | |                         }
11177 | |                     })
      | |______________________^

warning: unreachable expression
     --> gen/sheets/v4/lib/src/lib.rs:11206:21
      |
11206 | /                     Ok(match value {
11207 | |                         _ => {
11208 | |                             return Err(::serde::de::Error::custom(format!(
11209 | |                                 "invalid enum for #name: {}",
...     |
11212 | |                         }
11213 | |                     })
      | |______________________^

warning: unreachable expression
     --> gen/sheets/v4/lib/src/lib.rs:11242:21
      |
11242 | /                     Ok(match value {
11243 | |                         _ => {
11244 | |                             return Err(::serde::de::Error::custom(format!(
11245 | |                                 "invalid enum for #name: {}",
...     |
11248 | |                         }
11249 | |                     })
      | |______________________^

warning: unreachable expression
     --> gen/sheets/v4/lib/src/lib.rs:11278:21
      |
11278 | /                     Ok(match value {
11279 | |                         _ => {
11280 | |                             return Err(::serde::de::Error::custom(format!(
11281 | |                                 "invalid enum for #name: {}",
...     |
11284 | |                         }
11285 | |                     })
      | |______________________^

warning: unreachable expression
     --> gen/sheets/v4/lib/src/lib.rs:11314:21
      |
11314 | /                     Ok(match value {
11315 | |                         _ => {
11316 | |                             return Err(::serde::de::Error::custom(format!(
11317 | |                                 "invalid enum for #name: {}",
...     |
11320 | |                         }
11321 | |                     })
      | |______________________^

warning: unreachable expression
     --> gen/sheets/v4/lib/src/lib.rs:11350:21
      |
11350 | /                     Ok(match value {
11351 | |                         _ => {
11352 | |                             return Err(::serde::de::Error::custom(format!(
11353 | |                                 "invalid enum for #name: {}",
...     |
11356 | |                         }
11357 | |                     })
      | |______________________^

error: aborting due to 29 previous errors

Some errors have detailed explanations: E0423, E0433.
For more information about an error, try `rustc --explain E0423`.
error: Could not compile `google-sheets4`.

To learn more, run the command again with --verbose.
