    Blocking waiting for file lock on build directory
    Checking google-servicenetworking1 v0.1.0 (/Users/sthiel/dev/google-apis/generated/gen/servicenetworking/v1/lib)
error[E0423]: expected value, found struct `connections::ConnectionsActions`
    --> gen/servicenetworking/v1/lib/src/lib.rs:3657:13
     |
3657 |             connections::ConnectionsActions
     |             ^^^^^^^^^^^^^^^^^^^^^^^^^^^^^^^ did you mean `connections::ConnectionsActions { /* fields */ }`?

error[E0107]: wrong number of type arguments: expected 0, found 1
  --> gen/servicenetworking/v1/lib/src/lib.rs:17:30
   |
17 |         pub consumer: Option<String>,
   |                              ^^^^^^ unexpected type argument

error[E0107]: wrong number of type arguments: expected 0, found 1
  --> gen/servicenetworking/v1/lib/src/lib.rs:20:38
   |
20 |         pub consumer_network: Option<String>,
   |                                      ^^^^^^ unexpected type argument

error[E0107]: wrong number of type arguments: expected 0, found 1
  --> gen/servicenetworking/v1/lib/src/lib.rs:23:33
   |
23 |         pub description: Option<String>,
   |                                 ^^^^^^ unexpected type argument

error[E0107]: wrong number of type arguments: expected 0, found 1
  --> gen/servicenetworking/v1/lib/src/lib.rs:26:38
   |
26 |         pub ip_prefix_length: Option<i32>,
   |                                      ^^^ unexpected type argument

error[E0107]: wrong number of type arguments: expected 0, found 1
  --> gen/servicenetworking/v1/lib/src/lib.rs:29:28
   |
29 |         pub region: Option<String>,
   |                            ^^^^^^ unexpected type argument

error[E0107]: wrong number of type arguments: expected 0, found 1
  --> gen/servicenetworking/v1/lib/src/lib.rs:32:39
   |
32 |         pub requested_address: Option<String>,
   |                                       ^^^^^^ unexpected type argument

error[E0107]: wrong number of type arguments: expected 0, found 1
  --> gen/servicenetworking/v1/lib/src/lib.rs:35:32
   |
35 |         pub subnetwork: Option<String>,
   |                                ^^^^^^ unexpected type argument

error[E0107]: wrong number of type arguments: expected 0, found 1
  --> gen/servicenetworking/v1/lib/src/lib.rs:38:38
   |
38 |         pub subnetwork_users: Option<Vec<String>>,
   |                                      ^^^^^^^^^^^ unexpected type argument

error[E0107]: wrong number of type arguments: expected 0, found 1
   --> gen/servicenetworking/v1/lib/src/lib.rs:100:29
    |
100 |         pub methods: Option<Vec<crate::schemas::Method>>,
    |                             ^^^^^^^^^^^^^^^^^^^^^^^^^^^ unexpected type argument

error[E0107]: wrong number of type arguments: expected 0, found 1
   --> gen/servicenetworking/v1/lib/src/lib.rs:103:28
    |
103 |         pub mixins: Option<Vec<crate::schemas::Mixin>>,
    |                            ^^^^^^^^^^^^^^^^^^^^^^^^^^ unexpected type argument

error[E0107]: wrong number of type arguments: expected 0, found 1
   --> gen/servicenetworking/v1/lib/src/lib.rs:106:26
    |
106 |         pub name: Option<String>,
    |                          ^^^^^^ unexpected type argument

error[E0107]: wrong number of type arguments: expected 0, found 1
   --> gen/servicenetworking/v1/lib/src/lib.rs:109:29
    |
109 |         pub options: Option<Vec<crate::schemas::Option>>,
    |                             ^^^^^^^^^^^^^^^^^^^^^^^^^^^ unexpected type argument

error[E0107]: wrong number of type arguments: expected 0, found 1
   --> gen/servicenetworking/v1/lib/src/lib.rs:112:36
    |
112 |         pub source_context: Option<crate::schemas::SourceContext>,
    |                                    ^^^^^^^^^^^^^^^^^^^^^^^^^^^^^ unexpected type argument

error[E0107]: wrong number of type arguments: expected 0, found 1
   --> gen/servicenetworking/v1/lib/src/lib.rs:115:28
    |
115 |         pub syntax: Option<crate::schemas::ApiSyntax>,
    |                            ^^^^^^^^^^^^^^^^^^^^^^^^^ unexpected type argument

error[E0107]: wrong number of type arguments: expected 0, found 1
   --> gen/servicenetworking/v1/lib/src/lib.rs:118:29
    |
118 |         pub version: Option<String>,
    |                             ^^^^^^ unexpected type argument

error[E0107]: wrong number of type arguments: expected 0, found 1
   --> gen/servicenetworking/v1/lib/src/lib.rs:145:31
    |
145 |         pub audiences: Option<String>,
    |                               ^^^^^^ unexpected type argument

error[E0107]: wrong number of type arguments: expected 0, found 1
   --> gen/servicenetworking/v1/lib/src/lib.rs:148:39
    |
148 |         pub authorization_url: Option<String>,
    |                                       ^^^^^^ unexpected type argument

error[E0107]: wrong number of type arguments: expected 0, found 1
   --> gen/servicenetworking/v1/lib/src/lib.rs:151:24
    |
151 |         pub id: Option<String>,
    |                        ^^^^^^ unexpected type argument

error[E0107]: wrong number of type arguments: expected 0, found 1
   --> gen/servicenetworking/v1/lib/src/lib.rs:154:28
    |
154 |         pub issuer: Option<String>,
    |                            ^^^^^^ unexpected type argument

error[E0107]: wrong number of type arguments: expected 0, found 1
   --> gen/servicenetworking/v1/lib/src/lib.rs:157:30
    |
157 |         pub jwks_uri: Option<String>,
    |                              ^^^^^^ unexpected type argument

error[E0107]: wrong number of type arguments: expected 0, found 1
   --> gen/servicenetworking/v1/lib/src/lib.rs:184:31
    |
184 |         pub audiences: Option<String>,
    |                               ^^^^^^ unexpected type argument

error[E0107]: wrong number of type arguments: expected 0, found 1
   --> gen/servicenetworking/v1/lib/src/lib.rs:187:33
    |
187 |         pub provider_id: Option<String>,
    |                                 ^^^^^^ unexpected type argument

error[E0107]: wrong number of type arguments: expected 0, found 1
   --> gen/servicenetworking/v1/lib/src/lib.rs:214:31
    |
214 |         pub providers: Option<Vec<crate::schemas::AuthProvider>>,
    |                               ^^^^^^^^^^^^^^^^^^^^^^^^^^^^^^^^^ unexpected type argument

error[E0107]: wrong number of type arguments: expected 0, found 1
   --> gen/servicenetworking/v1/lib/src/lib.rs:217:27
    |
217 |         pub rules: Option<Vec<crate::schemas::AuthenticationRule>>,
    |                           ^^^^^^^^^^^^^^^^^^^^^^^^^^^^^^^^^^^^^^^ unexpected type argument

error[E0107]: wrong number of type arguments: expected 0, found 1
   --> gen/servicenetworking/v1/lib/src/lib.rs:244:46
    |
244 |         pub allow_without_credential: Option<bool>,
    |                                              ^^^^ unexpected type argument

error[E0107]: wrong number of type arguments: expected 0, found 1
   --> gen/servicenetworking/v1/lib/src/lib.rs:247:27
    |
247 |         pub oauth: Option<crate::schemas::OauthRequirements>,
    |                           ^^^^^^^^^^^^^^^^^^^^^^^^^^^^^^^^^ unexpected type argument

error[E0107]: wrong number of type arguments: expected 0, found 1
   --> gen/servicenetworking/v1/lib/src/lib.rs:250:34
    |
250 |         pub requirements: Option<Vec<crate::schemas::AuthRequirement>>,
    |                                  ^^^^^^^^^^^^^^^^^^^^^^^^^^^^^^^^^^^^ unexpected type argument

error[E0107]: wrong number of type arguments: expected 0, found 1
   --> gen/servicenetworking/v1/lib/src/lib.rs:253:30
    |
253 |         pub selector: Option<String>,
    |                              ^^^^^^ unexpected type argument

error[E0107]: wrong number of type arguments: expected 0, found 1
   --> gen/servicenetworking/v1/lib/src/lib.rs:271:27
    |
271 |         pub rules: Option<Vec<crate::schemas::BackendRule>>,
    |                           ^^^^^^^^^^^^^^^^^^^^^^^^^^^^^^^^ unexpected type argument

error[E0107]: wrong number of type arguments: expected 0, found 1
   --> gen/servicenetworking/v1/lib/src/lib.rs:342:29
    |
342 |         pub address: Option<String>,
    |                             ^^^^^^ unexpected type argument

error[E0107]: wrong number of type arguments: expected 0, found 1
   --> gen/servicenetworking/v1/lib/src/lib.rs:345:30
    |
345 |         pub deadline: Option<f64>,
    |                              ^^^ unexpected type argument

error[E0107]: wrong number of type arguments: expected 0, found 1
   --> gen/servicenetworking/v1/lib/src/lib.rs:348:34
    |
348 |         pub jwt_audience: Option<String>,
    |                                  ^^^^^^ unexpected type argument

error[E0107]: wrong number of type arguments: expected 0, found 1
   --> gen/servicenetworking/v1/lib/src/lib.rs:351:34
    |
351 |         pub min_deadline: Option<f64>,
    |                                  ^^^ unexpected type argument

error[E0107]: wrong number of type arguments: expected 0, found 1
   --> gen/servicenetworking/v1/lib/src/lib.rs:354:40
    |
354 |         pub operation_deadline: Option<f64>,
    |                                        ^^^ unexpected type argument

error[E0107]: wrong number of type arguments: expected 0, found 1
   --> gen/servicenetworking/v1/lib/src/lib.rs:356:38
    |
356 |         pub path_translation: Option<crate::schemas::BackendRulePathTranslation>,
    |                                      ^^^^^^^^^^^^^^^^^^^^^^^^^^^^^^^^^^^^^^^^^^ unexpected type argument

error[E0107]: wrong number of type arguments: expected 0, found 1
   --> gen/servicenetworking/v1/lib/src/lib.rs:359:30
    |
359 |         pub selector: Option<String>,
    |                              ^^^^^^ unexpected type argument

error[E0107]: wrong number of type arguments: expected 0, found 1
   --> gen/servicenetworking/v1/lib/src/lib.rs:386:43
    |
386 |         pub consumer_destinations: Option<Vec<crate::schemas::BillingDestination>>,
    |                                           ^^^^^^^^^^^^^^^^^^^^^^^^^^^^^^^^^^^^^^^ unexpected type argument

error[E0107]: wrong number of type arguments: expected 0, found 1
   --> gen/servicenetworking/v1/lib/src/lib.rs:413:29
    |
413 |         pub metrics: Option<Vec<String>>,
    |                             ^^^^^^^^^^^ unexpected type argument

error[E0107]: wrong number of type arguments: expected 0, found 1
   --> gen/servicenetworking/v1/lib/src/lib.rs:416:40
    |
416 |         pub monitored_resource: Option<String>,
    |                                        ^^^^^^ unexpected type argument

error[E0107]: wrong number of type arguments: expected 0, found 1
   --> gen/servicenetworking/v1/lib/src/lib.rs:460:29
    |
460 |         pub network: Option<String>,
    |                             ^^^^^^ unexpected type argument

error[E0107]: wrong number of type arguments: expected 0, found 1
   --> gen/servicenetworking/v1/lib/src/lib.rs:463:29
    |
463 |         pub peering: Option<String>,
    |                             ^^^^^^ unexpected type argument

error[E0107]: wrong number of type arguments: expected 0, found 1
   --> gen/servicenetworking/v1/lib/src/lib.rs:466:45
    |
466 |         pub reserved_peering_ranges: Option<Vec<String>>,
    |                                             ^^^^^^^^^^^ unexpected type argument

error[E0107]: wrong number of type arguments: expected 0, found 1
   --> gen/servicenetworking/v1/lib/src/lib.rs:469:29
    |
469 |         pub service: Option<String>,
    |                             ^^^^^^ unexpected type argument

error[E0107]: wrong number of type arguments: expected 0, found 1
   --> gen/servicenetworking/v1/lib/src/lib.rs:496:27
    |
496 |         pub rules: Option<Vec<crate::schemas::ContextRule>>,
    |                           ^^^^^^^^^^^^^^^^^^^^^^^^^^^^^^^^ unexpected type argument

error[E0107]: wrong number of type arguments: expected 0, found 1
   --> gen/servicenetworking/v1/lib/src/lib.rs:523:48
    |
523 |         pub allowed_request_extensions: Option<Vec<String>>,
    |                                                ^^^^^^^^^^^ unexpected type argument

error[E0107]: wrong number of type arguments: expected 0, found 1
   --> gen/servicenetworking/v1/lib/src/lib.rs:526:49
    |
526 |         pub allowed_response_extensions: Option<Vec<String>>,
    |                                                 ^^^^^^^^^^^ unexpected type argument

error[E0107]: wrong number of type arguments: expected 0, found 1
   --> gen/servicenetworking/v1/lib/src/lib.rs:529:30
    |
529 |         pub provided: Option<Vec<String>>,
    |                              ^^^^^^^^^^^ unexpected type argument

error[E0107]: wrong number of type arguments: expected 0, found 1
   --> gen/servicenetworking/v1/lib/src/lib.rs:532:31
    |
532 |         pub requested: Option<Vec<String>>,
    |                               ^^^^^^^^^^^ unexpected type argument

error[E0107]: wrong number of type arguments: expected 0, found 1
   --> gen/servicenetworking/v1/lib/src/lib.rs:535:30
    |
535 |         pub selector: Option<String>,
    |                              ^^^^^^ unexpected type argument

error[E0107]: wrong number of type arguments: expected 0, found 1
   --> gen/servicenetworking/v1/lib/src/lib.rs:562:33
    |
562 |         pub environment: Option<String>,
    |                                 ^^^^^^ unexpected type argument

error[E0107]: wrong number of type arguments: expected 0, found 1
   --> gen/servicenetworking/v1/lib/src/lib.rs:589:27
    |
589 |         pub rules: Option<Vec<crate::schemas::CustomErrorRule>>,
    |                           ^^^^^^^^^^^^^^^^^^^^^^^^^^^^^^^^^^^^ unexpected type argument

error[E0107]: wrong number of type arguments: expected 0, found 1
   --> gen/servicenetworking/v1/lib/src/lib.rs:592:27
    |
592 |         pub types: Option<Vec<String>>,
    |                           ^^^^^^^^^^^ unexpected type argument

error[E0107]: wrong number of type arguments: expected 0, found 1
   --> gen/servicenetworking/v1/lib/src/lib.rs:619:35
    |
619 |         pub is_error_type: Option<bool>,
    |                                   ^^^^ unexpected type argument

error[E0107]: wrong number of type arguments: expected 0, found 1
   --> gen/servicenetworking/v1/lib/src/lib.rs:622:30
    |
622 |         pub selector: Option<String>,
    |                              ^^^^^^ unexpected type argument

error[E0107]: wrong number of type arguments: expected 0, found 1
   --> gen/servicenetworking/v1/lib/src/lib.rs:649:26
    |
649 |         pub kind: Option<String>,
    |                          ^^^^^^ unexpected type argument

error[E0107]: wrong number of type arguments: expected 0, found 1
   --> gen/servicenetworking/v1/lib/src/lib.rs:652:26
    |
652 |         pub path: Option<String>,
    |                          ^^^^^^ unexpected type argument

error[E0107]: wrong number of type arguments: expected 0, found 1
   --> gen/servicenetworking/v1/lib/src/lib.rs:679:44
    |
679 |         pub documentation_root_url: Option<String>,
    |                                            ^^^^^^ unexpected type argument

error[E0107]: wrong number of type arguments: expected 0, found 1
   --> gen/servicenetworking/v1/lib/src/lib.rs:682:30
    |
682 |         pub overview: Option<String>,
    |                              ^^^^^^ unexpected type argument

error[E0107]: wrong number of type arguments: expected 0, found 1
   --> gen/servicenetworking/v1/lib/src/lib.rs:685:27
    |
685 |         pub pages: Option<Vec<crate::schemas::Page>>,
    |                           ^^^^^^^^^^^^^^^^^^^^^^^^^ unexpected type argument

error[E0107]: wrong number of type arguments: expected 0, found 1
   --> gen/servicenetworking/v1/lib/src/lib.rs:688:27
    |
688 |         pub rules: Option<Vec<crate::schemas::DocumentationRule>>,
    |                           ^^^^^^^^^^^^^^^^^^^^^^^^^^^^^^^^^^^^^^ unexpected type argument

error[E0107]: wrong number of type arguments: expected 0, found 1
   --> gen/servicenetworking/v1/lib/src/lib.rs:691:38
    |
691 |         pub service_root_url: Option<String>,
    |                                      ^^^^^^ unexpected type argument

error[E0107]: wrong number of type arguments: expected 0, found 1
   --> gen/servicenetworking/v1/lib/src/lib.rs:694:29
    |
694 |         pub summary: Option<String>,
    |                             ^^^^^^ unexpected type argument

error[E0107]: wrong number of type arguments: expected 0, found 1
   --> gen/servicenetworking/v1/lib/src/lib.rs:721:45
    |
721 |         pub deprecation_description: Option<String>,
    |                                             ^^^^^^ unexpected type argument

error[E0107]: wrong number of type arguments: expected 0, found 1
   --> gen/servicenetworking/v1/lib/src/lib.rs:724:33
    |
724 |         pub description: Option<String>,
    |                                 ^^^^^^ unexpected type argument

error[E0107]: wrong number of type arguments: expected 0, found 1
   --> gen/servicenetworking/v1/lib/src/lib.rs:727:30
    |
727 |         pub selector: Option<String>,
    |                              ^^^^^^ unexpected type argument

error[E0107]: wrong number of type arguments: expected 0, found 1
   --> gen/servicenetworking/v1/lib/src/lib.rs:771:29
    |
771 |         pub aliases: Option<Vec<String>>,
    |                             ^^^^^^^^^^^ unexpected type argument

error[E0107]: wrong number of type arguments: expected 0, found 1
   --> gen/servicenetworking/v1/lib/src/lib.rs:774:32
    |
774 |         pub allow_cors: Option<bool>,
    |                                ^^^^ unexpected type argument

error[E0107]: wrong number of type arguments: expected 0, found 1
   --> gen/servicenetworking/v1/lib/src/lib.rs:777:30
    |
777 |         pub features: Option<Vec<String>>,
    |                              ^^^^^^^^^^^ unexpected type argument

error[E0107]: wrong number of type arguments: expected 0, found 1
   --> gen/servicenetworking/v1/lib/src/lib.rs:780:26
    |
780 |         pub name: Option<String>,
    |                          ^^^^^^ unexpected type argument

error[E0107]: wrong number of type arguments: expected 0, found 1
   --> gen/servicenetworking/v1/lib/src/lib.rs:783:28
    |
783 |         pub target: Option<String>,
    |                            ^^^^^^ unexpected type argument

error[E0107]: wrong number of type arguments: expected 0, found 1
   --> gen/servicenetworking/v1/lib/src/lib.rs:845:31
    |
845 |         pub enumvalue: Option<Vec<crate::schemas::EnumValue>>,
    |                               ^^^^^^^^^^^^^^^^^^^^^^^^^^^^^^ unexpected type argument

error[E0107]: wrong number of type arguments: expected 0, found 1
   --> gen/servicenetworking/v1/lib/src/lib.rs:848:26
    |
848 |         pub name: Option<String>,
    |                          ^^^^^^ unexpected type argument

error[E0107]: wrong number of type arguments: expected 0, found 1
   --> gen/servicenetworking/v1/lib/src/lib.rs:851:29
    |
851 |         pub options: Option<Vec<crate::schemas::Option>>,
    |                             ^^^^^^^^^^^^^^^^^^^^^^^^^^^ unexpected type argument

error[E0107]: wrong number of type arguments: expected 0, found 1
   --> gen/servicenetworking/v1/lib/src/lib.rs:854:36
    |
854 |         pub source_context: Option<crate::schemas::SourceContext>,
    |                                    ^^^^^^^^^^^^^^^^^^^^^^^^^^^^^ unexpected type argument

error[E0107]: wrong number of type arguments: expected 0, found 1
   --> gen/servicenetworking/v1/lib/src/lib.rs:857:28
    |
857 |         pub syntax: Option<crate::schemas::EnumSyntax>,
    |                            ^^^^^^^^^^^^^^^^^^^^^^^^^^ unexpected type argument

error[E0107]: wrong number of type arguments: expected 0, found 1
   --> gen/servicenetworking/v1/lib/src/lib.rs:873:26
    |
873 |         pub name: Option<String>,
    |                          ^^^^^^ unexpected type argument

error[E0107]: wrong number of type arguments: expected 0, found 1
   --> gen/servicenetworking/v1/lib/src/lib.rs:876:28
    |
876 |         pub number: Option<i32>,
    |                            ^^^ unexpected type argument

error[E0107]: wrong number of type arguments: expected 0, found 1
   --> gen/servicenetworking/v1/lib/src/lib.rs:879:29
    |
879 |         pub options: Option<Vec<crate::schemas::Option>>,
    |                             ^^^^^^^^^^^^^^^^^^^^^^^^^^^ unexpected type argument

error[E0107]: wrong number of type arguments: expected 0, found 1
    --> gen/servicenetworking/v1/lib/src/lib.rs:1063:33
     |
1063 |         pub cardinality: Option<crate::schemas::FieldCardinality>,
     |                                 ^^^^^^^^^^^^^^^^^^^^^^^^^^^^^^^^ unexpected type argument

error[E0107]: wrong number of type arguments: expected 0, found 1
    --> gen/servicenetworking/v1/lib/src/lib.rs:1066:35
     |
1066 |         pub default_value: Option<String>,
     |                                   ^^^^^^ unexpected type argument

error[E0107]: wrong number of type arguments: expected 0, found 1
    --> gen/servicenetworking/v1/lib/src/lib.rs:1069:31
     |
1069 |         pub json_name: Option<String>,
     |                               ^^^^^^ unexpected type argument

error[E0107]: wrong number of type arguments: expected 0, found 1
    --> gen/servicenetworking/v1/lib/src/lib.rs:1072:26
     |
1072 |         pub kind: Option<crate::schemas::FieldKind>,
     |                          ^^^^^^^^^^^^^^^^^^^^^^^^^ unexpected type argument

error[E0107]: wrong number of type arguments: expected 0, found 1
    --> gen/servicenetworking/v1/lib/src/lib.rs:1075:26
     |
1075 |         pub name: Option<String>,
     |                          ^^^^^^ unexpected type argument

error[E0107]: wrong number of type arguments: expected 0, found 1
    --> gen/servicenetworking/v1/lib/src/lib.rs:1078:28
     |
1078 |         pub number: Option<i32>,
     |                            ^^^ unexpected type argument

error[E0107]: wrong number of type arguments: expected 0, found 1
    --> gen/servicenetworking/v1/lib/src/lib.rs:1081:33
     |
1081 |         pub oneof_index: Option<i32>,
     |                                 ^^^ unexpected type argument

error[E0107]: wrong number of type arguments: expected 0, found 1
    --> gen/servicenetworking/v1/lib/src/lib.rs:1084:29
     |
1084 |         pub options: Option<Vec<crate::schemas::Option>>,
     |                             ^^^^^^^^^^^^^^^^^^^^^^^^^^^ unexpected type argument

error[E0107]: wrong number of type arguments: expected 0, found 1
    --> gen/servicenetworking/v1/lib/src/lib.rs:1087:28
     |
1087 |         pub packed: Option<bool>,
     |                            ^^^^ unexpected type argument

error[E0107]: wrong number of type arguments: expected 0, found 1
    --> gen/servicenetworking/v1/lib/src/lib.rs:1090:30
     |
1090 |         pub type_url: Option<String>,
     |                              ^^^^^^ unexpected type argument

error[E0107]: wrong number of type arguments: expected 0, found 1
    --> gen/servicenetworking/v1/lib/src/lib.rs:1117:35
     |
1117 |         pub ip_cidr_range: Option<String>,
     |                                   ^^^^^^ unexpected type argument

error[E0107]: wrong number of type arguments: expected 0, found 1
    --> gen/servicenetworking/v1/lib/src/lib.rs:1120:26
     |
1120 |         pub name: Option<String>,
     |                          ^^^^^^ unexpected type argument

error[E0107]: wrong number of type arguments: expected 0, found 1
    --> gen/servicenetworking/v1/lib/src/lib.rs:1123:29
     |
1123 |         pub network: Option<String>,
     |                             ^^^^^^ unexpected type argument

error[E0107]: wrong number of type arguments: expected 0, found 1
    --> gen/servicenetworking/v1/lib/src/lib.rs:1126:40
     |
1126 |         pub outside_allocation: Option<bool>,
     |                                        ^^^^ unexpected type argument

error[E0107]: wrong number of type arguments: expected 0, found 1
    --> gen/servicenetworking/v1/lib/src/lib.rs:1153:53
     |
1153 |         pub fully_decode_reserved_expansion: Option<bool>,
     |                                                     ^^^^ unexpected type argument

error[E0107]: wrong number of type arguments: expected 0, found 1
    --> gen/servicenetworking/v1/lib/src/lib.rs:1156:27
     |
1156 |         pub rules: Option<Vec<crate::schemas::HttpRule>>,
     |                           ^^^^^^^^^^^^^^^^^^^^^^^^^^^^^ unexpected type argument

error[E0107]: wrong number of type arguments: expected 0, found 1
    --> gen/servicenetworking/v1/lib/src/lib.rs:1183:41
     |
1183 |         pub additional_bindings: Option<Vec<crate::schemas::HttpRule>>,
     |                                         ^^^^^^^^^^^^^^^^^^^^^^^^^^^^^ unexpected type argument

error[E0107]: wrong number of type arguments: expected 0, found 1
    --> gen/servicenetworking/v1/lib/src/lib.rs:1186:26
     |
1186 |         pub body: Option<String>,
     |                          ^^^^^^ unexpected type argument

error[E0107]: wrong number of type arguments: expected 0, found 1
    --> gen/servicenetworking/v1/lib/src/lib.rs:1189:28
     |
1189 |         pub custom: Option<crate::schemas::CustomHttpPattern>,
     |                            ^^^^^^^^^^^^^^^^^^^^^^^^^^^^^^^^^ unexpected type argument

error[E0107]: wrong number of type arguments: expected 0, found 1
    --> gen/servicenetworking/v1/lib/src/lib.rs:1192:28
     |
1192 |         pub delete: Option<String>,
     |                            ^^^^^^ unexpected type argument

error[E0107]: wrong number of type arguments: expected 0, found 1
    --> gen/servicenetworking/v1/lib/src/lib.rs:1195:25
     |
1195 |         pub get: Option<String>,
     |                         ^^^^^^ unexpected type argument

error[E0107]: wrong number of type arguments: expected 0, found 1
    --> gen/servicenetworking/v1/lib/src/lib.rs:1198:27
     |
1198 |         pub patch: Option<String>,
     |                           ^^^^^^ unexpected type argument

error[E0107]: wrong number of type arguments: expected 0, found 1
    --> gen/servicenetworking/v1/lib/src/lib.rs:1201:26
     |
1201 |         pub post: Option<String>,
     |                          ^^^^^^ unexpected type argument

error[E0107]: wrong number of type arguments: expected 0, found 1
    --> gen/servicenetworking/v1/lib/src/lib.rs:1204:25
     |
1204 |         pub put: Option<String>,
     |                         ^^^^^^ unexpected type argument

error[E0107]: wrong number of type arguments: expected 0, found 1
    --> gen/servicenetworking/v1/lib/src/lib.rs:1207:35
     |
1207 |         pub response_body: Option<String>,
     |                                   ^^^^^^ unexpected type argument

error[E0107]: wrong number of type arguments: expected 0, found 1
    --> gen/servicenetworking/v1/lib/src/lib.rs:1210:30
     |
1210 |         pub selector: Option<String>,
     |                              ^^^^^^ unexpected type argument

error[E0107]: wrong number of type arguments: expected 0, found 1
    --> gen/servicenetworking/v1/lib/src/lib.rs:1287:33
     |
1287 |         pub description: Option<String>,
     |                                 ^^^^^^ unexpected type argument

error[E0107]: wrong number of type arguments: expected 0, found 1
    --> gen/servicenetworking/v1/lib/src/lib.rs:1290:25
     |
1290 |         pub key: Option<String>,
     |                         ^^^^^^ unexpected type argument

error[E0107]: wrong number of type arguments: expected 0, found 1
    --> gen/servicenetworking/v1/lib/src/lib.rs:1293:32
     |
1293 |         pub value_type: Option<crate::schemas::LabelDescriptorValueType>,
     |                                ^^^^^^^^^^^^^^^^^^^^^^^^^^^^^^^^^^^^^^^^ unexpected type argument

error[E0107]: wrong number of type arguments: expected 0, found 1
    --> gen/servicenetworking/v1/lib/src/lib.rs:1320:33
     |
1320 |         pub connections: Option<Vec<crate::schemas::Connection>>,
     |                                 ^^^^^^^^^^^^^^^^^^^^^^^^^^^^^^^ unexpected type argument

error[E0107]: wrong number of type arguments: expected 0, found 1
    --> gen/servicenetworking/v1/lib/src/lib.rs:1336:37
     |
1336 |         pub next_page_token: Option<String>,
     |                                     ^^^^^^ unexpected type argument

error[E0107]: wrong number of type arguments: expected 0, found 1
    --> gen/servicenetworking/v1/lib/src/lib.rs:1339:32
     |
1339 |         pub operations: Option<Vec<crate::schemas::Operation>>,
     |                                ^^^^^^^^^^^^^^^^^^^^^^^^^^^^^^ unexpected type argument

error[E0107]: wrong number of type arguments: expected 0, found 1
    --> gen/servicenetworking/v1/lib/src/lib.rs:1366:33
     |
1366 |         pub description: Option<String>,
     |                                 ^^^^^^ unexpected type argument

error[E0107]: wrong number of type arguments: expected 0, found 1
    --> gen/servicenetworking/v1/lib/src/lib.rs:1369:34
     |
1369 |         pub display_name: Option<String>,
     |                                  ^^^^^^ unexpected type argument

error[E0107]: wrong number of type arguments: expected 0, found 1
    --> gen/servicenetworking/v1/lib/src/lib.rs:1372:28
     |
1372 |         pub labels: Option<Vec<crate::schemas::LabelDescriptor>>,
     |                            ^^^^^^^^^^^^^^^^^^^^^^^^^^^^^^^^^^^^ unexpected type argument

error[E0107]: wrong number of type arguments: expected 0, found 1
    --> gen/servicenetworking/v1/lib/src/lib.rs:1375:26
     |
1375 |         pub name: Option<String>,
     |                          ^^^^^^ unexpected type argument

error[E0107]: wrong number of type arguments: expected 0, found 1
    --> gen/servicenetworking/v1/lib/src/lib.rs:1402:43
     |
1402 |         pub consumer_destinations: Option<Vec<crate::schemas::LoggingDestination>>,
     |                                           ^^^^^^^^^^^^^^^^^^^^^^^^^^^^^^^^^^^^^^^ unexpected type argument

error[E0107]: wrong number of type arguments: expected 0, found 1
    --> gen/servicenetworking/v1/lib/src/lib.rs:1405:43
     |
1405 |         pub producer_destinations: Option<Vec<crate::schemas::LoggingDestination>>,
     |                                           ^^^^^^^^^^^^^^^^^^^^^^^^^^^^^^^^^^^^^^^ unexpected type argument

error[E0107]: wrong number of type arguments: expected 0, found 1
    --> gen/servicenetworking/v1/lib/src/lib.rs:1432:26
     |
1432 |         pub logs: Option<Vec<String>>,
     |                          ^^^^^^^^^^^ unexpected type argument

error[E0107]: wrong number of type arguments: expected 0, found 1
    --> gen/servicenetworking/v1/lib/src/lib.rs:1435:40
     |
1435 |         pub monitored_resource: Option<String>,
     |                                        ^^^^^^ unexpected type argument

error[E0107]: wrong number of type arguments: expected 0, found 1
    --> gen/servicenetworking/v1/lib/src/lib.rs:1497:26
     |
1497 |         pub name: Option<String>,
     |                          ^^^^^^ unexpected type argument

error[E0107]: wrong number of type arguments: expected 0, found 1
    --> gen/servicenetworking/v1/lib/src/lib.rs:1500:29
     |
1500 |         pub options: Option<Vec<crate::schemas::Option>>,
     |                             ^^^^^^^^^^^^^^^^^^^^^^^^^^^ unexpected type argument

error[E0107]: wrong number of type arguments: expected 0, found 1
    --> gen/servicenetworking/v1/lib/src/lib.rs:1503:39
     |
1503 |         pub request_streaming: Option<bool>,
     |                                       ^^^^ unexpected type argument

error[E0107]: wrong number of type arguments: expected 0, found 1
    --> gen/servicenetworking/v1/lib/src/lib.rs:1506:38
     |
1506 |         pub request_type_url: Option<String>,
     |                                      ^^^^^^ unexpected type argument

error[E0107]: wrong number of type arguments: expected 0, found 1
    --> gen/servicenetworking/v1/lib/src/lib.rs:1509:40
     |
1509 |         pub response_streaming: Option<bool>,
     |                                        ^^^^ unexpected type argument

error[E0107]: wrong number of type arguments: expected 0, found 1
    --> gen/servicenetworking/v1/lib/src/lib.rs:1512:39
     |
1512 |         pub response_type_url: Option<String>,
     |                                       ^^^^^^ unexpected type argument

error[E0107]: wrong number of type arguments: expected 0, found 1
    --> gen/servicenetworking/v1/lib/src/lib.rs:1515:28
     |
1515 |         pub syntax: Option<crate::schemas::MethodSyntax>,
     |                            ^^^^^^^^^^^^^^^^^^^^^^^^^^^^ unexpected type argument

error[E0107]: wrong number of type arguments: expected 0, found 1
    --> gen/servicenetworking/v1/lib/src/lib.rs:1724:33
     |
1724 |         pub description: Option<String>,
     |                                 ^^^^^^ unexpected type argument

error[E0107]: wrong number of type arguments: expected 0, found 1
    --> gen/servicenetworking/v1/lib/src/lib.rs:1727:34
     |
1727 |         pub display_name: Option<String>,
     |                                  ^^^^^^ unexpected type argument

error[E0107]: wrong number of type arguments: expected 0, found 1
    --> gen/servicenetworking/v1/lib/src/lib.rs:1730:28
     |
1730 |         pub labels: Option<Vec<crate::schemas::LabelDescriptor>>,
     |                            ^^^^^^^^^^^^^^^^^^^^^^^^^^^^^^^^^^^^ unexpected type argument

error[E0107]: wrong number of type arguments: expected 0, found 1
    --> gen/servicenetworking/v1/lib/src/lib.rs:1733:34
     |
1733 |         pub launch_stage: Option<crate::schemas::MetricDescriptorLaunchStage>,
     |                                  ^^^^^^^^^^^^^^^^^^^^^^^^^^^^^^^^^^^^^^^^^^^ unexpected type argument

error[E0107]: wrong number of type arguments: expected 0, found 1
    --> gen/servicenetworking/v1/lib/src/lib.rs:1736:30
     |
1736 |         pub metadata: Option<crate::schemas::MetricDescriptorMetadata>,
     |                              ^^^^^^^^^^^^^^^^^^^^^^^^^^^^^^^^^^^^^^^^ unexpected type argument

error[E0107]: wrong number of type arguments: expected 0, found 1
    --> gen/servicenetworking/v1/lib/src/lib.rs:1739:33
     |
1739 |         pub metric_kind: Option<crate::schemas::MetricDescriptorMetricKind>,
     |                                 ^^^^^^^^^^^^^^^^^^^^^^^^^^^^^^^^^^^^^^^^^^ unexpected type argument

error[E0107]: wrong number of type arguments: expected 0, found 1
    --> gen/servicenetworking/v1/lib/src/lib.rs:1742:26
     |
1742 |         pub name: Option<String>,
     |                          ^^^^^^ unexpected type argument

error[E0107]: wrong number of type arguments: expected 0, found 1
    --> gen/servicenetworking/v1/lib/src/lib.rs:1745:28
     |
1745 |         pub r#type: Option<String>,
     |                            ^^^^^^ unexpected type argument

error[E0107]: wrong number of type arguments: expected 0, found 1
    --> gen/servicenetworking/v1/lib/src/lib.rs:1748:26
     |
1748 |         pub unit: Option<String>,
     |                          ^^^^^^ unexpected type argument

error[E0107]: wrong number of type arguments: expected 0, found 1
    --> gen/servicenetworking/v1/lib/src/lib.rs:1751:32
     |
1751 |         pub value_type: Option<crate::schemas::MetricDescriptorValueType>,
     |                                ^^^^^^^^^^^^^^^^^^^^^^^^^^^^^^^^^^^^^^^^^ unexpected type argument

error[E0107]: wrong number of type arguments: expected 0, found 1
    --> gen/servicenetworking/v1/lib/src/lib.rs:1844:34
     |
1844 |         pub ingest_delay: Option<String>,
     |                                  ^^^^^^ unexpected type argument

error[E0107]: wrong number of type arguments: expected 0, found 1
    --> gen/servicenetworking/v1/lib/src/lib.rs:1847:34
     |
1847 |         pub launch_stage: Option<crate::schemas::MetricDescriptorMetadataLaunchStage>,
     |                                  ^^^^^^^^^^^^^^^^^^^^^^^^^^^^^^^^^^^^^^^^^^^^^^^^^^^ unexpected type argument

error[E0107]: wrong number of type arguments: expected 0, found 1
    --> gen/servicenetworking/v1/lib/src/lib.rs:1850:35
     |
1850 |         pub sample_period: Option<String>,
     |                                   ^^^^^^ unexpected type argument

error[E0107]: wrong number of type arguments: expected 0, found 1
    --> gen/servicenetworking/v1/lib/src/lib.rs:1877:34
     |
1877 |         pub metric_costs: Option<::std::collections::BTreeMap<String, i64>>,
     |                                  ^^^^^^^^^^^^^^^^^^^^^^^^^^^^^^^^^^^^^^^^^ unexpected type argument

error[E0107]: wrong number of type arguments: expected 0, found 1
    --> gen/servicenetworking/v1/lib/src/lib.rs:1880:30
     |
1880 |         pub selector: Option<String>,
     |                              ^^^^^^ unexpected type argument

error[E0107]: wrong number of type arguments: expected 0, found 1
    --> gen/servicenetworking/v1/lib/src/lib.rs:1907:26
     |
1907 |         pub name: Option<String>,
     |                          ^^^^^^ unexpected type argument

error[E0107]: wrong number of type arguments: expected 0, found 1
    --> gen/servicenetworking/v1/lib/src/lib.rs:1910:26
     |
1910 |         pub root: Option<String>,
     |                          ^^^^^^ unexpected type argument

error[E0107]: wrong number of type arguments: expected 0, found 1
    --> gen/servicenetworking/v1/lib/src/lib.rs:2003:33
     |
2003 |         pub description: Option<String>,
     |                                 ^^^^^^ unexpected type argument

error[E0107]: wrong number of type arguments: expected 0, found 1
    --> gen/servicenetworking/v1/lib/src/lib.rs:2006:34
     |
2006 |         pub display_name: Option<String>,
     |                                  ^^^^^^ unexpected type argument

error[E0107]: wrong number of type arguments: expected 0, found 1
    --> gen/servicenetworking/v1/lib/src/lib.rs:2009:28
     |
2009 |         pub labels: Option<Vec<crate::schemas::LabelDescriptor>>,
     |                            ^^^^^^^^^^^^^^^^^^^^^^^^^^^^^^^^^^^^ unexpected type argument

error[E0107]: wrong number of type arguments: expected 0, found 1
    --> gen/servicenetworking/v1/lib/src/lib.rs:2012:34
     |
2012 |         pub launch_stage: Option<crate::schemas::MonitoredResourceDescriptorLaunchStage>,
     |                                  ^^^^^^^^^^^^^^^^^^^^^^^^^^^^^^^^^^^^^^^^^^^^^^^^^^^^^^ unexpected type argument

error[E0107]: wrong number of type arguments: expected 0, found 1
    --> gen/servicenetworking/v1/lib/src/lib.rs:2015:26
     |
2015 |         pub name: Option<String>,
     |                          ^^^^^^ unexpected type argument

error[E0107]: wrong number of type arguments: expected 0, found 1
    --> gen/servicenetworking/v1/lib/src/lib.rs:2018:28
     |
2018 |         pub r#type: Option<String>,
     |                            ^^^^^^ unexpected type argument

error[E0107]: wrong number of type arguments: expected 0, found 1
    --> gen/servicenetworking/v1/lib/src/lib.rs:2045:43
     |
2045 |         pub consumer_destinations: Option<Vec<crate::schemas::MonitoringDestination>>,
     |                                           ^^^^^^^^^^^^^^^^^^^^^^^^^^^^^^^^^^^^^^^^^^ unexpected type argument

error[E0107]: wrong number of type arguments: expected 0, found 1
    --> gen/servicenetworking/v1/lib/src/lib.rs:2048:43
     |
2048 |         pub producer_destinations: Option<Vec<crate::schemas::MonitoringDestination>>,
     |                                           ^^^^^^^^^^^^^^^^^^^^^^^^^^^^^^^^^^^^^^^^^^ unexpected type argument

error[E0107]: wrong number of type arguments: expected 0, found 1
    --> gen/servicenetworking/v1/lib/src/lib.rs:2075:29
     |
2075 |         pub metrics: Option<Vec<String>>,
     |                             ^^^^^^^^^^^ unexpected type argument

error[E0107]: wrong number of type arguments: expected 0, found 1
    --> gen/servicenetworking/v1/lib/src/lib.rs:2078:40
     |
2078 |         pub monitored_resource: Option<String>,
     |                                        ^^^^^^ unexpected type argument

error[E0107]: wrong number of type arguments: expected 0, found 1
    --> gen/servicenetworking/v1/lib/src/lib.rs:2105:38
     |
2105 |         pub canonical_scopes: Option<String>,
     |                                      ^^^^^^ unexpected type argument

error[E0107]: wrong number of type arguments: expected 0, found 1
    --> gen/servicenetworking/v1/lib/src/lib.rs:2121:26
     |
2121 |         pub done: Option<bool>,
     |                          ^^^^ unexpected type argument

error[E0107]: wrong number of type arguments: expected 0, found 1
    --> gen/servicenetworking/v1/lib/src/lib.rs:2124:27
     |
2124 |         pub error: Option<crate::schemas::Status>,
     |                           ^^^^^^^^^^^^^^^^^^^^^^ unexpected type argument

error[E0107]: wrong number of type arguments: expected 0, found 1
    --> gen/servicenetworking/v1/lib/src/lib.rs:2127:30
     |
2127 |         pub metadata: Option<::std::collections::BTreeMap<String, ::serde_json::Value>>,
     |                              ^^^^^^^^^^^^^^^^^^^^^^^^^^^^^^^^^^^^^^^^^^^^^^^^^^^^^^^^^ unexpected type argument

error[E0107]: wrong number of type arguments: expected 0, found 1
    --> gen/servicenetworking/v1/lib/src/lib.rs:2130:26
     |
2130 |         pub name: Option<String>,
     |                          ^^^^^^ unexpected type argument

error[E0107]: wrong number of type arguments: expected 0, found 1
    --> gen/servicenetworking/v1/lib/src/lib.rs:2133:30
     |
2133 |         pub response: Option<::std::collections::BTreeMap<String, ::serde_json::Value>>,
     |                              ^^^^^^^^^^^^^^^^^^^^^^^^^^^^^^^^^^^^^^^^^^^^^^^^^^^^^^^^^ unexpected type argument

error[E0107]: wrong number of type arguments: expected 0, found 1
    --> gen/servicenetworking/v1/lib/src/lib.rs:2149:26
     |
2149 |         pub name: Option<String>,
     |                          ^^^^^^ unexpected type argument

error[E0107]: wrong number of type arguments: expected 0, found 1
    --> gen/servicenetworking/v1/lib/src/lib.rs:2152:27
     |
2152 |         pub value: Option<::std::collections::BTreeMap<String, ::serde_json::Value>>,
     |                           ^^^^^^^^^^^^^^^^^^^^^^^^^^^^^^^^^^^^^^^^^^^^^^^^^^^^^^^^^ unexpected type argument

error[E0107]: wrong number of type arguments: expected 0, found 1
    --> gen/servicenetworking/v1/lib/src/lib.rs:2179:29
     |
2179 |         pub content: Option<String>,
     |                             ^^^^^^ unexpected type argument

error[E0107]: wrong number of type arguments: expected 0, found 1
    --> gen/servicenetworking/v1/lib/src/lib.rs:2182:26
     |
2182 |         pub name: Option<String>,
     |                          ^^^^^^ unexpected type argument

error[E0107]: wrong number of type arguments: expected 0, found 1
    --> gen/servicenetworking/v1/lib/src/lib.rs:2185:30
     |
2185 |         pub subpages: Option<Vec<crate::schemas::Page>>,
     |                              ^^^^^^^^^^^^^^^^^^^^^^^^^ unexpected type argument

error[E0107]: wrong number of type arguments: expected 0, found 1
    --> gen/servicenetworking/v1/lib/src/lib.rs:2212:28
     |
2212 |         pub limits: Option<Vec<crate::schemas::QuotaLimit>>,
     |                            ^^^^^^^^^^^^^^^^^^^^^^^^^^^^^^^ unexpected type argument

error[E0107]: wrong number of type arguments: expected 0, found 1
    --> gen/servicenetworking/v1/lib/src/lib.rs:2215:34
     |
2215 |         pub metric_rules: Option<Vec<crate::schemas::MetricRule>>,
     |                                  ^^^^^^^^^^^^^^^^^^^^^^^^^^^^^^^ unexpected type argument

error[E0107]: wrong number of type arguments: expected 0, found 1
    --> gen/servicenetworking/v1/lib/src/lib.rs:2243:35
     |
2243 |         pub default_limit: Option<i64>,
     |                                   ^^^ unexpected type argument

error[E0107]: wrong number of type arguments: expected 0, found 1
    --> gen/servicenetworking/v1/lib/src/lib.rs:2246:33
     |
2246 |         pub description: Option<String>,
     |                                 ^^^^^^ unexpected type argument

error[E0107]: wrong number of type arguments: expected 0, found 1
    --> gen/servicenetworking/v1/lib/src/lib.rs:2249:34
     |
2249 |         pub display_name: Option<String>,
     |                                  ^^^^^^ unexpected type argument

error[E0107]: wrong number of type arguments: expected 0, found 1
    --> gen/servicenetworking/v1/lib/src/lib.rs:2252:30
     |
2252 |         pub duration: Option<String>,
     |                              ^^^^^^ unexpected type argument

error[E0107]: wrong number of type arguments: expected 0, found 1
    --> gen/servicenetworking/v1/lib/src/lib.rs:2256:31
     |
2256 |         pub free_tier: Option<i64>,
     |                               ^^^ unexpected type argument

error[E0107]: wrong number of type arguments: expected 0, found 1
    --> gen/servicenetworking/v1/lib/src/lib.rs:2260:31
     |
2260 |         pub max_limit: Option<i64>,
     |                               ^^^ unexpected type argument

error[E0107]: wrong number of type arguments: expected 0, found 1
    --> gen/servicenetworking/v1/lib/src/lib.rs:2263:28
     |
2263 |         pub metric: Option<String>,
     |                            ^^^^^^ unexpected type argument

error[E0107]: wrong number of type arguments: expected 0, found 1
    --> gen/servicenetworking/v1/lib/src/lib.rs:2266:26
     |
2266 |         pub name: Option<String>,
     |                          ^^^^^^ unexpected type argument

error[E0107]: wrong number of type arguments: expected 0, found 1
    --> gen/servicenetworking/v1/lib/src/lib.rs:2269:26
     |
2269 |         pub unit: Option<String>,
     |                          ^^^^^^ unexpected type argument

error[E0107]: wrong number of type arguments: expected 0, found 1
    --> gen/servicenetworking/v1/lib/src/lib.rs:2272:28
     |
2272 |         pub values: Option<::std::collections::BTreeMap<String, i64>>,
     |                            ^^^^^^^^^^^^^^^^^^^^^^^^^^^^^^^^^^^^^^^^^ unexpected type argument

error[E0107]: wrong number of type arguments: expected 0, found 1
    --> gen/servicenetworking/v1/lib/src/lib.rs:2299:35
     |
2299 |         pub ip_cidr_range: Option<String>,
     |                                   ^^^^^^ unexpected type argument

error[E0107]: wrong number of type arguments: expected 0, found 1
    --> gen/servicenetworking/v1/lib/src/lib.rs:2302:29
     |
2302 |         pub network: Option<String>,
     |                             ^^^^^^ unexpected type argument

error[E0107]: wrong number of type arguments: expected 0, found 1
    --> gen/servicenetworking/v1/lib/src/lib.rs:2329:38
     |
2329 |         pub ip_prefix_length: Option<i32>,
     |                                      ^^^ unexpected type argument

error[E0107]: wrong number of type arguments: expected 0, found 1
    --> gen/servicenetworking/v1/lib/src/lib.rs:2332:29
     |
2332 |         pub network: Option<String>,
     |                             ^^^^^^ unexpected type argument

error[E0107]: wrong number of type arguments: expected 0, found 1
    --> gen/servicenetworking/v1/lib/src/lib.rs:2348:26
     |
2348 |         pub apis: Option<Vec<crate::schemas::Api>>,
     |                          ^^^^^^^^^^^^^^^^^^^^^^^^ unexpected type argument

error[E0107]: wrong number of type arguments: expected 0, found 1
    --> gen/servicenetworking/v1/lib/src/lib.rs:2351:36
     |
2351 |         pub authentication: Option<crate::schemas::Authentication>,
     |                                    ^^^^^^^^^^^^^^^^^^^^^^^^^^^^^^ unexpected type argument

error[E0107]: wrong number of type arguments: expected 0, found 1
    --> gen/servicenetworking/v1/lib/src/lib.rs:2354:29
     |
2354 |         pub backend: Option<crate::schemas::Backend>,
     |                             ^^^^^^^^^^^^^^^^^^^^^^^ unexpected type argument

error[E0107]: wrong number of type arguments: expected 0, found 1
    --> gen/servicenetworking/v1/lib/src/lib.rs:2357:29
     |
2357 |         pub billing: Option<crate::schemas::Billing>,
     |                             ^^^^^^^^^^^^^^^^^^^^^^^ unexpected type argument

error[E0107]: wrong number of type arguments: expected 0, found 1
    --> gen/servicenetworking/v1/lib/src/lib.rs:2360:36
     |
2360 |         pub config_version: Option<u32>,
     |                                    ^^^ unexpected type argument

error[E0107]: wrong number of type arguments: expected 0, found 1
    --> gen/servicenetworking/v1/lib/src/lib.rs:2363:29
     |
2363 |         pub context: Option<crate::schemas::Context>,
     |                             ^^^^^^^^^^^^^^^^^^^^^^^ unexpected type argument

error[E0107]: wrong number of type arguments: expected 0, found 1
    --> gen/servicenetworking/v1/lib/src/lib.rs:2366:29
     |
2366 |         pub control: Option<crate::schemas::Control>,
     |                             ^^^^^^^^^^^^^^^^^^^^^^^ unexpected type argument

error[E0107]: wrong number of type arguments: expected 0, found 1
    --> gen/servicenetworking/v1/lib/src/lib.rs:2369:34
     |
2369 |         pub custom_error: Option<crate::schemas::CustomError>,
     |                                  ^^^^^^^^^^^^^^^^^^^^^^^^^^^ unexpected type argument

error[E0107]: wrong number of type arguments: expected 0, found 1
    --> gen/servicenetworking/v1/lib/src/lib.rs:2372:35
     |
2372 |         pub documentation: Option<crate::schemas::Documentation>,
     |                                   ^^^^^^^^^^^^^^^^^^^^^^^^^^^^^ unexpected type argument

error[E0107]: wrong number of type arguments: expected 0, found 1
    --> gen/servicenetworking/v1/lib/src/lib.rs:2375:31
     |
2375 |         pub endpoints: Option<Vec<crate::schemas::Endpoint>>,
     |                               ^^^^^^^^^^^^^^^^^^^^^^^^^^^^^ unexpected type argument

error[E0107]: wrong number of type arguments: expected 0, found 1
    --> gen/servicenetworking/v1/lib/src/lib.rs:2378:27
     |
2378 |         pub enums: Option<Vec<crate::schemas::Enum>>,
     |                           ^^^^^^^^^^^^^^^^^^^^^^^^^ unexpected type argument

error[E0107]: wrong number of type arguments: expected 0, found 1
    --> gen/servicenetworking/v1/lib/src/lib.rs:2381:26
     |
2381 |         pub http: Option<crate::schemas::Http>,
     |                          ^^^^^^^^^^^^^^^^^^^^ unexpected type argument

error[E0107]: wrong number of type arguments: expected 0, found 1
    --> gen/servicenetworking/v1/lib/src/lib.rs:2384:24
     |
2384 |         pub id: Option<String>,
     |                        ^^^^^^ unexpected type argument

error[E0107]: wrong number of type arguments: expected 0, found 1
    --> gen/servicenetworking/v1/lib/src/lib.rs:2387:29
     |
2387 |         pub logging: Option<crate::schemas::Logging>,
     |                             ^^^^^^^^^^^^^^^^^^^^^^^ unexpected type argument

error[E0107]: wrong number of type arguments: expected 0, found 1
    --> gen/servicenetworking/v1/lib/src/lib.rs:2390:26
     |
2390 |         pub logs: Option<Vec<crate::schemas::LogDescriptor>>,
     |                          ^^^^^^^^^^^^^^^^^^^^^^^^^^^^^^^^^^ unexpected type argument

error[E0107]: wrong number of type arguments: expected 0, found 1
    --> gen/servicenetworking/v1/lib/src/lib.rs:2393:29
     |
2393 |         pub metrics: Option<Vec<crate::schemas::MetricDescriptor>>,
     |                             ^^^^^^^^^^^^^^^^^^^^^^^^^^^^^^^^^^^^^ unexpected type argument

error[E0107]: wrong number of type arguments: expected 0, found 1
    --> gen/servicenetworking/v1/lib/src/lib.rs:2396:41
     |
2396 |         pub monitored_resources: Option<Vec<crate::schemas::MonitoredResourceDescriptor>>,
     |                                         ^^^^^^^^^^^^^^^^^^^^^^^^^^^^^^^^^^^^^^^^^^^^^^^^ unexpected type argument

error[E0107]: wrong number of type arguments: expected 0, found 1
    --> gen/servicenetworking/v1/lib/src/lib.rs:2399:32
     |
2399 |         pub monitoring: Option<crate::schemas::Monitoring>,
     |                                ^^^^^^^^^^^^^^^^^^^^^^^^^^ unexpected type argument

error[E0107]: wrong number of type arguments: expected 0, found 1
    --> gen/servicenetworking/v1/lib/src/lib.rs:2402:26
     |
2402 |         pub name: Option<String>,
     |                          ^^^^^^ unexpected type argument

error[E0107]: wrong number of type arguments: expected 0, found 1
    --> gen/servicenetworking/v1/lib/src/lib.rs:2405:41
     |
2405 |         pub producer_project_id: Option<String>,
     |                                         ^^^^^^ unexpected type argument

error[E0107]: wrong number of type arguments: expected 0, found 1
    --> gen/servicenetworking/v1/lib/src/lib.rs:2408:27
     |
2408 |         pub quota: Option<crate::schemas::Quota>,
     |                           ^^^^^^^^^^^^^^^^^^^^^ unexpected type argument

error[E0107]: wrong number of type arguments: expected 0, found 1
    --> gen/servicenetworking/v1/lib/src/lib.rs:2411:33
     |
2411 |         pub source_info: Option<crate::schemas::SourceInfo>,
     |                                 ^^^^^^^^^^^^^^^^^^^^^^^^^^ unexpected type argument

error[E0107]: wrong number of type arguments: expected 0, found 1
    --> gen/servicenetworking/v1/lib/src/lib.rs:2414:39
     |
2414 |         pub system_parameters: Option<crate::schemas::SystemParameters>,
     |                                       ^^^^^^^^^^^^^^^^^^^^^^^^^^^^^^^^ unexpected type argument

error[E0107]: wrong number of type arguments: expected 0, found 1
    --> gen/servicenetworking/v1/lib/src/lib.rs:2417:34
     |
2417 |         pub system_types: Option<Vec<crate::schemas::Type>>,
     |                                  ^^^^^^^^^^^^^^^^^^^^^^^^^ unexpected type argument

error[E0107]: wrong number of type arguments: expected 0, found 1
    --> gen/servicenetworking/v1/lib/src/lib.rs:2420:27
     |
2420 |         pub title: Option<String>,
     |                           ^^^^^^ unexpected type argument

error[E0107]: wrong number of type arguments: expected 0, found 1
    --> gen/servicenetworking/v1/lib/src/lib.rs:2423:27
     |
2423 |         pub types: Option<Vec<crate::schemas::Type>>,
     |                           ^^^^^^^^^^^^^^^^^^^^^^^^^ unexpected type argument

error[E0107]: wrong number of type arguments: expected 0, found 1
    --> gen/servicenetworking/v1/lib/src/lib.rs:2426:27
     |
2426 |         pub usage: Option<crate::schemas::Usage>,
     |                           ^^^^^^^^^^^^^^^^^^^^^ unexpected type argument

error[E0107]: wrong number of type arguments: expected 0, found 1
    --> gen/servicenetworking/v1/lib/src/lib.rs:2453:31
     |
2453 |         pub file_name: Option<String>,
     |                               ^^^^^^ unexpected type argument

error[E0107]: wrong number of type arguments: expected 0, found 1
    --> gen/servicenetworking/v1/lib/src/lib.rs:2469:34
     |
2469 |         pub source_files: Option<Vec<::std::collections::BTreeMap<String, ::serde_json::Value>>>,
     |                                  ^^^^^^^^^^^^^^^^^^^^^^^^^^^^^^^^^^^^^^^^^^^^^^^^^^^^^^^^^^^^^^ unexpected type argument

error[E0107]: wrong number of type arguments: expected 0, found 1
    --> gen/servicenetworking/v1/lib/src/lib.rs:2485:26
     |
2485 |         pub code: Option<i32>,
     |                          ^^^ unexpected type argument

error[E0107]: wrong number of type arguments: expected 0, found 1
    --> gen/servicenetworking/v1/lib/src/lib.rs:2488:29
     |
2488 |         pub details: Option<Vec<::std::collections::BTreeMap<String, ::serde_json::Value>>>,
     |                             ^^^^^^^^^^^^^^^^^^^^^^^^^^^^^^^^^^^^^^^^^^^^^^^^^^^^^^^^^^^^^^ unexpected type argument

error[E0107]: wrong number of type arguments: expected 0, found 1
    --> gen/servicenetworking/v1/lib/src/lib.rs:2491:29
     |
2491 |         pub message: Option<String>,
     |                             ^^^^^^ unexpected type argument

error[E0107]: wrong number of type arguments: expected 0, found 1
    --> gen/servicenetworking/v1/lib/src/lib.rs:2518:35
     |
2518 |         pub ip_cidr_range: Option<String>,
     |                                   ^^^^^^ unexpected type argument

error[E0107]: wrong number of type arguments: expected 0, found 1
    --> gen/servicenetworking/v1/lib/src/lib.rs:2521:26
     |
2521 |         pub name: Option<String>,
     |                          ^^^^^^ unexpected type argument

error[E0107]: wrong number of type arguments: expected 0, found 1
    --> gen/servicenetworking/v1/lib/src/lib.rs:2524:29
     |
2524 |         pub network: Option<String>,
     |                             ^^^^^^ unexpected type argument

error[E0107]: wrong number of type arguments: expected 0, found 1
    --> gen/servicenetworking/v1/lib/src/lib.rs:2527:40
     |
2527 |         pub outside_allocation: Option<bool>,
     |                                        ^^^^ unexpected type argument

error[E0107]: wrong number of type arguments: expected 0, found 1
    --> gen/servicenetworking/v1/lib/src/lib.rs:2554:33
     |
2554 |         pub http_header: Option<String>,
     |                                 ^^^^^^ unexpected type argument

error[E0107]: wrong number of type arguments: expected 0, found 1
    --> gen/servicenetworking/v1/lib/src/lib.rs:2557:26
     |
2557 |         pub name: Option<String>,
     |                          ^^^^^^ unexpected type argument

error[E0107]: wrong number of type arguments: expected 0, found 1
    --> gen/servicenetworking/v1/lib/src/lib.rs:2560:41
     |
2560 |         pub url_query_parameter: Option<String>,
     |                                         ^^^^^^ unexpected type argument

error[E0107]: wrong number of type arguments: expected 0, found 1
    --> gen/servicenetworking/v1/lib/src/lib.rs:2587:32
     |
2587 |         pub parameters: Option<Vec<crate::schemas::SystemParameter>>,
     |                                ^^^^^^^^^^^^^^^^^^^^^^^^^^^^^^^^^^^^ unexpected type argument

error[E0107]: wrong number of type arguments: expected 0, found 1
    --> gen/servicenetworking/v1/lib/src/lib.rs:2590:30
     |
2590 |         pub selector: Option<String>,
     |                              ^^^^^^ unexpected type argument

error[E0107]: wrong number of type arguments: expected 0, found 1
    --> gen/servicenetworking/v1/lib/src/lib.rs:2617:27
     |
2617 |         pub rules: Option<Vec<crate::schemas::SystemParameterRule>>,
     |                           ^^^^^^^^^^^^^^^^^^^^^^^^^^^^^^^^^^^^^^^^ unexpected type argument

error[E0107]: wrong number of type arguments: expected 0, found 1
    --> gen/servicenetworking/v1/lib/src/lib.rs:2679:28
     |
2679 |         pub fields: Option<Vec<crate::schemas::Field>>,
     |                            ^^^^^^^^^^^^^^^^^^^^^^^^^^ unexpected type argument

error[E0107]: wrong number of type arguments: expected 0, found 1
    --> gen/servicenetworking/v1/lib/src/lib.rs:2682:26
     |
2682 |         pub name: Option<String>,
     |                          ^^^^^^ unexpected type argument

error[E0107]: wrong number of type arguments: expected 0, found 1
    --> gen/servicenetworking/v1/lib/src/lib.rs:2685:28
     |
2685 |         pub oneofs: Option<Vec<String>>,
     |                            ^^^^^^^^^^^ unexpected type argument

error[E0107]: wrong number of type arguments: expected 0, found 1
    --> gen/servicenetworking/v1/lib/src/lib.rs:2688:29
     |
2688 |         pub options: Option<Vec<crate::schemas::Option>>,
     |                             ^^^^^^^^^^^^^^^^^^^^^^^^^^^ unexpected type argument

error[E0107]: wrong number of type arguments: expected 0, found 1
    --> gen/servicenetworking/v1/lib/src/lib.rs:2691:36
     |
2691 |         pub source_context: Option<crate::schemas::SourceContext>,
     |                                    ^^^^^^^^^^^^^^^^^^^^^^^^^^^^^ unexpected type argument

error[E0107]: wrong number of type arguments: expected 0, found 1
    --> gen/servicenetworking/v1/lib/src/lib.rs:2694:28
     |
2694 |         pub syntax: Option<crate::schemas::TypeSyntax>,
     |                            ^^^^^^^^^^^^^^^^^^^^^^^^^^ unexpected type argument

error[E0107]: wrong number of type arguments: expected 0, found 1
    --> gen/servicenetworking/v1/lib/src/lib.rs:2721:51
     |
2721 |         pub producer_notification_channel: Option<String>,
     |                                                   ^^^^^^ unexpected type argument

error[E0107]: wrong number of type arguments: expected 0, found 1
    --> gen/servicenetworking/v1/lib/src/lib.rs:2724:34
     |
2724 |         pub requirements: Option<Vec<String>>,
     |                                  ^^^^^^^^^^^ unexpected type argument

error[E0107]: wrong number of type arguments: expected 0, found 1
    --> gen/servicenetworking/v1/lib/src/lib.rs:2727:27
     |
2727 |         pub rules: Option<Vec<crate::schemas::UsageRule>>,
     |                           ^^^^^^^^^^^^^^^^^^^^^^^^^^^^^^ unexpected type argument

error[E0107]: wrong number of type arguments: expected 0, found 1
    --> gen/servicenetworking/v1/lib/src/lib.rs:2754:46
     |
2754 |         pub allow_unregistered_calls: Option<bool>,
     |                                              ^^^^ unexpected type argument

error[E0107]: wrong number of type arguments: expected 0, found 1
    --> gen/servicenetworking/v1/lib/src/lib.rs:2757:30
     |
2757 |         pub selector: Option<String>,
     |                              ^^^^^^ unexpected type argument

error[E0107]: wrong number of type arguments: expected 0, found 1
    --> gen/servicenetworking/v1/lib/src/lib.rs:2760:42
     |
2760 |         pub skip_service_control: Option<bool>,
     |                                          ^^^^ unexpected type argument

error: aborting due to 234 previous errors

Some errors have detailed explanations: E0107, E0423.
For more information about an error, try `rustc --explain E0107`.
error: Could not compile `google-servicenetworking1`.

To learn more, run the command again with --verbose.
