    Checking google-servicemanagement1 v0.1.0 (/Users/sthiel/dev/google-apis/generated/gen/servicemanagement/v1/lib)
error[E0107]: wrong number of type arguments: expected 0, found 1
  --> servicemanagement/v1/lib/src/lib.rs:17:33
   |
17 |         pub description: Option<String>,
   |                                 ^^^^^^ unexpected type argument

error[E0107]: wrong number of type arguments: expected 0, found 1
  --> servicemanagement/v1/lib/src/lib.rs:79:29
   |
79 |         pub methods: Option<Vec<crate::schemas::Method>>,
   |                             ^^^^^^^^^^^^^^^^^^^^^^^^^^^ unexpected type argument

error[E0107]: wrong number of type arguments: expected 0, found 1
  --> servicemanagement/v1/lib/src/lib.rs:82:28
   |
82 |         pub mixins: Option<Vec<crate::schemas::Mixin>>,
   |                            ^^^^^^^^^^^^^^^^^^^^^^^^^^ unexpected type argument

error[E0107]: wrong number of type arguments: expected 0, found 1
  --> servicemanagement/v1/lib/src/lib.rs:85:26
   |
85 |         pub name: Option<String>,
   |                          ^^^^^^ unexpected type argument

error[E0107]: wrong number of type arguments: expected 0, found 1
  --> servicemanagement/v1/lib/src/lib.rs:88:29
   |
88 |         pub options: Option<Vec<crate::schemas::Option>>,
   |                             ^^^^^^^^^^^^^^^^^^^^^^^^^^^ unexpected type argument

error[E0107]: wrong number of type arguments: expected 0, found 1
  --> servicemanagement/v1/lib/src/lib.rs:91:36
   |
91 |         pub source_context: Option<crate::schemas::SourceContext>,
   |                                    ^^^^^^^^^^^^^^^^^^^^^^^^^^^^^ unexpected type argument

error[E0107]: wrong number of type arguments: expected 0, found 1
  --> servicemanagement/v1/lib/src/lib.rs:94:28
   |
94 |         pub syntax: Option<crate::schemas::ApiSyntax>,
   |                            ^^^^^^^^^^^^^^^^^^^^^^^^^ unexpected type argument

error[E0107]: wrong number of type arguments: expected 0, found 1
  --> servicemanagement/v1/lib/src/lib.rs:97:29
   |
97 |         pub version: Option<String>,
   |                             ^^^^^^ unexpected type argument

error[E0107]: wrong number of type arguments: expected 0, found 1
   --> servicemanagement/v1/lib/src/lib.rs:124:39
    |
124 |         pub audit_log_configs: Option<Vec<crate::schemas::AuditLogConfig>>,
    |                                       ^^^^^^^^^^^^^^^^^^^^^^^^^^^^^^^^^^^ unexpected type argument

error[E0107]: wrong number of type arguments: expected 0, found 1
   --> servicemanagement/v1/lib/src/lib.rs:127:29
    |
127 |         pub service: Option<String>,
    |                             ^^^^^^ unexpected type argument

error[E0107]: wrong number of type arguments: expected 0, found 1
   --> servicemanagement/v1/lib/src/lib.rs:208:38
    |
208 |         pub exempted_members: Option<Vec<String>>,
    |                                      ^^^^^^^^^^^ unexpected type argument

error[E0107]: wrong number of type arguments: expected 0, found 1
   --> servicemanagement/v1/lib/src/lib.rs:211:30
    |
211 |         pub log_type: Option<crate::schemas::AuditLogConfigLogType>,
    |                              ^^^^^^^^^^^^^^^^^^^^^^^^^^^^^^^^^^^^^ unexpected type argument

error[E0107]: wrong number of type arguments: expected 0, found 1
   --> servicemanagement/v1/lib/src/lib.rs:238:31
    |
238 |         pub audiences: Option<String>,
    |                               ^^^^^^ unexpected type argument

error[E0107]: wrong number of type arguments: expected 0, found 1
   --> servicemanagement/v1/lib/src/lib.rs:241:39
    |
241 |         pub authorization_url: Option<String>,
    |                                       ^^^^^^ unexpected type argument

error[E0107]: wrong number of type arguments: expected 0, found 1
   --> servicemanagement/v1/lib/src/lib.rs:244:24
    |
244 |         pub id: Option<String>,
    |                        ^^^^^^ unexpected type argument

error[E0107]: wrong number of type arguments: expected 0, found 1
   --> servicemanagement/v1/lib/src/lib.rs:247:28
    |
247 |         pub issuer: Option<String>,
    |                            ^^^^^^ unexpected type argument

error[E0107]: wrong number of type arguments: expected 0, found 1
   --> servicemanagement/v1/lib/src/lib.rs:250:30
    |
250 |         pub jwks_uri: Option<String>,
    |                              ^^^^^^ unexpected type argument

error[E0107]: wrong number of type arguments: expected 0, found 1
   --> servicemanagement/v1/lib/src/lib.rs:277:31
    |
277 |         pub audiences: Option<String>,
    |                               ^^^^^^ unexpected type argument

error[E0107]: wrong number of type arguments: expected 0, found 1
   --> servicemanagement/v1/lib/src/lib.rs:280:33
    |
280 |         pub provider_id: Option<String>,
    |                                 ^^^^^^ unexpected type argument

error[E0107]: wrong number of type arguments: expected 0, found 1
   --> servicemanagement/v1/lib/src/lib.rs:307:31
    |
307 |         pub providers: Option<Vec<crate::schemas::AuthProvider>>,
    |                               ^^^^^^^^^^^^^^^^^^^^^^^^^^^^^^^^^ unexpected type argument

error[E0107]: wrong number of type arguments: expected 0, found 1
   --> servicemanagement/v1/lib/src/lib.rs:310:27
    |
310 |         pub rules: Option<Vec<crate::schemas::AuthenticationRule>>,
    |                           ^^^^^^^^^^^^^^^^^^^^^^^^^^^^^^^^^^^^^^^ unexpected type argument

error[E0107]: wrong number of type arguments: expected 0, found 1
   --> servicemanagement/v1/lib/src/lib.rs:337:46
    |
337 |         pub allow_without_credential: Option<bool>,
    |                                              ^^^^ unexpected type argument

error[E0107]: wrong number of type arguments: expected 0, found 1
   --> servicemanagement/v1/lib/src/lib.rs:340:27
    |
340 |         pub oauth: Option<crate::schemas::OauthRequirements>,
    |                           ^^^^^^^^^^^^^^^^^^^^^^^^^^^^^^^^^ unexpected type argument

error[E0107]: wrong number of type arguments: expected 0, found 1
   --> servicemanagement/v1/lib/src/lib.rs:343:34
    |
343 |         pub requirements: Option<Vec<crate::schemas::AuthRequirement>>,
    |                                  ^^^^^^^^^^^^^^^^^^^^^^^^^^^^^^^^^^^^ unexpected type argument

error[E0107]: wrong number of type arguments: expected 0, found 1
   --> servicemanagement/v1/lib/src/lib.rs:346:30
    |
346 |         pub selector: Option<String>,
    |                              ^^^^^^ unexpected type argument

error[E0107]: wrong number of type arguments: expected 0, found 1
   --> servicemanagement/v1/lib/src/lib.rs:364:27
    |
364 |         pub rules: Option<Vec<crate::schemas::BackendRule>>,
    |                           ^^^^^^^^^^^^^^^^^^^^^^^^^^^^^^^^ unexpected type argument

error[E0107]: wrong number of type arguments: expected 0, found 1
   --> servicemanagement/v1/lib/src/lib.rs:435:29
    |
435 |         pub address: Option<String>,
    |                             ^^^^^^ unexpected type argument

error[E0107]: wrong number of type arguments: expected 0, found 1
   --> servicemanagement/v1/lib/src/lib.rs:438:30
    |
438 |         pub deadline: Option<f64>,
    |                              ^^^ unexpected type argument

error[E0107]: wrong number of type arguments: expected 0, found 1
   --> servicemanagement/v1/lib/src/lib.rs:441:34
    |
441 |         pub jwt_audience: Option<String>,
    |                                  ^^^^^^ unexpected type argument

error[E0107]: wrong number of type arguments: expected 0, found 1
   --> servicemanagement/v1/lib/src/lib.rs:444:34
    |
444 |         pub min_deadline: Option<f64>,
    |                                  ^^^ unexpected type argument

error[E0107]: wrong number of type arguments: expected 0, found 1
   --> servicemanagement/v1/lib/src/lib.rs:447:40
    |
447 |         pub operation_deadline: Option<f64>,
    |                                        ^^^ unexpected type argument

error[E0107]: wrong number of type arguments: expected 0, found 1
   --> servicemanagement/v1/lib/src/lib.rs:449:38
    |
449 |         pub path_translation: Option<crate::schemas::BackendRulePathTranslation>,
    |                                      ^^^^^^^^^^^^^^^^^^^^^^^^^^^^^^^^^^^^^^^^^^ unexpected type argument

error[E0107]: wrong number of type arguments: expected 0, found 1
   --> servicemanagement/v1/lib/src/lib.rs:452:30
    |
452 |         pub selector: Option<String>,
    |                              ^^^^^^ unexpected type argument

error[E0107]: wrong number of type arguments: expected 0, found 1
   --> servicemanagement/v1/lib/src/lib.rs:479:43
    |
479 |         pub consumer_destinations: Option<Vec<crate::schemas::BillingDestination>>,
    |                                           ^^^^^^^^^^^^^^^^^^^^^^^^^^^^^^^^^^^^^^^ unexpected type argument

error[E0107]: wrong number of type arguments: expected 0, found 1
   --> servicemanagement/v1/lib/src/lib.rs:506:29
    |
506 |         pub metrics: Option<Vec<String>>,
    |                             ^^^^^^^^^^^ unexpected type argument

error[E0107]: wrong number of type arguments: expected 0, found 1
   --> servicemanagement/v1/lib/src/lib.rs:509:40
    |
509 |         pub monitored_resource: Option<String>,
    |                                        ^^^^^^ unexpected type argument

error[E0107]: wrong number of type arguments: expected 0, found 1
   --> servicemanagement/v1/lib/src/lib.rs:536:31
    |
536 |         pub condition: Option<crate::schemas::Expr>,
    |                               ^^^^^^^^^^^^^^^^^^^^ unexpected type argument

error[E0107]: wrong number of type arguments: expected 0, found 1
   --> servicemanagement/v1/lib/src/lib.rs:539:29
    |
539 |         pub members: Option<Vec<String>>,
    |                             ^^^^^^^^^^^ unexpected type argument

error[E0107]: wrong number of type arguments: expected 0, found 1
   --> servicemanagement/v1/lib/src/lib.rs:542:26
    |
542 |         pub role: Option<String>,
    |                          ^^^^^^ unexpected type argument

error[E0107]: wrong number of type arguments: expected 0, found 1
   --> servicemanagement/v1/lib/src/lib.rs:569:36
    |
569 |         pub config_changes: Option<Vec<crate::schemas::ConfigChange>>,
    |                                    ^^^^^^^^^^^^^^^^^^^^^^^^^^^^^^^^^ unexpected type argument

error[E0107]: wrong number of type arguments: expected 0, found 1
   --> servicemanagement/v1/lib/src/lib.rs:650:29
    |
650 |         pub advices: Option<Vec<crate::schemas::Advice>>,
    |                             ^^^^^^^^^^^^^^^^^^^^^^^^^^^ unexpected type argument

error[E0107]: wrong number of type arguments: expected 0, found 1
   --> servicemanagement/v1/lib/src/lib.rs:653:33
    |
653 |         pub change_type: Option<crate::schemas::ConfigChangeChangeType>,
    |                                 ^^^^^^^^^^^^^^^^^^^^^^^^^^^^^^^^^^^^^^ unexpected type argument

error[E0107]: wrong number of type arguments: expected 0, found 1
   --> servicemanagement/v1/lib/src/lib.rs:656:29
    |
656 |         pub element: Option<String>,
    |                             ^^^^^^ unexpected type argument

error[E0107]: wrong number of type arguments: expected 0, found 1
   --> servicemanagement/v1/lib/src/lib.rs:659:31
    |
659 |         pub new_value: Option<String>,
    |                               ^^^^^^ unexpected type argument

error[E0107]: wrong number of type arguments: expected 0, found 1
   --> servicemanagement/v1/lib/src/lib.rs:662:31
    |
662 |         pub old_value: Option<String>,
    |                               ^^^^^^ unexpected type argument

error[E0107]: wrong number of type arguments: expected 0, found 1
   --> servicemanagement/v1/lib/src/lib.rs:751:35
    |
751 |         pub file_contents: Option<Vec<u8>>,
    |                                   ^^^^^^^ unexpected type argument

error[E0107]: wrong number of type arguments: expected 0, found 1
   --> servicemanagement/v1/lib/src/lib.rs:754:31
    |
754 |         pub file_path: Option<String>,
    |                               ^^^^^^ unexpected type argument

error[E0107]: wrong number of type arguments: expected 0, found 1
   --> servicemanagement/v1/lib/src/lib.rs:757:31
    |
757 |         pub file_type: Option<crate::schemas::ConfigFileFileType>,
    |                               ^^^^^^^^^^^^^^^^^^^^^^^^^^^^^^^^^^ unexpected type argument

error[E0107]: wrong number of type arguments: expected 0, found 1
   --> servicemanagement/v1/lib/src/lib.rs:784:26
    |
784 |         pub name: Option<String>,
    |                          ^^^^^^ unexpected type argument

error[E0107]: wrong number of type arguments: expected 0, found 1
   --> servicemanagement/v1/lib/src/lib.rs:811:27
    |
811 |         pub files: Option<Vec<crate::schemas::ConfigFile>>,
    |                           ^^^^^^^^^^^^^^^^^^^^^^^^^^^^^^^ unexpected type argument

error[E0107]: wrong number of type arguments: expected 0, found 1
   --> servicemanagement/v1/lib/src/lib.rs:814:24
    |
814 |         pub id: Option<String>,
    |                        ^^^^^^ unexpected type argument

error[E0107]: wrong number of type arguments: expected 0, found 1
   --> servicemanagement/v1/lib/src/lib.rs:841:27
    |
841 |         pub rules: Option<Vec<crate::schemas::ContextRule>>,
    |                           ^^^^^^^^^^^^^^^^^^^^^^^^^^^^^^^^ unexpected type argument

error[E0107]: wrong number of type arguments: expected 0, found 1
   --> servicemanagement/v1/lib/src/lib.rs:868:48
    |
868 |         pub allowed_request_extensions: Option<Vec<String>>,
    |                                                ^^^^^^^^^^^ unexpected type argument

error[E0107]: wrong number of type arguments: expected 0, found 1
   --> servicemanagement/v1/lib/src/lib.rs:871:49
    |
871 |         pub allowed_response_extensions: Option<Vec<String>>,
    |                                                 ^^^^^^^^^^^ unexpected type argument

error[E0107]: wrong number of type arguments: expected 0, found 1
   --> servicemanagement/v1/lib/src/lib.rs:874:30
    |
874 |         pub provided: Option<Vec<String>>,
    |                              ^^^^^^^^^^^ unexpected type argument

error[E0107]: wrong number of type arguments: expected 0, found 1
   --> servicemanagement/v1/lib/src/lib.rs:877:31
    |
877 |         pub requested: Option<Vec<String>>,
    |                               ^^^^^^^^^^^ unexpected type argument

error[E0107]: wrong number of type arguments: expected 0, found 1
   --> servicemanagement/v1/lib/src/lib.rs:880:30
    |
880 |         pub selector: Option<String>,
    |                              ^^^^^^ unexpected type argument

error[E0107]: wrong number of type arguments: expected 0, found 1
   --> servicemanagement/v1/lib/src/lib.rs:907:33
    |
907 |         pub environment: Option<String>,
    |                                 ^^^^^^ unexpected type argument

error[E0107]: wrong number of type arguments: expected 0, found 1
   --> servicemanagement/v1/lib/src/lib.rs:934:27
    |
934 |         pub rules: Option<Vec<crate::schemas::CustomErrorRule>>,
    |                           ^^^^^^^^^^^^^^^^^^^^^^^^^^^^^^^^^^^^ unexpected type argument

error[E0107]: wrong number of type arguments: expected 0, found 1
   --> servicemanagement/v1/lib/src/lib.rs:937:27
    |
937 |         pub types: Option<Vec<String>>,
    |                           ^^^^^^^^^^^ unexpected type argument

error[E0107]: wrong number of type arguments: expected 0, found 1
   --> servicemanagement/v1/lib/src/lib.rs:964:35
    |
964 |         pub is_error_type: Option<bool>,
    |                                   ^^^^ unexpected type argument

error[E0107]: wrong number of type arguments: expected 0, found 1
   --> servicemanagement/v1/lib/src/lib.rs:967:30
    |
967 |         pub selector: Option<String>,
    |                              ^^^^^^ unexpected type argument

error[E0107]: wrong number of type arguments: expected 0, found 1
   --> servicemanagement/v1/lib/src/lib.rs:994:26
    |
994 |         pub kind: Option<String>,
    |                          ^^^^^^ unexpected type argument

error[E0107]: wrong number of type arguments: expected 0, found 1
   --> servicemanagement/v1/lib/src/lib.rs:997:26
    |
997 |         pub path: Option<String>,
    |                          ^^^^^^ unexpected type argument

error[E0107]: wrong number of type arguments: expected 0, found 1
    --> servicemanagement/v1/lib/src/lib.rs:1087:26
     |
1087 |         pub kind: Option<crate::schemas::DiagnosticKind>,
     |                          ^^^^^^^^^^^^^^^^^^^^^^^^^^^^^^ unexpected type argument

error[E0107]: wrong number of type arguments: expected 0, found 1
    --> servicemanagement/v1/lib/src/lib.rs:1090:30
     |
1090 |         pub location: Option<String>,
     |                              ^^^^^^ unexpected type argument

error[E0107]: wrong number of type arguments: expected 0, found 1
    --> servicemanagement/v1/lib/src/lib.rs:1093:29
     |
1093 |         pub message: Option<String>,
     |                             ^^^^^^ unexpected type argument

error[E0107]: wrong number of type arguments: expected 0, found 1
    --> servicemanagement/v1/lib/src/lib.rs:1120:33
     |
1120 |         pub consumer_id: Option<String>,
     |                                 ^^^^^^ unexpected type argument

error[E0107]: wrong number of type arguments: expected 0, found 1
    --> servicemanagement/v1/lib/src/lib.rs:1147:44
     |
1147 |         pub documentation_root_url: Option<String>,
     |                                            ^^^^^^ unexpected type argument

error[E0107]: wrong number of type arguments: expected 0, found 1
    --> servicemanagement/v1/lib/src/lib.rs:1150:30
     |
1150 |         pub overview: Option<String>,
     |                              ^^^^^^ unexpected type argument

error[E0107]: wrong number of type arguments: expected 0, found 1
    --> servicemanagement/v1/lib/src/lib.rs:1153:27
     |
1153 |         pub pages: Option<Vec<crate::schemas::Page>>,
     |                           ^^^^^^^^^^^^^^^^^^^^^^^^^ unexpected type argument

error[E0107]: wrong number of type arguments: expected 0, found 1
    --> servicemanagement/v1/lib/src/lib.rs:1156:27
     |
1156 |         pub rules: Option<Vec<crate::schemas::DocumentationRule>>,
     |                           ^^^^^^^^^^^^^^^^^^^^^^^^^^^^^^^^^^^^^^ unexpected type argument

error[E0107]: wrong number of type arguments: expected 0, found 1
    --> servicemanagement/v1/lib/src/lib.rs:1159:38
     |
1159 |         pub service_root_url: Option<String>,
     |                                      ^^^^^^ unexpected type argument

error[E0107]: wrong number of type arguments: expected 0, found 1
    --> servicemanagement/v1/lib/src/lib.rs:1162:29
     |
1162 |         pub summary: Option<String>,
     |                             ^^^^^^ unexpected type argument

error[E0107]: wrong number of type arguments: expected 0, found 1
    --> servicemanagement/v1/lib/src/lib.rs:1189:45
     |
1189 |         pub deprecation_description: Option<String>,
     |                                             ^^^^^^ unexpected type argument

error[E0107]: wrong number of type arguments: expected 0, found 1
    --> servicemanagement/v1/lib/src/lib.rs:1192:33
     |
1192 |         pub description: Option<String>,
     |                                 ^^^^^^ unexpected type argument

error[E0107]: wrong number of type arguments: expected 0, found 1
    --> servicemanagement/v1/lib/src/lib.rs:1195:30
     |
1195 |         pub selector: Option<String>,
     |                              ^^^^^^ unexpected type argument

error[E0107]: wrong number of type arguments: expected 0, found 1
    --> servicemanagement/v1/lib/src/lib.rs:1222:33
     |
1222 |         pub consumer_id: Option<String>,
     |                                 ^^^^^^ unexpected type argument

error[E0107]: wrong number of type arguments: expected 0, found 1
    --> servicemanagement/v1/lib/src/lib.rs:1249:29
     |
1249 |         pub aliases: Option<Vec<String>>,
     |                             ^^^^^^^^^^^ unexpected type argument

error[E0107]: wrong number of type arguments: expected 0, found 1
    --> servicemanagement/v1/lib/src/lib.rs:1252:32
     |
1252 |         pub allow_cors: Option<bool>,
     |                                ^^^^ unexpected type argument

error[E0107]: wrong number of type arguments: expected 0, found 1
    --> servicemanagement/v1/lib/src/lib.rs:1255:30
     |
1255 |         pub features: Option<Vec<String>>,
     |                              ^^^^^^^^^^^ unexpected type argument

error[E0107]: wrong number of type arguments: expected 0, found 1
    --> servicemanagement/v1/lib/src/lib.rs:1258:26
     |
1258 |         pub name: Option<String>,
     |                          ^^^^^^ unexpected type argument

error[E0107]: wrong number of type arguments: expected 0, found 1
    --> servicemanagement/v1/lib/src/lib.rs:1261:28
     |
1261 |         pub target: Option<String>,
     |                            ^^^^^^ unexpected type argument

error[E0107]: wrong number of type arguments: expected 0, found 1
    --> servicemanagement/v1/lib/src/lib.rs:1323:31
     |
1323 |         pub enumvalue: Option<Vec<crate::schemas::EnumValue>>,
     |                               ^^^^^^^^^^^^^^^^^^^^^^^^^^^^^^ unexpected type argument

error[E0107]: wrong number of type arguments: expected 0, found 1
    --> servicemanagement/v1/lib/src/lib.rs:1326:26
     |
1326 |         pub name: Option<String>,
     |                          ^^^^^^ unexpected type argument

error[E0107]: wrong number of type arguments: expected 0, found 1
    --> servicemanagement/v1/lib/src/lib.rs:1329:29
     |
1329 |         pub options: Option<Vec<crate::schemas::Option>>,
     |                             ^^^^^^^^^^^^^^^^^^^^^^^^^^^ unexpected type argument

error[E0107]: wrong number of type arguments: expected 0, found 1
    --> servicemanagement/v1/lib/src/lib.rs:1332:36
     |
1332 |         pub source_context: Option<crate::schemas::SourceContext>,
     |                                    ^^^^^^^^^^^^^^^^^^^^^^^^^^^^^ unexpected type argument

error[E0107]: wrong number of type arguments: expected 0, found 1
    --> servicemanagement/v1/lib/src/lib.rs:1335:28
     |
1335 |         pub syntax: Option<crate::schemas::EnumSyntax>,
     |                            ^^^^^^^^^^^^^^^^^^^^^^^^^^ unexpected type argument

error[E0107]: wrong number of type arguments: expected 0, found 1
    --> servicemanagement/v1/lib/src/lib.rs:1351:26
     |
1351 |         pub name: Option<String>,
     |                          ^^^^^^ unexpected type argument

error[E0107]: wrong number of type arguments: expected 0, found 1
    --> servicemanagement/v1/lib/src/lib.rs:1354:28
     |
1354 |         pub number: Option<i32>,
     |                            ^^^ unexpected type argument

error[E0107]: wrong number of type arguments: expected 0, found 1
    --> servicemanagement/v1/lib/src/lib.rs:1357:29
     |
1357 |         pub options: Option<Vec<crate::schemas::Option>>,
     |                             ^^^^^^^^^^^^^^^^^^^^^^^^^^^ unexpected type argument

error[E0107]: wrong number of type arguments: expected 0, found 1
    --> servicemanagement/v1/lib/src/lib.rs:1384:33
     |
1384 |         pub description: Option<String>,
     |                                 ^^^^^^ unexpected type argument

error[E0107]: wrong number of type arguments: expected 0, found 1
    --> servicemanagement/v1/lib/src/lib.rs:1387:32
     |
1387 |         pub expression: Option<String>,
     |                                ^^^^^^ unexpected type argument

error[E0107]: wrong number of type arguments: expected 0, found 1
    --> servicemanagement/v1/lib/src/lib.rs:1390:30
     |
1390 |         pub location: Option<String>,
     |                              ^^^^^^ unexpected type argument

error[E0107]: wrong number of type arguments: expected 0, found 1
    --> servicemanagement/v1/lib/src/lib.rs:1393:27
     |
1393 |         pub title: Option<String>,
     |                           ^^^^^^ unexpected type argument

error[E0107]: wrong number of type arguments: expected 0, found 1
    --> servicemanagement/v1/lib/src/lib.rs:1577:33
     |
1577 |         pub cardinality: Option<crate::schemas::FieldCardinality>,
     |                                 ^^^^^^^^^^^^^^^^^^^^^^^^^^^^^^^^ unexpected type argument

error[E0107]: wrong number of type arguments: expected 0, found 1
    --> servicemanagement/v1/lib/src/lib.rs:1580:35
     |
1580 |         pub default_value: Option<String>,
     |                                   ^^^^^^ unexpected type argument

error[E0107]: wrong number of type arguments: expected 0, found 1
    --> servicemanagement/v1/lib/src/lib.rs:1583:31
     |
1583 |         pub json_name: Option<String>,
     |                               ^^^^^^ unexpected type argument

error[E0107]: wrong number of type arguments: expected 0, found 1
    --> servicemanagement/v1/lib/src/lib.rs:1586:26
     |
1586 |         pub kind: Option<crate::schemas::FieldKind>,
     |                          ^^^^^^^^^^^^^^^^^^^^^^^^^ unexpected type argument

error[E0107]: wrong number of type arguments: expected 0, found 1
    --> servicemanagement/v1/lib/src/lib.rs:1589:26
     |
1589 |         pub name: Option<String>,
     |                          ^^^^^^ unexpected type argument

error[E0107]: wrong number of type arguments: expected 0, found 1
    --> servicemanagement/v1/lib/src/lib.rs:1592:28
     |
1592 |         pub number: Option<i32>,
     |                            ^^^ unexpected type argument

error[E0107]: wrong number of type arguments: expected 0, found 1
    --> servicemanagement/v1/lib/src/lib.rs:1595:33
     |
1595 |         pub oneof_index: Option<i32>,
     |                                 ^^^ unexpected type argument

error[E0107]: wrong number of type arguments: expected 0, found 1
    --> servicemanagement/v1/lib/src/lib.rs:1598:29
     |
1598 |         pub options: Option<Vec<crate::schemas::Option>>,
     |                             ^^^^^^^^^^^^^^^^^^^^^^^^^^^ unexpected type argument

error[E0107]: wrong number of type arguments: expected 0, found 1
    --> servicemanagement/v1/lib/src/lib.rs:1601:28
     |
1601 |         pub packed: Option<bool>,
     |                            ^^^^ unexpected type argument

error[E0107]: wrong number of type arguments: expected 0, found 1
    --> servicemanagement/v1/lib/src/lib.rs:1604:30
     |
1604 |         pub type_url: Option<String>,
     |                              ^^^^^^ unexpected type argument

error[E0107]: wrong number of type arguments: expected 0, found 1
    --> servicemanagement/v1/lib/src/lib.rs:1631:36
     |
1631 |         pub exception_type: Option<String>,
     |                                    ^^^^^^ unexpected type argument

error[E0107]: wrong number of type arguments: expected 0, found 1
    --> servicemanagement/v1/lib/src/lib.rs:1634:34
     |
1634 |         pub flow_step_id: Option<String>,
     |                                  ^^^^^^ unexpected type argument

error[E0107]: wrong number of type arguments: expected 0, found 1
    --> servicemanagement/v1/lib/src/lib.rs:1650:32
     |
1650 |         pub new_config: Option<::std::collections::BTreeMap<String, ::serde_json::Value>>,
     |                                ^^^^^^^^^^^^^^^^^^^^^^^^^^^^^^^^^^^^^^^^^^^^^^^^^^^^^^^^^ unexpected type argument

error[E0107]: wrong number of type arguments: expected 0, found 1
    --> servicemanagement/v1/lib/src/lib.rs:1653:32
     |
1653 |         pub old_config: Option<::std::collections::BTreeMap<String, ::serde_json::Value>>,
     |                                ^^^^^^^^^^^^^^^^^^^^^^^^^^^^^^^^^^^^^^^^^^^^^^^^^^^^^^^^^ unexpected type argument

error[E0107]: wrong number of type arguments: expected 0, found 1
    --> servicemanagement/v1/lib/src/lib.rs:1680:36
     |
1680 |         pub change_reports: Option<Vec<crate::schemas::ChangeReport>>,
     |                                    ^^^^^^^^^^^^^^^^^^^^^^^^^^^^^^^^^ unexpected type argument

error[E0107]: wrong number of type arguments: expected 0, found 1
    --> servicemanagement/v1/lib/src/lib.rs:1683:33
     |
1683 |         pub diagnostics: Option<Vec<crate::schemas::Diagnostic>>,
     |                                 ^^^^^^^^^^^^^^^^^^^^^^^^^^^^^^^ unexpected type argument

error[E0107]: wrong number of type arguments: expected 0, found 1
    --> servicemanagement/v1/lib/src/lib.rs:1686:24
     |
1686 |         pub id: Option<String>,
     |                        ^^^^^^ unexpected type argument

error[E0107]: wrong number of type arguments: expected 0, found 1
    --> servicemanagement/v1/lib/src/lib.rs:1689:34
     |
1689 |         pub service_name: Option<String>,
     |                                  ^^^^^^ unexpected type argument

error[E0107]: wrong number of type arguments: expected 0, found 1
    --> servicemanagement/v1/lib/src/lib.rs:1716:29
     |
1716 |         pub options: Option<crate::schemas::GetPolicyOptions>,
     |                             ^^^^^^^^^^^^^^^^^^^^^^^^^^^^^^^^ unexpected type argument

error[E0107]: wrong number of type arguments: expected 0, found 1
    --> servicemanagement/v1/lib/src/lib.rs:1743:46
     |
1743 |         pub requested_policy_version: Option<i32>,
     |                                              ^^^ unexpected type argument

error[E0107]: wrong number of type arguments: expected 0, found 1
    --> servicemanagement/v1/lib/src/lib.rs:1770:53
     |
1770 |         pub fully_decode_reserved_expansion: Option<bool>,
     |                                                     ^^^^ unexpected type argument

error[E0107]: wrong number of type arguments: expected 0, found 1
    --> servicemanagement/v1/lib/src/lib.rs:1773:27
     |
1773 |         pub rules: Option<Vec<crate::schemas::HttpRule>>,
     |                           ^^^^^^^^^^^^^^^^^^^^^^^^^^^^^ unexpected type argument

error[E0107]: wrong number of type arguments: expected 0, found 1
    --> servicemanagement/v1/lib/src/lib.rs:1800:41
     |
1800 |         pub additional_bindings: Option<Vec<crate::schemas::HttpRule>>,
     |                                         ^^^^^^^^^^^^^^^^^^^^^^^^^^^^^ unexpected type argument

error[E0107]: wrong number of type arguments: expected 0, found 1
    --> servicemanagement/v1/lib/src/lib.rs:1803:26
     |
1803 |         pub body: Option<String>,
     |                          ^^^^^^ unexpected type argument

error[E0107]: wrong number of type arguments: expected 0, found 1
    --> servicemanagement/v1/lib/src/lib.rs:1806:28
     |
1806 |         pub custom: Option<crate::schemas::CustomHttpPattern>,
     |                            ^^^^^^^^^^^^^^^^^^^^^^^^^^^^^^^^^ unexpected type argument

error[E0107]: wrong number of type arguments: expected 0, found 1
    --> servicemanagement/v1/lib/src/lib.rs:1809:28
     |
1809 |         pub delete: Option<String>,
     |                            ^^^^^^ unexpected type argument

error[E0107]: wrong number of type arguments: expected 0, found 1
    --> servicemanagement/v1/lib/src/lib.rs:1812:25
     |
1812 |         pub get: Option<String>,
     |                         ^^^^^^ unexpected type argument

error[E0107]: wrong number of type arguments: expected 0, found 1
    --> servicemanagement/v1/lib/src/lib.rs:1815:27
     |
1815 |         pub patch: Option<String>,
     |                           ^^^^^^ unexpected type argument

error[E0107]: wrong number of type arguments: expected 0, found 1
    --> servicemanagement/v1/lib/src/lib.rs:1818:26
     |
1818 |         pub post: Option<String>,
     |                          ^^^^^^ unexpected type argument

error[E0107]: wrong number of type arguments: expected 0, found 1
    --> servicemanagement/v1/lib/src/lib.rs:1821:25
     |
1821 |         pub put: Option<String>,
     |                         ^^^^^^ unexpected type argument

error[E0107]: wrong number of type arguments: expected 0, found 1
    --> servicemanagement/v1/lib/src/lib.rs:1824:35
     |
1824 |         pub response_body: Option<String>,
     |                                   ^^^^^^ unexpected type argument

error[E0107]: wrong number of type arguments: expected 0, found 1
    --> servicemanagement/v1/lib/src/lib.rs:1827:30
     |
1827 |         pub selector: Option<String>,
     |                              ^^^^^^ unexpected type argument

error[E0107]: wrong number of type arguments: expected 0, found 1
    --> servicemanagement/v1/lib/src/lib.rs:1904:33
     |
1904 |         pub description: Option<String>,
     |                                 ^^^^^^ unexpected type argument

error[E0107]: wrong number of type arguments: expected 0, found 1
    --> servicemanagement/v1/lib/src/lib.rs:1907:25
     |
1907 |         pub key: Option<String>,
     |                         ^^^^^^ unexpected type argument

error[E0107]: wrong number of type arguments: expected 0, found 1
    --> servicemanagement/v1/lib/src/lib.rs:1910:32
     |
1910 |         pub value_type: Option<crate::schemas::LabelDescriptorValueType>,
     |                                ^^^^^^^^^^^^^^^^^^^^^^^^^^^^^^^^^^^^^^^^ unexpected type argument

error[E0107]: wrong number of type arguments: expected 0, found 1
    --> servicemanagement/v1/lib/src/lib.rs:1926:37
     |
1926 |         pub next_page_token: Option<String>,
     |                                     ^^^^^^ unexpected type argument

error[E0107]: wrong number of type arguments: expected 0, found 1
    --> servicemanagement/v1/lib/src/lib.rs:1929:32
     |
1929 |         pub operations: Option<Vec<crate::schemas::Operation>>,
     |                                ^^^^^^^^^^^^^^^^^^^^^^^^^^^^^^ unexpected type argument

error[E0107]: wrong number of type arguments: expected 0, found 1
    --> servicemanagement/v1/lib/src/lib.rs:1945:37
     |
1945 |         pub next_page_token: Option<String>,
     |                                     ^^^^^^ unexpected type argument

error[E0107]: wrong number of type arguments: expected 0, found 1
    --> servicemanagement/v1/lib/src/lib.rs:1948:37
     |
1948 |         pub service_configs: Option<Vec<crate::schemas::Service>>,
     |                                     ^^^^^^^^^^^^^^^^^^^^^^^^^^^^ unexpected type argument

error[E0107]: wrong number of type arguments: expected 0, found 1
    --> servicemanagement/v1/lib/src/lib.rs:1966:37
     |
1966 |         pub next_page_token: Option<String>,
     |                                     ^^^^^^ unexpected type argument

error[E0107]: wrong number of type arguments: expected 0, found 1
    --> servicemanagement/v1/lib/src/lib.rs:1969:30
     |
1969 |         pub rollouts: Option<Vec<crate::schemas::Rollout>>,
     |                              ^^^^^^^^^^^^^^^^^^^^^^^^^^^^ unexpected type argument

error[E0107]: wrong number of type arguments: expected 0, found 1
    --> servicemanagement/v1/lib/src/lib.rs:1996:37
     |
1996 |         pub next_page_token: Option<String>,
     |                                     ^^^^^^ unexpected type argument

error[E0107]: wrong number of type arguments: expected 0, found 1
    --> servicemanagement/v1/lib/src/lib.rs:1999:30
     |
1999 |         pub services: Option<Vec<crate::schemas::ManagedService>>,
     |                              ^^^^^^^^^^^^^^^^^^^^^^^^^^^^^^^^^^^ unexpected type argument

error[E0107]: wrong number of type arguments: expected 0, found 1
    --> servicemanagement/v1/lib/src/lib.rs:2026:33
     |
2026 |         pub description: Option<String>,
     |                                 ^^^^^^ unexpected type argument

error[E0107]: wrong number of type arguments: expected 0, found 1
    --> servicemanagement/v1/lib/src/lib.rs:2029:34
     |
2029 |         pub display_name: Option<String>,
     |                                  ^^^^^^ unexpected type argument

error[E0107]: wrong number of type arguments: expected 0, found 1
    --> servicemanagement/v1/lib/src/lib.rs:2032:28
     |
2032 |         pub labels: Option<Vec<crate::schemas::LabelDescriptor>>,
     |                            ^^^^^^^^^^^^^^^^^^^^^^^^^^^^^^^^^^^^ unexpected type argument

error[E0107]: wrong number of type arguments: expected 0, found 1
    --> servicemanagement/v1/lib/src/lib.rs:2035:26
     |
2035 |         pub name: Option<String>,
     |                          ^^^^^^ unexpected type argument

error[E0107]: wrong number of type arguments: expected 0, found 1
    --> servicemanagement/v1/lib/src/lib.rs:2062:43
     |
2062 |         pub consumer_destinations: Option<Vec<crate::schemas::LoggingDestination>>,
     |                                           ^^^^^^^^^^^^^^^^^^^^^^^^^^^^^^^^^^^^^^^ unexpected type argument

error[E0107]: wrong number of type arguments: expected 0, found 1
    --> servicemanagement/v1/lib/src/lib.rs:2065:43
     |
2065 |         pub producer_destinations: Option<Vec<crate::schemas::LoggingDestination>>,
     |                                           ^^^^^^^^^^^^^^^^^^^^^^^^^^^^^^^^^^^^^^^ unexpected type argument

error[E0107]: wrong number of type arguments: expected 0, found 1
    --> servicemanagement/v1/lib/src/lib.rs:2092:26
     |
2092 |         pub logs: Option<Vec<String>>,
     |                          ^^^^^^^^^^^ unexpected type argument

error[E0107]: wrong number of type arguments: expected 0, found 1
    --> servicemanagement/v1/lib/src/lib.rs:2095:40
     |
2095 |         pub monitored_resource: Option<String>,
     |                                        ^^^^^^ unexpected type argument

error[E0107]: wrong number of type arguments: expected 0, found 1
    --> servicemanagement/v1/lib/src/lib.rs:2122:41
     |
2122 |         pub producer_project_id: Option<String>,
     |                                         ^^^^^^ unexpected type argument

error[E0107]: wrong number of type arguments: expected 0, found 1
    --> servicemanagement/v1/lib/src/lib.rs:2125:34
     |
2125 |         pub service_name: Option<String>,
     |                                  ^^^^^^ unexpected type argument

error[E0107]: wrong number of type arguments: expected 0, found 1
    --> servicemanagement/v1/lib/src/lib.rs:2187:26
     |
2187 |         pub name: Option<String>,
     |                          ^^^^^^ unexpected type argument

error[E0107]: wrong number of type arguments: expected 0, found 1
    --> servicemanagement/v1/lib/src/lib.rs:2190:29
     |
2190 |         pub options: Option<Vec<crate::schemas::Option>>,
     |                             ^^^^^^^^^^^^^^^^^^^^^^^^^^^ unexpected type argument

error[E0107]: wrong number of type arguments: expected 0, found 1
    --> servicemanagement/v1/lib/src/lib.rs:2193:39
     |
2193 |         pub request_streaming: Option<bool>,
     |                                       ^^^^ unexpected type argument

error[E0107]: wrong number of type arguments: expected 0, found 1
    --> servicemanagement/v1/lib/src/lib.rs:2196:38
     |
2196 |         pub request_type_url: Option<String>,
     |                                      ^^^^^^ unexpected type argument

error[E0107]: wrong number of type arguments: expected 0, found 1
    --> servicemanagement/v1/lib/src/lib.rs:2199:40
     |
2199 |         pub response_streaming: Option<bool>,
     |                                        ^^^^ unexpected type argument

error[E0107]: wrong number of type arguments: expected 0, found 1
    --> servicemanagement/v1/lib/src/lib.rs:2202:39
     |
2202 |         pub response_type_url: Option<String>,
     |                                       ^^^^^^ unexpected type argument

error[E0107]: wrong number of type arguments: expected 0, found 1
    --> servicemanagement/v1/lib/src/lib.rs:2205:28
     |
2205 |         pub syntax: Option<crate::schemas::MethodSyntax>,
     |                            ^^^^^^^^^^^^^^^^^^^^^^^^^^^^ unexpected type argument

error[E0107]: wrong number of type arguments: expected 0, found 1
    --> servicemanagement/v1/lib/src/lib.rs:2414:33
     |
2414 |         pub description: Option<String>,
     |                                 ^^^^^^ unexpected type argument

error[E0107]: wrong number of type arguments: expected 0, found 1
    --> servicemanagement/v1/lib/src/lib.rs:2417:34
     |
2417 |         pub display_name: Option<String>,
     |                                  ^^^^^^ unexpected type argument

error[E0107]: wrong number of type arguments: expected 0, found 1
    --> servicemanagement/v1/lib/src/lib.rs:2420:28
     |
2420 |         pub labels: Option<Vec<crate::schemas::LabelDescriptor>>,
     |                            ^^^^^^^^^^^^^^^^^^^^^^^^^^^^^^^^^^^^ unexpected type argument

error[E0107]: wrong number of type arguments: expected 0, found 1
    --> servicemanagement/v1/lib/src/lib.rs:2423:34
     |
2423 |         pub launch_stage: Option<crate::schemas::MetricDescriptorLaunchStage>,
     |                                  ^^^^^^^^^^^^^^^^^^^^^^^^^^^^^^^^^^^^^^^^^^^ unexpected type argument

error[E0107]: wrong number of type arguments: expected 0, found 1
    --> servicemanagement/v1/lib/src/lib.rs:2426:30
     |
2426 |         pub metadata: Option<crate::schemas::MetricDescriptorMetadata>,
     |                              ^^^^^^^^^^^^^^^^^^^^^^^^^^^^^^^^^^^^^^^^ unexpected type argument

error[E0107]: wrong number of type arguments: expected 0, found 1
    --> servicemanagement/v1/lib/src/lib.rs:2429:33
     |
2429 |         pub metric_kind: Option<crate::schemas::MetricDescriptorMetricKind>,
     |                                 ^^^^^^^^^^^^^^^^^^^^^^^^^^^^^^^^^^^^^^^^^^ unexpected type argument

error[E0107]: wrong number of type arguments: expected 0, found 1
    --> servicemanagement/v1/lib/src/lib.rs:2432:26
     |
2432 |         pub name: Option<String>,
     |                          ^^^^^^ unexpected type argument

error[E0107]: wrong number of type arguments: expected 0, found 1
    --> servicemanagement/v1/lib/src/lib.rs:2435:28
     |
2435 |         pub r#type: Option<String>,
     |                            ^^^^^^ unexpected type argument

error[E0107]: wrong number of type arguments: expected 0, found 1
    --> servicemanagement/v1/lib/src/lib.rs:2438:26
     |
2438 |         pub unit: Option<String>,
     |                          ^^^^^^ unexpected type argument

error[E0107]: wrong number of type arguments: expected 0, found 1
    --> servicemanagement/v1/lib/src/lib.rs:2441:32
     |
2441 |         pub value_type: Option<crate::schemas::MetricDescriptorValueType>,
     |                                ^^^^^^^^^^^^^^^^^^^^^^^^^^^^^^^^^^^^^^^^^ unexpected type argument

error[E0107]: wrong number of type arguments: expected 0, found 1
    --> servicemanagement/v1/lib/src/lib.rs:2534:34
     |
2534 |         pub ingest_delay: Option<String>,
     |                                  ^^^^^^ unexpected type argument

error[E0107]: wrong number of type arguments: expected 0, found 1
    --> servicemanagement/v1/lib/src/lib.rs:2537:34
     |
2537 |         pub launch_stage: Option<crate::schemas::MetricDescriptorMetadataLaunchStage>,
     |                                  ^^^^^^^^^^^^^^^^^^^^^^^^^^^^^^^^^^^^^^^^^^^^^^^^^^^ unexpected type argument

error[E0107]: wrong number of type arguments: expected 0, found 1
    --> servicemanagement/v1/lib/src/lib.rs:2540:35
     |
2540 |         pub sample_period: Option<String>,
     |                                   ^^^^^^ unexpected type argument

error[E0107]: wrong number of type arguments: expected 0, found 1
    --> servicemanagement/v1/lib/src/lib.rs:2567:34
     |
2567 |         pub metric_costs: Option<::std::collections::BTreeMap<String, i64>>,
     |                                  ^^^^^^^^^^^^^^^^^^^^^^^^^^^^^^^^^^^^^^^^^ unexpected type argument

error[E0107]: wrong number of type arguments: expected 0, found 1
    --> servicemanagement/v1/lib/src/lib.rs:2570:30
     |
2570 |         pub selector: Option<String>,
     |                              ^^^^^^ unexpected type argument

error[E0107]: wrong number of type arguments: expected 0, found 1
    --> servicemanagement/v1/lib/src/lib.rs:2597:26
     |
2597 |         pub name: Option<String>,
     |                          ^^^^^^ unexpected type argument

error[E0107]: wrong number of type arguments: expected 0, found 1
    --> servicemanagement/v1/lib/src/lib.rs:2600:26
     |
2600 |         pub root: Option<String>,
     |                          ^^^^^^ unexpected type argument

error[E0107]: wrong number of type arguments: expected 0, found 1
    --> servicemanagement/v1/lib/src/lib.rs:2693:33
     |
2693 |         pub description: Option<String>,
     |                                 ^^^^^^ unexpected type argument

error[E0107]: wrong number of type arguments: expected 0, found 1
    --> servicemanagement/v1/lib/src/lib.rs:2696:34
     |
2696 |         pub display_name: Option<String>,
     |                                  ^^^^^^ unexpected type argument

error[E0107]: wrong number of type arguments: expected 0, found 1
    --> servicemanagement/v1/lib/src/lib.rs:2699:28
     |
2699 |         pub labels: Option<Vec<crate::schemas::LabelDescriptor>>,
     |                            ^^^^^^^^^^^^^^^^^^^^^^^^^^^^^^^^^^^^ unexpected type argument

error[E0107]: wrong number of type arguments: expected 0, found 1
    --> servicemanagement/v1/lib/src/lib.rs:2702:34
     |
2702 |         pub launch_stage: Option<crate::schemas::MonitoredResourceDescriptorLaunchStage>,
     |                                  ^^^^^^^^^^^^^^^^^^^^^^^^^^^^^^^^^^^^^^^^^^^^^^^^^^^^^^ unexpected type argument

error[E0107]: wrong number of type arguments: expected 0, found 1
    --> servicemanagement/v1/lib/src/lib.rs:2705:26
     |
2705 |         pub name: Option<String>,
     |                          ^^^^^^ unexpected type argument

error[E0107]: wrong number of type arguments: expected 0, found 1
    --> servicemanagement/v1/lib/src/lib.rs:2708:28
     |
2708 |         pub r#type: Option<String>,
     |                            ^^^^^^ unexpected type argument

error[E0107]: wrong number of type arguments: expected 0, found 1
    --> servicemanagement/v1/lib/src/lib.rs:2735:43
     |
2735 |         pub consumer_destinations: Option<Vec<crate::schemas::MonitoringDestination>>,
     |                                           ^^^^^^^^^^^^^^^^^^^^^^^^^^^^^^^^^^^^^^^^^^ unexpected type argument

error[E0107]: wrong number of type arguments: expected 0, found 1
    --> servicemanagement/v1/lib/src/lib.rs:2738:43
     |
2738 |         pub producer_destinations: Option<Vec<crate::schemas::MonitoringDestination>>,
     |                                           ^^^^^^^^^^^^^^^^^^^^^^^^^^^^^^^^^^^^^^^^^^ unexpected type argument

error[E0107]: wrong number of type arguments: expected 0, found 1
    --> servicemanagement/v1/lib/src/lib.rs:2765:29
     |
2765 |         pub metrics: Option<Vec<String>>,
     |                             ^^^^^^^^^^^ unexpected type argument

error[E0107]: wrong number of type arguments: expected 0, found 1
    --> servicemanagement/v1/lib/src/lib.rs:2768:40
     |
2768 |         pub monitored_resource: Option<String>,
     |                                        ^^^^^^ unexpected type argument

error[E0107]: wrong number of type arguments: expected 0, found 1
    --> servicemanagement/v1/lib/src/lib.rs:2795:38
     |
2795 |         pub canonical_scopes: Option<String>,
     |                                      ^^^^^^ unexpected type argument

error[E0107]: wrong number of type arguments: expected 0, found 1
    --> servicemanagement/v1/lib/src/lib.rs:2811:26
     |
2811 |         pub done: Option<bool>,
     |                          ^^^^ unexpected type argument

error[E0107]: wrong number of type arguments: expected 0, found 1
    --> servicemanagement/v1/lib/src/lib.rs:2814:27
     |
2814 |         pub error: Option<crate::schemas::Status>,
     |                           ^^^^^^^^^^^^^^^^^^^^^^ unexpected type argument

error[E0107]: wrong number of type arguments: expected 0, found 1
    --> servicemanagement/v1/lib/src/lib.rs:2817:30
     |
2817 |         pub metadata: Option<::std::collections::BTreeMap<String, ::serde_json::Value>>,
     |                              ^^^^^^^^^^^^^^^^^^^^^^^^^^^^^^^^^^^^^^^^^^^^^^^^^^^^^^^^^ unexpected type argument

error[E0107]: wrong number of type arguments: expected 0, found 1
    --> servicemanagement/v1/lib/src/lib.rs:2820:26
     |
2820 |         pub name: Option<String>,
     |                          ^^^^^^ unexpected type argument

error[E0107]: wrong number of type arguments: expected 0, found 1
    --> servicemanagement/v1/lib/src/lib.rs:2823:30
     |
2823 |         pub response: Option<::std::collections::BTreeMap<String, ::serde_json::Value>>,
     |                              ^^^^^^^^^^^^^^^^^^^^^^^^^^^^^^^^^^^^^^^^^^^^^^^^^^^^^^^^^ unexpected type argument

error[E0107]: wrong number of type arguments: expected 0, found 1
    --> servicemanagement/v1/lib/src/lib.rs:2850:41
     |
2850 |         pub progress_percentage: Option<i32>,
     |                                         ^^^ unexpected type argument

error[E0107]: wrong number of type arguments: expected 0, found 1
    --> servicemanagement/v1/lib/src/lib.rs:2853:36
     |
2853 |         pub resource_names: Option<Vec<String>>,
     |                                    ^^^^^^^^^^^ unexpected type argument

error[E0107]: wrong number of type arguments: expected 0, found 1
    --> servicemanagement/v1/lib/src/lib.rs:2856:32
     |
2856 |         pub start_time: Option<String>,
     |                                ^^^^^^ unexpected type argument

error[E0107]: wrong number of type arguments: expected 0, found 1
    --> servicemanagement/v1/lib/src/lib.rs:2859:27
     |
2859 |         pub steps: Option<Vec<crate::schemas::Step>>,
     |                           ^^^^^^^^^^^^^^^^^^^^^^^^^ unexpected type argument

error[E0107]: wrong number of type arguments: expected 0, found 1
    --> servicemanagement/v1/lib/src/lib.rs:2875:26
     |
2875 |         pub name: Option<String>,
     |                          ^^^^^^ unexpected type argument

error[E0107]: wrong number of type arguments: expected 0, found 1
    --> servicemanagement/v1/lib/src/lib.rs:2878:27
     |
2878 |         pub value: Option<::std::collections::BTreeMap<String, ::serde_json::Value>>,
     |                           ^^^^^^^^^^^^^^^^^^^^^^^^^^^^^^^^^^^^^^^^^^^^^^^^^^^^^^^^^ unexpected type argument

error[E0107]: wrong number of type arguments: expected 0, found 1
    --> servicemanagement/v1/lib/src/lib.rs:2905:29
     |
2905 |         pub content: Option<String>,
     |                             ^^^^^^ unexpected type argument

error[E0107]: wrong number of type arguments: expected 0, found 1
    --> servicemanagement/v1/lib/src/lib.rs:2908:26
     |
2908 |         pub name: Option<String>,
     |                          ^^^^^^ unexpected type argument

error[E0107]: wrong number of type arguments: expected 0, found 1
    --> servicemanagement/v1/lib/src/lib.rs:2911:30
     |
2911 |         pub subpages: Option<Vec<crate::schemas::Page>>,
     |                              ^^^^^^^^^^^^^^^^^^^^^^^^^ unexpected type argument

error[E0107]: wrong number of type arguments: expected 0, found 1
    --> servicemanagement/v1/lib/src/lib.rs:2938:35
     |
2938 |         pub audit_configs: Option<Vec<crate::schemas::AuditConfig>>,
     |                                   ^^^^^^^^^^^^^^^^^^^^^^^^^^^^^^^^ unexpected type argument

error[E0107]: wrong number of type arguments: expected 0, found 1
    --> servicemanagement/v1/lib/src/lib.rs:2941:30
     |
2941 |         pub bindings: Option<Vec<crate::schemas::Binding>>,
     |                              ^^^^^^^^^^^^^^^^^^^^^^^^^^^^ unexpected type argument

error[E0107]: wrong number of type arguments: expected 0, found 1
    --> servicemanagement/v1/lib/src/lib.rs:2944:26
     |
2944 |         pub etag: Option<Vec<u8>>,
     |                          ^^^^^^^ unexpected type argument

error[E0107]: wrong number of type arguments: expected 0, found 1
    --> servicemanagement/v1/lib/src/lib.rs:2947:29
     |
2947 |         pub version: Option<i32>,
     |                             ^^^ unexpected type argument

error[E0107]: wrong number of type arguments: expected 0, found 1
    --> servicemanagement/v1/lib/src/lib.rs:2974:28
     |
2974 |         pub limits: Option<Vec<crate::schemas::QuotaLimit>>,
     |                            ^^^^^^^^^^^^^^^^^^^^^^^^^^^^^^^ unexpected type argument

error[E0107]: wrong number of type arguments: expected 0, found 1
    --> servicemanagement/v1/lib/src/lib.rs:2977:34
     |
2977 |         pub metric_rules: Option<Vec<crate::schemas::MetricRule>>,
     |                                  ^^^^^^^^^^^^^^^^^^^^^^^^^^^^^^^ unexpected type argument

error[E0107]: wrong number of type arguments: expected 0, found 1
    --> servicemanagement/v1/lib/src/lib.rs:3005:35
     |
3005 |         pub default_limit: Option<i64>,
     |                                   ^^^ unexpected type argument

error[E0107]: wrong number of type arguments: expected 0, found 1
    --> servicemanagement/v1/lib/src/lib.rs:3008:33
     |
3008 |         pub description: Option<String>,
     |                                 ^^^^^^ unexpected type argument

error[E0107]: wrong number of type arguments: expected 0, found 1
    --> servicemanagement/v1/lib/src/lib.rs:3011:34
     |
3011 |         pub display_name: Option<String>,
     |                                  ^^^^^^ unexpected type argument

error[E0107]: wrong number of type arguments: expected 0, found 1
    --> servicemanagement/v1/lib/src/lib.rs:3014:30
     |
3014 |         pub duration: Option<String>,
     |                              ^^^^^^ unexpected type argument

error[E0107]: wrong number of type arguments: expected 0, found 1
    --> servicemanagement/v1/lib/src/lib.rs:3018:31
     |
3018 |         pub free_tier: Option<i64>,
     |                               ^^^ unexpected type argument

error[E0107]: wrong number of type arguments: expected 0, found 1
    --> servicemanagement/v1/lib/src/lib.rs:3022:31
     |
3022 |         pub max_limit: Option<i64>,
     |                               ^^^ unexpected type argument

error[E0107]: wrong number of type arguments: expected 0, found 1
    --> servicemanagement/v1/lib/src/lib.rs:3025:28
     |
3025 |         pub metric: Option<String>,
     |                            ^^^^^^ unexpected type argument

error[E0107]: wrong number of type arguments: expected 0, found 1
    --> servicemanagement/v1/lib/src/lib.rs:3028:26
     |
3028 |         pub name: Option<String>,
     |                          ^^^^^^ unexpected type argument

error[E0107]: wrong number of type arguments: expected 0, found 1
    --> servicemanagement/v1/lib/src/lib.rs:3031:26
     |
3031 |         pub unit: Option<String>,
     |                          ^^^^^^ unexpected type argument

error[E0107]: wrong number of type arguments: expected 0, found 1
    --> servicemanagement/v1/lib/src/lib.rs:3034:28
     |
3034 |         pub values: Option<::std::collections::BTreeMap<String, i64>>,
     |                            ^^^^^^^^^^^^^^^^^^^^^^^^^^^^^^^^^^^^^^^^^ unexpected type argument

error[E0107]: wrong number of type arguments: expected 0, found 1
    --> servicemanagement/v1/lib/src/lib.rs:3118:33
     |
3118 |         pub create_time: Option<String>,
     |                                 ^^^^^^ unexpected type argument

error[E0107]: wrong number of type arguments: expected 0, found 1
    --> servicemanagement/v1/lib/src/lib.rs:3121:32
     |
3121 |         pub created_by: Option<String>,
     |                                ^^^^^^ unexpected type argument

error[E0107]: wrong number of type arguments: expected 0, found 1
    --> servicemanagement/v1/lib/src/lib.rs:3124:45
     |
3124 |         pub delete_service_strategy: Option<crate::schemas::DeleteServiceStrategy>,
     |                                             ^^^^^^^^^^^^^^^^^^^^^^^^^^^^^^^^^^^^^ unexpected type argument

error[E0107]: wrong number of type arguments: expected 0, found 1
    --> servicemanagement/v1/lib/src/lib.rs:3127:32
     |
3127 |         pub rollout_id: Option<String>,
     |                                ^^^^^^ unexpected type argument

error[E0107]: wrong number of type arguments: expected 0, found 1
    --> servicemanagement/v1/lib/src/lib.rs:3130:34
     |
3130 |         pub service_name: Option<String>,
     |                                  ^^^^^^ unexpected type argument

error[E0107]: wrong number of type arguments: expected 0, found 1
    --> servicemanagement/v1/lib/src/lib.rs:3133:28
     |
3133 |         pub status: Option<crate::schemas::RolloutStatus>,
     |                            ^^^^^^^^^^^^^^^^^^^^^^^^^^^^^ unexpected type argument

error[E0107]: wrong number of type arguments: expected 0, found 1
    --> servicemanagement/v1/lib/src/lib.rs:3136:46
     |
3136 |         pub traffic_percent_strategy: Option<crate::schemas::TrafficPercentStrategy>,
     |                                              ^^^^^^^^^^^^^^^^^^^^^^^^^^^^^^^^^^^^^^ unexpected type argument

error[E0107]: wrong number of type arguments: expected 0, found 1
    --> servicemanagement/v1/lib/src/lib.rs:3152:26
     |
3152 |         pub apis: Option<Vec<crate::schemas::Api>>,
     |                          ^^^^^^^^^^^^^^^^^^^^^^^^ unexpected type argument

error[E0107]: wrong number of type arguments: expected 0, found 1
    --> servicemanagement/v1/lib/src/lib.rs:3155:36
     |
3155 |         pub authentication: Option<crate::schemas::Authentication>,
     |                                    ^^^^^^^^^^^^^^^^^^^^^^^^^^^^^^ unexpected type argument

error[E0107]: wrong number of type arguments: expected 0, found 1
    --> servicemanagement/v1/lib/src/lib.rs:3158:29
     |
3158 |         pub backend: Option<crate::schemas::Backend>,
     |                             ^^^^^^^^^^^^^^^^^^^^^^^ unexpected type argument

error[E0107]: wrong number of type arguments: expected 0, found 1
    --> servicemanagement/v1/lib/src/lib.rs:3161:29
     |
3161 |         pub billing: Option<crate::schemas::Billing>,
     |                             ^^^^^^^^^^^^^^^^^^^^^^^ unexpected type argument

error[E0107]: wrong number of type arguments: expected 0, found 1
    --> servicemanagement/v1/lib/src/lib.rs:3164:36
     |
3164 |         pub config_version: Option<u32>,
     |                                    ^^^ unexpected type argument

error[E0107]: wrong number of type arguments: expected 0, found 1
    --> servicemanagement/v1/lib/src/lib.rs:3167:29
     |
3167 |         pub context: Option<crate::schemas::Context>,
     |                             ^^^^^^^^^^^^^^^^^^^^^^^ unexpected type argument

error[E0107]: wrong number of type arguments: expected 0, found 1
    --> servicemanagement/v1/lib/src/lib.rs:3170:29
     |
3170 |         pub control: Option<crate::schemas::Control>,
     |                             ^^^^^^^^^^^^^^^^^^^^^^^ unexpected type argument

error[E0107]: wrong number of type arguments: expected 0, found 1
    --> servicemanagement/v1/lib/src/lib.rs:3173:34
     |
3173 |         pub custom_error: Option<crate::schemas::CustomError>,
     |                                  ^^^^^^^^^^^^^^^^^^^^^^^^^^^ unexpected type argument

error[E0107]: wrong number of type arguments: expected 0, found 1
    --> servicemanagement/v1/lib/src/lib.rs:3176:35
     |
3176 |         pub documentation: Option<crate::schemas::Documentation>,
     |                                   ^^^^^^^^^^^^^^^^^^^^^^^^^^^^^ unexpected type argument

error[E0107]: wrong number of type arguments: expected 0, found 1
    --> servicemanagement/v1/lib/src/lib.rs:3179:31
     |
3179 |         pub endpoints: Option<Vec<crate::schemas::Endpoint>>,
     |                               ^^^^^^^^^^^^^^^^^^^^^^^^^^^^^ unexpected type argument

error[E0107]: wrong number of type arguments: expected 0, found 1
    --> servicemanagement/v1/lib/src/lib.rs:3182:27
     |
3182 |         pub enums: Option<Vec<crate::schemas::Enum>>,
     |                           ^^^^^^^^^^^^^^^^^^^^^^^^^ unexpected type argument

error[E0107]: wrong number of type arguments: expected 0, found 1
    --> servicemanagement/v1/lib/src/lib.rs:3185:26
     |
3185 |         pub http: Option<crate::schemas::Http>,
     |                          ^^^^^^^^^^^^^^^^^^^^ unexpected type argument

error[E0107]: wrong number of type arguments: expected 0, found 1
    --> servicemanagement/v1/lib/src/lib.rs:3188:24
     |
3188 |         pub id: Option<String>,
     |                        ^^^^^^ unexpected type argument

error[E0107]: wrong number of type arguments: expected 0, found 1
    --> servicemanagement/v1/lib/src/lib.rs:3191:29
     |
3191 |         pub logging: Option<crate::schemas::Logging>,
     |                             ^^^^^^^^^^^^^^^^^^^^^^^ unexpected type argument

error[E0107]: wrong number of type arguments: expected 0, found 1
    --> servicemanagement/v1/lib/src/lib.rs:3194:26
     |
3194 |         pub logs: Option<Vec<crate::schemas::LogDescriptor>>,
     |                          ^^^^^^^^^^^^^^^^^^^^^^^^^^^^^^^^^^ unexpected type argument

error[E0107]: wrong number of type arguments: expected 0, found 1
    --> servicemanagement/v1/lib/src/lib.rs:3197:29
     |
3197 |         pub metrics: Option<Vec<crate::schemas::MetricDescriptor>>,
     |                             ^^^^^^^^^^^^^^^^^^^^^^^^^^^^^^^^^^^^^ unexpected type argument

error[E0107]: wrong number of type arguments: expected 0, found 1
    --> servicemanagement/v1/lib/src/lib.rs:3200:41
     |
3200 |         pub monitored_resources: Option<Vec<crate::schemas::MonitoredResourceDescriptor>>,
     |                                         ^^^^^^^^^^^^^^^^^^^^^^^^^^^^^^^^^^^^^^^^^^^^^^^^ unexpected type argument

error[E0107]: wrong number of type arguments: expected 0, found 1
    --> servicemanagement/v1/lib/src/lib.rs:3203:32
     |
3203 |         pub monitoring: Option<crate::schemas::Monitoring>,
     |                                ^^^^^^^^^^^^^^^^^^^^^^^^^^ unexpected type argument

error[E0107]: wrong number of type arguments: expected 0, found 1
    --> servicemanagement/v1/lib/src/lib.rs:3206:26
     |
3206 |         pub name: Option<String>,
     |                          ^^^^^^ unexpected type argument

error[E0107]: wrong number of type arguments: expected 0, found 1
    --> servicemanagement/v1/lib/src/lib.rs:3209:41
     |
3209 |         pub producer_project_id: Option<String>,
     |                                         ^^^^^^ unexpected type argument

error[E0107]: wrong number of type arguments: expected 0, found 1
    --> servicemanagement/v1/lib/src/lib.rs:3212:27
     |
3212 |         pub quota: Option<crate::schemas::Quota>,
     |                           ^^^^^^^^^^^^^^^^^^^^^ unexpected type argument

error[E0107]: wrong number of type arguments: expected 0, found 1
    --> servicemanagement/v1/lib/src/lib.rs:3215:33
     |
3215 |         pub source_info: Option<crate::schemas::SourceInfo>,
     |                                 ^^^^^^^^^^^^^^^^^^^^^^^^^^ unexpected type argument

error[E0107]: wrong number of type arguments: expected 0, found 1
    --> servicemanagement/v1/lib/src/lib.rs:3218:39
     |
3218 |         pub system_parameters: Option<crate::schemas::SystemParameters>,
     |                                       ^^^^^^^^^^^^^^^^^^^^^^^^^^^^^^^^ unexpected type argument

error[E0107]: wrong number of type arguments: expected 0, found 1
    --> servicemanagement/v1/lib/src/lib.rs:3221:34
     |
3221 |         pub system_types: Option<Vec<crate::schemas::Type>>,
     |                                  ^^^^^^^^^^^^^^^^^^^^^^^^^ unexpected type argument

error[E0107]: wrong number of type arguments: expected 0, found 1
    --> servicemanagement/v1/lib/src/lib.rs:3224:27
     |
3224 |         pub title: Option<String>,
     |                           ^^^^^^ unexpected type argument

error[E0107]: wrong number of type arguments: expected 0, found 1
    --> servicemanagement/v1/lib/src/lib.rs:3227:27
     |
3227 |         pub types: Option<Vec<crate::schemas::Type>>,
     |                           ^^^^^^^^^^^^^^^^^^^^^^^^^ unexpected type argument

error[E0107]: wrong number of type arguments: expected 0, found 1
    --> servicemanagement/v1/lib/src/lib.rs:3230:27
     |
3230 |         pub usage: Option<crate::schemas::Usage>,
     |                           ^^^^^^^^^^^^^^^^^^^^^ unexpected type argument

error[E0107]: wrong number of type arguments: expected 0, found 1
    --> servicemanagement/v1/lib/src/lib.rs:3257:28
     |
3257 |         pub policy: Option<crate::schemas::Policy>,
     |                            ^^^^^^^^^^^^^^^^^^^^^^ unexpected type argument

error[E0107]: wrong number of type arguments: expected 0, found 1
    --> servicemanagement/v1/lib/src/lib.rs:3260:33
     |
3260 |         pub update_mask: Option<String>,
     |                                 ^^^^^^ unexpected type argument

error[E0107]: wrong number of type arguments: expected 0, found 1
    --> servicemanagement/v1/lib/src/lib.rs:3287:31
     |
3287 |         pub file_name: Option<String>,
     |                               ^^^^^^ unexpected type argument

error[E0107]: wrong number of type arguments: expected 0, found 1
    --> servicemanagement/v1/lib/src/lib.rs:3303:34
     |
3303 |         pub source_files: Option<Vec<::std::collections::BTreeMap<String, ::serde_json::Value>>>,
     |                                  ^^^^^^^^^^^^^^^^^^^^^^^^^^^^^^^^^^^^^^^^^^^^^^^^^^^^^^^^^^^^^^ unexpected type argument

error[E0107]: wrong number of type arguments: expected 0, found 1
    --> servicemanagement/v1/lib/src/lib.rs:3319:26
     |
3319 |         pub code: Option<i32>,
     |                          ^^^ unexpected type argument

error[E0107]: wrong number of type arguments: expected 0, found 1
    --> servicemanagement/v1/lib/src/lib.rs:3322:29
     |
3322 |         pub details: Option<Vec<::std::collections::BTreeMap<String, ::serde_json::Value>>>,
     |                             ^^^^^^^^^^^^^^^^^^^^^^^^^^^^^^^^^^^^^^^^^^^^^^^^^^^^^^^^^^^^^^ unexpected type argument

error[E0107]: wrong number of type arguments: expected 0, found 1
    --> servicemanagement/v1/lib/src/lib.rs:3325:29
     |
3325 |         pub message: Option<String>,
     |                             ^^^^^^ unexpected type argument

error[E0107]: wrong number of type arguments: expected 0, found 1
    --> servicemanagement/v1/lib/src/lib.rs:3414:33
     |
3414 |         pub description: Option<String>,
     |                                 ^^^^^^ unexpected type argument

error[E0107]: wrong number of type arguments: expected 0, found 1
    --> servicemanagement/v1/lib/src/lib.rs:3417:28
     |
3417 |         pub status: Option<crate::schemas::StepStatus>,
     |                            ^^^^^^^^^^^^^^^^^^^^^^^^^^ unexpected type argument

error[E0107]: wrong number of type arguments: expected 0, found 1
    --> servicemanagement/v1/lib/src/lib.rs:3444:35
     |
3444 |         pub config_source: Option<crate::schemas::ConfigSource>,
     |                                   ^^^^^^^^^^^^^^^^^^^^^^^^^^^^ unexpected type argument

error[E0107]: wrong number of type arguments: expected 0, found 1
    --> servicemanagement/v1/lib/src/lib.rs:3447:35
     |
3447 |         pub validate_only: Option<bool>,
     |                                   ^^^^ unexpected type argument

error[E0107]: wrong number of type arguments: expected 0, found 1
    --> servicemanagement/v1/lib/src/lib.rs:3463:36
     |
3463 |         pub service_config: Option<crate::schemas::Service>,
     |                                    ^^^^^^^^^^^^^^^^^^^^^^^ unexpected type argument

error[E0107]: wrong number of type arguments: expected 0, found 1
    --> servicemanagement/v1/lib/src/lib.rs:3490:33
     |
3490 |         pub http_header: Option<String>,
     |                                 ^^^^^^ unexpected type argument

error[E0107]: wrong number of type arguments: expected 0, found 1
    --> servicemanagement/v1/lib/src/lib.rs:3493:26
     |
3493 |         pub name: Option<String>,
     |                          ^^^^^^ unexpected type argument

error[E0107]: wrong number of type arguments: expected 0, found 1
    --> servicemanagement/v1/lib/src/lib.rs:3496:41
     |
3496 |         pub url_query_parameter: Option<String>,
     |                                         ^^^^^^ unexpected type argument

error[E0107]: wrong number of type arguments: expected 0, found 1
    --> servicemanagement/v1/lib/src/lib.rs:3523:32
     |
3523 |         pub parameters: Option<Vec<crate::schemas::SystemParameter>>,
     |                                ^^^^^^^^^^^^^^^^^^^^^^^^^^^^^^^^^^^^ unexpected type argument

error[E0107]: wrong number of type arguments: expected 0, found 1
    --> servicemanagement/v1/lib/src/lib.rs:3526:30
     |
3526 |         pub selector: Option<String>,
     |                              ^^^^^^ unexpected type argument

error[E0107]: wrong number of type arguments: expected 0, found 1
    --> servicemanagement/v1/lib/src/lib.rs:3553:27
     |
3553 |         pub rules: Option<Vec<crate::schemas::SystemParameterRule>>,
     |                           ^^^^^^^^^^^^^^^^^^^^^^^^^^^^^^^^^^^^^^^^ unexpected type argument

error[E0107]: wrong number of type arguments: expected 0, found 1
    --> servicemanagement/v1/lib/src/lib.rs:3580:33
     |
3580 |         pub permissions: Option<Vec<String>>,
     |                                 ^^^^^^^^^^^ unexpected type argument

error[E0107]: wrong number of type arguments: expected 0, found 1
    --> servicemanagement/v1/lib/src/lib.rs:3607:33
     |
3607 |         pub permissions: Option<Vec<String>>,
     |                                 ^^^^^^^^^^^ unexpected type argument

error[E0107]: wrong number of type arguments: expected 0, found 1
    --> servicemanagement/v1/lib/src/lib.rs:3625:33
     |
3625 |         pub percentages: Option<::std::collections::BTreeMap<String, f64>>,
     |                                 ^^^^^^^^^^^^^^^^^^^^^^^^^^^^^^^^^^^^^^^^^ unexpected type argument

error[E0107]: wrong number of type arguments: expected 0, found 1
    --> servicemanagement/v1/lib/src/lib.rs:3687:28
     |
3687 |         pub fields: Option<Vec<crate::schemas::Field>>,
     |                            ^^^^^^^^^^^^^^^^^^^^^^^^^^ unexpected type argument

error[E0107]: wrong number of type arguments: expected 0, found 1
    --> servicemanagement/v1/lib/src/lib.rs:3690:26
     |
3690 |         pub name: Option<String>,
     |                          ^^^^^^ unexpected type argument

error[E0107]: wrong number of type arguments: expected 0, found 1
    --> servicemanagement/v1/lib/src/lib.rs:3693:28
     |
3693 |         pub oneofs: Option<Vec<String>>,
     |                            ^^^^^^^^^^^ unexpected type argument

error[E0107]: wrong number of type arguments: expected 0, found 1
    --> servicemanagement/v1/lib/src/lib.rs:3696:29
     |
3696 |         pub options: Option<Vec<crate::schemas::Option>>,
     |                             ^^^^^^^^^^^^^^^^^^^^^^^^^^^ unexpected type argument

error[E0107]: wrong number of type arguments: expected 0, found 1
    --> servicemanagement/v1/lib/src/lib.rs:3699:36
     |
3699 |         pub source_context: Option<crate::schemas::SourceContext>,
     |                                    ^^^^^^^^^^^^^^^^^^^^^^^^^^^^^ unexpected type argument

error[E0107]: wrong number of type arguments: expected 0, found 1
    --> servicemanagement/v1/lib/src/lib.rs:3702:28
     |
3702 |         pub syntax: Option<crate::schemas::TypeSyntax>,
     |                            ^^^^^^^^^^^^^^^^^^^^^^^^^^ unexpected type argument

error[E0107]: wrong number of type arguments: expected 0, found 1
    --> servicemanagement/v1/lib/src/lib.rs:3729:29
     |
3729 |         pub service: Option<crate::schemas::ManagedService>,
     |                             ^^^^^^^^^^^^^^^^^^^^^^^^^^^^^^ unexpected type argument

error[E0107]: wrong number of type arguments: expected 0, found 1
    --> servicemanagement/v1/lib/src/lib.rs:3756:51
     |
3756 |         pub producer_notification_channel: Option<String>,
     |                                                   ^^^^^^ unexpected type argument

error[E0107]: wrong number of type arguments: expected 0, found 1
    --> servicemanagement/v1/lib/src/lib.rs:3759:34
     |
3759 |         pub requirements: Option<Vec<String>>,
     |                                  ^^^^^^^^^^^ unexpected type argument

error[E0107]: wrong number of type arguments: expected 0, found 1
    --> servicemanagement/v1/lib/src/lib.rs:3762:27
     |
3762 |         pub rules: Option<Vec<crate::schemas::UsageRule>>,
     |                           ^^^^^^^^^^^^^^^^^^^^^^^^^^^^^^ unexpected type argument

error[E0107]: wrong number of type arguments: expected 0, found 1
    --> servicemanagement/v1/lib/src/lib.rs:3789:46
     |
3789 |         pub allow_unregistered_calls: Option<bool>,
     |                                              ^^^^ unexpected type argument

error[E0107]: wrong number of type arguments: expected 0, found 1
    --> servicemanagement/v1/lib/src/lib.rs:3792:30
     |
3792 |         pub selector: Option<String>,
     |                              ^^^^^^ unexpected type argument

error[E0107]: wrong number of type arguments: expected 0, found 1
    --> servicemanagement/v1/lib/src/lib.rs:3795:42
     |
3795 |         pub skip_service_control: Option<bool>,
     |                                          ^^^^ unexpected type argument

error: aborting due to 281 previous errors

For more information about this error, try `rustc --explain E0107`.
error: Could not compile `google-servicemanagement1`.

To learn more, run the command again with --verbose.
