    Checking google-dialogflow2_beta1 v0.1.0 (/Users/sthiel/dev/google-apis/generated/gen/dialogflow/v2beta1/lib)
error[E0201]: duplicate definitions with name `agent`:
    --> dialogflow/v2beta1/lib/src/lib.rs:6246:13
     |
6183 | /             pub fn agent(
6184 | |                 &self,
6185 | |                 request: crate::schemas::GoogleCloudDialogflowV2Beta1Agent,
6186 | |                 parent: impl Into<String>,
...    |
6205 | |                 }
6206 | |             }
     | |_____________- previous definition of `agent` here
...
6246 | /             pub fn agent(&self) -> crate::resources::projects::agent::AgentActions<A> {
6247 | |                 crate::resources::projects::agent::AgentActions {
6248 | |                     reqwest: &self.reqwest,
6249 | |                     auth: &self.auth,
6250 | |                 }
6251 | |             }
     | |_____________^ duplicate definition

error[E0201]: duplicate definitions with name `agent`:
     --> dialogflow/v2beta1/lib/src/lib.rs:22275:17
      |
22209 | /                 pub fn agent(
22210 | |                     &self,
22211 | |                     request: crate::schemas::GoogleCloudDialogflowV2Beta1Agent,
22212 | |                     parent: impl Into<String>,
...     |
22231 | |                     }
22232 | |                 }
      | |_________________- previous definition of `agent` here
...
22275 | /                 pub fn agent(
22276 | |                     &self,
22277 | |                 ) -> crate::resources::projects::locations::agent::AgentActions<A> {
22278 | |                     crate::resources::projects::locations::agent::AgentActions {
...     |
22281 | |                     }
22282 | |                 }
      | |_________________^ duplicate definition

error: aborting due to 2 previous errors

For more information about this error, try `rustc --explain E0201`.
error: Could not compile `google-dialogflow2_beta1`.

To learn more, run the command again with --verbose.
