    Blocking waiting for file lock on package cache
    Blocking waiting for file lock on package cache
    Blocking waiting for file lock on build directory
    Checking google-dialogflow2_beta1 v0.1.0 (/Users/sthiel/dev/google-apis/generated/gen/dialogflow/v2beta1/lib)
error[E0433]: failed to resolve: unresolved import
     --> gen/dialogflow/v2beta1/lib/src/lib.rs:11690:44
      |
11690 |                 intent_view: Option<crate::intents::params::CreateIntentView>,
      |                                            ^^^^^^^
      |                                            |
      |                                            unresolved import
      |                                            help: a similar path exists: `crate::projects::agent::intents`

error[E0433]: failed to resolve: unresolved import
     --> gen/dialogflow/v2beta1/lib/src/lib.rs:11708:35
      |
11708 |                     value: crate::intents::params::CreateIntentView,
      |                                   ^^^^^^^
      |                                   |
      |                                   unresolved import
      |                                   help: a similar path exists: `crate::projects::agent::intents`

error[E0433]: failed to resolve: unresolved import
     --> gen/dialogflow/v2beta1/lib/src/lib.rs:11968:44
      |
11968 |                 intent_view: Option<crate::intents::params::GetIntentView>,
      |                                            ^^^^^^^
      |                                            |
      |                                            unresolved import
      |                                            help: a similar path exists: `crate::projects::agent::intents`

error[E0433]: failed to resolve: unresolved import
     --> gen/dialogflow/v2beta1/lib/src/lib.rs:11986:35
      |
11986 |                     value: crate::intents::params::GetIntentView,
      |                                   ^^^^^^^
      |                                   |
      |                                   unresolved import
      |                                   help: a similar path exists: `crate::projects::agent::intents`

error[E0433]: failed to resolve: unresolved import
     --> gen/dialogflow/v2beta1/lib/src/lib.rs:12115:44
      |
12115 |                 intent_view: Option<crate::intents::params::ListIntentView>,
      |                                            ^^^^^^^
      |                                            |
      |                                            unresolved import
      |                                            help: a similar path exists: `crate::projects::agent::intents`

error[E0433]: failed to resolve: unresolved import
     --> gen/dialogflow/v2beta1/lib/src/lib.rs:12135:35
      |
12135 |                     value: crate::intents::params::ListIntentView,
      |                                   ^^^^^^^
      |                                   |
      |                                   unresolved import
      |                                   help: a similar path exists: `crate::projects::agent::intents`

error[E0433]: failed to resolve: unresolved import
     --> gen/dialogflow/v2beta1/lib/src/lib.rs:12359:44
      |
12359 |                 intent_view: Option<crate::intents::params::PatchIntentView>,
      |                                            ^^^^^^^
      |                                            |
      |                                            unresolved import
      |                                            help: a similar path exists: `crate::projects::agent::intents`

error[E0433]: failed to resolve: unresolved import
     --> gen/dialogflow/v2beta1/lib/src/lib.rs:12378:35
      |
12378 |                     value: crate::intents::params::PatchIntentView,
      |                                   ^^^^^^^
      |                                   |
      |                                   unresolved import
      |                                   help: a similar path exists: `crate::projects::agent::intents`

error[E0433]: failed to resolve: unresolved import
     --> gen/dialogflow/v2beta1/lib/src/lib.rs:24329:48
      |
24329 |                     intent_view: Option<crate::intents::params::CreateIntentView>,
      |                                                ^^^^^^^
      |                                                |
      |                                                unresolved import
      |                                                help: a similar path exists: `crate::projects::agent::intents`

error[E0433]: failed to resolve: unresolved import
     --> gen/dialogflow/v2beta1/lib/src/lib.rs:24347:39
      |
24347 |                         value: crate::intents::params::CreateIntentView,
      |                                       ^^^^^^^
      |                                       |
      |                                       unresolved import
      |                                       help: a similar path exists: `crate::projects::agent::intents`

error[E0433]: failed to resolve: unresolved import
     --> gen/dialogflow/v2beta1/lib/src/lib.rs:24611:48
      |
24611 |                     intent_view: Option<crate::intents::params::GetIntentView>,
      |                                                ^^^^^^^
      |                                                |
      |                                                unresolved import
      |                                                help: a similar path exists: `crate::projects::agent::intents`

error[E0433]: failed to resolve: unresolved import
     --> gen/dialogflow/v2beta1/lib/src/lib.rs:24629:39
      |
24629 |                         value: crate::intents::params::GetIntentView,
      |                                       ^^^^^^^
      |                                       |
      |                                       unresolved import
      |                                       help: a similar path exists: `crate::projects::agent::intents`

error[E0433]: failed to resolve: unresolved import
     --> gen/dialogflow/v2beta1/lib/src/lib.rs:24760:48
      |
24760 |                     intent_view: Option<crate::intents::params::ListIntentView>,
      |                                                ^^^^^^^
      |                                                |
      |                                                unresolved import
      |                                                help: a similar path exists: `crate::projects::agent::intents`

error[E0433]: failed to resolve: unresolved import
     --> gen/dialogflow/v2beta1/lib/src/lib.rs:24780:39
      |
24780 |                         value: crate::intents::params::ListIntentView,
      |                                       ^^^^^^^
      |                                       |
      |                                       unresolved import
      |                                       help: a similar path exists: `crate::projects::agent::intents`

error[E0433]: failed to resolve: unresolved import
     --> gen/dialogflow/v2beta1/lib/src/lib.rs:25006:48
      |
25006 |                     intent_view: Option<crate::intents::params::PatchIntentView>,
      |                                                ^^^^^^^
      |                                                |
      |                                                unresolved import
      |                                                help: a similar path exists: `crate::projects::agent::intents`

error[E0433]: failed to resolve: unresolved import
     --> gen/dialogflow/v2beta1/lib/src/lib.rs:25025:39
      |
25025 |                         value: crate::intents::params::PatchIntentView,
      |                                       ^^^^^^^
      |                                       |
      |                                       unresolved import
      |                                       help: a similar path exists: `crate::projects::agent::intents`

error[E0423]: expected value, found struct `agent::AgentActions`
    --> gen/dialogflow/v2beta1/lib/src/lib.rs:5875:13
     |
5875 |             agent::AgentActions
     |             ^^^^^^^^^^^^^^^^^^^ did you mean `agent::AgentActions { /* fields */ }`?

error[E0423]: expected value, found struct `knowledge_bases::KnowledgeBasesActions`
    --> gen/dialogflow/v2beta1/lib/src/lib.rs:5879:13
     |
5879 |             knowledge_bases::KnowledgeBasesActions
     |             ^^^^^^^^^^^^^^^^^^^^^^^^^^^^^^^^^^^^^^ did you mean `knowledge_bases::KnowledgeBasesActions { /* fields */ }`?

error[E0423]: expected value, found struct `locations::LocationsActions`
    --> gen/dialogflow/v2beta1/lib/src/lib.rs:5883:13
     |
5883 |             locations::LocationsActions
     |             ^^^^^^^^^^^^^^^^^^^^^^^^^^^ did you mean `locations::LocationsActions { /* fields */ }`?

error[E0423]: expected value, found struct `operations::OperationsActions`
    --> gen/dialogflow/v2beta1/lib/src/lib.rs:5887:13
     |
5887 |             operations::OperationsActions
     |             ^^^^^^^^^^^^^^^^^^^^^^^^^^^^^ did you mean `operations::OperationsActions { /* fields */ }`?

error[E0423]: expected value, found struct `entity_types::EntityTypesActions`
    --> gen/dialogflow/v2beta1/lib/src/lib.rs:6412:17
     |
6412 |                 entity_types::EntityTypesActions
     |                 ^^^^^^^^^^^^^^^^^^^^^^^^^^^^^^^^ did you mean `entity_types::EntityTypesActions { /* fields */ }`?

error[E0423]: expected value, found struct `environments::EnvironmentsActions`
    --> gen/dialogflow/v2beta1/lib/src/lib.rs:6416:17
     |
6416 |                 environments::EnvironmentsActions
     |                 ^^^^^^^^^^^^^^^^^^^^^^^^^^^^^^^^^ did you mean `environments::EnvironmentsActions { /* fields */ }`?

error[E0423]: expected value, found struct `intents::IntentsActions`
    --> gen/dialogflow/v2beta1/lib/src/lib.rs:6420:17
     |
6420 |                 intents::IntentsActions
     |                 ^^^^^^^^^^^^^^^^^^^^^^^ did you mean `intents::IntentsActions { /* fields */ }`?

error[E0423]: expected value, found struct `knowledge_bases::KnowledgeBasesActions`
    --> gen/dialogflow/v2beta1/lib/src/lib.rs:6424:17
     |
6424 |                 knowledge_bases::KnowledgeBasesActions
     |                 ^^^^^^^^^^^^^^^^^^^^^^^^^^^^^^^^^^^^^^ did you mean `knowledge_bases::KnowledgeBasesActions { /* fields */ }`?

error[E0423]: expected value, found struct `sessions::SessionsActions`
    --> gen/dialogflow/v2beta1/lib/src/lib.rs:6428:17
     |
6428 |                 sessions::SessionsActions
     |                 ^^^^^^^^^^^^^^^^^^^^^^^^^ did you mean `sessions::SessionsActions { /* fields */ }`?

error[E0423]: expected value, found struct `entities::EntitiesActions`
    --> gen/dialogflow/v2beta1/lib/src/lib.rs:7354:21
     |
7354 |                     entities::EntitiesActions
     |                     ^^^^^^^^^^^^^^^^^^^^^^^^^ did you mean `entities::EntitiesActions { /* fields */ }`?

error[E0423]: expected value, found struct `users::UsersActions`
    --> gen/dialogflow/v2beta1/lib/src/lib.rs:8906:21
     |
8906 |                     users::UsersActions
     |                     ^^^^^^^^^^^^^^^^^^^ did you mean `users::UsersActions { /* fields */ }`?

error[E0423]: expected value, found struct `sessions::SessionsActions`
    --> gen/dialogflow/v2beta1/lib/src/lib.rs:8918:25
     |
8918 |                         sessions::SessionsActions
     |                         ^^^^^^^^^^^^^^^^^^^^^^^^^ did you mean `sessions::SessionsActions { /* fields */ }`?

error[E0423]: expected value, found struct `contexts::ContextsActions`
    --> gen/dialogflow/v2beta1/lib/src/lib.rs:8976:29
     |
8976 |                             contexts::ContextsActions
     |                             ^^^^^^^^^^^^^^^^^^^^^^^^^ did you mean `contexts::ContextsActions { /* fields */ }`?

error[E0423]: expected value, found struct `entity_types::EntityTypesActions`
    --> gen/dialogflow/v2beta1/lib/src/lib.rs:8980:29
     |
8980 |                             entity_types::EntityTypesActions
     |                             ^^^^^^^^^^^^^^^^^^^^^^^^^^^^^^^^ did you mean `entity_types::EntityTypesActions { /* fields */ }`?

error[E0423]: expected value, found struct `documents::DocumentsActions`
     --> gen/dialogflow/v2beta1/lib/src/lib.rs:12629:21
      |
12629 |                     documents::DocumentsActions
      |                     ^^^^^^^^^^^^^^^^^^^^^^^^^^^ did you mean `documents::DocumentsActions { /* fields */ }`?

error[E0423]: expected value, found struct `contexts::ContextsActions`
     --> gen/dialogflow/v2beta1/lib/src/lib.rs:14500:21
      |
14500 |                     contexts::ContextsActions
      |                     ^^^^^^^^^^^^^^^^^^^^^^^^^ did you mean `contexts::ContextsActions { /* fields */ }`?

error[E0423]: expected value, found struct `entity_types::EntityTypesActions`
     --> gen/dialogflow/v2beta1/lib/src/lib.rs:14504:21
      |
14504 |                     entity_types::EntityTypesActions
      |                     ^^^^^^^^^^^^^^^^^^^^^^^^^^^^^^^^ did you mean `entity_types::EntityTypesActions { /* fields */ }`?

error[E0423]: expected value, found struct `documents::DocumentsActions`
     --> gen/dialogflow/v2beta1/lib/src/lib.rs:16660:17
      |
16660 |                 documents::DocumentsActions
      |                 ^^^^^^^^^^^^^^^^^^^^^^^^^^^ did you mean `documents::DocumentsActions { /* fields */ }`?

error[E0423]: expected value, found struct `agent::AgentActions`
     --> gen/dialogflow/v2beta1/lib/src/lib.rs:18528:17
      |
18528 |                 agent::AgentActions
      |                 ^^^^^^^^^^^^^^^^^^^ did you mean `agent::AgentActions { /* fields */ }`?

error[E0423]: expected value, found struct `entity_types::EntityTypesActions`
     --> gen/dialogflow/v2beta1/lib/src/lib.rs:19037:21
      |
19037 |                     entity_types::EntityTypesActions
      |                     ^^^^^^^^^^^^^^^^^^^^^^^^^^^^^^^^ did you mean `entity_types::EntityTypesActions { /* fields */ }`?

error[E0423]: expected value, found struct `environments::EnvironmentsActions`
     --> gen/dialogflow/v2beta1/lib/src/lib.rs:19041:21
      |
19041 |                     environments::EnvironmentsActions
      |                     ^^^^^^^^^^^^^^^^^^^^^^^^^^^^^^^^^ did you mean `environments::EnvironmentsActions { /* fields */ }`?

error[E0423]: expected value, found struct `intents::IntentsActions`
     --> gen/dialogflow/v2beta1/lib/src/lib.rs:19045:21
      |
19045 |                     intents::IntentsActions
      |                     ^^^^^^^^^^^^^^^^^^^^^^^ did you mean `intents::IntentsActions { /* fields */ }`?

error[E0423]: expected value, found struct `sessions::SessionsActions`
     --> gen/dialogflow/v2beta1/lib/src/lib.rs:19049:21
      |
19049 |                     sessions::SessionsActions
      |                     ^^^^^^^^^^^^^^^^^^^^^^^^^ did you mean `sessions::SessionsActions { /* fields */ }`?

error[E0423]: expected value, found struct `entities::EntitiesActions`
     --> gen/dialogflow/v2beta1/lib/src/lib.rs:19749:25
      |
19749 |                         entities::EntitiesActions
      |                         ^^^^^^^^^^^^^^^^^^^^^^^^^ did you mean `entities::EntitiesActions { /* fields */ }`?

error[E0423]: expected value, found struct `users::UsersActions`
     --> gen/dialogflow/v2beta1/lib/src/lib.rs:21324:25
      |
21324 |                         users::UsersActions
      |                         ^^^^^^^^^^^^^^^^^^^ did you mean `users::UsersActions { /* fields */ }`?

error[E0423]: expected value, found struct `sessions::SessionsActions`
     --> gen/dialogflow/v2beta1/lib/src/lib.rs:21336:29
      |
21336 |                             sessions::SessionsActions
      |                             ^^^^^^^^^^^^^^^^^^^^^^^^^ did you mean `sessions::SessionsActions { /* fields */ }`?

error[E0423]: expected value, found struct `contexts::ContextsActions`
     --> gen/dialogflow/v2beta1/lib/src/lib.rs:21394:33
      |
21394 |                                 contexts::ContextsActions
      |                                 ^^^^^^^^^^^^^^^^^^^^^^^^^ did you mean `contexts::ContextsActions { /* fields */ }`?

error[E0423]: expected value, found struct `entity_types::EntityTypesActions`
     --> gen/dialogflow/v2beta1/lib/src/lib.rs:21398:33
      |
21398 |                                 entity_types::EntityTypesActions
      |                                 ^^^^^^^^^^^^^^^^^^^^^^^^^^^^^^^^ did you mean `entity_types::EntityTypesActions { /* fields */ }`?

error[E0423]: expected value, found struct `contexts::ContextsActions`
     --> gen/dialogflow/v2beta1/lib/src/lib.rs:25215:25
      |
25215 |                         contexts::ContextsActions
      |                         ^^^^^^^^^^^^^^^^^^^^^^^^^ did you mean `contexts::ContextsActions { /* fields */ }`?

error[E0423]: expected value, found struct `entity_types::EntityTypesActions`
     --> gen/dialogflow/v2beta1/lib/src/lib.rs:25219:25
      |
25219 |                         entity_types::EntityTypesActions
      |                         ^^^^^^^^^^^^^^^^^^^^^^^^^^^^^^^^ did you mean `entity_types::EntityTypesActions { /* fields */ }`?

error[E0201]: duplicate definitions with name `agent`:
    --> gen/dialogflow/v2beta1/lib/src/lib.rs:5874:9
     |
5811 | /         pub fn agent(
5812 | |             &self,
5813 | |             request: crate::schemas::GoogleCloudDialogflowV2Beta1Agent,
5814 | |             parent: impl Into<String>,
...    |
5833 | |             }
5834 | |         }
     | |_________- previous definition of `agent` here
...
5874 | /         pub fn agent(&self) -> agent::AgentActions<A> {
5875 | |             agent::AgentActions
5876 | |         }
     | |_________^ duplicate definition

error[E0201]: duplicate definitions with name `agent`:
     --> gen/dialogflow/v2beta1/lib/src/lib.rs:18527:13
      |
18464 | /             pub fn agent(
18465 | |                 &self,
18466 | |                 request: crate::schemas::GoogleCloudDialogflowV2Beta1Agent,
18467 | |                 parent: impl Into<String>,
...     |
18486 | |                 }
18487 | |             }
      | |_____________- previous definition of `agent` here
...
18527 | /             pub fn agent(&self) -> agent::AgentActions<A> {
18528 | |                 agent::AgentActions
18529 | |             }
      | |_____________^ duplicate definition

error: aborting due to 48 previous errors

Some errors have detailed explanations: E0201, E0423, E0433.
For more information about an error, try `rustc --explain E0201`.
error: Could not compile `google-dialogflow2_beta1`.

To learn more, run the command again with --verbose.
