    Checking google-vision1_p1beta1 v0.1.0 (/Users/sthiel/dev/google-apis/generated/gen/vision/v1p1beta1/lib)
error[E0107]: wrong number of type arguments: expected 0, found 2
   --> vision/v1p1beta1/lib/src/lib.rs:201:57
    |
201 |         fn serialize<S>(&self, serializer: S) -> Result<S::Ok, S::Error>
    |                                                         ^^^^^  ^^^^^^^^ unexpected type argument
    |                                                         |
    |                                                         unexpected type argument

error[E0107]: wrong number of type arguments: expected 0, found 2
   --> vision/v1p1beta1/lib/src/lib.rs:209:54
    |
209 |         fn deserialize<D>(deserializer: D) -> Result<Self, D::Error>
    |                                                      ^^^^  ^^^^^^^^ unexpected type argument
    |                                                      |
    |                                                      unexpected type argument

error[E0107]: wrong number of type arguments: expected 0, found 2
   --> vision/v1p1beta1/lib/src/lib.rs:303:57
    |
303 |         fn serialize<S>(&self, serializer: S) -> Result<S::Ok, S::Error>
    |                                                         ^^^^^  ^^^^^^^^ unexpected type argument
    |                                                         |
    |                                                         unexpected type argument

error[E0107]: wrong number of type arguments: expected 0, found 2
   --> vision/v1p1beta1/lib/src/lib.rs:311:54
    |
311 |         fn deserialize<D>(deserializer: D) -> Result<Self, D::Error>
    |                                                      ^^^^  ^^^^^^^^ unexpected type argument
    |                                                      |
    |                                                      unexpected type argument

error[E0107]: wrong number of type arguments: expected 0, found 2
   --> vision/v1p1beta1/lib/src/lib.rs:512:57
    |
512 |         fn serialize<S>(&self, serializer: S) -> Result<S::Ok, S::Error>
    |                                                         ^^^^^  ^^^^^^^^ unexpected type argument
    |                                                         |
    |                                                         unexpected type argument

error[E0107]: wrong number of type arguments: expected 0, found 2
   --> vision/v1p1beta1/lib/src/lib.rs:520:54
    |
520 |         fn deserialize<D>(deserializer: D) -> Result<Self, D::Error>
    |                                                      ^^^^  ^^^^^^^^ unexpected type argument
    |                                                      |
    |                                                      unexpected type argument

error[E0107]: wrong number of type arguments: expected 0, found 2
   --> vision/v1p1beta1/lib/src/lib.rs:690:57
    |
690 |         fn serialize<S>(&self, serializer: S) -> Result<S::Ok, S::Error>
    |                                                         ^^^^^  ^^^^^^^^ unexpected type argument
    |                                                         |
    |                                                         unexpected type argument

error[E0107]: wrong number of type arguments: expected 0, found 2
   --> vision/v1p1beta1/lib/src/lib.rs:698:54
    |
698 |         fn deserialize<D>(deserializer: D) -> Result<Self, D::Error>
    |                                                      ^^^^  ^^^^^^^^ unexpected type argument
    |                                                      |
    |                                                      unexpected type argument

error[E0107]: wrong number of type arguments: expected 0, found 2
   --> vision/v1p1beta1/lib/src/lib.rs:761:57
    |
761 |         fn serialize<S>(&self, serializer: S) -> Result<S::Ok, S::Error>
    |                                                         ^^^^^  ^^^^^^^^ unexpected type argument
    |                                                         |
    |                                                         unexpected type argument

error[E0107]: wrong number of type arguments: expected 0, found 2
   --> vision/v1p1beta1/lib/src/lib.rs:769:54
    |
769 |         fn deserialize<D>(deserializer: D) -> Result<Self, D::Error>
    |                                                      ^^^^  ^^^^^^^^ unexpected type argument
    |                                                      |
    |                                                      unexpected type argument

error[E0107]: wrong number of type arguments: expected 0, found 2
   --> vision/v1p1beta1/lib/src/lib.rs:832:57
    |
832 |         fn serialize<S>(&self, serializer: S) -> Result<S::Ok, S::Error>
    |                                                         ^^^^^  ^^^^^^^^ unexpected type argument
    |                                                         |
    |                                                         unexpected type argument

error[E0107]: wrong number of type arguments: expected 0, found 2
   --> vision/v1p1beta1/lib/src/lib.rs:840:54
    |
840 |         fn deserialize<D>(deserializer: D) -> Result<Self, D::Error>
    |                                                      ^^^^  ^^^^^^^^ unexpected type argument
    |                                                      |
    |                                                      unexpected type argument

error[E0107]: wrong number of type arguments: expected 0, found 2
   --> vision/v1p1beta1/lib/src/lib.rs:903:57
    |
903 |         fn serialize<S>(&self, serializer: S) -> Result<S::Ok, S::Error>
    |                                                         ^^^^^  ^^^^^^^^ unexpected type argument
    |                                                         |
    |                                                         unexpected type argument

error[E0107]: wrong number of type arguments: expected 0, found 2
   --> vision/v1p1beta1/lib/src/lib.rs:911:54
    |
911 |         fn deserialize<D>(deserializer: D) -> Result<Self, D::Error>
    |                                                      ^^^^  ^^^^^^^^ unexpected type argument
    |                                                      |
    |                                                      unexpected type argument

error[E0107]: wrong number of type arguments: expected 0, found 2
   --> vision/v1p1beta1/lib/src/lib.rs:974:57
    |
974 |         fn serialize<S>(&self, serializer: S) -> Result<S::Ok, S::Error>
    |                                                         ^^^^^  ^^^^^^^^ unexpected type argument
    |                                                         |
    |                                                         unexpected type argument

error[E0107]: wrong number of type arguments: expected 0, found 2
   --> vision/v1p1beta1/lib/src/lib.rs:982:54
    |
982 |         fn deserialize<D>(deserializer: D) -> Result<Self, D::Error>
    |                                                      ^^^^  ^^^^^^^^ unexpected type argument
    |                                                      |
    |                                                      unexpected type argument

error[E0107]: wrong number of type arguments: expected 0, found 2
    --> vision/v1p1beta1/lib/src/lib.rs:1045:57
     |
1045 |         fn serialize<S>(&self, serializer: S) -> Result<S::Ok, S::Error>
     |                                                         ^^^^^  ^^^^^^^^ unexpected type argument
     |                                                         |
     |                                                         unexpected type argument

error[E0107]: wrong number of type arguments: expected 0, found 2
    --> vision/v1p1beta1/lib/src/lib.rs:1053:54
     |
1053 |         fn deserialize<D>(deserializer: D) -> Result<Self, D::Error>
     |                                                      ^^^^  ^^^^^^^^ unexpected type argument
     |                                                      |
     |                                                      unexpected type argument

error[E0107]: wrong number of type arguments: expected 0, found 2
    --> vision/v1p1beta1/lib/src/lib.rs:1116:57
     |
1116 |         fn serialize<S>(&self, serializer: S) -> Result<S::Ok, S::Error>
     |                                                         ^^^^^  ^^^^^^^^ unexpected type argument
     |                                                         |
     |                                                         unexpected type argument

error[E0107]: wrong number of type arguments: expected 0, found 2
    --> vision/v1p1beta1/lib/src/lib.rs:1124:54
     |
1124 |         fn deserialize<D>(deserializer: D) -> Result<Self, D::Error>
     |                                                      ^^^^  ^^^^^^^^ unexpected type argument
     |                                                      |
     |                                                      unexpected type argument

error[E0107]: wrong number of type arguments: expected 0, found 2
    --> vision/v1p1beta1/lib/src/lib.rs:1657:57
     |
1657 |         fn serialize<S>(&self, serializer: S) -> Result<S::Ok, S::Error>
     |                                                         ^^^^^  ^^^^^^^^ unexpected type argument
     |                                                         |
     |                                                         unexpected type argument

error[E0107]: wrong number of type arguments: expected 0, found 2
    --> vision/v1p1beta1/lib/src/lib.rs:1665:54
     |
1665 |         fn deserialize<D>(deserializer: D) -> Result<Self, D::Error>
     |                                                      ^^^^  ^^^^^^^^ unexpected type argument
     |                                                      |
     |                                                      unexpected type argument

error[E0107]: wrong number of type arguments: expected 0, found 2
    --> vision/v1p1beta1/lib/src/lib.rs:1930:57
     |
1930 |         fn serialize<S>(&self, serializer: S) -> Result<S::Ok, S::Error>
     |                                                         ^^^^^  ^^^^^^^^ unexpected type argument
     |                                                         |
     |                                                         unexpected type argument

error[E0107]: wrong number of type arguments: expected 0, found 2
    --> vision/v1p1beta1/lib/src/lib.rs:1938:54
     |
1938 |         fn deserialize<D>(deserializer: D) -> Result<Self, D::Error>
     |                                                      ^^^^  ^^^^^^^^ unexpected type argument
     |                                                      |
     |                                                      unexpected type argument

error[E0107]: wrong number of type arguments: expected 0, found 2
    --> vision/v1p1beta1/lib/src/lib.rs:2009:57
     |
2009 |         fn serialize<S>(&self, serializer: S) -> Result<S::Ok, S::Error>
     |                                                         ^^^^^  ^^^^^^^^ unexpected type argument
     |                                                         |
     |                                                         unexpected type argument

error[E0107]: wrong number of type arguments: expected 0, found 2
    --> vision/v1p1beta1/lib/src/lib.rs:2017:54
     |
2017 |         fn deserialize<D>(deserializer: D) -> Result<Self, D::Error>
     |                                                      ^^^^  ^^^^^^^^ unexpected type argument
     |                                                      |
     |                                                      unexpected type argument

error[E0107]: wrong number of type arguments: expected 0, found 2
    --> vision/v1p1beta1/lib/src/lib.rs:2088:57
     |
2088 |         fn serialize<S>(&self, serializer: S) -> Result<S::Ok, S::Error>
     |                                                         ^^^^^  ^^^^^^^^ unexpected type argument
     |                                                         |
     |                                                         unexpected type argument

error[E0107]: wrong number of type arguments: expected 0, found 2
    --> vision/v1p1beta1/lib/src/lib.rs:2096:54
     |
2096 |         fn deserialize<D>(deserializer: D) -> Result<Self, D::Error>
     |                                                      ^^^^  ^^^^^^^^ unexpected type argument
     |                                                      |
     |                                                      unexpected type argument

error[E0107]: wrong number of type arguments: expected 0, found 2
    --> vision/v1p1beta1/lib/src/lib.rs:2167:57
     |
2167 |         fn serialize<S>(&self, serializer: S) -> Result<S::Ok, S::Error>
     |                                                         ^^^^^  ^^^^^^^^ unexpected type argument
     |                                                         |
     |                                                         unexpected type argument

error[E0107]: wrong number of type arguments: expected 0, found 2
    --> vision/v1p1beta1/lib/src/lib.rs:2175:54
     |
2175 |         fn deserialize<D>(deserializer: D) -> Result<Self, D::Error>
     |                                                      ^^^^  ^^^^^^^^ unexpected type argument
     |                                                      |
     |                                                      unexpected type argument

error[E0107]: wrong number of type arguments: expected 0, found 2
    --> vision/v1p1beta1/lib/src/lib.rs:2244:57
     |
2244 |         fn serialize<S>(&self, serializer: S) -> Result<S::Ok, S::Error>
     |                                                         ^^^^^  ^^^^^^^^ unexpected type argument
     |                                                         |
     |                                                         unexpected type argument

error[E0107]: wrong number of type arguments: expected 0, found 2
    --> vision/v1p1beta1/lib/src/lib.rs:2252:54
     |
2252 |         fn deserialize<D>(deserializer: D) -> Result<Self, D::Error>
     |                                                      ^^^^  ^^^^^^^^ unexpected type argument
     |                                                      |
     |                                                      unexpected type argument

error[E0107]: wrong number of type arguments: expected 0, found 2
    --> vision/v1p1beta1/lib/src/lib.rs:2323:57
     |
2323 |         fn serialize<S>(&self, serializer: S) -> Result<S::Ok, S::Error>
     |                                                         ^^^^^  ^^^^^^^^ unexpected type argument
     |                                                         |
     |                                                         unexpected type argument

error[E0107]: wrong number of type arguments: expected 0, found 2
    --> vision/v1p1beta1/lib/src/lib.rs:2331:54
     |
2331 |         fn deserialize<D>(deserializer: D) -> Result<Self, D::Error>
     |                                                      ^^^^  ^^^^^^^^ unexpected type argument
     |                                                      |
     |                                                      unexpected type argument

error[E0107]: wrong number of type arguments: expected 0, found 2
    --> vision/v1p1beta1/lib/src/lib.rs:2410:57
     |
2410 |         fn serialize<S>(&self, serializer: S) -> Result<S::Ok, S::Error>
     |                                                         ^^^^^  ^^^^^^^^ unexpected type argument
     |                                                         |
     |                                                         unexpected type argument

error[E0107]: wrong number of type arguments: expected 0, found 2
    --> vision/v1p1beta1/lib/src/lib.rs:2420:54
     |
2420 |         fn deserialize<D>(deserializer: D) -> Result<Self, D::Error>
     |                                                      ^^^^  ^^^^^^^^ unexpected type argument
     |                                                      |
     |                                                      unexpected type argument

error[E0107]: wrong number of type arguments: expected 0, found 2
    --> vision/v1p1beta1/lib/src/lib.rs:2713:57
     |
2713 |         fn serialize<S>(&self, serializer: S) -> Result<S::Ok, S::Error>
     |                                                         ^^^^^  ^^^^^^^^ unexpected type argument
     |                                                         |
     |                                                         unexpected type argument

error[E0107]: wrong number of type arguments: expected 0, found 2
    --> vision/v1p1beta1/lib/src/lib.rs:2721:54
     |
2721 |         fn deserialize<D>(deserializer: D) -> Result<Self, D::Error>
     |                                                      ^^^^  ^^^^^^^^ unexpected type argument
     |                                                      |
     |                                                      unexpected type argument

error[E0107]: wrong number of type arguments: expected 0, found 2
    --> vision/v1p1beta1/lib/src/lib.rs:2914:57
     |
2914 |         fn serialize<S>(&self, serializer: S) -> Result<S::Ok, S::Error>
     |                                                         ^^^^^  ^^^^^^^^ unexpected type argument
     |                                                         |
     |                                                         unexpected type argument

error[E0107]: wrong number of type arguments: expected 0, found 2
    --> vision/v1p1beta1/lib/src/lib.rs:2922:54
     |
2922 |         fn deserialize<D>(deserializer: D) -> Result<Self, D::Error>
     |                                                      ^^^^  ^^^^^^^^ unexpected type argument
     |                                                      |
     |                                                      unexpected type argument

error[E0107]: wrong number of type arguments: expected 0, found 2
    --> vision/v1p1beta1/lib/src/lib.rs:3337:57
     |
3337 |         fn serialize<S>(&self, serializer: S) -> Result<S::Ok, S::Error>
     |                                                         ^^^^^  ^^^^^^^^ unexpected type argument
     |                                                         |
     |                                                         unexpected type argument

error[E0107]: wrong number of type arguments: expected 0, found 2
    --> vision/v1p1beta1/lib/src/lib.rs:3345:54
     |
3345 |         fn deserialize<D>(deserializer: D) -> Result<Self, D::Error>
     |                                                      ^^^^  ^^^^^^^^ unexpected type argument
     |                                                      |
     |                                                      unexpected type argument

error[E0107]: wrong number of type arguments: expected 0, found 2
    --> vision/v1p1beta1/lib/src/lib.rs:3760:57
     |
3760 |         fn serialize<S>(&self, serializer: S) -> Result<S::Ok, S::Error>
     |                                                         ^^^^^  ^^^^^^^^ unexpected type argument
     |                                                         |
     |                                                         unexpected type argument

error[E0107]: wrong number of type arguments: expected 0, found 2
    --> vision/v1p1beta1/lib/src/lib.rs:3768:54
     |
3768 |         fn deserialize<D>(deserializer: D) -> Result<Self, D::Error>
     |                                                      ^^^^  ^^^^^^^^ unexpected type argument
     |                                                      |
     |                                                      unexpected type argument

error[E0107]: wrong number of type arguments: expected 0, found 2
    --> vision/v1p1beta1/lib/src/lib.rs:3835:57
     |
3835 |         fn serialize<S>(&self, serializer: S) -> Result<S::Ok, S::Error>
     |                                                         ^^^^^  ^^^^^^^^ unexpected type argument
     |                                                         |
     |                                                         unexpected type argument

error[E0107]: wrong number of type arguments: expected 0, found 2
    --> vision/v1p1beta1/lib/src/lib.rs:3843:54
     |
3843 |         fn deserialize<D>(deserializer: D) -> Result<Self, D::Error>
     |                                                      ^^^^  ^^^^^^^^ unexpected type argument
     |                                                      |
     |                                                      unexpected type argument

error[E0107]: wrong number of type arguments: expected 0, found 2
    --> vision/v1p1beta1/lib/src/lib.rs:3908:57
     |
3908 |         fn serialize<S>(&self, serializer: S) -> Result<S::Ok, S::Error>
     |                                                         ^^^^^  ^^^^^^^^ unexpected type argument
     |                                                         |
     |                                                         unexpected type argument

error[E0107]: wrong number of type arguments: expected 0, found 2
    --> vision/v1p1beta1/lib/src/lib.rs:3916:54
     |
3916 |         fn deserialize<D>(deserializer: D) -> Result<Self, D::Error>
     |                                                      ^^^^  ^^^^^^^^ unexpected type argument
     |                                                      |
     |                                                      unexpected type argument

error[E0107]: wrong number of type arguments: expected 0, found 2
    --> vision/v1p1beta1/lib/src/lib.rs:3981:57
     |
3981 |         fn serialize<S>(&self, serializer: S) -> Result<S::Ok, S::Error>
     |                                                         ^^^^^  ^^^^^^^^ unexpected type argument
     |                                                         |
     |                                                         unexpected type argument

error[E0107]: wrong number of type arguments: expected 0, found 2
    --> vision/v1p1beta1/lib/src/lib.rs:3989:54
     |
3989 |         fn deserialize<D>(deserializer: D) -> Result<Self, D::Error>
     |                                                      ^^^^  ^^^^^^^^ unexpected type argument
     |                                                      |
     |                                                      unexpected type argument

error[E0107]: wrong number of type arguments: expected 0, found 2
    --> vision/v1p1beta1/lib/src/lib.rs:4056:57
     |
4056 |         fn serialize<S>(&self, serializer: S) -> Result<S::Ok, S::Error>
     |                                                         ^^^^^  ^^^^^^^^ unexpected type argument
     |                                                         |
     |                                                         unexpected type argument

error[E0107]: wrong number of type arguments: expected 0, found 2
    --> vision/v1p1beta1/lib/src/lib.rs:4064:54
     |
4064 |         fn deserialize<D>(deserializer: D) -> Result<Self, D::Error>
     |                                                      ^^^^  ^^^^^^^^ unexpected type argument
     |                                                      |
     |                                                      unexpected type argument

error[E0107]: wrong number of type arguments: expected 0, found 2
    --> vision/v1p1beta1/lib/src/lib.rs:4232:57
     |
4232 |         fn serialize<S>(&self, serializer: S) -> Result<S::Ok, S::Error>
     |                                                         ^^^^^  ^^^^^^^^ unexpected type argument
     |                                                         |
     |                                                         unexpected type argument

error[E0107]: wrong number of type arguments: expected 0, found 2
    --> vision/v1p1beta1/lib/src/lib.rs:4240:54
     |
4240 |         fn deserialize<D>(deserializer: D) -> Result<Self, D::Error>
     |                                                      ^^^^  ^^^^^^^^ unexpected type argument
     |                                                      |
     |                                                      unexpected type argument

error[E0107]: wrong number of type arguments: expected 0, found 2
    --> vision/v1p1beta1/lib/src/lib.rs:4764:57
     |
4764 |         fn serialize<S>(&self, serializer: S) -> Result<S::Ok, S::Error>
     |                                                         ^^^^^  ^^^^^^^^ unexpected type argument
     |                                                         |
     |                                                         unexpected type argument

error[E0107]: wrong number of type arguments: expected 0, found 2
    --> vision/v1p1beta1/lib/src/lib.rs:4772:54
     |
4772 |         fn deserialize<D>(deserializer: D) -> Result<Self, D::Error>
     |                                                      ^^^^  ^^^^^^^^ unexpected type argument
     |                                                      |
     |                                                      unexpected type argument

error[E0107]: wrong number of type arguments: expected 0, found 2
    --> vision/v1p1beta1/lib/src/lib.rs:5020:57
     |
5020 |         fn serialize<S>(&self, serializer: S) -> Result<S::Ok, S::Error>
     |                                                         ^^^^^  ^^^^^^^^ unexpected type argument
     |                                                         |
     |                                                         unexpected type argument

error[E0107]: wrong number of type arguments: expected 0, found 2
    --> vision/v1p1beta1/lib/src/lib.rs:5028:54
     |
5028 |         fn deserialize<D>(deserializer: D) -> Result<Self, D::Error>
     |                                                      ^^^^  ^^^^^^^^ unexpected type argument
     |                                                      |
     |                                                      unexpected type argument

error[E0107]: wrong number of type arguments: expected 0, found 2
    --> vision/v1p1beta1/lib/src/lib.rs:5099:57
     |
5099 |         fn serialize<S>(&self, serializer: S) -> Result<S::Ok, S::Error>
     |                                                         ^^^^^  ^^^^^^^^ unexpected type argument
     |                                                         |
     |                                                         unexpected type argument

error[E0107]: wrong number of type arguments: expected 0, found 2
    --> vision/v1p1beta1/lib/src/lib.rs:5107:54
     |
5107 |         fn deserialize<D>(deserializer: D) -> Result<Self, D::Error>
     |                                                      ^^^^  ^^^^^^^^ unexpected type argument
     |                                                      |
     |                                                      unexpected type argument

error[E0107]: wrong number of type arguments: expected 0, found 2
    --> vision/v1p1beta1/lib/src/lib.rs:5178:57
     |
5178 |         fn serialize<S>(&self, serializer: S) -> Result<S::Ok, S::Error>
     |                                                         ^^^^^  ^^^^^^^^ unexpected type argument
     |                                                         |
     |                                                         unexpected type argument

error[E0107]: wrong number of type arguments: expected 0, found 2
    --> vision/v1p1beta1/lib/src/lib.rs:5186:54
     |
5186 |         fn deserialize<D>(deserializer: D) -> Result<Self, D::Error>
     |                                                      ^^^^  ^^^^^^^^ unexpected type argument
     |                                                      |
     |                                                      unexpected type argument

error[E0107]: wrong number of type arguments: expected 0, found 2
    --> vision/v1p1beta1/lib/src/lib.rs:5257:57
     |
5257 |         fn serialize<S>(&self, serializer: S) -> Result<S::Ok, S::Error>
     |                                                         ^^^^^  ^^^^^^^^ unexpected type argument
     |                                                         |
     |                                                         unexpected type argument

error[E0107]: wrong number of type arguments: expected 0, found 2
    --> vision/v1p1beta1/lib/src/lib.rs:5265:54
     |
5265 |         fn deserialize<D>(deserializer: D) -> Result<Self, D::Error>
     |                                                      ^^^^  ^^^^^^^^ unexpected type argument
     |                                                      |
     |                                                      unexpected type argument

error[E0107]: wrong number of type arguments: expected 0, found 2
    --> vision/v1p1beta1/lib/src/lib.rs:5334:57
     |
5334 |         fn serialize<S>(&self, serializer: S) -> Result<S::Ok, S::Error>
     |                                                         ^^^^^  ^^^^^^^^ unexpected type argument
     |                                                         |
     |                                                         unexpected type argument

error[E0107]: wrong number of type arguments: expected 0, found 2
    --> vision/v1p1beta1/lib/src/lib.rs:5342:54
     |
5342 |         fn deserialize<D>(deserializer: D) -> Result<Self, D::Error>
     |                                                      ^^^^  ^^^^^^^^ unexpected type argument
     |                                                      |
     |                                                      unexpected type argument

error[E0107]: wrong number of type arguments: expected 0, found 2
    --> vision/v1p1beta1/lib/src/lib.rs:5413:57
     |
5413 |         fn serialize<S>(&self, serializer: S) -> Result<S::Ok, S::Error>
     |                                                         ^^^^^  ^^^^^^^^ unexpected type argument
     |                                                         |
     |                                                         unexpected type argument

error[E0107]: wrong number of type arguments: expected 0, found 2
    --> vision/v1p1beta1/lib/src/lib.rs:5421:54
     |
5421 |         fn deserialize<D>(deserializer: D) -> Result<Self, D::Error>
     |                                                      ^^^^  ^^^^^^^^ unexpected type argument
     |                                                      |
     |                                                      unexpected type argument

error[E0107]: wrong number of type arguments: expected 0, found 2
    --> vision/v1p1beta1/lib/src/lib.rs:5500:57
     |
5500 |         fn serialize<S>(&self, serializer: S) -> Result<S::Ok, S::Error>
     |                                                         ^^^^^  ^^^^^^^^ unexpected type argument
     |                                                         |
     |                                                         unexpected type argument

error[E0107]: wrong number of type arguments: expected 0, found 2
    --> vision/v1p1beta1/lib/src/lib.rs:5510:54
     |
5510 |         fn deserialize<D>(deserializer: D) -> Result<Self, D::Error>
     |                                                      ^^^^  ^^^^^^^^ unexpected type argument
     |                                                      |
     |                                                      unexpected type argument

error[E0107]: wrong number of type arguments: expected 0, found 2
    --> vision/v1p1beta1/lib/src/lib.rs:5803:57
     |
5803 |         fn serialize<S>(&self, serializer: S) -> Result<S::Ok, S::Error>
     |                                                         ^^^^^  ^^^^^^^^ unexpected type argument
     |                                                         |
     |                                                         unexpected type argument

error[E0107]: wrong number of type arguments: expected 0, found 2
    --> vision/v1p1beta1/lib/src/lib.rs:5811:54
     |
5811 |         fn deserialize<D>(deserializer: D) -> Result<Self, D::Error>
     |                                                      ^^^^  ^^^^^^^^ unexpected type argument
     |                                                      |
     |                                                      unexpected type argument

error[E0107]: wrong number of type arguments: expected 0, found 2
    --> vision/v1p1beta1/lib/src/lib.rs:6177:57
     |
6177 |         fn serialize<S>(&self, serializer: S) -> Result<S::Ok, S::Error>
     |                                                         ^^^^^  ^^^^^^^^ unexpected type argument
     |                                                         |
     |                                                         unexpected type argument

error[E0107]: wrong number of type arguments: expected 0, found 2
    --> vision/v1p1beta1/lib/src/lib.rs:6185:54
     |
6185 |         fn deserialize<D>(deserializer: D) -> Result<Self, D::Error>
     |                                                      ^^^^  ^^^^^^^^ unexpected type argument
     |                                                      |
     |                                                      unexpected type argument

error[E0107]: wrong number of type arguments: expected 0, found 2
    --> vision/v1p1beta1/lib/src/lib.rs:6573:57
     |
6573 |         fn serialize<S>(&self, serializer: S) -> Result<S::Ok, S::Error>
     |                                                         ^^^^^  ^^^^^^^^ unexpected type argument
     |                                                         |
     |                                                         unexpected type argument

error[E0107]: wrong number of type arguments: expected 0, found 2
    --> vision/v1p1beta1/lib/src/lib.rs:6581:54
     |
6581 |         fn deserialize<D>(deserializer: D) -> Result<Self, D::Error>
     |                                                      ^^^^  ^^^^^^^^ unexpected type argument
     |                                                      |
     |                                                      unexpected type argument

error[E0107]: wrong number of type arguments: expected 0, found 2
    --> vision/v1p1beta1/lib/src/lib.rs:6648:57
     |
6648 |         fn serialize<S>(&self, serializer: S) -> Result<S::Ok, S::Error>
     |                                                         ^^^^^  ^^^^^^^^ unexpected type argument
     |                                                         |
     |                                                         unexpected type argument

error[E0107]: wrong number of type arguments: expected 0, found 2
    --> vision/v1p1beta1/lib/src/lib.rs:6656:54
     |
6656 |         fn deserialize<D>(deserializer: D) -> Result<Self, D::Error>
     |                                                      ^^^^  ^^^^^^^^ unexpected type argument
     |                                                      |
     |                                                      unexpected type argument

error[E0107]: wrong number of type arguments: expected 0, found 2
    --> vision/v1p1beta1/lib/src/lib.rs:6721:57
     |
6721 |         fn serialize<S>(&self, serializer: S) -> Result<S::Ok, S::Error>
     |                                                         ^^^^^  ^^^^^^^^ unexpected type argument
     |                                                         |
     |                                                         unexpected type argument

error[E0107]: wrong number of type arguments: expected 0, found 2
    --> vision/v1p1beta1/lib/src/lib.rs:6729:54
     |
6729 |         fn deserialize<D>(deserializer: D) -> Result<Self, D::Error>
     |                                                      ^^^^  ^^^^^^^^ unexpected type argument
     |                                                      |
     |                                                      unexpected type argument

error[E0107]: wrong number of type arguments: expected 0, found 2
    --> vision/v1p1beta1/lib/src/lib.rs:6794:57
     |
6794 |         fn serialize<S>(&self, serializer: S) -> Result<S::Ok, S::Error>
     |                                                         ^^^^^  ^^^^^^^^ unexpected type argument
     |                                                         |
     |                                                         unexpected type argument

error[E0107]: wrong number of type arguments: expected 0, found 2
    --> vision/v1p1beta1/lib/src/lib.rs:6802:54
     |
6802 |         fn deserialize<D>(deserializer: D) -> Result<Self, D::Error>
     |                                                      ^^^^  ^^^^^^^^ unexpected type argument
     |                                                      |
     |                                                      unexpected type argument

error[E0107]: wrong number of type arguments: expected 0, found 2
    --> vision/v1p1beta1/lib/src/lib.rs:6869:57
     |
6869 |         fn serialize<S>(&self, serializer: S) -> Result<S::Ok, S::Error>
     |                                                         ^^^^^  ^^^^^^^^ unexpected type argument
     |                                                         |
     |                                                         unexpected type argument

error[E0107]: wrong number of type arguments: expected 0, found 2
    --> vision/v1p1beta1/lib/src/lib.rs:6877:54
     |
6877 |         fn deserialize<D>(deserializer: D) -> Result<Self, D::Error>
     |                                                      ^^^^  ^^^^^^^^ unexpected type argument
     |                                                      |
     |                                                      unexpected type argument

error[E0107]: wrong number of type arguments: expected 0, found 2
    --> vision/v1p1beta1/lib/src/lib.rs:7045:57
     |
7045 |         fn serialize<S>(&self, serializer: S) -> Result<S::Ok, S::Error>
     |                                                         ^^^^^  ^^^^^^^^ unexpected type argument
     |                                                         |
     |                                                         unexpected type argument

error[E0107]: wrong number of type arguments: expected 0, found 2
    --> vision/v1p1beta1/lib/src/lib.rs:7053:54
     |
7053 |         fn deserialize<D>(deserializer: D) -> Result<Self, D::Error>
     |                                                      ^^^^  ^^^^^^^^ unexpected type argument
     |                                                      |
     |                                                      unexpected type argument

error[E0107]: wrong number of type arguments: expected 0, found 2
    --> vision/v1p1beta1/lib/src/lib.rs:7550:57
     |
7550 |         fn serialize<S>(&self, serializer: S) -> Result<S::Ok, S::Error>
     |                                                         ^^^^^  ^^^^^^^^ unexpected type argument
     |                                                         |
     |                                                         unexpected type argument

error[E0107]: wrong number of type arguments: expected 0, found 2
    --> vision/v1p1beta1/lib/src/lib.rs:7558:54
     |
7558 |         fn deserialize<D>(deserializer: D) -> Result<Self, D::Error>
     |                                                      ^^^^  ^^^^^^^^ unexpected type argument
     |                                                      |
     |                                                      unexpected type argument

error[E0107]: wrong number of type arguments: expected 0, found 2
    --> vision/v1p1beta1/lib/src/lib.rs:7656:57
     |
7656 |         fn serialize<S>(&self, serializer: S) -> Result<S::Ok, S::Error>
     |                                                         ^^^^^  ^^^^^^^^ unexpected type argument
     |                                                         |
     |                                                         unexpected type argument

error[E0107]: wrong number of type arguments: expected 0, found 2
    --> vision/v1p1beta1/lib/src/lib.rs:7664:54
     |
7664 |         fn deserialize<D>(deserializer: D) -> Result<Self, D::Error>
     |                                                      ^^^^  ^^^^^^^^ unexpected type argument
     |                                                      |
     |                                                      unexpected type argument

error[E0107]: wrong number of type arguments: expected 0, found 2
    --> vision/v1p1beta1/lib/src/lib.rs:7912:57
     |
7912 |         fn serialize<S>(&self, serializer: S) -> Result<S::Ok, S::Error>
     |                                                         ^^^^^  ^^^^^^^^ unexpected type argument
     |                                                         |
     |                                                         unexpected type argument

error[E0107]: wrong number of type arguments: expected 0, found 2
    --> vision/v1p1beta1/lib/src/lib.rs:7920:54
     |
7920 |         fn deserialize<D>(deserializer: D) -> Result<Self, D::Error>
     |                                                      ^^^^  ^^^^^^^^ unexpected type argument
     |                                                      |
     |                                                      unexpected type argument

error[E0107]: wrong number of type arguments: expected 0, found 2
    --> vision/v1p1beta1/lib/src/lib.rs:7991:57
     |
7991 |         fn serialize<S>(&self, serializer: S) -> Result<S::Ok, S::Error>
     |                                                         ^^^^^  ^^^^^^^^ unexpected type argument
     |                                                         |
     |                                                         unexpected type argument

error[E0107]: wrong number of type arguments: expected 0, found 2
    --> vision/v1p1beta1/lib/src/lib.rs:7999:54
     |
7999 |         fn deserialize<D>(deserializer: D) -> Result<Self, D::Error>
     |                                                      ^^^^  ^^^^^^^^ unexpected type argument
     |                                                      |
     |                                                      unexpected type argument

error[E0107]: wrong number of type arguments: expected 0, found 2
    --> vision/v1p1beta1/lib/src/lib.rs:8070:57
     |
8070 |         fn serialize<S>(&self, serializer: S) -> Result<S::Ok, S::Error>
     |                                                         ^^^^^  ^^^^^^^^ unexpected type argument
     |                                                         |
     |                                                         unexpected type argument

error[E0107]: wrong number of type arguments: expected 0, found 2
    --> vision/v1p1beta1/lib/src/lib.rs:8078:54
     |
8078 |         fn deserialize<D>(deserializer: D) -> Result<Self, D::Error>
     |                                                      ^^^^  ^^^^^^^^ unexpected type argument
     |                                                      |
     |                                                      unexpected type argument

error[E0107]: wrong number of type arguments: expected 0, found 2
    --> vision/v1p1beta1/lib/src/lib.rs:8149:57
     |
8149 |         fn serialize<S>(&self, serializer: S) -> Result<S::Ok, S::Error>
     |                                                         ^^^^^  ^^^^^^^^ unexpected type argument
     |                                                         |
     |                                                         unexpected type argument

error[E0107]: wrong number of type arguments: expected 0, found 2
    --> vision/v1p1beta1/lib/src/lib.rs:8157:54
     |
8157 |         fn deserialize<D>(deserializer: D) -> Result<Self, D::Error>
     |                                                      ^^^^  ^^^^^^^^ unexpected type argument
     |                                                      |
     |                                                      unexpected type argument

error[E0107]: wrong number of type arguments: expected 0, found 2
    --> vision/v1p1beta1/lib/src/lib.rs:8226:57
     |
8226 |         fn serialize<S>(&self, serializer: S) -> Result<S::Ok, S::Error>
     |                                                         ^^^^^  ^^^^^^^^ unexpected type argument
     |                                                         |
     |                                                         unexpected type argument

error[E0107]: wrong number of type arguments: expected 0, found 2
    --> vision/v1p1beta1/lib/src/lib.rs:8234:54
     |
8234 |         fn deserialize<D>(deserializer: D) -> Result<Self, D::Error>
     |                                                      ^^^^  ^^^^^^^^ unexpected type argument
     |                                                      |
     |                                                      unexpected type argument

error[E0107]: wrong number of type arguments: expected 0, found 2
    --> vision/v1p1beta1/lib/src/lib.rs:8305:57
     |
8305 |         fn serialize<S>(&self, serializer: S) -> Result<S::Ok, S::Error>
     |                                                         ^^^^^  ^^^^^^^^ unexpected type argument
     |                                                         |
     |                                                         unexpected type argument

error[E0107]: wrong number of type arguments: expected 0, found 2
    --> vision/v1p1beta1/lib/src/lib.rs:8313:54
     |
8313 |         fn deserialize<D>(deserializer: D) -> Result<Self, D::Error>
     |                                                      ^^^^  ^^^^^^^^ unexpected type argument
     |                                                      |
     |                                                      unexpected type argument

error[E0107]: wrong number of type arguments: expected 0, found 2
    --> vision/v1p1beta1/lib/src/lib.rs:8392:57
     |
8392 |         fn serialize<S>(&self, serializer: S) -> Result<S::Ok, S::Error>
     |                                                         ^^^^^  ^^^^^^^^ unexpected type argument
     |                                                         |
     |                                                         unexpected type argument

error[E0107]: wrong number of type arguments: expected 0, found 2
    --> vision/v1p1beta1/lib/src/lib.rs:8402:54
     |
8402 |         fn deserialize<D>(deserializer: D) -> Result<Self, D::Error>
     |                                                      ^^^^  ^^^^^^^^ unexpected type argument
     |                                                      |
     |                                                      unexpected type argument

error[E0107]: wrong number of type arguments: expected 0, found 2
    --> vision/v1p1beta1/lib/src/lib.rs:8695:57
     |
8695 |         fn serialize<S>(&self, serializer: S) -> Result<S::Ok, S::Error>
     |                                                         ^^^^^  ^^^^^^^^ unexpected type argument
     |                                                         |
     |                                                         unexpected type argument

error[E0107]: wrong number of type arguments: expected 0, found 2
    --> vision/v1p1beta1/lib/src/lib.rs:8703:54
     |
8703 |         fn deserialize<D>(deserializer: D) -> Result<Self, D::Error>
     |                                                      ^^^^  ^^^^^^^^ unexpected type argument
     |                                                      |
     |                                                      unexpected type argument

error[E0107]: wrong number of type arguments: expected 0, found 2
    --> vision/v1p1beta1/lib/src/lib.rs:9088:57
     |
9088 |         fn serialize<S>(&self, serializer: S) -> Result<S::Ok, S::Error>
     |                                                         ^^^^^  ^^^^^^^^ unexpected type argument
     |                                                         |
     |                                                         unexpected type argument

error[E0107]: wrong number of type arguments: expected 0, found 2
    --> vision/v1p1beta1/lib/src/lib.rs:9096:54
     |
9096 |         fn deserialize<D>(deserializer: D) -> Result<Self, D::Error>
     |                                                      ^^^^  ^^^^^^^^ unexpected type argument
     |                                                      |
     |                                                      unexpected type argument

error[E0107]: wrong number of type arguments: expected 0, found 2
    --> vision/v1p1beta1/lib/src/lib.rs:9508:57
     |
9508 |         fn serialize<S>(&self, serializer: S) -> Result<S::Ok, S::Error>
     |                                                         ^^^^^  ^^^^^^^^ unexpected type argument
     |                                                         |
     |                                                         unexpected type argument

error[E0107]: wrong number of type arguments: expected 0, found 2
    --> vision/v1p1beta1/lib/src/lib.rs:9516:54
     |
9516 |         fn deserialize<D>(deserializer: D) -> Result<Self, D::Error>
     |                                                      ^^^^  ^^^^^^^^ unexpected type argument
     |                                                      |
     |                                                      unexpected type argument

error[E0107]: wrong number of type arguments: expected 0, found 2
    --> vision/v1p1beta1/lib/src/lib.rs:9583:57
     |
9583 |         fn serialize<S>(&self, serializer: S) -> Result<S::Ok, S::Error>
     |                                                         ^^^^^  ^^^^^^^^ unexpected type argument
     |                                                         |
     |                                                         unexpected type argument

error[E0107]: wrong number of type arguments: expected 0, found 2
    --> vision/v1p1beta1/lib/src/lib.rs:9591:54
     |
9591 |         fn deserialize<D>(deserializer: D) -> Result<Self, D::Error>
     |                                                      ^^^^  ^^^^^^^^ unexpected type argument
     |                                                      |
     |                                                      unexpected type argument

error[E0107]: wrong number of type arguments: expected 0, found 2
    --> vision/v1p1beta1/lib/src/lib.rs:9656:57
     |
9656 |         fn serialize<S>(&self, serializer: S) -> Result<S::Ok, S::Error>
     |                                                         ^^^^^  ^^^^^^^^ unexpected type argument
     |                                                         |
     |                                                         unexpected type argument

error[E0107]: wrong number of type arguments: expected 0, found 2
    --> vision/v1p1beta1/lib/src/lib.rs:9664:54
     |
9664 |         fn deserialize<D>(deserializer: D) -> Result<Self, D::Error>
     |                                                      ^^^^  ^^^^^^^^ unexpected type argument
     |                                                      |
     |                                                      unexpected type argument

error[E0107]: wrong number of type arguments: expected 0, found 2
    --> vision/v1p1beta1/lib/src/lib.rs:9729:57
     |
9729 |         fn serialize<S>(&self, serializer: S) -> Result<S::Ok, S::Error>
     |                                                         ^^^^^  ^^^^^^^^ unexpected type argument
     |                                                         |
     |                                                         unexpected type argument

error[E0107]: wrong number of type arguments: expected 0, found 2
    --> vision/v1p1beta1/lib/src/lib.rs:9737:54
     |
9737 |         fn deserialize<D>(deserializer: D) -> Result<Self, D::Error>
     |                                                      ^^^^  ^^^^^^^^ unexpected type argument
     |                                                      |
     |                                                      unexpected type argument

error[E0107]: wrong number of type arguments: expected 0, found 2
    --> vision/v1p1beta1/lib/src/lib.rs:9804:57
     |
9804 |         fn serialize<S>(&self, serializer: S) -> Result<S::Ok, S::Error>
     |                                                         ^^^^^  ^^^^^^^^ unexpected type argument
     |                                                         |
     |                                                         unexpected type argument

error[E0107]: wrong number of type arguments: expected 0, found 2
    --> vision/v1p1beta1/lib/src/lib.rs:9812:54
     |
9812 |         fn deserialize<D>(deserializer: D) -> Result<Self, D::Error>
     |                                                      ^^^^  ^^^^^^^^ unexpected type argument
     |                                                      |
     |                                                      unexpected type argument

error[E0107]: wrong number of type arguments: expected 0, found 2
    --> vision/v1p1beta1/lib/src/lib.rs:9980:57
     |
9980 |         fn serialize<S>(&self, serializer: S) -> Result<S::Ok, S::Error>
     |                                                         ^^^^^  ^^^^^^^^ unexpected type argument
     |                                                         |
     |                                                         unexpected type argument

error[E0107]: wrong number of type arguments: expected 0, found 2
    --> vision/v1p1beta1/lib/src/lib.rs:9988:54
     |
9988 |         fn deserialize<D>(deserializer: D) -> Result<Self, D::Error>
     |                                                      ^^^^  ^^^^^^^^ unexpected type argument
     |                                                      |
     |                                                      unexpected type argument

error[E0107]: wrong number of type arguments: expected 0, found 2
     --> vision/v1p1beta1/lib/src/lib.rs:10540:57
      |
10540 |         fn serialize<S>(&self, serializer: S) -> Result<S::Ok, S::Error>
      |                                                         ^^^^^  ^^^^^^^^ unexpected type argument
      |                                                         |
      |                                                         unexpected type argument

error[E0107]: wrong number of type arguments: expected 0, found 2
     --> vision/v1p1beta1/lib/src/lib.rs:10548:54
      |
10548 |         fn deserialize<D>(deserializer: D) -> Result<Self, D::Error>
      |                                                      ^^^^  ^^^^^^^^ unexpected type argument
      |                                                      |
      |                                                      unexpected type argument

error[E0107]: wrong number of type arguments: expected 0, found 2
     --> vision/v1p1beta1/lib/src/lib.rs:10646:57
      |
10646 |         fn serialize<S>(&self, serializer: S) -> Result<S::Ok, S::Error>
      |                                                         ^^^^^  ^^^^^^^^ unexpected type argument
      |                                                         |
      |                                                         unexpected type argument

error[E0107]: wrong number of type arguments: expected 0, found 2
     --> vision/v1p1beta1/lib/src/lib.rs:10654:54
      |
10654 |         fn deserialize<D>(deserializer: D) -> Result<Self, D::Error>
      |                                                      ^^^^  ^^^^^^^^ unexpected type argument
      |                                                      |
      |                                                      unexpected type argument

error[E0107]: wrong number of type arguments: expected 0, found 2
     --> vision/v1p1beta1/lib/src/lib.rs:10902:57
      |
10902 |         fn serialize<S>(&self, serializer: S) -> Result<S::Ok, S::Error>
      |                                                         ^^^^^  ^^^^^^^^ unexpected type argument
      |                                                         |
      |                                                         unexpected type argument

error[E0107]: wrong number of type arguments: expected 0, found 2
     --> vision/v1p1beta1/lib/src/lib.rs:10910:54
      |
10910 |         fn deserialize<D>(deserializer: D) -> Result<Self, D::Error>
      |                                                      ^^^^  ^^^^^^^^ unexpected type argument
      |                                                      |
      |                                                      unexpected type argument

error[E0107]: wrong number of type arguments: expected 0, found 2
     --> vision/v1p1beta1/lib/src/lib.rs:10981:57
      |
10981 |         fn serialize<S>(&self, serializer: S) -> Result<S::Ok, S::Error>
      |                                                         ^^^^^  ^^^^^^^^ unexpected type argument
      |                                                         |
      |                                                         unexpected type argument

error[E0107]: wrong number of type arguments: expected 0, found 2
     --> vision/v1p1beta1/lib/src/lib.rs:10989:54
      |
10989 |         fn deserialize<D>(deserializer: D) -> Result<Self, D::Error>
      |                                                      ^^^^  ^^^^^^^^ unexpected type argument
      |                                                      |
      |                                                      unexpected type argument

error[E0107]: wrong number of type arguments: expected 0, found 2
     --> vision/v1p1beta1/lib/src/lib.rs:11060:57
      |
11060 |         fn serialize<S>(&self, serializer: S) -> Result<S::Ok, S::Error>
      |                                                         ^^^^^  ^^^^^^^^ unexpected type argument
      |                                                         |
      |                                                         unexpected type argument

error[E0107]: wrong number of type arguments: expected 0, found 2
     --> vision/v1p1beta1/lib/src/lib.rs:11068:54
      |
11068 |         fn deserialize<D>(deserializer: D) -> Result<Self, D::Error>
      |                                                      ^^^^  ^^^^^^^^ unexpected type argument
      |                                                      |
      |                                                      unexpected type argument

error[E0107]: wrong number of type arguments: expected 0, found 2
     --> vision/v1p1beta1/lib/src/lib.rs:11139:57
      |
11139 |         fn serialize<S>(&self, serializer: S) -> Result<S::Ok, S::Error>
      |                                                         ^^^^^  ^^^^^^^^ unexpected type argument
      |                                                         |
      |                                                         unexpected type argument

error[E0107]: wrong number of type arguments: expected 0, found 2
     --> vision/v1p1beta1/lib/src/lib.rs:11147:54
      |
11147 |         fn deserialize<D>(deserializer: D) -> Result<Self, D::Error>
      |                                                      ^^^^  ^^^^^^^^ unexpected type argument
      |                                                      |
      |                                                      unexpected type argument

error[E0107]: wrong number of type arguments: expected 0, found 2
     --> vision/v1p1beta1/lib/src/lib.rs:11216:57
      |
11216 |         fn serialize<S>(&self, serializer: S) -> Result<S::Ok, S::Error>
      |                                                         ^^^^^  ^^^^^^^^ unexpected type argument
      |                                                         |
      |                                                         unexpected type argument

error[E0107]: wrong number of type arguments: expected 0, found 2
     --> vision/v1p1beta1/lib/src/lib.rs:11224:54
      |
11224 |         fn deserialize<D>(deserializer: D) -> Result<Self, D::Error>
      |                                                      ^^^^  ^^^^^^^^ unexpected type argument
      |                                                      |
      |                                                      unexpected type argument

error[E0107]: wrong number of type arguments: expected 0, found 2
     --> vision/v1p1beta1/lib/src/lib.rs:11295:57
      |
11295 |         fn serialize<S>(&self, serializer: S) -> Result<S::Ok, S::Error>
      |                                                         ^^^^^  ^^^^^^^^ unexpected type argument
      |                                                         |
      |                                                         unexpected type argument

error[E0107]: wrong number of type arguments: expected 0, found 2
     --> vision/v1p1beta1/lib/src/lib.rs:11303:54
      |
11303 |         fn deserialize<D>(deserializer: D) -> Result<Self, D::Error>
      |                                                      ^^^^  ^^^^^^^^ unexpected type argument
      |                                                      |
      |                                                      unexpected type argument

error[E0107]: wrong number of type arguments: expected 0, found 2
     --> vision/v1p1beta1/lib/src/lib.rs:11382:57
      |
11382 |         fn serialize<S>(&self, serializer: S) -> Result<S::Ok, S::Error>
      |                                                         ^^^^^  ^^^^^^^^ unexpected type argument
      |                                                         |
      |                                                         unexpected type argument

error[E0107]: wrong number of type arguments: expected 0, found 2
     --> vision/v1p1beta1/lib/src/lib.rs:11392:54
      |
11392 |         fn deserialize<D>(deserializer: D) -> Result<Self, D::Error>
      |                                                      ^^^^  ^^^^^^^^ unexpected type argument
      |                                                      |
      |                                                      unexpected type argument

error[E0107]: wrong number of type arguments: expected 0, found 2
     --> vision/v1p1beta1/lib/src/lib.rs:11685:57
      |
11685 |         fn serialize<S>(&self, serializer: S) -> Result<S::Ok, S::Error>
      |                                                         ^^^^^  ^^^^^^^^ unexpected type argument
      |                                                         |
      |                                                         unexpected type argument

error[E0107]: wrong number of type arguments: expected 0, found 2
     --> vision/v1p1beta1/lib/src/lib.rs:11693:54
      |
11693 |         fn deserialize<D>(deserializer: D) -> Result<Self, D::Error>
      |                                                      ^^^^  ^^^^^^^^ unexpected type argument
      |                                                      |
      |                                                      unexpected type argument

error[E0107]: wrong number of type arguments: expected 0, found 2
     --> vision/v1p1beta1/lib/src/lib.rs:12095:57
      |
12095 |         fn serialize<S>(&self, serializer: S) -> Result<S::Ok, S::Error>
      |                                                         ^^^^^  ^^^^^^^^ unexpected type argument
      |                                                         |
      |                                                         unexpected type argument

error[E0107]: wrong number of type arguments: expected 0, found 2
     --> vision/v1p1beta1/lib/src/lib.rs:12103:54
      |
12103 |         fn deserialize<D>(deserializer: D) -> Result<Self, D::Error>
      |                                                      ^^^^  ^^^^^^^^ unexpected type argument
      |                                                      |
      |                                                      unexpected type argument

error[E0107]: wrong number of type arguments: expected 0, found 2
     --> vision/v1p1beta1/lib/src/lib.rs:12482:57
      |
12482 |         fn serialize<S>(&self, serializer: S) -> Result<S::Ok, S::Error>
      |                                                         ^^^^^  ^^^^^^^^ unexpected type argument
      |                                                         |
      |                                                         unexpected type argument

error[E0107]: wrong number of type arguments: expected 0, found 2
     --> vision/v1p1beta1/lib/src/lib.rs:12492:54
      |
12492 |         fn deserialize<D>(deserializer: D) -> Result<Self, D::Error>
      |                                                      ^^^^  ^^^^^^^^ unexpected type argument
      |                                                      |
      |                                                      unexpected type argument

error[E0107]: wrong number of type arguments: expected 0, found 2
     --> vision/v1p1beta1/lib/src/lib.rs:12592:57
      |
12592 |         fn serialize<S>(&self, serializer: S) -> Result<S::Ok, S::Error>
      |                                                         ^^^^^  ^^^^^^^^ unexpected type argument
      |                                                         |
      |                                                         unexpected type argument

error[E0107]: wrong number of type arguments: expected 0, found 2
     --> vision/v1p1beta1/lib/src/lib.rs:12600:54
      |
12600 |         fn deserialize<D>(deserializer: D) -> Result<Self, D::Error>
      |                                                      ^^^^  ^^^^^^^^ unexpected type argument
      |                                                      |
      |                                                      unexpected type argument

error[E0107]: wrong number of type arguments: expected 0, found 2
     --> vision/v1p1beta1/lib/src/lib.rs:12667:57
      |
12667 |         fn serialize<S>(&self, serializer: S) -> Result<S::Ok, S::Error>
      |                                                         ^^^^^  ^^^^^^^^ unexpected type argument
      |                                                         |
      |                                                         unexpected type argument

error[E0107]: wrong number of type arguments: expected 0, found 2
     --> vision/v1p1beta1/lib/src/lib.rs:12675:54
      |
12675 |         fn deserialize<D>(deserializer: D) -> Result<Self, D::Error>
      |                                                      ^^^^  ^^^^^^^^ unexpected type argument
      |                                                      |
      |                                                      unexpected type argument

error[E0107]: wrong number of type arguments: expected 0, found 2
     --> vision/v1p1beta1/lib/src/lib.rs:12740:57
      |
12740 |         fn serialize<S>(&self, serializer: S) -> Result<S::Ok, S::Error>
      |                                                         ^^^^^  ^^^^^^^^ unexpected type argument
      |                                                         |
      |                                                         unexpected type argument

error[E0107]: wrong number of type arguments: expected 0, found 2
     --> vision/v1p1beta1/lib/src/lib.rs:12748:54
      |
12748 |         fn deserialize<D>(deserializer: D) -> Result<Self, D::Error>
      |                                                      ^^^^  ^^^^^^^^ unexpected type argument
      |                                                      |
      |                                                      unexpected type argument

error[E0107]: wrong number of type arguments: expected 0, found 2
     --> vision/v1p1beta1/lib/src/lib.rs:12813:57
      |
12813 |         fn serialize<S>(&self, serializer: S) -> Result<S::Ok, S::Error>
      |                                                         ^^^^^  ^^^^^^^^ unexpected type argument
      |                                                         |
      |                                                         unexpected type argument

error[E0107]: wrong number of type arguments: expected 0, found 2
     --> vision/v1p1beta1/lib/src/lib.rs:12821:54
      |
12821 |         fn deserialize<D>(deserializer: D) -> Result<Self, D::Error>
      |                                                      ^^^^  ^^^^^^^^ unexpected type argument
      |                                                      |
      |                                                      unexpected type argument

error[E0107]: wrong number of type arguments: expected 0, found 2
     --> vision/v1p1beta1/lib/src/lib.rs:12888:57
      |
12888 |         fn serialize<S>(&self, serializer: S) -> Result<S::Ok, S::Error>
      |                                                         ^^^^^  ^^^^^^^^ unexpected type argument
      |                                                         |
      |                                                         unexpected type argument

error[E0107]: wrong number of type arguments: expected 0, found 2
     --> vision/v1p1beta1/lib/src/lib.rs:12896:54
      |
12896 |         fn deserialize<D>(deserializer: D) -> Result<Self, D::Error>
      |                                                      ^^^^  ^^^^^^^^ unexpected type argument
      |                                                      |
      |                                                      unexpected type argument

error[E0107]: wrong number of type arguments: expected 0, found 2
     --> vision/v1p1beta1/lib/src/lib.rs:13073:57
      |
13073 |         fn serialize<S>(&self, serializer: S) -> Result<S::Ok, S::Error>
      |                                                         ^^^^^  ^^^^^^^^ unexpected type argument
      |                                                         |
      |                                                         unexpected type argument

error[E0107]: wrong number of type arguments: expected 0, found 2
     --> vision/v1p1beta1/lib/src/lib.rs:13081:54
      |
13081 |         fn deserialize<D>(deserializer: D) -> Result<Self, D::Error>
      |                                                      ^^^^  ^^^^^^^^ unexpected type argument
      |                                                      |
      |                                                      unexpected type argument

error[E0107]: wrong number of type arguments: expected 0, found 2
     --> vision/v1p1beta1/lib/src/lib.rs:13624:57
      |
13624 |         fn serialize<S>(&self, serializer: S) -> Result<S::Ok, S::Error>
      |                                                         ^^^^^  ^^^^^^^^ unexpected type argument
      |                                                         |
      |                                                         unexpected type argument

error[E0107]: wrong number of type arguments: expected 0, found 2
     --> vision/v1p1beta1/lib/src/lib.rs:13632:54
      |
13632 |         fn deserialize<D>(deserializer: D) -> Result<Self, D::Error>
      |                                                      ^^^^  ^^^^^^^^ unexpected type argument
      |                                                      |
      |                                                      unexpected type argument

error[E0107]: wrong number of type arguments: expected 0, found 2
     --> vision/v1p1beta1/lib/src/lib.rs:13733:57
      |
13733 |         fn serialize<S>(&self, serializer: S) -> Result<S::Ok, S::Error>
      |                                                         ^^^^^  ^^^^^^^^ unexpected type argument
      |                                                         |
      |                                                         unexpected type argument

error[E0107]: wrong number of type arguments: expected 0, found 2
     --> vision/v1p1beta1/lib/src/lib.rs:13741:54
      |
13741 |         fn deserialize<D>(deserializer: D) -> Result<Self, D::Error>
      |                                                      ^^^^  ^^^^^^^^ unexpected type argument
      |                                                      |
      |                                                      unexpected type argument

error[E0107]: wrong number of type arguments: expected 0, found 2
     --> vision/v1p1beta1/lib/src/lib.rs:14000:57
      |
14000 |         fn serialize<S>(&self, serializer: S) -> Result<S::Ok, S::Error>
      |                                                         ^^^^^  ^^^^^^^^ unexpected type argument
      |                                                         |
      |                                                         unexpected type argument

error[E0107]: wrong number of type arguments: expected 0, found 2
     --> vision/v1p1beta1/lib/src/lib.rs:14008:54
      |
14008 |         fn deserialize<D>(deserializer: D) -> Result<Self, D::Error>
      |                                                      ^^^^  ^^^^^^^^ unexpected type argument
      |                                                      |
      |                                                      unexpected type argument

error[E0107]: wrong number of type arguments: expected 0, found 2
     --> vision/v1p1beta1/lib/src/lib.rs:14079:57
      |
14079 |         fn serialize<S>(&self, serializer: S) -> Result<S::Ok, S::Error>
      |                                                         ^^^^^  ^^^^^^^^ unexpected type argument
      |                                                         |
      |                                                         unexpected type argument

error[E0107]: wrong number of type arguments: expected 0, found 2
     --> vision/v1p1beta1/lib/src/lib.rs:14087:54
      |
14087 |         fn deserialize<D>(deserializer: D) -> Result<Self, D::Error>
      |                                                      ^^^^  ^^^^^^^^ unexpected type argument
      |                                                      |
      |                                                      unexpected type argument

error[E0107]: wrong number of type arguments: expected 0, found 2
     --> vision/v1p1beta1/lib/src/lib.rs:14158:57
      |
14158 |         fn serialize<S>(&self, serializer: S) -> Result<S::Ok, S::Error>
      |                                                         ^^^^^  ^^^^^^^^ unexpected type argument
      |                                                         |
      |                                                         unexpected type argument

error[E0107]: wrong number of type arguments: expected 0, found 2
     --> vision/v1p1beta1/lib/src/lib.rs:14166:54
      |
14166 |         fn deserialize<D>(deserializer: D) -> Result<Self, D::Error>
      |                                                      ^^^^  ^^^^^^^^ unexpected type argument
      |                                                      |
      |                                                      unexpected type argument

error[E0107]: wrong number of type arguments: expected 0, found 2
     --> vision/v1p1beta1/lib/src/lib.rs:14237:57
      |
14237 |         fn serialize<S>(&self, serializer: S) -> Result<S::Ok, S::Error>
      |                                                         ^^^^^  ^^^^^^^^ unexpected type argument
      |                                                         |
      |                                                         unexpected type argument

error[E0107]: wrong number of type arguments: expected 0, found 2
     --> vision/v1p1beta1/lib/src/lib.rs:14245:54
      |
14245 |         fn deserialize<D>(deserializer: D) -> Result<Self, D::Error>
      |                                                      ^^^^  ^^^^^^^^ unexpected type argument
      |                                                      |
      |                                                      unexpected type argument

error[E0107]: wrong number of type arguments: expected 0, found 2
     --> vision/v1p1beta1/lib/src/lib.rs:14314:57
      |
14314 |         fn serialize<S>(&self, serializer: S) -> Result<S::Ok, S::Error>
      |                                                         ^^^^^  ^^^^^^^^ unexpected type argument
      |                                                         |
      |                                                         unexpected type argument

error[E0107]: wrong number of type arguments: expected 0, found 2
     --> vision/v1p1beta1/lib/src/lib.rs:14322:54
      |
14322 |         fn deserialize<D>(deserializer: D) -> Result<Self, D::Error>
      |                                                      ^^^^  ^^^^^^^^ unexpected type argument
      |                                                      |
      |                                                      unexpected type argument

error[E0107]: wrong number of type arguments: expected 0, found 2
     --> vision/v1p1beta1/lib/src/lib.rs:14393:57
      |
14393 |         fn serialize<S>(&self, serializer: S) -> Result<S::Ok, S::Error>
      |                                                         ^^^^^  ^^^^^^^^ unexpected type argument
      |                                                         |
      |                                                         unexpected type argument

error[E0107]: wrong number of type arguments: expected 0, found 2
     --> vision/v1p1beta1/lib/src/lib.rs:14401:54
      |
14401 |         fn deserialize<D>(deserializer: D) -> Result<Self, D::Error>
      |                                                      ^^^^  ^^^^^^^^ unexpected type argument
      |                                                      |
      |                                                      unexpected type argument

error[E0107]: wrong number of type arguments: expected 0, found 2
     --> vision/v1p1beta1/lib/src/lib.rs:14480:57
      |
14480 |         fn serialize<S>(&self, serializer: S) -> Result<S::Ok, S::Error>
      |                                                         ^^^^^  ^^^^^^^^ unexpected type argument
      |                                                         |
      |                                                         unexpected type argument

error[E0107]: wrong number of type arguments: expected 0, found 2
     --> vision/v1p1beta1/lib/src/lib.rs:14490:54
      |
14490 |         fn deserialize<D>(deserializer: D) -> Result<Self, D::Error>
      |                                                      ^^^^  ^^^^^^^^ unexpected type argument
      |                                                      |
      |                                                      unexpected type argument

error[E0107]: wrong number of type arguments: expected 0, found 2
     --> vision/v1p1beta1/lib/src/lib.rs:14783:57
      |
14783 |         fn serialize<S>(&self, serializer: S) -> Result<S::Ok, S::Error>
      |                                                         ^^^^^  ^^^^^^^^ unexpected type argument
      |                                                         |
      |                                                         unexpected type argument

error[E0107]: wrong number of type arguments: expected 0, found 2
     --> vision/v1p1beta1/lib/src/lib.rs:14791:54
      |
14791 |         fn deserialize<D>(deserializer: D) -> Result<Self, D::Error>
      |                                                      ^^^^  ^^^^^^^^ unexpected type argument
      |                                                      |
      |                                                      unexpected type argument

error[E0107]: wrong number of type arguments: expected 0, found 2
     --> vision/v1p1beta1/lib/src/lib.rs:15205:57
      |
15205 |         fn serialize<S>(&self, serializer: S) -> Result<S::Ok, S::Error>
      |                                                         ^^^^^  ^^^^^^^^ unexpected type argument
      |                                                         |
      |                                                         unexpected type argument

error[E0107]: wrong number of type arguments: expected 0, found 2
     --> vision/v1p1beta1/lib/src/lib.rs:15213:54
      |
15213 |         fn deserialize<D>(deserializer: D) -> Result<Self, D::Error>
      |                                                      ^^^^  ^^^^^^^^ unexpected type argument
      |                                                      |
      |                                                      unexpected type argument

error[E0107]: wrong number of type arguments: expected 0, found 2
     --> vision/v1p1beta1/lib/src/lib.rs:15631:57
      |
15631 |         fn serialize<S>(&self, serializer: S) -> Result<S::Ok, S::Error>
      |                                                         ^^^^^  ^^^^^^^^ unexpected type argument
      |                                                         |
      |                                                         unexpected type argument

error[E0107]: wrong number of type arguments: expected 0, found 2
     --> vision/v1p1beta1/lib/src/lib.rs:15639:54
      |
15639 |         fn deserialize<D>(deserializer: D) -> Result<Self, D::Error>
      |                                                      ^^^^  ^^^^^^^^ unexpected type argument
      |                                                      |
      |                                                      unexpected type argument

error[E0107]: wrong number of type arguments: expected 0, found 2
     --> vision/v1p1beta1/lib/src/lib.rs:15706:57
      |
15706 |         fn serialize<S>(&self, serializer: S) -> Result<S::Ok, S::Error>
      |                                                         ^^^^^  ^^^^^^^^ unexpected type argument
      |                                                         |
      |                                                         unexpected type argument

error[E0107]: wrong number of type arguments: expected 0, found 2
     --> vision/v1p1beta1/lib/src/lib.rs:15714:54
      |
15714 |         fn deserialize<D>(deserializer: D) -> Result<Self, D::Error>
      |                                                      ^^^^  ^^^^^^^^ unexpected type argument
      |                                                      |
      |                                                      unexpected type argument

error[E0107]: wrong number of type arguments: expected 0, found 2
     --> vision/v1p1beta1/lib/src/lib.rs:15779:57
      |
15779 |         fn serialize<S>(&self, serializer: S) -> Result<S::Ok, S::Error>
      |                                                         ^^^^^  ^^^^^^^^ unexpected type argument
      |                                                         |
      |                                                         unexpected type argument

error[E0107]: wrong number of type arguments: expected 0, found 2
     --> vision/v1p1beta1/lib/src/lib.rs:15787:54
      |
15787 |         fn deserialize<D>(deserializer: D) -> Result<Self, D::Error>
      |                                                      ^^^^  ^^^^^^^^ unexpected type argument
      |                                                      |
      |                                                      unexpected type argument

error[E0107]: wrong number of type arguments: expected 0, found 2
     --> vision/v1p1beta1/lib/src/lib.rs:15852:57
      |
15852 |         fn serialize<S>(&self, serializer: S) -> Result<S::Ok, S::Error>
      |                                                         ^^^^^  ^^^^^^^^ unexpected type argument
      |                                                         |
      |                                                         unexpected type argument

error[E0107]: wrong number of type arguments: expected 0, found 2
     --> vision/v1p1beta1/lib/src/lib.rs:15860:54
      |
15860 |         fn deserialize<D>(deserializer: D) -> Result<Self, D::Error>
      |                                                      ^^^^  ^^^^^^^^ unexpected type argument
      |                                                      |
      |                                                      unexpected type argument

error[E0107]: wrong number of type arguments: expected 0, found 2
     --> vision/v1p1beta1/lib/src/lib.rs:15927:57
      |
15927 |         fn serialize<S>(&self, serializer: S) -> Result<S::Ok, S::Error>
      |                                                         ^^^^^  ^^^^^^^^ unexpected type argument
      |                                                         |
      |                                                         unexpected type argument

error[E0107]: wrong number of type arguments: expected 0, found 2
     --> vision/v1p1beta1/lib/src/lib.rs:15935:54
      |
15935 |         fn deserialize<D>(deserializer: D) -> Result<Self, D::Error>
      |                                                      ^^^^  ^^^^^^^^ unexpected type argument
      |                                                      |
      |                                                      unexpected type argument

error[E0107]: wrong number of type arguments: expected 0, found 2
     --> vision/v1p1beta1/lib/src/lib.rs:16178:57
      |
16178 |         fn serialize<S>(&self, serializer: S) -> Result<S::Ok, S::Error>
      |                                                         ^^^^^  ^^^^^^^^ unexpected type argument
      |                                                         |
      |                                                         unexpected type argument

error[E0107]: wrong number of type arguments: expected 0, found 2
     --> vision/v1p1beta1/lib/src/lib.rs:16186:54
      |
16186 |         fn deserialize<D>(deserializer: D) -> Result<Self, D::Error>
      |                                                      ^^^^  ^^^^^^^^ unexpected type argument
      |                                                      |
      |                                                      unexpected type argument

error[E0107]: wrong number of type arguments: expected 0, found 2
     --> vision/v1p1beta1/lib/src/lib.rs:16772:57
      |
16772 |         fn serialize<S>(&self, serializer: S) -> Result<S::Ok, S::Error>
      |                                                         ^^^^^  ^^^^^^^^ unexpected type argument
      |                                                         |
      |                                                         unexpected type argument

error[E0107]: wrong number of type arguments: expected 0, found 2
     --> vision/v1p1beta1/lib/src/lib.rs:16780:54
      |
16780 |         fn deserialize<D>(deserializer: D) -> Result<Self, D::Error>
      |                                                      ^^^^  ^^^^^^^^ unexpected type argument
      |                                                      |
      |                                                      unexpected type argument

error[E0107]: wrong number of type arguments: expected 0, found 2
     --> vision/v1p1beta1/lib/src/lib.rs:17004:57
      |
17004 |         fn serialize<S>(&self, serializer: S) -> Result<S::Ok, S::Error>
      |                                                         ^^^^^  ^^^^^^^^ unexpected type argument
      |                                                         |
      |                                                         unexpected type argument

error[E0107]: wrong number of type arguments: expected 0, found 2
     --> vision/v1p1beta1/lib/src/lib.rs:17012:54
      |
17012 |         fn deserialize<D>(deserializer: D) -> Result<Self, D::Error>
      |                                                      ^^^^  ^^^^^^^^ unexpected type argument
      |                                                      |
      |                                                      unexpected type argument

error[E0107]: wrong number of type arguments: expected 0, found 2
     --> vision/v1p1beta1/lib/src/lib.rs:17353:57
      |
17353 |         fn serialize<S>(&self, serializer: S) -> Result<S::Ok, S::Error>
      |                                                         ^^^^^  ^^^^^^^^ unexpected type argument
      |                                                         |
      |                                                         unexpected type argument

error[E0107]: wrong number of type arguments: expected 0, found 2
     --> vision/v1p1beta1/lib/src/lib.rs:17361:54
      |
17361 |         fn deserialize<D>(deserializer: D) -> Result<Self, D::Error>
      |                                                      ^^^^  ^^^^^^^^ unexpected type argument
      |                                                      |
      |                                                      unexpected type argument

error[E0107]: wrong number of type arguments: expected 0, found 2
     --> vision/v1p1beta1/lib/src/lib.rs:17424:57
      |
17424 |         fn serialize<S>(&self, serializer: S) -> Result<S::Ok, S::Error>
      |                                                         ^^^^^  ^^^^^^^^ unexpected type argument
      |                                                         |
      |                                                         unexpected type argument

error[E0107]: wrong number of type arguments: expected 0, found 2
     --> vision/v1p1beta1/lib/src/lib.rs:17432:54
      |
17432 |         fn deserialize<D>(deserializer: D) -> Result<Self, D::Error>
      |                                                      ^^^^  ^^^^^^^^ unexpected type argument
      |                                                      |
      |                                                      unexpected type argument

error[E0107]: wrong number of type arguments: expected 0, found 2
     --> vision/v1p1beta1/lib/src/lib.rs:17495:57
      |
17495 |         fn serialize<S>(&self, serializer: S) -> Result<S::Ok, S::Error>
      |                                                         ^^^^^  ^^^^^^^^ unexpected type argument
      |                                                         |
      |                                                         unexpected type argument

error[E0107]: wrong number of type arguments: expected 0, found 2
     --> vision/v1p1beta1/lib/src/lib.rs:17503:54
      |
17503 |         fn deserialize<D>(deserializer: D) -> Result<Self, D::Error>
      |                                                      ^^^^  ^^^^^^^^ unexpected type argument
      |                                                      |
      |                                                      unexpected type argument

error[E0107]: wrong number of type arguments: expected 0, found 2
     --> vision/v1p1beta1/lib/src/lib.rs:17566:57
      |
17566 |         fn serialize<S>(&self, serializer: S) -> Result<S::Ok, S::Error>
      |                                                         ^^^^^  ^^^^^^^^ unexpected type argument
      |                                                         |
      |                                                         unexpected type argument

error[E0107]: wrong number of type arguments: expected 0, found 2
     --> vision/v1p1beta1/lib/src/lib.rs:17574:54
      |
17574 |         fn deserialize<D>(deserializer: D) -> Result<Self, D::Error>
      |                                                      ^^^^  ^^^^^^^^ unexpected type argument
      |                                                      |
      |                                                      unexpected type argument

error[E0107]: wrong number of type arguments: expected 0, found 2
     --> vision/v1p1beta1/lib/src/lib.rs:17637:57
      |
17637 |         fn serialize<S>(&self, serializer: S) -> Result<S::Ok, S::Error>
      |                                                         ^^^^^  ^^^^^^^^ unexpected type argument
      |                                                         |
      |                                                         unexpected type argument

error[E0107]: wrong number of type arguments: expected 0, found 2
     --> vision/v1p1beta1/lib/src/lib.rs:17645:54
      |
17645 |         fn deserialize<D>(deserializer: D) -> Result<Self, D::Error>
      |                                                      ^^^^  ^^^^^^^^ unexpected type argument
      |                                                      |
      |                                                      unexpected type argument

error: aborting due to 204 previous errors

For more information about this error, try `rustc --explain E0107`.
error: Could not compile `google-vision1_p1beta1`.

To learn more, run the command again with --verbose.
