    Blocking waiting for file lock on build directory
    Checking google-adexchangebuyer2_beta1 v0.1.0 (/Users/sthiel/dev/google-apis/generated/gen/adexchangebuyer/v2beta1/lib)
error[E0433]: failed to resolve: unresolved import
    --> gen/adexchangebuyer/v2beta1/lib/src/lib.rs:9004:46
     |
9004 |             duplicate_id_mode: Option<crate::creatives::params::CreateDuplicateIdMode>,
     |                                              ^^^^^^^^^
     |                                              |
     |                                              unresolved import
     |                                              help: a similar path exists: `crate::accounts::creatives`

error[E0433]: failed to resolve: unresolved import
    --> gen/adexchangebuyer/v2beta1/lib/src/lib.rs:9021:31
     |
9021 |                 value: crate::creatives::params::CreateDuplicateIdMode,
     |                               ^^^^^^^^^
     |                               |
     |                               unresolved import
     |                               help: a similar path exists: `crate::accounts::creatives`

error[E0433]: failed to resolve: unresolved import
     --> gen/adexchangebuyer/v2beta1/lib/src/lib.rs:10574:42
      |
10574 |             filter_syntax: Option<crate::finalized_proposals::params::ListFilterSyntax>,
      |                                          ^^^^^^^^^^^^^^^^^^^
      |                                          |
      |                                          unresolved import
      |                                          help: a similar path exists: `crate::accounts::finalized_proposals`

error[E0433]: failed to resolve: unresolved import
     --> gen/adexchangebuyer/v2beta1/lib/src/lib.rs:10598:31
      |
10598 |                 value: crate::finalized_proposals::params::ListFilterSyntax,
      |                               ^^^^^^^^^^^^^^^^^^^
      |                               |
      |                               unresolved import
      |                               help: a similar path exists: `crate::accounts::finalized_proposals`

error[E0433]: failed to resolve: unresolved import
     --> gen/adexchangebuyer/v2beta1/lib/src/lib.rs:12327:42
      |
12327 |             filter_syntax: Option<crate::proposals::params::ListFilterSyntax>,
      |                                          ^^^^^^^^^
      |                                          |
      |                                          unresolved import
      |                                          help: a similar path exists: `crate::accounts::proposals`

error[E0433]: failed to resolve: unresolved import
     --> gen/adexchangebuyer/v2beta1/lib/src/lib.rs:12351:31
      |
12351 |                 value: crate::proposals::params::ListFilterSyntax,
      |                               ^^^^^^^^^
      |                               |
      |                               unresolved import
      |                               help: a similar path exists: `crate::accounts::proposals`

error[E0423]: expected value, found struct `clients::ClientsActions`
    --> gen/adexchangebuyer/v2beta1/lib/src/lib.rs:6802:13
     |
6802 |             clients::ClientsActions
     |             ^^^^^^^^^^^^^^^^^^^^^^^ did you mean `clients::ClientsActions { /* fields */ }`?

error[E0423]: expected value, found struct `creatives::CreativesActions`
    --> gen/adexchangebuyer/v2beta1/lib/src/lib.rs:6806:13
     |
6806 |             creatives::CreativesActions
     |             ^^^^^^^^^^^^^^^^^^^^^^^^^^^ did you mean `creatives::CreativesActions { /* fields */ }`?

error[E0423]: expected value, found struct `finalized_proposals::FinalizedProposalsActions`
    --> gen/adexchangebuyer/v2beta1/lib/src/lib.rs:6810:13
     |
6810 |             finalized_proposals::FinalizedProposalsActions
     |             ^^^^^^^^^^^^^^^^^^^^^^^^^^^^^^^^^^^^^^^^^^^^^^ did you mean `finalized_proposals::FinalizedProposalsActions { /* fields */ }`?

error[E0423]: expected value, found struct `products::ProductsActions`
    --> gen/adexchangebuyer/v2beta1/lib/src/lib.rs:6814:13
     |
6814 |             products::ProductsActions
     |             ^^^^^^^^^^^^^^^^^^^^^^^^^ did you mean `products::ProductsActions { /* fields */ }`?

error[E0423]: expected value, found struct `proposals::ProposalsActions`
    --> gen/adexchangebuyer/v2beta1/lib/src/lib.rs:6818:13
     |
6818 |             proposals::ProposalsActions
     |             ^^^^^^^^^^^^^^^^^^^^^^^^^^^ did you mean `proposals::ProposalsActions { /* fields */ }`?

error[E0423]: expected value, found struct `publisher_profiles::PublisherProfilesActions`
    --> gen/adexchangebuyer/v2beta1/lib/src/lib.rs:6822:13
     |
6822 |             publisher_profiles::PublisherProfilesActions
     |             ^^^^^^^^^^^^^^^^^^^^^^^^^^^^^^^^^^^^^^^^^^^^ did you mean `publisher_profiles::PublisherProfilesActions { /* fields */ }`?

error[E0423]: expected value, found struct `invitations::InvitationsActions`
    --> gen/adexchangebuyer/v2beta1/lib/src/lib.rs:6926:17
     |
6926 |                 invitations::InvitationsActions
     |                 ^^^^^^^^^^^^^^^^^^^^^^^^^^^^^^^ did you mean `invitations::InvitationsActions { /* fields */ }`?

error[E0423]: expected value, found struct `users::UsersActions`
    --> gen/adexchangebuyer/v2beta1/lib/src/lib.rs:6930:17
     |
6930 |                 users::UsersActions
     |                 ^^^^^^^^^^^^^^^^^^^ did you mean `users::UsersActions { /* fields */ }`?

error[E0423]: expected value, found struct `deal_associations::DealAssociationsActions`
    --> gen/adexchangebuyer/v2beta1/lib/src/lib.rs:8995:17
     |
8995 |                 deal_associations::DealAssociationsActions
     |                 ^^^^^^^^^^^^^^^^^^^^^^^^^^^^^^^^^^^^^^^^^^ did you mean `deal_associations::DealAssociationsActions { /* fields */ }`?

error[E0423]: expected value, found struct `accounts::AccountsActions`
     --> gen/adexchangebuyer/v2beta1/lib/src/lib.rs:13383:13
      |
13383 |             accounts::AccountsActions
      |             ^^^^^^^^^^^^^^^^^^^^^^^^^ did you mean `accounts::AccountsActions { /* fields */ }`?

error[E0423]: expected value, found struct `filter_sets::FilterSetsActions`
     --> gen/adexchangebuyer/v2beta1/lib/src/lib.rs:13387:13
      |
13387 |             filter_sets::FilterSetsActions
      |             ^^^^^^^^^^^^^^^^^^^^^^^^^^^^^^ did you mean `filter_sets::FilterSetsActions { /* fields */ }`?

error[E0423]: expected value, found struct `filter_sets::FilterSetsActions`
     --> gen/adexchangebuyer/v2beta1/lib/src/lib.rs:13399:17
      |
13399 |                 filter_sets::FilterSetsActions
      |                 ^^^^^^^^^^^^^^^^^^^^^^^^^^^^^^ did you mean `filter_sets::FilterSetsActions { /* fields */ }`?

error[E0423]: expected value, found struct `bid_metrics::BidMetricsActions`
     --> gen/adexchangebuyer/v2beta1/lib/src/lib.rs:13495:21
      |
13495 |                     bid_metrics::BidMetricsActions
      |                     ^^^^^^^^^^^^^^^^^^^^^^^^^^^^^^ did you mean `bid_metrics::BidMetricsActions { /* fields */ }`?

error[E0423]: expected value, found struct `bid_response_errors::BidResponseErrorsActions`
     --> gen/adexchangebuyer/v2beta1/lib/src/lib.rs:13501:21
      |
13501 |                     bid_response_errors::BidResponseErrorsActions
      |                     ^^^^^^^^^^^^^^^^^^^^^^^^^^^^^^^^^^^^^^^^^^^^^ did you mean `bid_response_errors::BidResponseErrorsActions { /* fields */ }`?

error[E0423]: expected value, found struct `bid_responses_without_bids::BidResponsesWithoutBidsActions`
     --> gen/adexchangebuyer/v2beta1/lib/src/lib.rs:13507:21
      |
13507 |                     bid_responses_without_bids::BidResponsesWithoutBidsActions
      |                     ^^^^^^^^^^^^^^^^^^^^^^^^^^^^^^^^^^^^^^^^^^^^^^^^^^^^^^^^^^ did you mean `bid_responses_without_bids::BidResponsesWithoutBidsActions { /* fields */ }`?

error[E0423]: expected value, found struct `filtered_bid_requests::FilteredBidRequestsActions`
     --> gen/adexchangebuyer/v2beta1/lib/src/lib.rs:13513:21
      |
13513 |                     filtered_bid_requests::FilteredBidRequestsActions
      |                     ^^^^^^^^^^^^^^^^^^^^^^^^^^^^^^^^^^^^^^^^^^^^^^^^^ did you mean `filtered_bid_requests::FilteredBidRequestsActions { /* fields */ }`?

error[E0423]: expected value, found struct `filtered_bids::FilteredBidsActions`
     --> gen/adexchangebuyer/v2beta1/lib/src/lib.rs:13517:21
      |
13517 |                     filtered_bids::FilteredBidsActions
      |                     ^^^^^^^^^^^^^^^^^^^^^^^^^^^^^^^^^^ did you mean `filtered_bids::FilteredBidsActions { /* fields */ }`?

error[E0423]: expected value, found struct `impression_metrics::ImpressionMetricsActions`
     --> gen/adexchangebuyer/v2beta1/lib/src/lib.rs:13523:21
      |
13523 |                     impression_metrics::ImpressionMetricsActions
      |                     ^^^^^^^^^^^^^^^^^^^^^^^^^^^^^^^^^^^^^^^^^^^^ did you mean `impression_metrics::ImpressionMetricsActions { /* fields */ }`?

error[E0423]: expected value, found struct `losing_bids::LosingBidsActions`
     --> gen/adexchangebuyer/v2beta1/lib/src/lib.rs:13527:21
      |
13527 |                     losing_bids::LosingBidsActions
      |                     ^^^^^^^^^^^^^^^^^^^^^^^^^^^^^^ did you mean `losing_bids::LosingBidsActions { /* fields */ }`?

error[E0423]: expected value, found struct `non_billable_winning_bids::NonBillableWinningBidsActions`
     --> gen/adexchangebuyer/v2beta1/lib/src/lib.rs:13533:21
      |
13533 |                     non_billable_winning_bids::NonBillableWinningBidsActions
      |                     ^^^^^^^^^^^^^^^^^^^^^^^^^^^^^^^^^^^^^^^^^^^^^^^^^^^^^^^^ did you mean `non_billable_winning_bids::NonBillableWinningBidsActions { /* fields */ }`?

error[E0423]: expected value, found struct `creatives::CreativesActions`
     --> gen/adexchangebuyer/v2beta1/lib/src/lib.rs:15237:25
      |
15237 |                         creatives::CreativesActions
      |                         ^^^^^^^^^^^^^^^^^^^^^^^^^^^ did you mean `creatives::CreativesActions { /* fields */ }`?

error[E0423]: expected value, found struct `details::DetailsActions`
     --> gen/adexchangebuyer/v2beta1/lib/src/lib.rs:15241:25
      |
15241 |                         details::DetailsActions
      |                         ^^^^^^^^^^^^^^^^^^^^^^^ did you mean `details::DetailsActions { /* fields */ }`?

error[E0423]: expected value, found struct `bid_metrics::BidMetricsActions`
     --> gen/adexchangebuyer/v2beta1/lib/src/lib.rs:16893:17
      |
16893 |                 bid_metrics::BidMetricsActions
      |                 ^^^^^^^^^^^^^^^^^^^^^^^^^^^^^^ did you mean `bid_metrics::BidMetricsActions { /* fields */ }`?

error[E0423]: expected value, found struct `bid_response_errors::BidResponseErrorsActions`
     --> gen/adexchangebuyer/v2beta1/lib/src/lib.rs:16897:17
      |
16897 |                 bid_response_errors::BidResponseErrorsActions
      |                 ^^^^^^^^^^^^^^^^^^^^^^^^^^^^^^^^^^^^^^^^^^^^^ did you mean `bid_response_errors::BidResponseErrorsActions { /* fields */ }`?

error[E0423]: expected value, found struct `bid_responses_without_bids::BidResponsesWithoutBidsActions`
     --> gen/adexchangebuyer/v2beta1/lib/src/lib.rs:16903:17
      |
16903 |                 bid_responses_without_bids::BidResponsesWithoutBidsActions
      |                 ^^^^^^^^^^^^^^^^^^^^^^^^^^^^^^^^^^^^^^^^^^^^^^^^^^^^^^^^^^ did you mean `bid_responses_without_bids::BidResponsesWithoutBidsActions { /* fields */ }`?

error[E0423]: expected value, found struct `filtered_bid_requests::FilteredBidRequestsActions`
     --> gen/adexchangebuyer/v2beta1/lib/src/lib.rs:16909:17
      |
16909 |                 filtered_bid_requests::FilteredBidRequestsActions
      |                 ^^^^^^^^^^^^^^^^^^^^^^^^^^^^^^^^^^^^^^^^^^^^^^^^^ did you mean `filtered_bid_requests::FilteredBidRequestsActions { /* fields */ }`?

error[E0423]: expected value, found struct `filtered_bids::FilteredBidsActions`
     --> gen/adexchangebuyer/v2beta1/lib/src/lib.rs:16913:17
      |
16913 |                 filtered_bids::FilteredBidsActions
      |                 ^^^^^^^^^^^^^^^^^^^^^^^^^^^^^^^^^^ did you mean `filtered_bids::FilteredBidsActions { /* fields */ }`?

error[E0423]: expected value, found struct `impression_metrics::ImpressionMetricsActions`
     --> gen/adexchangebuyer/v2beta1/lib/src/lib.rs:16917:17
      |
16917 |                 impression_metrics::ImpressionMetricsActions
      |                 ^^^^^^^^^^^^^^^^^^^^^^^^^^^^^^^^^^^^^^^^^^^^ did you mean `impression_metrics::ImpressionMetricsActions { /* fields */ }`?

error[E0423]: expected value, found struct `losing_bids::LosingBidsActions`
     --> gen/adexchangebuyer/v2beta1/lib/src/lib.rs:16921:17
      |
16921 |                 losing_bids::LosingBidsActions
      |                 ^^^^^^^^^^^^^^^^^^^^^^^^^^^^^^ did you mean `losing_bids::LosingBidsActions { /* fields */ }`?

error[E0423]: expected value, found struct `non_billable_winning_bids::NonBillableWinningBidsActions`
     --> gen/adexchangebuyer/v2beta1/lib/src/lib.rs:16927:17
      |
16927 |                 non_billable_winning_bids::NonBillableWinningBidsActions
      |                 ^^^^^^^^^^^^^^^^^^^^^^^^^^^^^^^^^^^^^^^^^^^^^^^^^^^^^^^^ did you mean `non_billable_winning_bids::NonBillableWinningBidsActions { /* fields */ }`?

error[E0423]: expected value, found struct `creatives::CreativesActions`
     --> gen/adexchangebuyer/v2beta1/lib/src/lib.rs:18606:21
      |
18606 |                     creatives::CreativesActions
      |                     ^^^^^^^^^^^^^^^^^^^^^^^^^^^ did you mean `creatives::CreativesActions { /* fields */ }`?

error[E0423]: expected value, found struct `details::DetailsActions`
     --> gen/adexchangebuyer/v2beta1/lib/src/lib.rs:18610:21
      |
18610 |                     details::DetailsActions
      |                     ^^^^^^^^^^^^^^^^^^^^^^^ did you mean `details::DetailsActions { /* fields */ }`?

warning: unreachable expression
   --> gen/adexchangebuyer/v2beta1/lib/src/lib.rs:263:13
    |
263 | /             Ok(match value {
264 | |                 _ => {
265 | |                     return Err(::serde::de::Error::custom(format!(
266 | |                         "invalid enum for #name: {}",
...   |
269 | |                 }
270 | |             })
    | |______________^
    |
    = note: #[warn(unreachable_code)] on by default

warning: unreachable expression
   --> gen/adexchangebuyer/v2beta1/lib/src/lib.rs:326:13
    |
326 | /             Ok(match value {
327 | |                 _ => {
328 | |                     return Err(::serde::de::Error::custom(format!(
329 | |                         "invalid enum for #name: {}",
...   |
332 | |                 }
333 | |             })
    | |______________^

warning: unreachable expression
    --> gen/adexchangebuyer/v2beta1/lib/src/lib.rs:1118:13
     |
1118 | /             Ok(match value {
1119 | |                 _ => {
1120 | |                     return Err(::serde::de::Error::custom(format!(
1121 | |                         "invalid enum for #name: {}",
...    |
1124 | |                 }
1125 | |             })
     | |______________^

warning: unreachable expression
    --> gen/adexchangebuyer/v2beta1/lib/src/lib.rs:1286:13
     |
1286 | /             Ok(match value {
1287 | |                 _ => {
1288 | |                     return Err(::serde::de::Error::custom(format!(
1289 | |                         "invalid enum for #name: {}",
...    |
1292 | |                 }
1293 | |             })
     | |______________^

warning: unreachable expression
    --> gen/adexchangebuyer/v2beta1/lib/src/lib.rs:1593:13
     |
1593 | /             Ok(match value {
1594 | |                 _ => {
1595 | |                     return Err(::serde::de::Error::custom(format!(
1596 | |                         "invalid enum for #name: {}",
...    |
1599 | |                 }
1600 | |             })
     | |______________^

warning: unreachable expression
    --> gen/adexchangebuyer/v2beta1/lib/src/lib.rs:3412:13
     |
3412 | /             Ok(match value {
3413 | |                 _ => {
3414 | |                     return Err(::serde::de::Error::custom(format!(
3415 | |                         "invalid enum for #name: {}",
...    |
3418 | |                 }
3419 | |             })
     | |______________^

warning: unreachable expression
    --> gen/adexchangebuyer/v2beta1/lib/src/lib.rs:3498:13
     |
3498 | /             Ok(match value {
3499 | |                 _ => {
3500 | |                     return Err(::serde::de::Error::custom(format!(
3501 | |                         "invalid enum for #name: {}",
...    |
3504 | |                 }
3505 | |             })
     | |______________^

warning: unreachable expression
    --> gen/adexchangebuyer/v2beta1/lib/src/lib.rs:3534:13
     |
3534 | /             Ok(match value {
3535 | |                 _ => {
3536 | |                     return Err(::serde::de::Error::custom(format!(
3537 | |                         "invalid enum for #name: {}",
...    |
3540 | |                 }
3541 | |             })
     | |______________^

warning: unreachable expression
    --> gen/adexchangebuyer/v2beta1/lib/src/lib.rs:5239:13
     |
5239 | /             Ok(match value {
5240 | |                 _ => {
5241 | |                     return Err(::serde::de::Error::custom(format!(
5242 | |                         "invalid enum for #name: {}",
...    |
5245 | |                 }
5246 | |             })
     | |______________^

warning: unreachable expression
    --> gen/adexchangebuyer/v2beta1/lib/src/lib.rs:6024:13
     |
6024 | /             Ok(match value {
6025 | |                 _ => {
6026 | |                     return Err(::serde::de::Error::custom(format!(
6027 | |                         "invalid enum for #name: {}",
...    |
6030 | |                 }
6031 | |             })
     | |______________^

warning: unreachable expression
    --> gen/adexchangebuyer/v2beta1/lib/src/lib.rs:6563:13
     |
6563 | /             Ok(match value {
6564 | |                 _ => {
6565 | |                     return Err(::serde::de::Error::custom(format!(
6566 | |                         "invalid enum for #name: {}",
...    |
6569 | |                 }
6570 | |             })
     | |______________^

warning: unreachable expression
    --> gen/adexchangebuyer/v2beta1/lib/src/lib.rs:6599:13
     |
6599 | /             Ok(match value {
6600 | |                 _ => {
6601 | |                     return Err(::serde::de::Error::custom(format!(
6602 | |                         "invalid enum for #name: {}",
...    |
6605 | |                 }
6606 | |             })
     | |______________^

warning: unreachable expression
    --> gen/adexchangebuyer/v2beta1/lib/src/lib.rs:8828:21
     |
8828 | /                     Ok(match value {
8829 | |                         _ => {
8830 | |                             return Err(::serde::de::Error::custom(format!(
8831 | |                                 "invalid enum for #name: {}",
...    |
8834 | |                         }
8835 | |                     })
     | |______________________^

warning: unreachable expression
     --> gen/adexchangebuyer/v2beta1/lib/src/lib.rs:10528:21
      |
10528 | /                     Ok(match value {
10529 | |                         _ => {
10530 | |                             return Err(::serde::de::Error::custom(format!(
10531 | |                                 "invalid enum for #name: {}",
...     |
10534 | |                         }
10535 | |                     })
      | |______________________^

warning: unreachable expression
     --> gen/adexchangebuyer/v2beta1/lib/src/lib.rs:11254:21
      |
11254 | /                     Ok(match value {
11255 | |                         _ => {
11256 | |                             return Err(::serde::de::Error::custom(format!(
11257 | |                                 "invalid enum for #name: {}",
...     |
11260 | |                         }
11261 | |                     })
      | |______________________^

error: aborting due to 38 previous errors

Some errors have detailed explanations: E0423, E0433.
For more information about an error, try `rustc --explain E0423`.
error: Could not compile `google-adexchangebuyer2_beta1`.

To learn more, run the command again with --verbose.
