    Checking google-vision1_p2beta1 v0.1.0 (/Users/sthiel/dev/google-apis/generated/gen/vision/v1p2beta1/lib)
error[E0107]: wrong number of type arguments: expected 0, found 2
   --> vision/v1p2beta1/lib/src/lib.rs:201:57
    |
201 |         fn serialize<S>(&self, serializer: S) -> Result<S::Ok, S::Error>
    |                                                         ^^^^^  ^^^^^^^^ unexpected type argument
    |                                                         |
    |                                                         unexpected type argument

error[E0107]: wrong number of type arguments: expected 0, found 2
   --> vision/v1p2beta1/lib/src/lib.rs:209:54
    |
209 |         fn deserialize<D>(deserializer: D) -> Result<Self, D::Error>
    |                                                      ^^^^  ^^^^^^^^ unexpected type argument
    |                                                      |
    |                                                      unexpected type argument

error[E0107]: wrong number of type arguments: expected 0, found 2
   --> vision/v1p2beta1/lib/src/lib.rs:303:57
    |
303 |         fn serialize<S>(&self, serializer: S) -> Result<S::Ok, S::Error>
    |                                                         ^^^^^  ^^^^^^^^ unexpected type argument
    |                                                         |
    |                                                         unexpected type argument

error[E0107]: wrong number of type arguments: expected 0, found 2
   --> vision/v1p2beta1/lib/src/lib.rs:311:54
    |
311 |         fn deserialize<D>(deserializer: D) -> Result<Self, D::Error>
    |                                                      ^^^^  ^^^^^^^^ unexpected type argument
    |                                                      |
    |                                                      unexpected type argument

error[E0107]: wrong number of type arguments: expected 0, found 2
   --> vision/v1p2beta1/lib/src/lib.rs:512:57
    |
512 |         fn serialize<S>(&self, serializer: S) -> Result<S::Ok, S::Error>
    |                                                         ^^^^^  ^^^^^^^^ unexpected type argument
    |                                                         |
    |                                                         unexpected type argument

error[E0107]: wrong number of type arguments: expected 0, found 2
   --> vision/v1p2beta1/lib/src/lib.rs:520:54
    |
520 |         fn deserialize<D>(deserializer: D) -> Result<Self, D::Error>
    |                                                      ^^^^  ^^^^^^^^ unexpected type argument
    |                                                      |
    |                                                      unexpected type argument

error[E0107]: wrong number of type arguments: expected 0, found 2
   --> vision/v1p2beta1/lib/src/lib.rs:690:57
    |
690 |         fn serialize<S>(&self, serializer: S) -> Result<S::Ok, S::Error>
    |                                                         ^^^^^  ^^^^^^^^ unexpected type argument
    |                                                         |
    |                                                         unexpected type argument

error[E0107]: wrong number of type arguments: expected 0, found 2
   --> vision/v1p2beta1/lib/src/lib.rs:698:54
    |
698 |         fn deserialize<D>(deserializer: D) -> Result<Self, D::Error>
    |                                                      ^^^^  ^^^^^^^^ unexpected type argument
    |                                                      |
    |                                                      unexpected type argument

error[E0107]: wrong number of type arguments: expected 0, found 2
   --> vision/v1p2beta1/lib/src/lib.rs:761:57
    |
761 |         fn serialize<S>(&self, serializer: S) -> Result<S::Ok, S::Error>
    |                                                         ^^^^^  ^^^^^^^^ unexpected type argument
    |                                                         |
    |                                                         unexpected type argument

error[E0107]: wrong number of type arguments: expected 0, found 2
   --> vision/v1p2beta1/lib/src/lib.rs:769:54
    |
769 |         fn deserialize<D>(deserializer: D) -> Result<Self, D::Error>
    |                                                      ^^^^  ^^^^^^^^ unexpected type argument
    |                                                      |
    |                                                      unexpected type argument

error[E0107]: wrong number of type arguments: expected 0, found 2
   --> vision/v1p2beta1/lib/src/lib.rs:832:57
    |
832 |         fn serialize<S>(&self, serializer: S) -> Result<S::Ok, S::Error>
    |                                                         ^^^^^  ^^^^^^^^ unexpected type argument
    |                                                         |
    |                                                         unexpected type argument

error[E0107]: wrong number of type arguments: expected 0, found 2
   --> vision/v1p2beta1/lib/src/lib.rs:840:54
    |
840 |         fn deserialize<D>(deserializer: D) -> Result<Self, D::Error>
    |                                                      ^^^^  ^^^^^^^^ unexpected type argument
    |                                                      |
    |                                                      unexpected type argument

error[E0107]: wrong number of type arguments: expected 0, found 2
   --> vision/v1p2beta1/lib/src/lib.rs:903:57
    |
903 |         fn serialize<S>(&self, serializer: S) -> Result<S::Ok, S::Error>
    |                                                         ^^^^^  ^^^^^^^^ unexpected type argument
    |                                                         |
    |                                                         unexpected type argument

error[E0107]: wrong number of type arguments: expected 0, found 2
   --> vision/v1p2beta1/lib/src/lib.rs:911:54
    |
911 |         fn deserialize<D>(deserializer: D) -> Result<Self, D::Error>
    |                                                      ^^^^  ^^^^^^^^ unexpected type argument
    |                                                      |
    |                                                      unexpected type argument

error[E0107]: wrong number of type arguments: expected 0, found 2
   --> vision/v1p2beta1/lib/src/lib.rs:974:57
    |
974 |         fn serialize<S>(&self, serializer: S) -> Result<S::Ok, S::Error>
    |                                                         ^^^^^  ^^^^^^^^ unexpected type argument
    |                                                         |
    |                                                         unexpected type argument

error[E0107]: wrong number of type arguments: expected 0, found 2
   --> vision/v1p2beta1/lib/src/lib.rs:982:54
    |
982 |         fn deserialize<D>(deserializer: D) -> Result<Self, D::Error>
    |                                                      ^^^^  ^^^^^^^^ unexpected type argument
    |                                                      |
    |                                                      unexpected type argument

error[E0107]: wrong number of type arguments: expected 0, found 2
    --> vision/v1p2beta1/lib/src/lib.rs:1045:57
     |
1045 |         fn serialize<S>(&self, serializer: S) -> Result<S::Ok, S::Error>
     |                                                         ^^^^^  ^^^^^^^^ unexpected type argument
     |                                                         |
     |                                                         unexpected type argument

error[E0107]: wrong number of type arguments: expected 0, found 2
    --> vision/v1p2beta1/lib/src/lib.rs:1053:54
     |
1053 |         fn deserialize<D>(deserializer: D) -> Result<Self, D::Error>
     |                                                      ^^^^  ^^^^^^^^ unexpected type argument
     |                                                      |
     |                                                      unexpected type argument

error[E0107]: wrong number of type arguments: expected 0, found 2
    --> vision/v1p2beta1/lib/src/lib.rs:1116:57
     |
1116 |         fn serialize<S>(&self, serializer: S) -> Result<S::Ok, S::Error>
     |                                                         ^^^^^  ^^^^^^^^ unexpected type argument
     |                                                         |
     |                                                         unexpected type argument

error[E0107]: wrong number of type arguments: expected 0, found 2
    --> vision/v1p2beta1/lib/src/lib.rs:1124:54
     |
1124 |         fn deserialize<D>(deserializer: D) -> Result<Self, D::Error>
     |                                                      ^^^^  ^^^^^^^^ unexpected type argument
     |                                                      |
     |                                                      unexpected type argument

error[E0107]: wrong number of type arguments: expected 0, found 2
    --> vision/v1p2beta1/lib/src/lib.rs:1450:57
     |
1450 |         fn serialize<S>(&self, serializer: S) -> Result<S::Ok, S::Error>
     |                                                         ^^^^^  ^^^^^^^^ unexpected type argument
     |                                                         |
     |                                                         unexpected type argument

error[E0107]: wrong number of type arguments: expected 0, found 2
    --> vision/v1p2beta1/lib/src/lib.rs:1458:54
     |
1458 |         fn deserialize<D>(deserializer: D) -> Result<Self, D::Error>
     |                                                      ^^^^  ^^^^^^^^ unexpected type argument
     |                                                      |
     |                                                      unexpected type argument

error[E0107]: wrong number of type arguments: expected 0, found 2
    --> vision/v1p2beta1/lib/src/lib.rs:1706:57
     |
1706 |         fn serialize<S>(&self, serializer: S) -> Result<S::Ok, S::Error>
     |                                                         ^^^^^  ^^^^^^^^ unexpected type argument
     |                                                         |
     |                                                         unexpected type argument

error[E0107]: wrong number of type arguments: expected 0, found 2
    --> vision/v1p2beta1/lib/src/lib.rs:1714:54
     |
1714 |         fn deserialize<D>(deserializer: D) -> Result<Self, D::Error>
     |                                                      ^^^^  ^^^^^^^^ unexpected type argument
     |                                                      |
     |                                                      unexpected type argument

error[E0107]: wrong number of type arguments: expected 0, found 2
    --> vision/v1p2beta1/lib/src/lib.rs:1785:57
     |
1785 |         fn serialize<S>(&self, serializer: S) -> Result<S::Ok, S::Error>
     |                                                         ^^^^^  ^^^^^^^^ unexpected type argument
     |                                                         |
     |                                                         unexpected type argument

error[E0107]: wrong number of type arguments: expected 0, found 2
    --> vision/v1p2beta1/lib/src/lib.rs:1793:54
     |
1793 |         fn deserialize<D>(deserializer: D) -> Result<Self, D::Error>
     |                                                      ^^^^  ^^^^^^^^ unexpected type argument
     |                                                      |
     |                                                      unexpected type argument

error[E0107]: wrong number of type arguments: expected 0, found 2
    --> vision/v1p2beta1/lib/src/lib.rs:1864:57
     |
1864 |         fn serialize<S>(&self, serializer: S) -> Result<S::Ok, S::Error>
     |                                                         ^^^^^  ^^^^^^^^ unexpected type argument
     |                                                         |
     |                                                         unexpected type argument

error[E0107]: wrong number of type arguments: expected 0, found 2
    --> vision/v1p2beta1/lib/src/lib.rs:1872:54
     |
1872 |         fn deserialize<D>(deserializer: D) -> Result<Self, D::Error>
     |                                                      ^^^^  ^^^^^^^^ unexpected type argument
     |                                                      |
     |                                                      unexpected type argument

error[E0107]: wrong number of type arguments: expected 0, found 2
    --> vision/v1p2beta1/lib/src/lib.rs:1943:57
     |
1943 |         fn serialize<S>(&self, serializer: S) -> Result<S::Ok, S::Error>
     |                                                         ^^^^^  ^^^^^^^^ unexpected type argument
     |                                                         |
     |                                                         unexpected type argument

error[E0107]: wrong number of type arguments: expected 0, found 2
    --> vision/v1p2beta1/lib/src/lib.rs:1951:54
     |
1951 |         fn deserialize<D>(deserializer: D) -> Result<Self, D::Error>
     |                                                      ^^^^  ^^^^^^^^ unexpected type argument
     |                                                      |
     |                                                      unexpected type argument

error[E0107]: wrong number of type arguments: expected 0, found 2
    --> vision/v1p2beta1/lib/src/lib.rs:2020:57
     |
2020 |         fn serialize<S>(&self, serializer: S) -> Result<S::Ok, S::Error>
     |                                                         ^^^^^  ^^^^^^^^ unexpected type argument
     |                                                         |
     |                                                         unexpected type argument

error[E0107]: wrong number of type arguments: expected 0, found 2
    --> vision/v1p2beta1/lib/src/lib.rs:2028:54
     |
2028 |         fn deserialize<D>(deserializer: D) -> Result<Self, D::Error>
     |                                                      ^^^^  ^^^^^^^^ unexpected type argument
     |                                                      |
     |                                                      unexpected type argument

error[E0107]: wrong number of type arguments: expected 0, found 2
    --> vision/v1p2beta1/lib/src/lib.rs:2099:57
     |
2099 |         fn serialize<S>(&self, serializer: S) -> Result<S::Ok, S::Error>
     |                                                         ^^^^^  ^^^^^^^^ unexpected type argument
     |                                                         |
     |                                                         unexpected type argument

error[E0107]: wrong number of type arguments: expected 0, found 2
    --> vision/v1p2beta1/lib/src/lib.rs:2107:54
     |
2107 |         fn deserialize<D>(deserializer: D) -> Result<Self, D::Error>
     |                                                      ^^^^  ^^^^^^^^ unexpected type argument
     |                                                      |
     |                                                      unexpected type argument

error[E0107]: wrong number of type arguments: expected 0, found 2
    --> vision/v1p2beta1/lib/src/lib.rs:2186:57
     |
2186 |         fn serialize<S>(&self, serializer: S) -> Result<S::Ok, S::Error>
     |                                                         ^^^^^  ^^^^^^^^ unexpected type argument
     |                                                         |
     |                                                         unexpected type argument

error[E0107]: wrong number of type arguments: expected 0, found 2
    --> vision/v1p2beta1/lib/src/lib.rs:2196:54
     |
2196 |         fn deserialize<D>(deserializer: D) -> Result<Self, D::Error>
     |                                                      ^^^^  ^^^^^^^^ unexpected type argument
     |                                                      |
     |                                                      unexpected type argument

error[E0107]: wrong number of type arguments: expected 0, found 2
    --> vision/v1p2beta1/lib/src/lib.rs:2489:57
     |
2489 |         fn serialize<S>(&self, serializer: S) -> Result<S::Ok, S::Error>
     |                                                         ^^^^^  ^^^^^^^^ unexpected type argument
     |                                                         |
     |                                                         unexpected type argument

error[E0107]: wrong number of type arguments: expected 0, found 2
    --> vision/v1p2beta1/lib/src/lib.rs:2497:54
     |
2497 |         fn deserialize<D>(deserializer: D) -> Result<Self, D::Error>
     |                                                      ^^^^  ^^^^^^^^ unexpected type argument
     |                                                      |
     |                                                      unexpected type argument

error[E0107]: wrong number of type arguments: expected 0, found 2
    --> vision/v1p2beta1/lib/src/lib.rs:2863:57
     |
2863 |         fn serialize<S>(&self, serializer: S) -> Result<S::Ok, S::Error>
     |                                                         ^^^^^  ^^^^^^^^ unexpected type argument
     |                                                         |
     |                                                         unexpected type argument

error[E0107]: wrong number of type arguments: expected 0, found 2
    --> vision/v1p2beta1/lib/src/lib.rs:2871:54
     |
2871 |         fn deserialize<D>(deserializer: D) -> Result<Self, D::Error>
     |                                                      ^^^^  ^^^^^^^^ unexpected type argument
     |                                                      |
     |                                                      unexpected type argument

error[E0107]: wrong number of type arguments: expected 0, found 2
    --> vision/v1p2beta1/lib/src/lib.rs:3259:57
     |
3259 |         fn serialize<S>(&self, serializer: S) -> Result<S::Ok, S::Error>
     |                                                         ^^^^^  ^^^^^^^^ unexpected type argument
     |                                                         |
     |                                                         unexpected type argument

error[E0107]: wrong number of type arguments: expected 0, found 2
    --> vision/v1p2beta1/lib/src/lib.rs:3267:54
     |
3267 |         fn deserialize<D>(deserializer: D) -> Result<Self, D::Error>
     |                                                      ^^^^  ^^^^^^^^ unexpected type argument
     |                                                      |
     |                                                      unexpected type argument

error[E0107]: wrong number of type arguments: expected 0, found 2
    --> vision/v1p2beta1/lib/src/lib.rs:3334:57
     |
3334 |         fn serialize<S>(&self, serializer: S) -> Result<S::Ok, S::Error>
     |                                                         ^^^^^  ^^^^^^^^ unexpected type argument
     |                                                         |
     |                                                         unexpected type argument

error[E0107]: wrong number of type arguments: expected 0, found 2
    --> vision/v1p2beta1/lib/src/lib.rs:3342:54
     |
3342 |         fn deserialize<D>(deserializer: D) -> Result<Self, D::Error>
     |                                                      ^^^^  ^^^^^^^^ unexpected type argument
     |                                                      |
     |                                                      unexpected type argument

error[E0107]: wrong number of type arguments: expected 0, found 2
    --> vision/v1p2beta1/lib/src/lib.rs:3407:57
     |
3407 |         fn serialize<S>(&self, serializer: S) -> Result<S::Ok, S::Error>
     |                                                         ^^^^^  ^^^^^^^^ unexpected type argument
     |                                                         |
     |                                                         unexpected type argument

error[E0107]: wrong number of type arguments: expected 0, found 2
    --> vision/v1p2beta1/lib/src/lib.rs:3415:54
     |
3415 |         fn deserialize<D>(deserializer: D) -> Result<Self, D::Error>
     |                                                      ^^^^  ^^^^^^^^ unexpected type argument
     |                                                      |
     |                                                      unexpected type argument

error[E0107]: wrong number of type arguments: expected 0, found 2
    --> vision/v1p2beta1/lib/src/lib.rs:3480:57
     |
3480 |         fn serialize<S>(&self, serializer: S) -> Result<S::Ok, S::Error>
     |                                                         ^^^^^  ^^^^^^^^ unexpected type argument
     |                                                         |
     |                                                         unexpected type argument

error[E0107]: wrong number of type arguments: expected 0, found 2
    --> vision/v1p2beta1/lib/src/lib.rs:3488:54
     |
3488 |         fn deserialize<D>(deserializer: D) -> Result<Self, D::Error>
     |                                                      ^^^^  ^^^^^^^^ unexpected type argument
     |                                                      |
     |                                                      unexpected type argument

error[E0107]: wrong number of type arguments: expected 0, found 2
    --> vision/v1p2beta1/lib/src/lib.rs:3555:57
     |
3555 |         fn serialize<S>(&self, serializer: S) -> Result<S::Ok, S::Error>
     |                                                         ^^^^^  ^^^^^^^^ unexpected type argument
     |                                                         |
     |                                                         unexpected type argument

error[E0107]: wrong number of type arguments: expected 0, found 2
    --> vision/v1p2beta1/lib/src/lib.rs:3563:54
     |
3563 |         fn deserialize<D>(deserializer: D) -> Result<Self, D::Error>
     |                                                      ^^^^  ^^^^^^^^ unexpected type argument
     |                                                      |
     |                                                      unexpected type argument

error[E0107]: wrong number of type arguments: expected 0, found 2
    --> vision/v1p2beta1/lib/src/lib.rs:3731:57
     |
3731 |         fn serialize<S>(&self, serializer: S) -> Result<S::Ok, S::Error>
     |                                                         ^^^^^  ^^^^^^^^ unexpected type argument
     |                                                         |
     |                                                         unexpected type argument

error[E0107]: wrong number of type arguments: expected 0, found 2
    --> vision/v1p2beta1/lib/src/lib.rs:3739:54
     |
3739 |         fn deserialize<D>(deserializer: D) -> Result<Self, D::Error>
     |                                                      ^^^^  ^^^^^^^^ unexpected type argument
     |                                                      |
     |                                                      unexpected type argument

error[E0107]: wrong number of type arguments: expected 0, found 2
    --> vision/v1p2beta1/lib/src/lib.rs:4444:57
     |
4444 |         fn serialize<S>(&self, serializer: S) -> Result<S::Ok, S::Error>
     |                                                         ^^^^^  ^^^^^^^^ unexpected type argument
     |                                                         |
     |                                                         unexpected type argument

error[E0107]: wrong number of type arguments: expected 0, found 2
    --> vision/v1p2beta1/lib/src/lib.rs:4452:54
     |
4452 |         fn deserialize<D>(deserializer: D) -> Result<Self, D::Error>
     |                                                      ^^^^  ^^^^^^^^ unexpected type argument
     |                                                      |
     |                                                      unexpected type argument

error[E0107]: wrong number of type arguments: expected 0, found 2
    --> vision/v1p2beta1/lib/src/lib.rs:4717:57
     |
4717 |         fn serialize<S>(&self, serializer: S) -> Result<S::Ok, S::Error>
     |                                                         ^^^^^  ^^^^^^^^ unexpected type argument
     |                                                         |
     |                                                         unexpected type argument

error[E0107]: wrong number of type arguments: expected 0, found 2
    --> vision/v1p2beta1/lib/src/lib.rs:4725:54
     |
4725 |         fn deserialize<D>(deserializer: D) -> Result<Self, D::Error>
     |                                                      ^^^^  ^^^^^^^^ unexpected type argument
     |                                                      |
     |                                                      unexpected type argument

error[E0107]: wrong number of type arguments: expected 0, found 2
    --> vision/v1p2beta1/lib/src/lib.rs:4796:57
     |
4796 |         fn serialize<S>(&self, serializer: S) -> Result<S::Ok, S::Error>
     |                                                         ^^^^^  ^^^^^^^^ unexpected type argument
     |                                                         |
     |                                                         unexpected type argument

error[E0107]: wrong number of type arguments: expected 0, found 2
    --> vision/v1p2beta1/lib/src/lib.rs:4804:54
     |
4804 |         fn deserialize<D>(deserializer: D) -> Result<Self, D::Error>
     |                                                      ^^^^  ^^^^^^^^ unexpected type argument
     |                                                      |
     |                                                      unexpected type argument

error[E0107]: wrong number of type arguments: expected 0, found 2
    --> vision/v1p2beta1/lib/src/lib.rs:4875:57
     |
4875 |         fn serialize<S>(&self, serializer: S) -> Result<S::Ok, S::Error>
     |                                                         ^^^^^  ^^^^^^^^ unexpected type argument
     |                                                         |
     |                                                         unexpected type argument

error[E0107]: wrong number of type arguments: expected 0, found 2
    --> vision/v1p2beta1/lib/src/lib.rs:4883:54
     |
4883 |         fn deserialize<D>(deserializer: D) -> Result<Self, D::Error>
     |                                                      ^^^^  ^^^^^^^^ unexpected type argument
     |                                                      |
     |                                                      unexpected type argument

error[E0107]: wrong number of type arguments: expected 0, found 2
    --> vision/v1p2beta1/lib/src/lib.rs:4954:57
     |
4954 |         fn serialize<S>(&self, serializer: S) -> Result<S::Ok, S::Error>
     |                                                         ^^^^^  ^^^^^^^^ unexpected type argument
     |                                                         |
     |                                                         unexpected type argument

error[E0107]: wrong number of type arguments: expected 0, found 2
    --> vision/v1p2beta1/lib/src/lib.rs:4962:54
     |
4962 |         fn deserialize<D>(deserializer: D) -> Result<Self, D::Error>
     |                                                      ^^^^  ^^^^^^^^ unexpected type argument
     |                                                      |
     |                                                      unexpected type argument

error[E0107]: wrong number of type arguments: expected 0, found 2
    --> vision/v1p2beta1/lib/src/lib.rs:5031:57
     |
5031 |         fn serialize<S>(&self, serializer: S) -> Result<S::Ok, S::Error>
     |                                                         ^^^^^  ^^^^^^^^ unexpected type argument
     |                                                         |
     |                                                         unexpected type argument

error[E0107]: wrong number of type arguments: expected 0, found 2
    --> vision/v1p2beta1/lib/src/lib.rs:5039:54
     |
5039 |         fn deserialize<D>(deserializer: D) -> Result<Self, D::Error>
     |                                                      ^^^^  ^^^^^^^^ unexpected type argument
     |                                                      |
     |                                                      unexpected type argument

error[E0107]: wrong number of type arguments: expected 0, found 2
    --> vision/v1p2beta1/lib/src/lib.rs:5110:57
     |
5110 |         fn serialize<S>(&self, serializer: S) -> Result<S::Ok, S::Error>
     |                                                         ^^^^^  ^^^^^^^^ unexpected type argument
     |                                                         |
     |                                                         unexpected type argument

error[E0107]: wrong number of type arguments: expected 0, found 2
    --> vision/v1p2beta1/lib/src/lib.rs:5118:54
     |
5118 |         fn deserialize<D>(deserializer: D) -> Result<Self, D::Error>
     |                                                      ^^^^  ^^^^^^^^ unexpected type argument
     |                                                      |
     |                                                      unexpected type argument

error[E0107]: wrong number of type arguments: expected 0, found 2
    --> vision/v1p2beta1/lib/src/lib.rs:5197:57
     |
5197 |         fn serialize<S>(&self, serializer: S) -> Result<S::Ok, S::Error>
     |                                                         ^^^^^  ^^^^^^^^ unexpected type argument
     |                                                         |
     |                                                         unexpected type argument

error[E0107]: wrong number of type arguments: expected 0, found 2
    --> vision/v1p2beta1/lib/src/lib.rs:5207:54
     |
5207 |         fn deserialize<D>(deserializer: D) -> Result<Self, D::Error>
     |                                                      ^^^^  ^^^^^^^^ unexpected type argument
     |                                                      |
     |                                                      unexpected type argument

error[E0107]: wrong number of type arguments: expected 0, found 2
    --> vision/v1p2beta1/lib/src/lib.rs:5500:57
     |
5500 |         fn serialize<S>(&self, serializer: S) -> Result<S::Ok, S::Error>
     |                                                         ^^^^^  ^^^^^^^^ unexpected type argument
     |                                                         |
     |                                                         unexpected type argument

error[E0107]: wrong number of type arguments: expected 0, found 2
    --> vision/v1p2beta1/lib/src/lib.rs:5508:54
     |
5508 |         fn deserialize<D>(deserializer: D) -> Result<Self, D::Error>
     |                                                      ^^^^  ^^^^^^^^ unexpected type argument
     |                                                      |
     |                                                      unexpected type argument

error[E0107]: wrong number of type arguments: expected 0, found 2
    --> vision/v1p2beta1/lib/src/lib.rs:5701:57
     |
5701 |         fn serialize<S>(&self, serializer: S) -> Result<S::Ok, S::Error>
     |                                                         ^^^^^  ^^^^^^^^ unexpected type argument
     |                                                         |
     |                                                         unexpected type argument

error[E0107]: wrong number of type arguments: expected 0, found 2
    --> vision/v1p2beta1/lib/src/lib.rs:5709:54
     |
5709 |         fn deserialize<D>(deserializer: D) -> Result<Self, D::Error>
     |                                                      ^^^^  ^^^^^^^^ unexpected type argument
     |                                                      |
     |                                                      unexpected type argument

error[E0107]: wrong number of type arguments: expected 0, found 2
    --> vision/v1p2beta1/lib/src/lib.rs:6124:57
     |
6124 |         fn serialize<S>(&self, serializer: S) -> Result<S::Ok, S::Error>
     |                                                         ^^^^^  ^^^^^^^^ unexpected type argument
     |                                                         |
     |                                                         unexpected type argument

error[E0107]: wrong number of type arguments: expected 0, found 2
    --> vision/v1p2beta1/lib/src/lib.rs:6132:54
     |
6132 |         fn deserialize<D>(deserializer: D) -> Result<Self, D::Error>
     |                                                      ^^^^  ^^^^^^^^ unexpected type argument
     |                                                      |
     |                                                      unexpected type argument

error[E0107]: wrong number of type arguments: expected 0, found 2
    --> vision/v1p2beta1/lib/src/lib.rs:6547:57
     |
6547 |         fn serialize<S>(&self, serializer: S) -> Result<S::Ok, S::Error>
     |                                                         ^^^^^  ^^^^^^^^ unexpected type argument
     |                                                         |
     |                                                         unexpected type argument

error[E0107]: wrong number of type arguments: expected 0, found 2
    --> vision/v1p2beta1/lib/src/lib.rs:6555:54
     |
6555 |         fn deserialize<D>(deserializer: D) -> Result<Self, D::Error>
     |                                                      ^^^^  ^^^^^^^^ unexpected type argument
     |                                                      |
     |                                                      unexpected type argument

error[E0107]: wrong number of type arguments: expected 0, found 2
    --> vision/v1p2beta1/lib/src/lib.rs:6622:57
     |
6622 |         fn serialize<S>(&self, serializer: S) -> Result<S::Ok, S::Error>
     |                                                         ^^^^^  ^^^^^^^^ unexpected type argument
     |                                                         |
     |                                                         unexpected type argument

error[E0107]: wrong number of type arguments: expected 0, found 2
    --> vision/v1p2beta1/lib/src/lib.rs:6630:54
     |
6630 |         fn deserialize<D>(deserializer: D) -> Result<Self, D::Error>
     |                                                      ^^^^  ^^^^^^^^ unexpected type argument
     |                                                      |
     |                                                      unexpected type argument

error[E0107]: wrong number of type arguments: expected 0, found 2
    --> vision/v1p2beta1/lib/src/lib.rs:6695:57
     |
6695 |         fn serialize<S>(&self, serializer: S) -> Result<S::Ok, S::Error>
     |                                                         ^^^^^  ^^^^^^^^ unexpected type argument
     |                                                         |
     |                                                         unexpected type argument

error[E0107]: wrong number of type arguments: expected 0, found 2
    --> vision/v1p2beta1/lib/src/lib.rs:6703:54
     |
6703 |         fn deserialize<D>(deserializer: D) -> Result<Self, D::Error>
     |                                                      ^^^^  ^^^^^^^^ unexpected type argument
     |                                                      |
     |                                                      unexpected type argument

error[E0107]: wrong number of type arguments: expected 0, found 2
    --> vision/v1p2beta1/lib/src/lib.rs:6768:57
     |
6768 |         fn serialize<S>(&self, serializer: S) -> Result<S::Ok, S::Error>
     |                                                         ^^^^^  ^^^^^^^^ unexpected type argument
     |                                                         |
     |                                                         unexpected type argument

error[E0107]: wrong number of type arguments: expected 0, found 2
    --> vision/v1p2beta1/lib/src/lib.rs:6776:54
     |
6776 |         fn deserialize<D>(deserializer: D) -> Result<Self, D::Error>
     |                                                      ^^^^  ^^^^^^^^ unexpected type argument
     |                                                      |
     |                                                      unexpected type argument

error[E0107]: wrong number of type arguments: expected 0, found 2
    --> vision/v1p2beta1/lib/src/lib.rs:6843:57
     |
6843 |         fn serialize<S>(&self, serializer: S) -> Result<S::Ok, S::Error>
     |                                                         ^^^^^  ^^^^^^^^ unexpected type argument
     |                                                         |
     |                                                         unexpected type argument

error[E0107]: wrong number of type arguments: expected 0, found 2
    --> vision/v1p2beta1/lib/src/lib.rs:6851:54
     |
6851 |         fn deserialize<D>(deserializer: D) -> Result<Self, D::Error>
     |                                                      ^^^^  ^^^^^^^^ unexpected type argument
     |                                                      |
     |                                                      unexpected type argument

error[E0107]: wrong number of type arguments: expected 0, found 2
    --> vision/v1p2beta1/lib/src/lib.rs:7019:57
     |
7019 |         fn serialize<S>(&self, serializer: S) -> Result<S::Ok, S::Error>
     |                                                         ^^^^^  ^^^^^^^^ unexpected type argument
     |                                                         |
     |                                                         unexpected type argument

error[E0107]: wrong number of type arguments: expected 0, found 2
    --> vision/v1p2beta1/lib/src/lib.rs:7027:54
     |
7027 |         fn deserialize<D>(deserializer: D) -> Result<Self, D::Error>
     |                                                      ^^^^  ^^^^^^^^ unexpected type argument
     |                                                      |
     |                                                      unexpected type argument

error[E0107]: wrong number of type arguments: expected 0, found 2
    --> vision/v1p2beta1/lib/src/lib.rs:7550:57
     |
7550 |         fn serialize<S>(&self, serializer: S) -> Result<S::Ok, S::Error>
     |                                                         ^^^^^  ^^^^^^^^ unexpected type argument
     |                                                         |
     |                                                         unexpected type argument

error[E0107]: wrong number of type arguments: expected 0, found 2
    --> vision/v1p2beta1/lib/src/lib.rs:7558:54
     |
7558 |         fn deserialize<D>(deserializer: D) -> Result<Self, D::Error>
     |                                                      ^^^^  ^^^^^^^^ unexpected type argument
     |                                                      |
     |                                                      unexpected type argument

error[E0107]: wrong number of type arguments: expected 0, found 2
    --> vision/v1p2beta1/lib/src/lib.rs:7656:57
     |
7656 |         fn serialize<S>(&self, serializer: S) -> Result<S::Ok, S::Error>
     |                                                         ^^^^^  ^^^^^^^^ unexpected type argument
     |                                                         |
     |                                                         unexpected type argument

error[E0107]: wrong number of type arguments: expected 0, found 2
    --> vision/v1p2beta1/lib/src/lib.rs:7664:54
     |
7664 |         fn deserialize<D>(deserializer: D) -> Result<Self, D::Error>
     |                                                      ^^^^  ^^^^^^^^ unexpected type argument
     |                                                      |
     |                                                      unexpected type argument

error[E0107]: wrong number of type arguments: expected 0, found 2
    --> vision/v1p2beta1/lib/src/lib.rs:7912:57
     |
7912 |         fn serialize<S>(&self, serializer: S) -> Result<S::Ok, S::Error>
     |                                                         ^^^^^  ^^^^^^^^ unexpected type argument
     |                                                         |
     |                                                         unexpected type argument

error[E0107]: wrong number of type arguments: expected 0, found 2
    --> vision/v1p2beta1/lib/src/lib.rs:7920:54
     |
7920 |         fn deserialize<D>(deserializer: D) -> Result<Self, D::Error>
     |                                                      ^^^^  ^^^^^^^^ unexpected type argument
     |                                                      |
     |                                                      unexpected type argument

error[E0107]: wrong number of type arguments: expected 0, found 2
    --> vision/v1p2beta1/lib/src/lib.rs:7991:57
     |
7991 |         fn serialize<S>(&self, serializer: S) -> Result<S::Ok, S::Error>
     |                                                         ^^^^^  ^^^^^^^^ unexpected type argument
     |                                                         |
     |                                                         unexpected type argument

error[E0107]: wrong number of type arguments: expected 0, found 2
    --> vision/v1p2beta1/lib/src/lib.rs:7999:54
     |
7999 |         fn deserialize<D>(deserializer: D) -> Result<Self, D::Error>
     |                                                      ^^^^  ^^^^^^^^ unexpected type argument
     |                                                      |
     |                                                      unexpected type argument

error[E0107]: wrong number of type arguments: expected 0, found 2
    --> vision/v1p2beta1/lib/src/lib.rs:8070:57
     |
8070 |         fn serialize<S>(&self, serializer: S) -> Result<S::Ok, S::Error>
     |                                                         ^^^^^  ^^^^^^^^ unexpected type argument
     |                                                         |
     |                                                         unexpected type argument

error[E0107]: wrong number of type arguments: expected 0, found 2
    --> vision/v1p2beta1/lib/src/lib.rs:8078:54
     |
8078 |         fn deserialize<D>(deserializer: D) -> Result<Self, D::Error>
     |                                                      ^^^^  ^^^^^^^^ unexpected type argument
     |                                                      |
     |                                                      unexpected type argument

error[E0107]: wrong number of type arguments: expected 0, found 2
    --> vision/v1p2beta1/lib/src/lib.rs:8149:57
     |
8149 |         fn serialize<S>(&self, serializer: S) -> Result<S::Ok, S::Error>
     |                                                         ^^^^^  ^^^^^^^^ unexpected type argument
     |                                                         |
     |                                                         unexpected type argument

error[E0107]: wrong number of type arguments: expected 0, found 2
    --> vision/v1p2beta1/lib/src/lib.rs:8157:54
     |
8157 |         fn deserialize<D>(deserializer: D) -> Result<Self, D::Error>
     |                                                      ^^^^  ^^^^^^^^ unexpected type argument
     |                                                      |
     |                                                      unexpected type argument

error[E0107]: wrong number of type arguments: expected 0, found 2
    --> vision/v1p2beta1/lib/src/lib.rs:8226:57
     |
8226 |         fn serialize<S>(&self, serializer: S) -> Result<S::Ok, S::Error>
     |                                                         ^^^^^  ^^^^^^^^ unexpected type argument
     |                                                         |
     |                                                         unexpected type argument

error[E0107]: wrong number of type arguments: expected 0, found 2
    --> vision/v1p2beta1/lib/src/lib.rs:8234:54
     |
8234 |         fn deserialize<D>(deserializer: D) -> Result<Self, D::Error>
     |                                                      ^^^^  ^^^^^^^^ unexpected type argument
     |                                                      |
     |                                                      unexpected type argument

error[E0107]: wrong number of type arguments: expected 0, found 2
    --> vision/v1p2beta1/lib/src/lib.rs:8305:57
     |
8305 |         fn serialize<S>(&self, serializer: S) -> Result<S::Ok, S::Error>
     |                                                         ^^^^^  ^^^^^^^^ unexpected type argument
     |                                                         |
     |                                                         unexpected type argument

error[E0107]: wrong number of type arguments: expected 0, found 2
    --> vision/v1p2beta1/lib/src/lib.rs:8313:54
     |
8313 |         fn deserialize<D>(deserializer: D) -> Result<Self, D::Error>
     |                                                      ^^^^  ^^^^^^^^ unexpected type argument
     |                                                      |
     |                                                      unexpected type argument

error[E0107]: wrong number of type arguments: expected 0, found 2
    --> vision/v1p2beta1/lib/src/lib.rs:8392:57
     |
8392 |         fn serialize<S>(&self, serializer: S) -> Result<S::Ok, S::Error>
     |                                                         ^^^^^  ^^^^^^^^ unexpected type argument
     |                                                         |
     |                                                         unexpected type argument

error[E0107]: wrong number of type arguments: expected 0, found 2
    --> vision/v1p2beta1/lib/src/lib.rs:8402:54
     |
8402 |         fn deserialize<D>(deserializer: D) -> Result<Self, D::Error>
     |                                                      ^^^^  ^^^^^^^^ unexpected type argument
     |                                                      |
     |                                                      unexpected type argument

error[E0107]: wrong number of type arguments: expected 0, found 2
    --> vision/v1p2beta1/lib/src/lib.rs:8695:57
     |
8695 |         fn serialize<S>(&self, serializer: S) -> Result<S::Ok, S::Error>
     |                                                         ^^^^^  ^^^^^^^^ unexpected type argument
     |                                                         |
     |                                                         unexpected type argument

error[E0107]: wrong number of type arguments: expected 0, found 2
    --> vision/v1p2beta1/lib/src/lib.rs:8703:54
     |
8703 |         fn deserialize<D>(deserializer: D) -> Result<Self, D::Error>
     |                                                      ^^^^  ^^^^^^^^ unexpected type argument
     |                                                      |
     |                                                      unexpected type argument

error[E0107]: wrong number of type arguments: expected 0, found 2
    --> vision/v1p2beta1/lib/src/lib.rs:9088:57
     |
9088 |         fn serialize<S>(&self, serializer: S) -> Result<S::Ok, S::Error>
     |                                                         ^^^^^  ^^^^^^^^ unexpected type argument
     |                                                         |
     |                                                         unexpected type argument

error[E0107]: wrong number of type arguments: expected 0, found 2
    --> vision/v1p2beta1/lib/src/lib.rs:9096:54
     |
9096 |         fn deserialize<D>(deserializer: D) -> Result<Self, D::Error>
     |                                                      ^^^^  ^^^^^^^^ unexpected type argument
     |                                                      |
     |                                                      unexpected type argument

error[E0107]: wrong number of type arguments: expected 0, found 2
    --> vision/v1p2beta1/lib/src/lib.rs:9508:57
     |
9508 |         fn serialize<S>(&self, serializer: S) -> Result<S::Ok, S::Error>
     |                                                         ^^^^^  ^^^^^^^^ unexpected type argument
     |                                                         |
     |                                                         unexpected type argument

error[E0107]: wrong number of type arguments: expected 0, found 2
    --> vision/v1p2beta1/lib/src/lib.rs:9516:54
     |
9516 |         fn deserialize<D>(deserializer: D) -> Result<Self, D::Error>
     |                                                      ^^^^  ^^^^^^^^ unexpected type argument
     |                                                      |
     |                                                      unexpected type argument

error[E0107]: wrong number of type arguments: expected 0, found 2
    --> vision/v1p2beta1/lib/src/lib.rs:9583:57
     |
9583 |         fn serialize<S>(&self, serializer: S) -> Result<S::Ok, S::Error>
     |                                                         ^^^^^  ^^^^^^^^ unexpected type argument
     |                                                         |
     |                                                         unexpected type argument

error[E0107]: wrong number of type arguments: expected 0, found 2
    --> vision/v1p2beta1/lib/src/lib.rs:9591:54
     |
9591 |         fn deserialize<D>(deserializer: D) -> Result<Self, D::Error>
     |                                                      ^^^^  ^^^^^^^^ unexpected type argument
     |                                                      |
     |                                                      unexpected type argument

error[E0107]: wrong number of type arguments: expected 0, found 2
    --> vision/v1p2beta1/lib/src/lib.rs:9656:57
     |
9656 |         fn serialize<S>(&self, serializer: S) -> Result<S::Ok, S::Error>
     |                                                         ^^^^^  ^^^^^^^^ unexpected type argument
     |                                                         |
     |                                                         unexpected type argument

error[E0107]: wrong number of type arguments: expected 0, found 2
    --> vision/v1p2beta1/lib/src/lib.rs:9664:54
     |
9664 |         fn deserialize<D>(deserializer: D) -> Result<Self, D::Error>
     |                                                      ^^^^  ^^^^^^^^ unexpected type argument
     |                                                      |
     |                                                      unexpected type argument

error[E0107]: wrong number of type arguments: expected 0, found 2
    --> vision/v1p2beta1/lib/src/lib.rs:9729:57
     |
9729 |         fn serialize<S>(&self, serializer: S) -> Result<S::Ok, S::Error>
     |                                                         ^^^^^  ^^^^^^^^ unexpected type argument
     |                                                         |
     |                                                         unexpected type argument

error[E0107]: wrong number of type arguments: expected 0, found 2
    --> vision/v1p2beta1/lib/src/lib.rs:9737:54
     |
9737 |         fn deserialize<D>(deserializer: D) -> Result<Self, D::Error>
     |                                                      ^^^^  ^^^^^^^^ unexpected type argument
     |                                                      |
     |                                                      unexpected type argument

error[E0107]: wrong number of type arguments: expected 0, found 2
    --> vision/v1p2beta1/lib/src/lib.rs:9804:57
     |
9804 |         fn serialize<S>(&self, serializer: S) -> Result<S::Ok, S::Error>
     |                                                         ^^^^^  ^^^^^^^^ unexpected type argument
     |                                                         |
     |                                                         unexpected type argument

error[E0107]: wrong number of type arguments: expected 0, found 2
    --> vision/v1p2beta1/lib/src/lib.rs:9812:54
     |
9812 |         fn deserialize<D>(deserializer: D) -> Result<Self, D::Error>
     |                                                      ^^^^  ^^^^^^^^ unexpected type argument
     |                                                      |
     |                                                      unexpected type argument

error[E0107]: wrong number of type arguments: expected 0, found 2
    --> vision/v1p2beta1/lib/src/lib.rs:9980:57
     |
9980 |         fn serialize<S>(&self, serializer: S) -> Result<S::Ok, S::Error>
     |                                                         ^^^^^  ^^^^^^^^ unexpected type argument
     |                                                         |
     |                                                         unexpected type argument

error[E0107]: wrong number of type arguments: expected 0, found 2
    --> vision/v1p2beta1/lib/src/lib.rs:9988:54
     |
9988 |         fn deserialize<D>(deserializer: D) -> Result<Self, D::Error>
     |                                                      ^^^^  ^^^^^^^^ unexpected type argument
     |                                                      |
     |                                                      unexpected type argument

error[E0107]: wrong number of type arguments: expected 0, found 2
     --> vision/v1p2beta1/lib/src/lib.rs:10540:57
      |
10540 |         fn serialize<S>(&self, serializer: S) -> Result<S::Ok, S::Error>
      |                                                         ^^^^^  ^^^^^^^^ unexpected type argument
      |                                                         |
      |                                                         unexpected type argument

error[E0107]: wrong number of type arguments: expected 0, found 2
     --> vision/v1p2beta1/lib/src/lib.rs:10548:54
      |
10548 |         fn deserialize<D>(deserializer: D) -> Result<Self, D::Error>
      |                                                      ^^^^  ^^^^^^^^ unexpected type argument
      |                                                      |
      |                                                      unexpected type argument

error[E0107]: wrong number of type arguments: expected 0, found 2
     --> vision/v1p2beta1/lib/src/lib.rs:10646:57
      |
10646 |         fn serialize<S>(&self, serializer: S) -> Result<S::Ok, S::Error>
      |                                                         ^^^^^  ^^^^^^^^ unexpected type argument
      |                                                         |
      |                                                         unexpected type argument

error[E0107]: wrong number of type arguments: expected 0, found 2
     --> vision/v1p2beta1/lib/src/lib.rs:10654:54
      |
10654 |         fn deserialize<D>(deserializer: D) -> Result<Self, D::Error>
      |                                                      ^^^^  ^^^^^^^^ unexpected type argument
      |                                                      |
      |                                                      unexpected type argument

error[E0107]: wrong number of type arguments: expected 0, found 2
     --> vision/v1p2beta1/lib/src/lib.rs:10902:57
      |
10902 |         fn serialize<S>(&self, serializer: S) -> Result<S::Ok, S::Error>
      |                                                         ^^^^^  ^^^^^^^^ unexpected type argument
      |                                                         |
      |                                                         unexpected type argument

error[E0107]: wrong number of type arguments: expected 0, found 2
     --> vision/v1p2beta1/lib/src/lib.rs:10910:54
      |
10910 |         fn deserialize<D>(deserializer: D) -> Result<Self, D::Error>
      |                                                      ^^^^  ^^^^^^^^ unexpected type argument
      |                                                      |
      |                                                      unexpected type argument

error[E0107]: wrong number of type arguments: expected 0, found 2
     --> vision/v1p2beta1/lib/src/lib.rs:10981:57
      |
10981 |         fn serialize<S>(&self, serializer: S) -> Result<S::Ok, S::Error>
      |                                                         ^^^^^  ^^^^^^^^ unexpected type argument
      |                                                         |
      |                                                         unexpected type argument

error[E0107]: wrong number of type arguments: expected 0, found 2
     --> vision/v1p2beta1/lib/src/lib.rs:10989:54
      |
10989 |         fn deserialize<D>(deserializer: D) -> Result<Self, D::Error>
      |                                                      ^^^^  ^^^^^^^^ unexpected type argument
      |                                                      |
      |                                                      unexpected type argument

error[E0107]: wrong number of type arguments: expected 0, found 2
     --> vision/v1p2beta1/lib/src/lib.rs:11060:57
      |
11060 |         fn serialize<S>(&self, serializer: S) -> Result<S::Ok, S::Error>
      |                                                         ^^^^^  ^^^^^^^^ unexpected type argument
      |                                                         |
      |                                                         unexpected type argument

error[E0107]: wrong number of type arguments: expected 0, found 2
     --> vision/v1p2beta1/lib/src/lib.rs:11068:54
      |
11068 |         fn deserialize<D>(deserializer: D) -> Result<Self, D::Error>
      |                                                      ^^^^  ^^^^^^^^ unexpected type argument
      |                                                      |
      |                                                      unexpected type argument

error[E0107]: wrong number of type arguments: expected 0, found 2
     --> vision/v1p2beta1/lib/src/lib.rs:11139:57
      |
11139 |         fn serialize<S>(&self, serializer: S) -> Result<S::Ok, S::Error>
      |                                                         ^^^^^  ^^^^^^^^ unexpected type argument
      |                                                         |
      |                                                         unexpected type argument

error[E0107]: wrong number of type arguments: expected 0, found 2
     --> vision/v1p2beta1/lib/src/lib.rs:11147:54
      |
11147 |         fn deserialize<D>(deserializer: D) -> Result<Self, D::Error>
      |                                                      ^^^^  ^^^^^^^^ unexpected type argument
      |                                                      |
      |                                                      unexpected type argument

error[E0107]: wrong number of type arguments: expected 0, found 2
     --> vision/v1p2beta1/lib/src/lib.rs:11216:57
      |
11216 |         fn serialize<S>(&self, serializer: S) -> Result<S::Ok, S::Error>
      |                                                         ^^^^^  ^^^^^^^^ unexpected type argument
      |                                                         |
      |                                                         unexpected type argument

error[E0107]: wrong number of type arguments: expected 0, found 2
     --> vision/v1p2beta1/lib/src/lib.rs:11224:54
      |
11224 |         fn deserialize<D>(deserializer: D) -> Result<Self, D::Error>
      |                                                      ^^^^  ^^^^^^^^ unexpected type argument
      |                                                      |
      |                                                      unexpected type argument

error[E0107]: wrong number of type arguments: expected 0, found 2
     --> vision/v1p2beta1/lib/src/lib.rs:11295:57
      |
11295 |         fn serialize<S>(&self, serializer: S) -> Result<S::Ok, S::Error>
      |                                                         ^^^^^  ^^^^^^^^ unexpected type argument
      |                                                         |
      |                                                         unexpected type argument

error[E0107]: wrong number of type arguments: expected 0, found 2
     --> vision/v1p2beta1/lib/src/lib.rs:11303:54
      |
11303 |         fn deserialize<D>(deserializer: D) -> Result<Self, D::Error>
      |                                                      ^^^^  ^^^^^^^^ unexpected type argument
      |                                                      |
      |                                                      unexpected type argument

error[E0107]: wrong number of type arguments: expected 0, found 2
     --> vision/v1p2beta1/lib/src/lib.rs:11382:57
      |
11382 |         fn serialize<S>(&self, serializer: S) -> Result<S::Ok, S::Error>
      |                                                         ^^^^^  ^^^^^^^^ unexpected type argument
      |                                                         |
      |                                                         unexpected type argument

error[E0107]: wrong number of type arguments: expected 0, found 2
     --> vision/v1p2beta1/lib/src/lib.rs:11392:54
      |
11392 |         fn deserialize<D>(deserializer: D) -> Result<Self, D::Error>
      |                                                      ^^^^  ^^^^^^^^ unexpected type argument
      |                                                      |
      |                                                      unexpected type argument

error[E0107]: wrong number of type arguments: expected 0, found 2
     --> vision/v1p2beta1/lib/src/lib.rs:11685:57
      |
11685 |         fn serialize<S>(&self, serializer: S) -> Result<S::Ok, S::Error>
      |                                                         ^^^^^  ^^^^^^^^ unexpected type argument
      |                                                         |
      |                                                         unexpected type argument

error[E0107]: wrong number of type arguments: expected 0, found 2
     --> vision/v1p2beta1/lib/src/lib.rs:11693:54
      |
11693 |         fn deserialize<D>(deserializer: D) -> Result<Self, D::Error>
      |                                                      ^^^^  ^^^^^^^^ unexpected type argument
      |                                                      |
      |                                                      unexpected type argument

error[E0107]: wrong number of type arguments: expected 0, found 2
     --> vision/v1p2beta1/lib/src/lib.rs:12095:57
      |
12095 |         fn serialize<S>(&self, serializer: S) -> Result<S::Ok, S::Error>
      |                                                         ^^^^^  ^^^^^^^^ unexpected type argument
      |                                                         |
      |                                                         unexpected type argument

error[E0107]: wrong number of type arguments: expected 0, found 2
     --> vision/v1p2beta1/lib/src/lib.rs:12103:54
      |
12103 |         fn deserialize<D>(deserializer: D) -> Result<Self, D::Error>
      |                                                      ^^^^  ^^^^^^^^ unexpected type argument
      |                                                      |
      |                                                      unexpected type argument

error[E0107]: wrong number of type arguments: expected 0, found 2
     --> vision/v1p2beta1/lib/src/lib.rs:12482:57
      |
12482 |         fn serialize<S>(&self, serializer: S) -> Result<S::Ok, S::Error>
      |                                                         ^^^^^  ^^^^^^^^ unexpected type argument
      |                                                         |
      |                                                         unexpected type argument

error[E0107]: wrong number of type arguments: expected 0, found 2
     --> vision/v1p2beta1/lib/src/lib.rs:12492:54
      |
12492 |         fn deserialize<D>(deserializer: D) -> Result<Self, D::Error>
      |                                                      ^^^^  ^^^^^^^^ unexpected type argument
      |                                                      |
      |                                                      unexpected type argument

error[E0107]: wrong number of type arguments: expected 0, found 2
     --> vision/v1p2beta1/lib/src/lib.rs:12592:57
      |
12592 |         fn serialize<S>(&self, serializer: S) -> Result<S::Ok, S::Error>
      |                                                         ^^^^^  ^^^^^^^^ unexpected type argument
      |                                                         |
      |                                                         unexpected type argument

error[E0107]: wrong number of type arguments: expected 0, found 2
     --> vision/v1p2beta1/lib/src/lib.rs:12600:54
      |
12600 |         fn deserialize<D>(deserializer: D) -> Result<Self, D::Error>
      |                                                      ^^^^  ^^^^^^^^ unexpected type argument
      |                                                      |
      |                                                      unexpected type argument

error[E0107]: wrong number of type arguments: expected 0, found 2
     --> vision/v1p2beta1/lib/src/lib.rs:12667:57
      |
12667 |         fn serialize<S>(&self, serializer: S) -> Result<S::Ok, S::Error>
      |                                                         ^^^^^  ^^^^^^^^ unexpected type argument
      |                                                         |
      |                                                         unexpected type argument

error[E0107]: wrong number of type arguments: expected 0, found 2
     --> vision/v1p2beta1/lib/src/lib.rs:12675:54
      |
12675 |         fn deserialize<D>(deserializer: D) -> Result<Self, D::Error>
      |                                                      ^^^^  ^^^^^^^^ unexpected type argument
      |                                                      |
      |                                                      unexpected type argument

error[E0107]: wrong number of type arguments: expected 0, found 2
     --> vision/v1p2beta1/lib/src/lib.rs:12740:57
      |
12740 |         fn serialize<S>(&self, serializer: S) -> Result<S::Ok, S::Error>
      |                                                         ^^^^^  ^^^^^^^^ unexpected type argument
      |                                                         |
      |                                                         unexpected type argument

error[E0107]: wrong number of type arguments: expected 0, found 2
     --> vision/v1p2beta1/lib/src/lib.rs:12748:54
      |
12748 |         fn deserialize<D>(deserializer: D) -> Result<Self, D::Error>
      |                                                      ^^^^  ^^^^^^^^ unexpected type argument
      |                                                      |
      |                                                      unexpected type argument

error[E0107]: wrong number of type arguments: expected 0, found 2
     --> vision/v1p2beta1/lib/src/lib.rs:12813:57
      |
12813 |         fn serialize<S>(&self, serializer: S) -> Result<S::Ok, S::Error>
      |                                                         ^^^^^  ^^^^^^^^ unexpected type argument
      |                                                         |
      |                                                         unexpected type argument

error[E0107]: wrong number of type arguments: expected 0, found 2
     --> vision/v1p2beta1/lib/src/lib.rs:12821:54
      |
12821 |         fn deserialize<D>(deserializer: D) -> Result<Self, D::Error>
      |                                                      ^^^^  ^^^^^^^^ unexpected type argument
      |                                                      |
      |                                                      unexpected type argument

error[E0107]: wrong number of type arguments: expected 0, found 2
     --> vision/v1p2beta1/lib/src/lib.rs:12888:57
      |
12888 |         fn serialize<S>(&self, serializer: S) -> Result<S::Ok, S::Error>
      |                                                         ^^^^^  ^^^^^^^^ unexpected type argument
      |                                                         |
      |                                                         unexpected type argument

error[E0107]: wrong number of type arguments: expected 0, found 2
     --> vision/v1p2beta1/lib/src/lib.rs:12896:54
      |
12896 |         fn deserialize<D>(deserializer: D) -> Result<Self, D::Error>
      |                                                      ^^^^  ^^^^^^^^ unexpected type argument
      |                                                      |
      |                                                      unexpected type argument

error[E0107]: wrong number of type arguments: expected 0, found 2
     --> vision/v1p2beta1/lib/src/lib.rs:13073:57
      |
13073 |         fn serialize<S>(&self, serializer: S) -> Result<S::Ok, S::Error>
      |                                                         ^^^^^  ^^^^^^^^ unexpected type argument
      |                                                         |
      |                                                         unexpected type argument

error[E0107]: wrong number of type arguments: expected 0, found 2
     --> vision/v1p2beta1/lib/src/lib.rs:13081:54
      |
13081 |         fn deserialize<D>(deserializer: D) -> Result<Self, D::Error>
      |                                                      ^^^^  ^^^^^^^^ unexpected type argument
      |                                                      |
      |                                                      unexpected type argument

error[E0107]: wrong number of type arguments: expected 0, found 2
     --> vision/v1p2beta1/lib/src/lib.rs:13624:57
      |
13624 |         fn serialize<S>(&self, serializer: S) -> Result<S::Ok, S::Error>
      |                                                         ^^^^^  ^^^^^^^^ unexpected type argument
      |                                                         |
      |                                                         unexpected type argument

error[E0107]: wrong number of type arguments: expected 0, found 2
     --> vision/v1p2beta1/lib/src/lib.rs:13632:54
      |
13632 |         fn deserialize<D>(deserializer: D) -> Result<Self, D::Error>
      |                                                      ^^^^  ^^^^^^^^ unexpected type argument
      |                                                      |
      |                                                      unexpected type argument

error[E0107]: wrong number of type arguments: expected 0, found 2
     --> vision/v1p2beta1/lib/src/lib.rs:13733:57
      |
13733 |         fn serialize<S>(&self, serializer: S) -> Result<S::Ok, S::Error>
      |                                                         ^^^^^  ^^^^^^^^ unexpected type argument
      |                                                         |
      |                                                         unexpected type argument

error[E0107]: wrong number of type arguments: expected 0, found 2
     --> vision/v1p2beta1/lib/src/lib.rs:13741:54
      |
13741 |         fn deserialize<D>(deserializer: D) -> Result<Self, D::Error>
      |                                                      ^^^^  ^^^^^^^^ unexpected type argument
      |                                                      |
      |                                                      unexpected type argument

error[E0107]: wrong number of type arguments: expected 0, found 2
     --> vision/v1p2beta1/lib/src/lib.rs:14000:57
      |
14000 |         fn serialize<S>(&self, serializer: S) -> Result<S::Ok, S::Error>
      |                                                         ^^^^^  ^^^^^^^^ unexpected type argument
      |                                                         |
      |                                                         unexpected type argument

error[E0107]: wrong number of type arguments: expected 0, found 2
     --> vision/v1p2beta1/lib/src/lib.rs:14008:54
      |
14008 |         fn deserialize<D>(deserializer: D) -> Result<Self, D::Error>
      |                                                      ^^^^  ^^^^^^^^ unexpected type argument
      |                                                      |
      |                                                      unexpected type argument

error[E0107]: wrong number of type arguments: expected 0, found 2
     --> vision/v1p2beta1/lib/src/lib.rs:14079:57
      |
14079 |         fn serialize<S>(&self, serializer: S) -> Result<S::Ok, S::Error>
      |                                                         ^^^^^  ^^^^^^^^ unexpected type argument
      |                                                         |
      |                                                         unexpected type argument

error[E0107]: wrong number of type arguments: expected 0, found 2
     --> vision/v1p2beta1/lib/src/lib.rs:14087:54
      |
14087 |         fn deserialize<D>(deserializer: D) -> Result<Self, D::Error>
      |                                                      ^^^^  ^^^^^^^^ unexpected type argument
      |                                                      |
      |                                                      unexpected type argument

error[E0107]: wrong number of type arguments: expected 0, found 2
     --> vision/v1p2beta1/lib/src/lib.rs:14158:57
      |
14158 |         fn serialize<S>(&self, serializer: S) -> Result<S::Ok, S::Error>
      |                                                         ^^^^^  ^^^^^^^^ unexpected type argument
      |                                                         |
      |                                                         unexpected type argument

error[E0107]: wrong number of type arguments: expected 0, found 2
     --> vision/v1p2beta1/lib/src/lib.rs:14166:54
      |
14166 |         fn deserialize<D>(deserializer: D) -> Result<Self, D::Error>
      |                                                      ^^^^  ^^^^^^^^ unexpected type argument
      |                                                      |
      |                                                      unexpected type argument

error[E0107]: wrong number of type arguments: expected 0, found 2
     --> vision/v1p2beta1/lib/src/lib.rs:14237:57
      |
14237 |         fn serialize<S>(&self, serializer: S) -> Result<S::Ok, S::Error>
      |                                                         ^^^^^  ^^^^^^^^ unexpected type argument
      |                                                         |
      |                                                         unexpected type argument

error[E0107]: wrong number of type arguments: expected 0, found 2
     --> vision/v1p2beta1/lib/src/lib.rs:14245:54
      |
14245 |         fn deserialize<D>(deserializer: D) -> Result<Self, D::Error>
      |                                                      ^^^^  ^^^^^^^^ unexpected type argument
      |                                                      |
      |                                                      unexpected type argument

error[E0107]: wrong number of type arguments: expected 0, found 2
     --> vision/v1p2beta1/lib/src/lib.rs:14314:57
      |
14314 |         fn serialize<S>(&self, serializer: S) -> Result<S::Ok, S::Error>
      |                                                         ^^^^^  ^^^^^^^^ unexpected type argument
      |                                                         |
      |                                                         unexpected type argument

error[E0107]: wrong number of type arguments: expected 0, found 2
     --> vision/v1p2beta1/lib/src/lib.rs:14322:54
      |
14322 |         fn deserialize<D>(deserializer: D) -> Result<Self, D::Error>
      |                                                      ^^^^  ^^^^^^^^ unexpected type argument
      |                                                      |
      |                                                      unexpected type argument

error[E0107]: wrong number of type arguments: expected 0, found 2
     --> vision/v1p2beta1/lib/src/lib.rs:14393:57
      |
14393 |         fn serialize<S>(&self, serializer: S) -> Result<S::Ok, S::Error>
      |                                                         ^^^^^  ^^^^^^^^ unexpected type argument
      |                                                         |
      |                                                         unexpected type argument

error[E0107]: wrong number of type arguments: expected 0, found 2
     --> vision/v1p2beta1/lib/src/lib.rs:14401:54
      |
14401 |         fn deserialize<D>(deserializer: D) -> Result<Self, D::Error>
      |                                                      ^^^^  ^^^^^^^^ unexpected type argument
      |                                                      |
      |                                                      unexpected type argument

error[E0107]: wrong number of type arguments: expected 0, found 2
     --> vision/v1p2beta1/lib/src/lib.rs:14480:57
      |
14480 |         fn serialize<S>(&self, serializer: S) -> Result<S::Ok, S::Error>
      |                                                         ^^^^^  ^^^^^^^^ unexpected type argument
      |                                                         |
      |                                                         unexpected type argument

error[E0107]: wrong number of type arguments: expected 0, found 2
     --> vision/v1p2beta1/lib/src/lib.rs:14490:54
      |
14490 |         fn deserialize<D>(deserializer: D) -> Result<Self, D::Error>
      |                                                      ^^^^  ^^^^^^^^ unexpected type argument
      |                                                      |
      |                                                      unexpected type argument

error[E0107]: wrong number of type arguments: expected 0, found 2
     --> vision/v1p2beta1/lib/src/lib.rs:14783:57
      |
14783 |         fn serialize<S>(&self, serializer: S) -> Result<S::Ok, S::Error>
      |                                                         ^^^^^  ^^^^^^^^ unexpected type argument
      |                                                         |
      |                                                         unexpected type argument

error[E0107]: wrong number of type arguments: expected 0, found 2
     --> vision/v1p2beta1/lib/src/lib.rs:14791:54
      |
14791 |         fn deserialize<D>(deserializer: D) -> Result<Self, D::Error>
      |                                                      ^^^^  ^^^^^^^^ unexpected type argument
      |                                                      |
      |                                                      unexpected type argument

error[E0107]: wrong number of type arguments: expected 0, found 2
     --> vision/v1p2beta1/lib/src/lib.rs:15205:57
      |
15205 |         fn serialize<S>(&self, serializer: S) -> Result<S::Ok, S::Error>
      |                                                         ^^^^^  ^^^^^^^^ unexpected type argument
      |                                                         |
      |                                                         unexpected type argument

error[E0107]: wrong number of type arguments: expected 0, found 2
     --> vision/v1p2beta1/lib/src/lib.rs:15213:54
      |
15213 |         fn deserialize<D>(deserializer: D) -> Result<Self, D::Error>
      |                                                      ^^^^  ^^^^^^^^ unexpected type argument
      |                                                      |
      |                                                      unexpected type argument

error[E0107]: wrong number of type arguments: expected 0, found 2
     --> vision/v1p2beta1/lib/src/lib.rs:15631:57
      |
15631 |         fn serialize<S>(&self, serializer: S) -> Result<S::Ok, S::Error>
      |                                                         ^^^^^  ^^^^^^^^ unexpected type argument
      |                                                         |
      |                                                         unexpected type argument

error[E0107]: wrong number of type arguments: expected 0, found 2
     --> vision/v1p2beta1/lib/src/lib.rs:15639:54
      |
15639 |         fn deserialize<D>(deserializer: D) -> Result<Self, D::Error>
      |                                                      ^^^^  ^^^^^^^^ unexpected type argument
      |                                                      |
      |                                                      unexpected type argument

error[E0107]: wrong number of type arguments: expected 0, found 2
     --> vision/v1p2beta1/lib/src/lib.rs:15706:57
      |
15706 |         fn serialize<S>(&self, serializer: S) -> Result<S::Ok, S::Error>
      |                                                         ^^^^^  ^^^^^^^^ unexpected type argument
      |                                                         |
      |                                                         unexpected type argument

error[E0107]: wrong number of type arguments: expected 0, found 2
     --> vision/v1p2beta1/lib/src/lib.rs:15714:54
      |
15714 |         fn deserialize<D>(deserializer: D) -> Result<Self, D::Error>
      |                                                      ^^^^  ^^^^^^^^ unexpected type argument
      |                                                      |
      |                                                      unexpected type argument

error[E0107]: wrong number of type arguments: expected 0, found 2
     --> vision/v1p2beta1/lib/src/lib.rs:15779:57
      |
15779 |         fn serialize<S>(&self, serializer: S) -> Result<S::Ok, S::Error>
      |                                                         ^^^^^  ^^^^^^^^ unexpected type argument
      |                                                         |
      |                                                         unexpected type argument

error[E0107]: wrong number of type arguments: expected 0, found 2
     --> vision/v1p2beta1/lib/src/lib.rs:15787:54
      |
15787 |         fn deserialize<D>(deserializer: D) -> Result<Self, D::Error>
      |                                                      ^^^^  ^^^^^^^^ unexpected type argument
      |                                                      |
      |                                                      unexpected type argument

error[E0107]: wrong number of type arguments: expected 0, found 2
     --> vision/v1p2beta1/lib/src/lib.rs:15852:57
      |
15852 |         fn serialize<S>(&self, serializer: S) -> Result<S::Ok, S::Error>
      |                                                         ^^^^^  ^^^^^^^^ unexpected type argument
      |                                                         |
      |                                                         unexpected type argument

error[E0107]: wrong number of type arguments: expected 0, found 2
     --> vision/v1p2beta1/lib/src/lib.rs:15860:54
      |
15860 |         fn deserialize<D>(deserializer: D) -> Result<Self, D::Error>
      |                                                      ^^^^  ^^^^^^^^ unexpected type argument
      |                                                      |
      |                                                      unexpected type argument

error[E0107]: wrong number of type arguments: expected 0, found 2
     --> vision/v1p2beta1/lib/src/lib.rs:15927:57
      |
15927 |         fn serialize<S>(&self, serializer: S) -> Result<S::Ok, S::Error>
      |                                                         ^^^^^  ^^^^^^^^ unexpected type argument
      |                                                         |
      |                                                         unexpected type argument

error[E0107]: wrong number of type arguments: expected 0, found 2
     --> vision/v1p2beta1/lib/src/lib.rs:15935:54
      |
15935 |         fn deserialize<D>(deserializer: D) -> Result<Self, D::Error>
      |                                                      ^^^^  ^^^^^^^^ unexpected type argument
      |                                                      |
      |                                                      unexpected type argument

error[E0107]: wrong number of type arguments: expected 0, found 2
     --> vision/v1p2beta1/lib/src/lib.rs:16178:57
      |
16178 |         fn serialize<S>(&self, serializer: S) -> Result<S::Ok, S::Error>
      |                                                         ^^^^^  ^^^^^^^^ unexpected type argument
      |                                                         |
      |                                                         unexpected type argument

error[E0107]: wrong number of type arguments: expected 0, found 2
     --> vision/v1p2beta1/lib/src/lib.rs:16186:54
      |
16186 |         fn deserialize<D>(deserializer: D) -> Result<Self, D::Error>
      |                                                      ^^^^  ^^^^^^^^ unexpected type argument
      |                                                      |
      |                                                      unexpected type argument

error[E0107]: wrong number of type arguments: expected 0, found 2
     --> vision/v1p2beta1/lib/src/lib.rs:16772:57
      |
16772 |         fn serialize<S>(&self, serializer: S) -> Result<S::Ok, S::Error>
      |                                                         ^^^^^  ^^^^^^^^ unexpected type argument
      |                                                         |
      |                                                         unexpected type argument

error[E0107]: wrong number of type arguments: expected 0, found 2
     --> vision/v1p2beta1/lib/src/lib.rs:16780:54
      |
16780 |         fn deserialize<D>(deserializer: D) -> Result<Self, D::Error>
      |                                                      ^^^^  ^^^^^^^^ unexpected type argument
      |                                                      |
      |                                                      unexpected type argument

error[E0107]: wrong number of type arguments: expected 0, found 2
     --> vision/v1p2beta1/lib/src/lib.rs:17004:57
      |
17004 |         fn serialize<S>(&self, serializer: S) -> Result<S::Ok, S::Error>
      |                                                         ^^^^^  ^^^^^^^^ unexpected type argument
      |                                                         |
      |                                                         unexpected type argument

error[E0107]: wrong number of type arguments: expected 0, found 2
     --> vision/v1p2beta1/lib/src/lib.rs:17012:54
      |
17012 |         fn deserialize<D>(deserializer: D) -> Result<Self, D::Error>
      |                                                      ^^^^  ^^^^^^^^ unexpected type argument
      |                                                      |
      |                                                      unexpected type argument

error[E0107]: wrong number of type arguments: expected 0, found 2
     --> vision/v1p2beta1/lib/src/lib.rs:17353:57
      |
17353 |         fn serialize<S>(&self, serializer: S) -> Result<S::Ok, S::Error>
      |                                                         ^^^^^  ^^^^^^^^ unexpected type argument
      |                                                         |
      |                                                         unexpected type argument

error[E0107]: wrong number of type arguments: expected 0, found 2
     --> vision/v1p2beta1/lib/src/lib.rs:17361:54
      |
17361 |         fn deserialize<D>(deserializer: D) -> Result<Self, D::Error>
      |                                                      ^^^^  ^^^^^^^^ unexpected type argument
      |                                                      |
      |                                                      unexpected type argument

error[E0107]: wrong number of type arguments: expected 0, found 2
     --> vision/v1p2beta1/lib/src/lib.rs:17424:57
      |
17424 |         fn serialize<S>(&self, serializer: S) -> Result<S::Ok, S::Error>
      |                                                         ^^^^^  ^^^^^^^^ unexpected type argument
      |                                                         |
      |                                                         unexpected type argument

error[E0107]: wrong number of type arguments: expected 0, found 2
     --> vision/v1p2beta1/lib/src/lib.rs:17432:54
      |
17432 |         fn deserialize<D>(deserializer: D) -> Result<Self, D::Error>
      |                                                      ^^^^  ^^^^^^^^ unexpected type argument
      |                                                      |
      |                                                      unexpected type argument

error[E0107]: wrong number of type arguments: expected 0, found 2
     --> vision/v1p2beta1/lib/src/lib.rs:17495:57
      |
17495 |         fn serialize<S>(&self, serializer: S) -> Result<S::Ok, S::Error>
      |                                                         ^^^^^  ^^^^^^^^ unexpected type argument
      |                                                         |
      |                                                         unexpected type argument

error[E0107]: wrong number of type arguments: expected 0, found 2
     --> vision/v1p2beta1/lib/src/lib.rs:17503:54
      |
17503 |         fn deserialize<D>(deserializer: D) -> Result<Self, D::Error>
      |                                                      ^^^^  ^^^^^^^^ unexpected type argument
      |                                                      |
      |                                                      unexpected type argument

error[E0107]: wrong number of type arguments: expected 0, found 2
     --> vision/v1p2beta1/lib/src/lib.rs:17566:57
      |
17566 |         fn serialize<S>(&self, serializer: S) -> Result<S::Ok, S::Error>
      |                                                         ^^^^^  ^^^^^^^^ unexpected type argument
      |                                                         |
      |                                                         unexpected type argument

error[E0107]: wrong number of type arguments: expected 0, found 2
     --> vision/v1p2beta1/lib/src/lib.rs:17574:54
      |
17574 |         fn deserialize<D>(deserializer: D) -> Result<Self, D::Error>
      |                                                      ^^^^  ^^^^^^^^ unexpected type argument
      |                                                      |
      |                                                      unexpected type argument

error[E0107]: wrong number of type arguments: expected 0, found 2
     --> vision/v1p2beta1/lib/src/lib.rs:17637:57
      |
17637 |         fn serialize<S>(&self, serializer: S) -> Result<S::Ok, S::Error>
      |                                                         ^^^^^  ^^^^^^^^ unexpected type argument
      |                                                         |
      |                                                         unexpected type argument

error[E0107]: wrong number of type arguments: expected 0, found 2
     --> vision/v1p2beta1/lib/src/lib.rs:17645:54
      |
17645 |         fn deserialize<D>(deserializer: D) -> Result<Self, D::Error>
      |                                                      ^^^^  ^^^^^^^^ unexpected type argument
      |                                                      |
      |                                                      unexpected type argument

error: aborting due to 204 previous errors

For more information about this error, try `rustc --explain E0107`.
error: Could not compile `google-vision1_p2beta1`.

To learn more, run the command again with --verbose.
