    Checking google-script1 v0.1.0 (/Users/sthiel/dev/google-apis/generated/gen/script/v1/lib)
error[E0412]: cannot find type `ListUserProcessFilterStatusesItems` in module `crate::resources::processes::params`
    --> script/v1/lib/src/lib.rs:1878:58
     |
1878 |                 Vec<crate::resources::processes::params::ListUserProcessFilterStatusesItems>,
     |                                                          ^^^^^^^^^^^^^^^^^^^^^^^^^^^^^^^^^^ not found in `crate::resources::processes::params`

error[E0412]: cannot find type `ListUserProcessFilterTypesItems` in module `crate::resources::processes::params`
    --> script/v1/lib/src/lib.rs:1881:65
     |
1881 |                 Option<Vec<crate::resources::processes::params::ListUserProcessFilterTypesItems>>,
     |                                                                 ^^^^^^^^^^^^^^^^^^^^^^^^^^^^^^^ not found in `crate::resources::processes::params`

error[E0412]: cannot find type `ListUserProcessFilterUserAccessLevelsItems` in module `crate::resources::processes::params`
    --> script/v1/lib/src/lib.rs:1884:58
     |
1884 |                     crate::resources::processes::params::ListUserProcessFilterUserAccessLevelsItems,
     |                                                          ^^^^^^^^^^^^^^^^^^^^^^^^^^^^^^^^^^^^^^^^^^ not found in `crate::resources::processes::params`

error[E0412]: cannot find type `ListUserProcessFilterStatusesItems` in module `crate::resources::processes::params`
    --> script/v1/lib/src/lib.rs:1944:62
     |
1944 |                     Vec<crate::resources::processes::params::ListUserProcessFilterStatusesItems>,
     |                                                              ^^^^^^^^^^^^^^^^^^^^^^^^^^^^^^^^^^ not found in `crate::resources::processes::params`

error[E0412]: cannot find type `ListUserProcessFilterTypesItems` in module `crate::resources::processes::params`
    --> script/v1/lib/src/lib.rs:1954:62
     |
1954 |                     Vec<crate::resources::processes::params::ListUserProcessFilterTypesItems>,
     |                                                              ^^^^^^^^^^^^^^^^^^^^^^^^^^^^^^^ not found in `crate::resources::processes::params`

error[E0412]: cannot find type `ListUserProcessFilterUserAccessLevelsItems` in module `crate::resources::processes::params`
    --> script/v1/lib/src/lib.rs:1963:88
     |
1963 |                 value : impl Into < Vec < crate :: resources :: processes :: params :: ListUserProcessFilterUserAccessLevelsItems > >,
     |                                                                                        ^^^^^^^^^^^^^^^^^^^^^^^^^^^^^^^^^^^^^^^^^^ not found in `crate::resources::processes::params`

error[E0412]: cannot find type `ListScriptProcessesScriptProcessFilterStatusesItems` in module `crate::resources::processes::params`
    --> script/v1/lib/src/lib.rs:2255:588
     |
2255 |         pub struct ListScriptProcessesRequestBuilder < 'a , A > { pub ( crate ) reqwest : & 'a :: reqwest :: Client , pub ( crate ) auth : & 'a :: std :: sync :: Mutex < A > , page_size : Option < i32 > , page_token : Option < String > , script_id : Option < String > , script_process_filter_deployment_id : Option < String > , script_process_filter_end_time : Option < String > , script_process_filter_function_name : Option < String > , script_process_filter_start_time : Option < String > , script_process_filter_statuses : Option < Vec < crate :: resources :: processes :: params :: ListScriptProcessesScriptProcessFilterStatusesItems > > , script_process_filter_types : Option < Vec < crate :: resources :: processes :: params :: ListScriptProcessesScriptProcessFilterTypesItems > > , script_process_filter_user_access_levels : Option < Vec < crate :: resources :: processes :: params :: ListScriptProcessesScriptProcessFilterUserAccessLevelsItems > > , access_token : Option < String > , alt : Option < crate :: params :: Alt > , callback : Option < String > , fields : Option < String > , key : Option < String > , oauth_token : Option < String > , pretty_print : Option < bool > , quota_user : Option < String > , upload_protocol : Option < String > , upload_type : Option < String > , xgafv : Option < crate :: params :: Xgafv > , }
     |                                                                                                                                                                                                                                                                                                                                                                                                                                                                                                                                                                                                            ^^^^^^^^^^^^^^^^^^^^^^^^^^^^^^^^^^^^^^^^^^^^^^^^^^^ not found in `crate::resources::processes::params`

error[E0412]: cannot find type `ListScriptProcessesScriptProcessFilterTypesItems` in module `crate::resources::processes::params`
    --> script/v1/lib/src/lib.rs:2255:736
     |
2255 |         pub struct ListScriptProcessesRequestBuilder < 'a , A > { pub ( crate ) reqwest : & 'a :: reqwest :: Client , pub ( crate ) auth : & 'a :: std :: sync :: Mutex < A > , page_size : Option < i32 > , page_token : Option < String > , script_id : Option < String > , script_process_filter_deployment_id : Option < String > , script_process_filter_end_time : Option < String > , script_process_filter_function_name : Option < String > , script_process_filter_start_time : Option < String > , script_process_filter_statuses : Option < Vec < crate :: resources :: processes :: params :: ListScriptProcessesScriptProcessFilterStatusesItems > > , script_process_filter_types : Option < Vec < crate :: resources :: processes :: params :: ListScriptProcessesScriptProcessFilterTypesItems > > , script_process_filter_user_access_levels : Option < Vec < crate :: resources :: processes :: params :: ListScriptProcessesScriptProcessFilterUserAccessLevelsItems > > , access_token : Option < String > , alt : Option < crate :: params :: Alt > , callback : Option < String > , fields : Option < String > , key : Option < String > , oauth_token : Option < String > , pretty_print : Option < bool > , quota_user : Option < String > , upload_protocol : Option < String > , upload_type : Option < String > , xgafv : Option < crate :: params :: Xgafv > , }
     |                                                                                                                                                                                                                                                                                                                                                                                                                                                                                                                                                                                                                                                                                                                                                                ^^^^^^^^^^^^^^^^^^^^^^^^^^^^^^^^^^^^^^^^^^^^^^^^ not found in `crate::resources::processes::params`

error[E0412]: cannot find type `ListScriptProcessesScriptProcessFilterUserAccessLevelsItems` in module `crate::resources::processes::params`
    --> script/v1/lib/src/lib.rs:2255:894
     |
2255 |         pub struct ListScriptProcessesRequestBuilder < 'a , A > { pub ( crate ) reqwest : & 'a :: reqwest :: Client , pub ( crate ) auth : & 'a :: std :: sync :: Mutex < A > , page_size : Option < i32 > , page_token : Option < String > , script_id : Option < String > , script_process_filter_deployment_id : Option < String > , script_process_filter_end_time : Option < String > , script_process_filter_function_name : Option < String > , script_process_filter_start_time : Option < String > , script_process_filter_statuses : Option < Vec < crate :: resources :: processes :: params :: ListScriptProcessesScriptProcessFilterStatusesItems > > , script_process_filter_types : Option < Vec < crate :: resources :: processes :: params :: ListScriptProcessesScriptProcessFilterTypesItems > > , script_process_filter_user_access_levels : Option < Vec < crate :: resources :: processes :: params :: ListScriptProcessesScriptProcessFilterUserAccessLevelsItems > > , access_token : Option < String > , alt : Option < crate :: params :: Alt > , callback : Option < String > , fields : Option < String > , key : Option < String > , oauth_token : Option < String > , pretty_print : Option < bool > , quota_user : Option < String > , upload_protocol : Option < String > , upload_type : Option < String > , xgafv : Option < crate :: params :: Xgafv > , }
     |                                                                                                                                                                                                                                                                                                                                                                                                                                                                                                                                                                                                                                                                                                                                                                                                                                                                                                                              ^^^^^^^^^^^^^^^^^^^^^^^^^^^^^^^^^^^^^^^^^^^^^^^^^^^^^^^^^^^ not found in `crate::resources::processes::params`

error[E0412]: cannot find type `ListScriptProcessesScriptProcessFilterStatusesItems` in module `crate::resources::processes::params`
    --> script/v1/lib/src/lib.rs:2295:88
     |
2295 |                 value : impl Into < Vec < crate :: resources :: processes :: params :: ListScriptProcessesScriptProcessFilterStatusesItems > >,
     |                                                                                        ^^^^^^^^^^^^^^^^^^^^^^^^^^^^^^^^^^^^^^^^^^^^^^^^^^^ not found in `crate::resources::processes::params`

error[E0412]: cannot find type `ListScriptProcessesScriptProcessFilterTypesItems` in module `crate::resources::processes::params`
    --> script/v1/lib/src/lib.rs:2303:88
     |
2303 |                 value : impl Into < Vec < crate :: resources :: processes :: params :: ListScriptProcessesScriptProcessFilterTypesItems > >,
     |                                                                                        ^^^^^^^^^^^^^^^^^^^^^^^^^^^^^^^^^^^^^^^^^^^^^^^^ not found in `crate::resources::processes::params`

error[E0412]: cannot find type `ListScriptProcessesScriptProcessFilterUserAccessLevelsItems` in module `crate::resources::processes::params`
    --> script/v1/lib/src/lib.rs:2311:88
     |
2311 |                 value : impl Into < Vec < crate :: resources :: processes :: params :: ListScriptProcessesScriptProcessFilterUserAccessLevelsItems > >,
     |                                                                                        ^^^^^^^^^^^^^^^^^^^^^^^^^^^^^^^^^^^^^^^^^^^^^^^^^^^^^^^^^^^ not found in `crate::resources::processes::params`

error: aborting due to 12 previous errors

For more information about this error, try `rustc --explain E0412`.
error: Could not compile `google-script1`.

To learn more, run the command again with --verbose.
