    Checking google-vision1 v0.1.0 (/Users/sthiel/dev/google-apis/generated/gen/vision/v1/lib)
error[E0107]: wrong number of type arguments: expected 0, found 2
   --> vision/v1/lib/src/lib.rs:400:57
    |
400 |         fn serialize<S>(&self, serializer: S) -> Result<S::Ok, S::Error>
    |                                                         ^^^^^  ^^^^^^^^ unexpected type argument
    |                                                         |
    |                                                         unexpected type argument

error[E0107]: wrong number of type arguments: expected 0, found 2
   --> vision/v1/lib/src/lib.rs:408:54
    |
408 |         fn deserialize<D>(deserializer: D) -> Result<Self, D::Error>
    |                                                      ^^^^  ^^^^^^^^ unexpected type argument
    |                                                      |
    |                                                      unexpected type argument

error[E0107]: wrong number of type arguments: expected 0, found 2
   --> vision/v1/lib/src/lib.rs:502:57
    |
502 |         fn serialize<S>(&self, serializer: S) -> Result<S::Ok, S::Error>
    |                                                         ^^^^^  ^^^^^^^^ unexpected type argument
    |                                                         |
    |                                                         unexpected type argument

error[E0107]: wrong number of type arguments: expected 0, found 2
   --> vision/v1/lib/src/lib.rs:510:54
    |
510 |         fn deserialize<D>(deserializer: D) -> Result<Self, D::Error>
    |                                                      ^^^^  ^^^^^^^^ unexpected type argument
    |                                                      |
    |                                                      unexpected type argument

error[E0107]: wrong number of type arguments: expected 0, found 2
   --> vision/v1/lib/src/lib.rs:745:57
    |
745 |         fn serialize<S>(&self, serializer: S) -> Result<S::Ok, S::Error>
    |                                                         ^^^^^  ^^^^^^^^ unexpected type argument
    |                                                         |
    |                                                         unexpected type argument

error[E0107]: wrong number of type arguments: expected 0, found 2
   --> vision/v1/lib/src/lib.rs:753:54
    |
753 |         fn deserialize<D>(deserializer: D) -> Result<Self, D::Error>
    |                                                      ^^^^  ^^^^^^^^ unexpected type argument
    |                                                      |
    |                                                      unexpected type argument

error[E0107]: wrong number of type arguments: expected 0, found 2
   --> vision/v1/lib/src/lib.rs:940:57
    |
940 |         fn serialize<S>(&self, serializer: S) -> Result<S::Ok, S::Error>
    |                                                         ^^^^^  ^^^^^^^^ unexpected type argument
    |                                                         |
    |                                                         unexpected type argument

error[E0107]: wrong number of type arguments: expected 0, found 2
   --> vision/v1/lib/src/lib.rs:948:54
    |
948 |         fn deserialize<D>(deserializer: D) -> Result<Self, D::Error>
    |                                                      ^^^^  ^^^^^^^^ unexpected type argument
    |                                                      |
    |                                                      unexpected type argument

error[E0107]: wrong number of type arguments: expected 0, found 2
    --> vision/v1/lib/src/lib.rs:1011:57
     |
1011 |         fn serialize<S>(&self, serializer: S) -> Result<S::Ok, S::Error>
     |                                                         ^^^^^  ^^^^^^^^ unexpected type argument
     |                                                         |
     |                                                         unexpected type argument

error[E0107]: wrong number of type arguments: expected 0, found 2
    --> vision/v1/lib/src/lib.rs:1019:54
     |
1019 |         fn deserialize<D>(deserializer: D) -> Result<Self, D::Error>
     |                                                      ^^^^  ^^^^^^^^ unexpected type argument
     |                                                      |
     |                                                      unexpected type argument

error[E0107]: wrong number of type arguments: expected 0, found 2
    --> vision/v1/lib/src/lib.rs:1082:57
     |
1082 |         fn serialize<S>(&self, serializer: S) -> Result<S::Ok, S::Error>
     |                                                         ^^^^^  ^^^^^^^^ unexpected type argument
     |                                                         |
     |                                                         unexpected type argument

error[E0107]: wrong number of type arguments: expected 0, found 2
    --> vision/v1/lib/src/lib.rs:1090:54
     |
1090 |         fn deserialize<D>(deserializer: D) -> Result<Self, D::Error>
     |                                                      ^^^^  ^^^^^^^^ unexpected type argument
     |                                                      |
     |                                                      unexpected type argument

error[E0107]: wrong number of type arguments: expected 0, found 2
    --> vision/v1/lib/src/lib.rs:1153:57
     |
1153 |         fn serialize<S>(&self, serializer: S) -> Result<S::Ok, S::Error>
     |                                                         ^^^^^  ^^^^^^^^ unexpected type argument
     |                                                         |
     |                                                         unexpected type argument

error[E0107]: wrong number of type arguments: expected 0, found 2
    --> vision/v1/lib/src/lib.rs:1161:54
     |
1161 |         fn deserialize<D>(deserializer: D) -> Result<Self, D::Error>
     |                                                      ^^^^  ^^^^^^^^ unexpected type argument
     |                                                      |
     |                                                      unexpected type argument

error[E0107]: wrong number of type arguments: expected 0, found 2
    --> vision/v1/lib/src/lib.rs:1224:57
     |
1224 |         fn serialize<S>(&self, serializer: S) -> Result<S::Ok, S::Error>
     |                                                         ^^^^^  ^^^^^^^^ unexpected type argument
     |                                                         |
     |                                                         unexpected type argument

error[E0107]: wrong number of type arguments: expected 0, found 2
    --> vision/v1/lib/src/lib.rs:1232:54
     |
1232 |         fn deserialize<D>(deserializer: D) -> Result<Self, D::Error>
     |                                                      ^^^^  ^^^^^^^^ unexpected type argument
     |                                                      |
     |                                                      unexpected type argument

error[E0107]: wrong number of type arguments: expected 0, found 2
    --> vision/v1/lib/src/lib.rs:1295:57
     |
1295 |         fn serialize<S>(&self, serializer: S) -> Result<S::Ok, S::Error>
     |                                                         ^^^^^  ^^^^^^^^ unexpected type argument
     |                                                         |
     |                                                         unexpected type argument

error[E0107]: wrong number of type arguments: expected 0, found 2
    --> vision/v1/lib/src/lib.rs:1303:54
     |
1303 |         fn deserialize<D>(deserializer: D) -> Result<Self, D::Error>
     |                                                      ^^^^  ^^^^^^^^ unexpected type argument
     |                                                      |
     |                                                      unexpected type argument

error[E0107]: wrong number of type arguments: expected 0, found 2
    --> vision/v1/lib/src/lib.rs:1366:57
     |
1366 |         fn serialize<S>(&self, serializer: S) -> Result<S::Ok, S::Error>
     |                                                         ^^^^^  ^^^^^^^^ unexpected type argument
     |                                                         |
     |                                                         unexpected type argument

error[E0107]: wrong number of type arguments: expected 0, found 2
    --> vision/v1/lib/src/lib.rs:1374:54
     |
1374 |         fn deserialize<D>(deserializer: D) -> Result<Self, D::Error>
     |                                                      ^^^^  ^^^^^^^^ unexpected type argument
     |                                                      |
     |                                                      unexpected type argument

error[E0107]: wrong number of type arguments: expected 0, found 2
    --> vision/v1/lib/src/lib.rs:1522:57
     |
1522 |         fn serialize<S>(&self, serializer: S) -> Result<S::Ok, S::Error>
     |                                                         ^^^^^  ^^^^^^^^ unexpected type argument
     |                                                         |
     |                                                         unexpected type argument

error[E0107]: wrong number of type arguments: expected 0, found 2
    --> vision/v1/lib/src/lib.rs:1530:54
     |
1530 |         fn deserialize<D>(deserializer: D) -> Result<Self, D::Error>
     |                                                      ^^^^  ^^^^^^^^ unexpected type argument
     |                                                      |
     |                                                      unexpected type argument

error[E0107]: wrong number of type arguments: expected 0, found 2
    --> vision/v1/lib/src/lib.rs:1831:57
     |
1831 |         fn serialize<S>(&self, serializer: S) -> Result<S::Ok, S::Error>
     |                                                         ^^^^^  ^^^^^^^^ unexpected type argument
     |                                                         |
     |                                                         unexpected type argument

error[E0107]: wrong number of type arguments: expected 0, found 2
    --> vision/v1/lib/src/lib.rs:1839:54
     |
1839 |         fn deserialize<D>(deserializer: D) -> Result<Self, D::Error>
     |                                                      ^^^^  ^^^^^^^^ unexpected type argument
     |                                                      |
     |                                                      unexpected type argument

error[E0107]: wrong number of type arguments: expected 0, found 2
    --> vision/v1/lib/src/lib.rs:2087:57
     |
2087 |         fn serialize<S>(&self, serializer: S) -> Result<S::Ok, S::Error>
     |                                                         ^^^^^  ^^^^^^^^ unexpected type argument
     |                                                         |
     |                                                         unexpected type argument

error[E0107]: wrong number of type arguments: expected 0, found 2
    --> vision/v1/lib/src/lib.rs:2095:54
     |
2095 |         fn deserialize<D>(deserializer: D) -> Result<Self, D::Error>
     |                                                      ^^^^  ^^^^^^^^ unexpected type argument
     |                                                      |
     |                                                      unexpected type argument

error[E0107]: wrong number of type arguments: expected 0, found 2
    --> vision/v1/lib/src/lib.rs:2166:57
     |
2166 |         fn serialize<S>(&self, serializer: S) -> Result<S::Ok, S::Error>
     |                                                         ^^^^^  ^^^^^^^^ unexpected type argument
     |                                                         |
     |                                                         unexpected type argument

error[E0107]: wrong number of type arguments: expected 0, found 2
    --> vision/v1/lib/src/lib.rs:2174:54
     |
2174 |         fn deserialize<D>(deserializer: D) -> Result<Self, D::Error>
     |                                                      ^^^^  ^^^^^^^^ unexpected type argument
     |                                                      |
     |                                                      unexpected type argument

error[E0107]: wrong number of type arguments: expected 0, found 2
    --> vision/v1/lib/src/lib.rs:2245:57
     |
2245 |         fn serialize<S>(&self, serializer: S) -> Result<S::Ok, S::Error>
     |                                                         ^^^^^  ^^^^^^^^ unexpected type argument
     |                                                         |
     |                                                         unexpected type argument

error[E0107]: wrong number of type arguments: expected 0, found 2
    --> vision/v1/lib/src/lib.rs:2253:54
     |
2253 |         fn deserialize<D>(deserializer: D) -> Result<Self, D::Error>
     |                                                      ^^^^  ^^^^^^^^ unexpected type argument
     |                                                      |
     |                                                      unexpected type argument

error[E0107]: wrong number of type arguments: expected 0, found 2
    --> vision/v1/lib/src/lib.rs:2324:57
     |
2324 |         fn serialize<S>(&self, serializer: S) -> Result<S::Ok, S::Error>
     |                                                         ^^^^^  ^^^^^^^^ unexpected type argument
     |                                                         |
     |                                                         unexpected type argument

error[E0107]: wrong number of type arguments: expected 0, found 2
    --> vision/v1/lib/src/lib.rs:2332:54
     |
2332 |         fn deserialize<D>(deserializer: D) -> Result<Self, D::Error>
     |                                                      ^^^^  ^^^^^^^^ unexpected type argument
     |                                                      |
     |                                                      unexpected type argument

error[E0107]: wrong number of type arguments: expected 0, found 2
    --> vision/v1/lib/src/lib.rs:2401:57
     |
2401 |         fn serialize<S>(&self, serializer: S) -> Result<S::Ok, S::Error>
     |                                                         ^^^^^  ^^^^^^^^ unexpected type argument
     |                                                         |
     |                                                         unexpected type argument

error[E0107]: wrong number of type arguments: expected 0, found 2
    --> vision/v1/lib/src/lib.rs:2409:54
     |
2409 |         fn deserialize<D>(deserializer: D) -> Result<Self, D::Error>
     |                                                      ^^^^  ^^^^^^^^ unexpected type argument
     |                                                      |
     |                                                      unexpected type argument

error[E0107]: wrong number of type arguments: expected 0, found 2
    --> vision/v1/lib/src/lib.rs:2480:57
     |
2480 |         fn serialize<S>(&self, serializer: S) -> Result<S::Ok, S::Error>
     |                                                         ^^^^^  ^^^^^^^^ unexpected type argument
     |                                                         |
     |                                                         unexpected type argument

error[E0107]: wrong number of type arguments: expected 0, found 2
    --> vision/v1/lib/src/lib.rs:2488:54
     |
2488 |         fn deserialize<D>(deserializer: D) -> Result<Self, D::Error>
     |                                                      ^^^^  ^^^^^^^^ unexpected type argument
     |                                                      |
     |                                                      unexpected type argument

error[E0107]: wrong number of type arguments: expected 0, found 2
    --> vision/v1/lib/src/lib.rs:2567:57
     |
2567 |         fn serialize<S>(&self, serializer: S) -> Result<S::Ok, S::Error>
     |                                                         ^^^^^  ^^^^^^^^ unexpected type argument
     |                                                         |
     |                                                         unexpected type argument

error[E0107]: wrong number of type arguments: expected 0, found 2
    --> vision/v1/lib/src/lib.rs:2577:54
     |
2577 |         fn deserialize<D>(deserializer: D) -> Result<Self, D::Error>
     |                                                      ^^^^  ^^^^^^^^ unexpected type argument
     |                                                      |
     |                                                      unexpected type argument

error[E0107]: wrong number of type arguments: expected 0, found 2
    --> vision/v1/lib/src/lib.rs:2870:57
     |
2870 |         fn serialize<S>(&self, serializer: S) -> Result<S::Ok, S::Error>
     |                                                         ^^^^^  ^^^^^^^^ unexpected type argument
     |                                                         |
     |                                                         unexpected type argument

error[E0107]: wrong number of type arguments: expected 0, found 2
    --> vision/v1/lib/src/lib.rs:2878:54
     |
2878 |         fn deserialize<D>(deserializer: D) -> Result<Self, D::Error>
     |                                                      ^^^^  ^^^^^^^^ unexpected type argument
     |                                                      |
     |                                                      unexpected type argument

error[E0107]: wrong number of type arguments: expected 0, found 2
    --> vision/v1/lib/src/lib.rs:3244:57
     |
3244 |         fn serialize<S>(&self, serializer: S) -> Result<S::Ok, S::Error>
     |                                                         ^^^^^  ^^^^^^^^ unexpected type argument
     |                                                         |
     |                                                         unexpected type argument

error[E0107]: wrong number of type arguments: expected 0, found 2
    --> vision/v1/lib/src/lib.rs:3252:54
     |
3252 |         fn deserialize<D>(deserializer: D) -> Result<Self, D::Error>
     |                                                      ^^^^  ^^^^^^^^ unexpected type argument
     |                                                      |
     |                                                      unexpected type argument

error[E0107]: wrong number of type arguments: expected 0, found 2
    --> vision/v1/lib/src/lib.rs:3640:57
     |
3640 |         fn serialize<S>(&self, serializer: S) -> Result<S::Ok, S::Error>
     |                                                         ^^^^^  ^^^^^^^^ unexpected type argument
     |                                                         |
     |                                                         unexpected type argument

error[E0107]: wrong number of type arguments: expected 0, found 2
    --> vision/v1/lib/src/lib.rs:3648:54
     |
3648 |         fn deserialize<D>(deserializer: D) -> Result<Self, D::Error>
     |                                                      ^^^^  ^^^^^^^^ unexpected type argument
     |                                                      |
     |                                                      unexpected type argument

error[E0107]: wrong number of type arguments: expected 0, found 2
    --> vision/v1/lib/src/lib.rs:3715:57
     |
3715 |         fn serialize<S>(&self, serializer: S) -> Result<S::Ok, S::Error>
     |                                                         ^^^^^  ^^^^^^^^ unexpected type argument
     |                                                         |
     |                                                         unexpected type argument

error[E0107]: wrong number of type arguments: expected 0, found 2
    --> vision/v1/lib/src/lib.rs:3723:54
     |
3723 |         fn deserialize<D>(deserializer: D) -> Result<Self, D::Error>
     |                                                      ^^^^  ^^^^^^^^ unexpected type argument
     |                                                      |
     |                                                      unexpected type argument

error[E0107]: wrong number of type arguments: expected 0, found 2
    --> vision/v1/lib/src/lib.rs:3788:57
     |
3788 |         fn serialize<S>(&self, serializer: S) -> Result<S::Ok, S::Error>
     |                                                         ^^^^^  ^^^^^^^^ unexpected type argument
     |                                                         |
     |                                                         unexpected type argument

error[E0107]: wrong number of type arguments: expected 0, found 2
    --> vision/v1/lib/src/lib.rs:3796:54
     |
3796 |         fn deserialize<D>(deserializer: D) -> Result<Self, D::Error>
     |                                                      ^^^^  ^^^^^^^^ unexpected type argument
     |                                                      |
     |                                                      unexpected type argument

error[E0107]: wrong number of type arguments: expected 0, found 2
    --> vision/v1/lib/src/lib.rs:3861:57
     |
3861 |         fn serialize<S>(&self, serializer: S) -> Result<S::Ok, S::Error>
     |                                                         ^^^^^  ^^^^^^^^ unexpected type argument
     |                                                         |
     |                                                         unexpected type argument

error[E0107]: wrong number of type arguments: expected 0, found 2
    --> vision/v1/lib/src/lib.rs:3869:54
     |
3869 |         fn deserialize<D>(deserializer: D) -> Result<Self, D::Error>
     |                                                      ^^^^  ^^^^^^^^ unexpected type argument
     |                                                      |
     |                                                      unexpected type argument

error[E0107]: wrong number of type arguments: expected 0, found 2
    --> vision/v1/lib/src/lib.rs:3936:57
     |
3936 |         fn serialize<S>(&self, serializer: S) -> Result<S::Ok, S::Error>
     |                                                         ^^^^^  ^^^^^^^^ unexpected type argument
     |                                                         |
     |                                                         unexpected type argument

error[E0107]: wrong number of type arguments: expected 0, found 2
    --> vision/v1/lib/src/lib.rs:3944:54
     |
3944 |         fn deserialize<D>(deserializer: D) -> Result<Self, D::Error>
     |                                                      ^^^^  ^^^^^^^^ unexpected type argument
     |                                                      |
     |                                                      unexpected type argument

error[E0107]: wrong number of type arguments: expected 0, found 2
    --> vision/v1/lib/src/lib.rs:4112:57
     |
4112 |         fn serialize<S>(&self, serializer: S) -> Result<S::Ok, S::Error>
     |                                                         ^^^^^  ^^^^^^^^ unexpected type argument
     |                                                         |
     |                                                         unexpected type argument

error[E0107]: wrong number of type arguments: expected 0, found 2
    --> vision/v1/lib/src/lib.rs:4120:54
     |
4120 |         fn deserialize<D>(deserializer: D) -> Result<Self, D::Error>
     |                                                      ^^^^  ^^^^^^^^ unexpected type argument
     |                                                      |
     |                                                      unexpected type argument

error[E0107]: wrong number of type arguments: expected 0, found 2
    --> vision/v1/lib/src/lib.rs:4618:57
     |
4618 |         fn serialize<S>(&self, serializer: S) -> Result<S::Ok, S::Error>
     |                                                         ^^^^^  ^^^^^^^^ unexpected type argument
     |                                                         |
     |                                                         unexpected type argument

error[E0107]: wrong number of type arguments: expected 0, found 2
    --> vision/v1/lib/src/lib.rs:4626:54
     |
4626 |         fn deserialize<D>(deserializer: D) -> Result<Self, D::Error>
     |                                                      ^^^^  ^^^^^^^^ unexpected type argument
     |                                                      |
     |                                                      unexpected type argument

error[E0107]: wrong number of type arguments: expected 0, found 2
    --> vision/v1/lib/src/lib.rs:4874:57
     |
4874 |         fn serialize<S>(&self, serializer: S) -> Result<S::Ok, S::Error>
     |                                                         ^^^^^  ^^^^^^^^ unexpected type argument
     |                                                         |
     |                                                         unexpected type argument

error[E0107]: wrong number of type arguments: expected 0, found 2
    --> vision/v1/lib/src/lib.rs:4882:54
     |
4882 |         fn deserialize<D>(deserializer: D) -> Result<Self, D::Error>
     |                                                      ^^^^  ^^^^^^^^ unexpected type argument
     |                                                      |
     |                                                      unexpected type argument

error[E0107]: wrong number of type arguments: expected 0, found 2
    --> vision/v1/lib/src/lib.rs:4953:57
     |
4953 |         fn serialize<S>(&self, serializer: S) -> Result<S::Ok, S::Error>
     |                                                         ^^^^^  ^^^^^^^^ unexpected type argument
     |                                                         |
     |                                                         unexpected type argument

error[E0107]: wrong number of type arguments: expected 0, found 2
    --> vision/v1/lib/src/lib.rs:4961:54
     |
4961 |         fn deserialize<D>(deserializer: D) -> Result<Self, D::Error>
     |                                                      ^^^^  ^^^^^^^^ unexpected type argument
     |                                                      |
     |                                                      unexpected type argument

error[E0107]: wrong number of type arguments: expected 0, found 2
    --> vision/v1/lib/src/lib.rs:5032:57
     |
5032 |         fn serialize<S>(&self, serializer: S) -> Result<S::Ok, S::Error>
     |                                                         ^^^^^  ^^^^^^^^ unexpected type argument
     |                                                         |
     |                                                         unexpected type argument

error[E0107]: wrong number of type arguments: expected 0, found 2
    --> vision/v1/lib/src/lib.rs:5040:54
     |
5040 |         fn deserialize<D>(deserializer: D) -> Result<Self, D::Error>
     |                                                      ^^^^  ^^^^^^^^ unexpected type argument
     |                                                      |
     |                                                      unexpected type argument

error[E0107]: wrong number of type arguments: expected 0, found 2
    --> vision/v1/lib/src/lib.rs:5111:57
     |
5111 |         fn serialize<S>(&self, serializer: S) -> Result<S::Ok, S::Error>
     |                                                         ^^^^^  ^^^^^^^^ unexpected type argument
     |                                                         |
     |                                                         unexpected type argument

error[E0107]: wrong number of type arguments: expected 0, found 2
    --> vision/v1/lib/src/lib.rs:5119:54
     |
5119 |         fn deserialize<D>(deserializer: D) -> Result<Self, D::Error>
     |                                                      ^^^^  ^^^^^^^^ unexpected type argument
     |                                                      |
     |                                                      unexpected type argument

error[E0107]: wrong number of type arguments: expected 0, found 2
    --> vision/v1/lib/src/lib.rs:5188:57
     |
5188 |         fn serialize<S>(&self, serializer: S) -> Result<S::Ok, S::Error>
     |                                                         ^^^^^  ^^^^^^^^ unexpected type argument
     |                                                         |
     |                                                         unexpected type argument

error[E0107]: wrong number of type arguments: expected 0, found 2
    --> vision/v1/lib/src/lib.rs:5196:54
     |
5196 |         fn deserialize<D>(deserializer: D) -> Result<Self, D::Error>
     |                                                      ^^^^  ^^^^^^^^ unexpected type argument
     |                                                      |
     |                                                      unexpected type argument

error[E0107]: wrong number of type arguments: expected 0, found 2
    --> vision/v1/lib/src/lib.rs:5267:57
     |
5267 |         fn serialize<S>(&self, serializer: S) -> Result<S::Ok, S::Error>
     |                                                         ^^^^^  ^^^^^^^^ unexpected type argument
     |                                                         |
     |                                                         unexpected type argument

error[E0107]: wrong number of type arguments: expected 0, found 2
    --> vision/v1/lib/src/lib.rs:5275:54
     |
5275 |         fn deserialize<D>(deserializer: D) -> Result<Self, D::Error>
     |                                                      ^^^^  ^^^^^^^^ unexpected type argument
     |                                                      |
     |                                                      unexpected type argument

error[E0107]: wrong number of type arguments: expected 0, found 2
    --> vision/v1/lib/src/lib.rs:5354:57
     |
5354 |         fn serialize<S>(&self, serializer: S) -> Result<S::Ok, S::Error>
     |                                                         ^^^^^  ^^^^^^^^ unexpected type argument
     |                                                         |
     |                                                         unexpected type argument

error[E0107]: wrong number of type arguments: expected 0, found 2
    --> vision/v1/lib/src/lib.rs:5364:54
     |
5364 |         fn deserialize<D>(deserializer: D) -> Result<Self, D::Error>
     |                                                      ^^^^  ^^^^^^^^ unexpected type argument
     |                                                      |
     |                                                      unexpected type argument

error[E0107]: wrong number of type arguments: expected 0, found 2
    --> vision/v1/lib/src/lib.rs:5657:57
     |
5657 |         fn serialize<S>(&self, serializer: S) -> Result<S::Ok, S::Error>
     |                                                         ^^^^^  ^^^^^^^^ unexpected type argument
     |                                                         |
     |                                                         unexpected type argument

error[E0107]: wrong number of type arguments: expected 0, found 2
    --> vision/v1/lib/src/lib.rs:5665:54
     |
5665 |         fn deserialize<D>(deserializer: D) -> Result<Self, D::Error>
     |                                                      ^^^^  ^^^^^^^^ unexpected type argument
     |                                                      |
     |                                                      unexpected type argument

error[E0107]: wrong number of type arguments: expected 0, found 2
    --> vision/v1/lib/src/lib.rs:6031:57
     |
6031 |         fn serialize<S>(&self, serializer: S) -> Result<S::Ok, S::Error>
     |                                                         ^^^^^  ^^^^^^^^ unexpected type argument
     |                                                         |
     |                                                         unexpected type argument

error[E0107]: wrong number of type arguments: expected 0, found 2
    --> vision/v1/lib/src/lib.rs:6039:54
     |
6039 |         fn deserialize<D>(deserializer: D) -> Result<Self, D::Error>
     |                                                      ^^^^  ^^^^^^^^ unexpected type argument
     |                                                      |
     |                                                      unexpected type argument

error[E0107]: wrong number of type arguments: expected 0, found 2
    --> vision/v1/lib/src/lib.rs:6427:57
     |
6427 |         fn serialize<S>(&self, serializer: S) -> Result<S::Ok, S::Error>
     |                                                         ^^^^^  ^^^^^^^^ unexpected type argument
     |                                                         |
     |                                                         unexpected type argument

error[E0107]: wrong number of type arguments: expected 0, found 2
    --> vision/v1/lib/src/lib.rs:6435:54
     |
6435 |         fn deserialize<D>(deserializer: D) -> Result<Self, D::Error>
     |                                                      ^^^^  ^^^^^^^^ unexpected type argument
     |                                                      |
     |                                                      unexpected type argument

error[E0107]: wrong number of type arguments: expected 0, found 2
    --> vision/v1/lib/src/lib.rs:6502:57
     |
6502 |         fn serialize<S>(&self, serializer: S) -> Result<S::Ok, S::Error>
     |                                                         ^^^^^  ^^^^^^^^ unexpected type argument
     |                                                         |
     |                                                         unexpected type argument

error[E0107]: wrong number of type arguments: expected 0, found 2
    --> vision/v1/lib/src/lib.rs:6510:54
     |
6510 |         fn deserialize<D>(deserializer: D) -> Result<Self, D::Error>
     |                                                      ^^^^  ^^^^^^^^ unexpected type argument
     |                                                      |
     |                                                      unexpected type argument

error[E0107]: wrong number of type arguments: expected 0, found 2
    --> vision/v1/lib/src/lib.rs:6575:57
     |
6575 |         fn serialize<S>(&self, serializer: S) -> Result<S::Ok, S::Error>
     |                                                         ^^^^^  ^^^^^^^^ unexpected type argument
     |                                                         |
     |                                                         unexpected type argument

error[E0107]: wrong number of type arguments: expected 0, found 2
    --> vision/v1/lib/src/lib.rs:6583:54
     |
6583 |         fn deserialize<D>(deserializer: D) -> Result<Self, D::Error>
     |                                                      ^^^^  ^^^^^^^^ unexpected type argument
     |                                                      |
     |                                                      unexpected type argument

error[E0107]: wrong number of type arguments: expected 0, found 2
    --> vision/v1/lib/src/lib.rs:6648:57
     |
6648 |         fn serialize<S>(&self, serializer: S) -> Result<S::Ok, S::Error>
     |                                                         ^^^^^  ^^^^^^^^ unexpected type argument
     |                                                         |
     |                                                         unexpected type argument

error[E0107]: wrong number of type arguments: expected 0, found 2
    --> vision/v1/lib/src/lib.rs:6656:54
     |
6656 |         fn deserialize<D>(deserializer: D) -> Result<Self, D::Error>
     |                                                      ^^^^  ^^^^^^^^ unexpected type argument
     |                                                      |
     |                                                      unexpected type argument

error[E0107]: wrong number of type arguments: expected 0, found 2
    --> vision/v1/lib/src/lib.rs:6723:57
     |
6723 |         fn serialize<S>(&self, serializer: S) -> Result<S::Ok, S::Error>
     |                                                         ^^^^^  ^^^^^^^^ unexpected type argument
     |                                                         |
     |                                                         unexpected type argument

error[E0107]: wrong number of type arguments: expected 0, found 2
    --> vision/v1/lib/src/lib.rs:6731:54
     |
6731 |         fn deserialize<D>(deserializer: D) -> Result<Self, D::Error>
     |                                                      ^^^^  ^^^^^^^^ unexpected type argument
     |                                                      |
     |                                                      unexpected type argument

error[E0107]: wrong number of type arguments: expected 0, found 2
    --> vision/v1/lib/src/lib.rs:6899:57
     |
6899 |         fn serialize<S>(&self, serializer: S) -> Result<S::Ok, S::Error>
     |                                                         ^^^^^  ^^^^^^^^ unexpected type argument
     |                                                         |
     |                                                         unexpected type argument

error[E0107]: wrong number of type arguments: expected 0, found 2
    --> vision/v1/lib/src/lib.rs:6907:54
     |
6907 |         fn deserialize<D>(deserializer: D) -> Result<Self, D::Error>
     |                                                      ^^^^  ^^^^^^^^ unexpected type argument
     |                                                      |
     |                                                      unexpected type argument

error[E0107]: wrong number of type arguments: expected 0, found 2
    --> vision/v1/lib/src/lib.rs:7404:57
     |
7404 |         fn serialize<S>(&self, serializer: S) -> Result<S::Ok, S::Error>
     |                                                         ^^^^^  ^^^^^^^^ unexpected type argument
     |                                                         |
     |                                                         unexpected type argument

error[E0107]: wrong number of type arguments: expected 0, found 2
    --> vision/v1/lib/src/lib.rs:7412:54
     |
7412 |         fn deserialize<D>(deserializer: D) -> Result<Self, D::Error>
     |                                                      ^^^^  ^^^^^^^^ unexpected type argument
     |                                                      |
     |                                                      unexpected type argument

error[E0107]: wrong number of type arguments: expected 0, found 2
    --> vision/v1/lib/src/lib.rs:7510:57
     |
7510 |         fn serialize<S>(&self, serializer: S) -> Result<S::Ok, S::Error>
     |                                                         ^^^^^  ^^^^^^^^ unexpected type argument
     |                                                         |
     |                                                         unexpected type argument

error[E0107]: wrong number of type arguments: expected 0, found 2
    --> vision/v1/lib/src/lib.rs:7518:54
     |
7518 |         fn deserialize<D>(deserializer: D) -> Result<Self, D::Error>
     |                                                      ^^^^  ^^^^^^^^ unexpected type argument
     |                                                      |
     |                                                      unexpected type argument

error[E0107]: wrong number of type arguments: expected 0, found 2
    --> vision/v1/lib/src/lib.rs:7766:57
     |
7766 |         fn serialize<S>(&self, serializer: S) -> Result<S::Ok, S::Error>
     |                                                         ^^^^^  ^^^^^^^^ unexpected type argument
     |                                                         |
     |                                                         unexpected type argument

error[E0107]: wrong number of type arguments: expected 0, found 2
    --> vision/v1/lib/src/lib.rs:7774:54
     |
7774 |         fn deserialize<D>(deserializer: D) -> Result<Self, D::Error>
     |                                                      ^^^^  ^^^^^^^^ unexpected type argument
     |                                                      |
     |                                                      unexpected type argument

error[E0107]: wrong number of type arguments: expected 0, found 2
    --> vision/v1/lib/src/lib.rs:7845:57
     |
7845 |         fn serialize<S>(&self, serializer: S) -> Result<S::Ok, S::Error>
     |                                                         ^^^^^  ^^^^^^^^ unexpected type argument
     |                                                         |
     |                                                         unexpected type argument

error[E0107]: wrong number of type arguments: expected 0, found 2
    --> vision/v1/lib/src/lib.rs:7853:54
     |
7853 |         fn deserialize<D>(deserializer: D) -> Result<Self, D::Error>
     |                                                      ^^^^  ^^^^^^^^ unexpected type argument
     |                                                      |
     |                                                      unexpected type argument

error[E0107]: wrong number of type arguments: expected 0, found 2
    --> vision/v1/lib/src/lib.rs:7924:57
     |
7924 |         fn serialize<S>(&self, serializer: S) -> Result<S::Ok, S::Error>
     |                                                         ^^^^^  ^^^^^^^^ unexpected type argument
     |                                                         |
     |                                                         unexpected type argument

error[E0107]: wrong number of type arguments: expected 0, found 2
    --> vision/v1/lib/src/lib.rs:7932:54
     |
7932 |         fn deserialize<D>(deserializer: D) -> Result<Self, D::Error>
     |                                                      ^^^^  ^^^^^^^^ unexpected type argument
     |                                                      |
     |                                                      unexpected type argument

error[E0107]: wrong number of type arguments: expected 0, found 2
    --> vision/v1/lib/src/lib.rs:8003:57
     |
8003 |         fn serialize<S>(&self, serializer: S) -> Result<S::Ok, S::Error>
     |                                                         ^^^^^  ^^^^^^^^ unexpected type argument
     |                                                         |
     |                                                         unexpected type argument

error[E0107]: wrong number of type arguments: expected 0, found 2
    --> vision/v1/lib/src/lib.rs:8011:54
     |
8011 |         fn deserialize<D>(deserializer: D) -> Result<Self, D::Error>
     |                                                      ^^^^  ^^^^^^^^ unexpected type argument
     |                                                      |
     |                                                      unexpected type argument

error[E0107]: wrong number of type arguments: expected 0, found 2
    --> vision/v1/lib/src/lib.rs:8080:57
     |
8080 |         fn serialize<S>(&self, serializer: S) -> Result<S::Ok, S::Error>
     |                                                         ^^^^^  ^^^^^^^^ unexpected type argument
     |                                                         |
     |                                                         unexpected type argument

error[E0107]: wrong number of type arguments: expected 0, found 2
    --> vision/v1/lib/src/lib.rs:8088:54
     |
8088 |         fn deserialize<D>(deserializer: D) -> Result<Self, D::Error>
     |                                                      ^^^^  ^^^^^^^^ unexpected type argument
     |                                                      |
     |                                                      unexpected type argument

error[E0107]: wrong number of type arguments: expected 0, found 2
    --> vision/v1/lib/src/lib.rs:8159:57
     |
8159 |         fn serialize<S>(&self, serializer: S) -> Result<S::Ok, S::Error>
     |                                                         ^^^^^  ^^^^^^^^ unexpected type argument
     |                                                         |
     |                                                         unexpected type argument

error[E0107]: wrong number of type arguments: expected 0, found 2
    --> vision/v1/lib/src/lib.rs:8167:54
     |
8167 |         fn deserialize<D>(deserializer: D) -> Result<Self, D::Error>
     |                                                      ^^^^  ^^^^^^^^ unexpected type argument
     |                                                      |
     |                                                      unexpected type argument

error[E0107]: wrong number of type arguments: expected 0, found 2
    --> vision/v1/lib/src/lib.rs:8246:57
     |
8246 |         fn serialize<S>(&self, serializer: S) -> Result<S::Ok, S::Error>
     |                                                         ^^^^^  ^^^^^^^^ unexpected type argument
     |                                                         |
     |                                                         unexpected type argument

error[E0107]: wrong number of type arguments: expected 0, found 2
    --> vision/v1/lib/src/lib.rs:8256:54
     |
8256 |         fn deserialize<D>(deserializer: D) -> Result<Self, D::Error>
     |                                                      ^^^^  ^^^^^^^^ unexpected type argument
     |                                                      |
     |                                                      unexpected type argument

error[E0107]: wrong number of type arguments: expected 0, found 2
    --> vision/v1/lib/src/lib.rs:8549:57
     |
8549 |         fn serialize<S>(&self, serializer: S) -> Result<S::Ok, S::Error>
     |                                                         ^^^^^  ^^^^^^^^ unexpected type argument
     |                                                         |
     |                                                         unexpected type argument

error[E0107]: wrong number of type arguments: expected 0, found 2
    --> vision/v1/lib/src/lib.rs:8557:54
     |
8557 |         fn deserialize<D>(deserializer: D) -> Result<Self, D::Error>
     |                                                      ^^^^  ^^^^^^^^ unexpected type argument
     |                                                      |
     |                                                      unexpected type argument

error[E0107]: wrong number of type arguments: expected 0, found 2
    --> vision/v1/lib/src/lib.rs:8942:57
     |
8942 |         fn serialize<S>(&self, serializer: S) -> Result<S::Ok, S::Error>
     |                                                         ^^^^^  ^^^^^^^^ unexpected type argument
     |                                                         |
     |                                                         unexpected type argument

error[E0107]: wrong number of type arguments: expected 0, found 2
    --> vision/v1/lib/src/lib.rs:8950:54
     |
8950 |         fn deserialize<D>(deserializer: D) -> Result<Self, D::Error>
     |                                                      ^^^^  ^^^^^^^^ unexpected type argument
     |                                                      |
     |                                                      unexpected type argument

error[E0107]: wrong number of type arguments: expected 0, found 2
    --> vision/v1/lib/src/lib.rs:9362:57
     |
9362 |         fn serialize<S>(&self, serializer: S) -> Result<S::Ok, S::Error>
     |                                                         ^^^^^  ^^^^^^^^ unexpected type argument
     |                                                         |
     |                                                         unexpected type argument

error[E0107]: wrong number of type arguments: expected 0, found 2
    --> vision/v1/lib/src/lib.rs:9370:54
     |
9370 |         fn deserialize<D>(deserializer: D) -> Result<Self, D::Error>
     |                                                      ^^^^  ^^^^^^^^ unexpected type argument
     |                                                      |
     |                                                      unexpected type argument

error[E0107]: wrong number of type arguments: expected 0, found 2
    --> vision/v1/lib/src/lib.rs:9437:57
     |
9437 |         fn serialize<S>(&self, serializer: S) -> Result<S::Ok, S::Error>
     |                                                         ^^^^^  ^^^^^^^^ unexpected type argument
     |                                                         |
     |                                                         unexpected type argument

error[E0107]: wrong number of type arguments: expected 0, found 2
    --> vision/v1/lib/src/lib.rs:9445:54
     |
9445 |         fn deserialize<D>(deserializer: D) -> Result<Self, D::Error>
     |                                                      ^^^^  ^^^^^^^^ unexpected type argument
     |                                                      |
     |                                                      unexpected type argument

error[E0107]: wrong number of type arguments: expected 0, found 2
    --> vision/v1/lib/src/lib.rs:9510:57
     |
9510 |         fn serialize<S>(&self, serializer: S) -> Result<S::Ok, S::Error>
     |                                                         ^^^^^  ^^^^^^^^ unexpected type argument
     |                                                         |
     |                                                         unexpected type argument

error[E0107]: wrong number of type arguments: expected 0, found 2
    --> vision/v1/lib/src/lib.rs:9518:54
     |
9518 |         fn deserialize<D>(deserializer: D) -> Result<Self, D::Error>
     |                                                      ^^^^  ^^^^^^^^ unexpected type argument
     |                                                      |
     |                                                      unexpected type argument

error[E0107]: wrong number of type arguments: expected 0, found 2
    --> vision/v1/lib/src/lib.rs:9583:57
     |
9583 |         fn serialize<S>(&self, serializer: S) -> Result<S::Ok, S::Error>
     |                                                         ^^^^^  ^^^^^^^^ unexpected type argument
     |                                                         |
     |                                                         unexpected type argument

error[E0107]: wrong number of type arguments: expected 0, found 2
    --> vision/v1/lib/src/lib.rs:9591:54
     |
9591 |         fn deserialize<D>(deserializer: D) -> Result<Self, D::Error>
     |                                                      ^^^^  ^^^^^^^^ unexpected type argument
     |                                                      |
     |                                                      unexpected type argument

error[E0107]: wrong number of type arguments: expected 0, found 2
    --> vision/v1/lib/src/lib.rs:9658:57
     |
9658 |         fn serialize<S>(&self, serializer: S) -> Result<S::Ok, S::Error>
     |                                                         ^^^^^  ^^^^^^^^ unexpected type argument
     |                                                         |
     |                                                         unexpected type argument

error[E0107]: wrong number of type arguments: expected 0, found 2
    --> vision/v1/lib/src/lib.rs:9666:54
     |
9666 |         fn deserialize<D>(deserializer: D) -> Result<Self, D::Error>
     |                                                      ^^^^  ^^^^^^^^ unexpected type argument
     |                                                      |
     |                                                      unexpected type argument

error[E0107]: wrong number of type arguments: expected 0, found 2
    --> vision/v1/lib/src/lib.rs:9834:57
     |
9834 |         fn serialize<S>(&self, serializer: S) -> Result<S::Ok, S::Error>
     |                                                         ^^^^^  ^^^^^^^^ unexpected type argument
     |                                                         |
     |                                                         unexpected type argument

error[E0107]: wrong number of type arguments: expected 0, found 2
    --> vision/v1/lib/src/lib.rs:9842:54
     |
9842 |         fn deserialize<D>(deserializer: D) -> Result<Self, D::Error>
     |                                                      ^^^^  ^^^^^^^^ unexpected type argument
     |                                                      |
     |                                                      unexpected type argument

error[E0107]: wrong number of type arguments: expected 0, found 2
     --> vision/v1/lib/src/lib.rs:10394:57
      |
10394 |         fn serialize<S>(&self, serializer: S) -> Result<S::Ok, S::Error>
      |                                                         ^^^^^  ^^^^^^^^ unexpected type argument
      |                                                         |
      |                                                         unexpected type argument

error[E0107]: wrong number of type arguments: expected 0, found 2
     --> vision/v1/lib/src/lib.rs:10402:54
      |
10402 |         fn deserialize<D>(deserializer: D) -> Result<Self, D::Error>
      |                                                      ^^^^  ^^^^^^^^ unexpected type argument
      |                                                      |
      |                                                      unexpected type argument

error[E0107]: wrong number of type arguments: expected 0, found 2
     --> vision/v1/lib/src/lib.rs:10500:57
      |
10500 |         fn serialize<S>(&self, serializer: S) -> Result<S::Ok, S::Error>
      |                                                         ^^^^^  ^^^^^^^^ unexpected type argument
      |                                                         |
      |                                                         unexpected type argument

error[E0107]: wrong number of type arguments: expected 0, found 2
     --> vision/v1/lib/src/lib.rs:10508:54
      |
10508 |         fn deserialize<D>(deserializer: D) -> Result<Self, D::Error>
      |                                                      ^^^^  ^^^^^^^^ unexpected type argument
      |                                                      |
      |                                                      unexpected type argument

error[E0107]: wrong number of type arguments: expected 0, found 2
     --> vision/v1/lib/src/lib.rs:10756:57
      |
10756 |         fn serialize<S>(&self, serializer: S) -> Result<S::Ok, S::Error>
      |                                                         ^^^^^  ^^^^^^^^ unexpected type argument
      |                                                         |
      |                                                         unexpected type argument

error[E0107]: wrong number of type arguments: expected 0, found 2
     --> vision/v1/lib/src/lib.rs:10764:54
      |
10764 |         fn deserialize<D>(deserializer: D) -> Result<Self, D::Error>
      |                                                      ^^^^  ^^^^^^^^ unexpected type argument
      |                                                      |
      |                                                      unexpected type argument

error[E0107]: wrong number of type arguments: expected 0, found 2
     --> vision/v1/lib/src/lib.rs:10835:57
      |
10835 |         fn serialize<S>(&self, serializer: S) -> Result<S::Ok, S::Error>
      |                                                         ^^^^^  ^^^^^^^^ unexpected type argument
      |                                                         |
      |                                                         unexpected type argument

error[E0107]: wrong number of type arguments: expected 0, found 2
     --> vision/v1/lib/src/lib.rs:10843:54
      |
10843 |         fn deserialize<D>(deserializer: D) -> Result<Self, D::Error>
      |                                                      ^^^^  ^^^^^^^^ unexpected type argument
      |                                                      |
      |                                                      unexpected type argument

error[E0107]: wrong number of type arguments: expected 0, found 2
     --> vision/v1/lib/src/lib.rs:10914:57
      |
10914 |         fn serialize<S>(&self, serializer: S) -> Result<S::Ok, S::Error>
      |                                                         ^^^^^  ^^^^^^^^ unexpected type argument
      |                                                         |
      |                                                         unexpected type argument

error[E0107]: wrong number of type arguments: expected 0, found 2
     --> vision/v1/lib/src/lib.rs:10922:54
      |
10922 |         fn deserialize<D>(deserializer: D) -> Result<Self, D::Error>
      |                                                      ^^^^  ^^^^^^^^ unexpected type argument
      |                                                      |
      |                                                      unexpected type argument

error[E0107]: wrong number of type arguments: expected 0, found 2
     --> vision/v1/lib/src/lib.rs:10993:57
      |
10993 |         fn serialize<S>(&self, serializer: S) -> Result<S::Ok, S::Error>
      |                                                         ^^^^^  ^^^^^^^^ unexpected type argument
      |                                                         |
      |                                                         unexpected type argument

error[E0107]: wrong number of type arguments: expected 0, found 2
     --> vision/v1/lib/src/lib.rs:11001:54
      |
11001 |         fn deserialize<D>(deserializer: D) -> Result<Self, D::Error>
      |                                                      ^^^^  ^^^^^^^^ unexpected type argument
      |                                                      |
      |                                                      unexpected type argument

error[E0107]: wrong number of type arguments: expected 0, found 2
     --> vision/v1/lib/src/lib.rs:11070:57
      |
11070 |         fn serialize<S>(&self, serializer: S) -> Result<S::Ok, S::Error>
      |                                                         ^^^^^  ^^^^^^^^ unexpected type argument
      |                                                         |
      |                                                         unexpected type argument

error[E0107]: wrong number of type arguments: expected 0, found 2
     --> vision/v1/lib/src/lib.rs:11078:54
      |
11078 |         fn deserialize<D>(deserializer: D) -> Result<Self, D::Error>
      |                                                      ^^^^  ^^^^^^^^ unexpected type argument
      |                                                      |
      |                                                      unexpected type argument

error[E0107]: wrong number of type arguments: expected 0, found 2
     --> vision/v1/lib/src/lib.rs:11149:57
      |
11149 |         fn serialize<S>(&self, serializer: S) -> Result<S::Ok, S::Error>
      |                                                         ^^^^^  ^^^^^^^^ unexpected type argument
      |                                                         |
      |                                                         unexpected type argument

error[E0107]: wrong number of type arguments: expected 0, found 2
     --> vision/v1/lib/src/lib.rs:11157:54
      |
11157 |         fn deserialize<D>(deserializer: D) -> Result<Self, D::Error>
      |                                                      ^^^^  ^^^^^^^^ unexpected type argument
      |                                                      |
      |                                                      unexpected type argument

error[E0107]: wrong number of type arguments: expected 0, found 2
     --> vision/v1/lib/src/lib.rs:11236:57
      |
11236 |         fn serialize<S>(&self, serializer: S) -> Result<S::Ok, S::Error>
      |                                                         ^^^^^  ^^^^^^^^ unexpected type argument
      |                                                         |
      |                                                         unexpected type argument

error[E0107]: wrong number of type arguments: expected 0, found 2
     --> vision/v1/lib/src/lib.rs:11246:54
      |
11246 |         fn deserialize<D>(deserializer: D) -> Result<Self, D::Error>
      |                                                      ^^^^  ^^^^^^^^ unexpected type argument
      |                                                      |
      |                                                      unexpected type argument

error[E0107]: wrong number of type arguments: expected 0, found 2
     --> vision/v1/lib/src/lib.rs:11539:57
      |
11539 |         fn serialize<S>(&self, serializer: S) -> Result<S::Ok, S::Error>
      |                                                         ^^^^^  ^^^^^^^^ unexpected type argument
      |                                                         |
      |                                                         unexpected type argument

error[E0107]: wrong number of type arguments: expected 0, found 2
     --> vision/v1/lib/src/lib.rs:11547:54
      |
11547 |         fn deserialize<D>(deserializer: D) -> Result<Self, D::Error>
      |                                                      ^^^^  ^^^^^^^^ unexpected type argument
      |                                                      |
      |                                                      unexpected type argument

error[E0107]: wrong number of type arguments: expected 0, found 2
     --> vision/v1/lib/src/lib.rs:11949:57
      |
11949 |         fn serialize<S>(&self, serializer: S) -> Result<S::Ok, S::Error>
      |                                                         ^^^^^  ^^^^^^^^ unexpected type argument
      |                                                         |
      |                                                         unexpected type argument

error[E0107]: wrong number of type arguments: expected 0, found 2
     --> vision/v1/lib/src/lib.rs:11957:54
      |
11957 |         fn deserialize<D>(deserializer: D) -> Result<Self, D::Error>
      |                                                      ^^^^  ^^^^^^^^ unexpected type argument
      |                                                      |
      |                                                      unexpected type argument

error[E0107]: wrong number of type arguments: expected 0, found 2
     --> vision/v1/lib/src/lib.rs:12336:57
      |
12336 |         fn serialize<S>(&self, serializer: S) -> Result<S::Ok, S::Error>
      |                                                         ^^^^^  ^^^^^^^^ unexpected type argument
      |                                                         |
      |                                                         unexpected type argument

error[E0107]: wrong number of type arguments: expected 0, found 2
     --> vision/v1/lib/src/lib.rs:12346:54
      |
12346 |         fn deserialize<D>(deserializer: D) -> Result<Self, D::Error>
      |                                                      ^^^^  ^^^^^^^^ unexpected type argument
      |                                                      |
      |                                                      unexpected type argument

error[E0107]: wrong number of type arguments: expected 0, found 2
     --> vision/v1/lib/src/lib.rs:12446:57
      |
12446 |         fn serialize<S>(&self, serializer: S) -> Result<S::Ok, S::Error>
      |                                                         ^^^^^  ^^^^^^^^ unexpected type argument
      |                                                         |
      |                                                         unexpected type argument

error[E0107]: wrong number of type arguments: expected 0, found 2
     --> vision/v1/lib/src/lib.rs:12454:54
      |
12454 |         fn deserialize<D>(deserializer: D) -> Result<Self, D::Error>
      |                                                      ^^^^  ^^^^^^^^ unexpected type argument
      |                                                      |
      |                                                      unexpected type argument

error[E0107]: wrong number of type arguments: expected 0, found 2
     --> vision/v1/lib/src/lib.rs:12521:57
      |
12521 |         fn serialize<S>(&self, serializer: S) -> Result<S::Ok, S::Error>
      |                                                         ^^^^^  ^^^^^^^^ unexpected type argument
      |                                                         |
      |                                                         unexpected type argument

error[E0107]: wrong number of type arguments: expected 0, found 2
     --> vision/v1/lib/src/lib.rs:12529:54
      |
12529 |         fn deserialize<D>(deserializer: D) -> Result<Self, D::Error>
      |                                                      ^^^^  ^^^^^^^^ unexpected type argument
      |                                                      |
      |                                                      unexpected type argument

error[E0107]: wrong number of type arguments: expected 0, found 2
     --> vision/v1/lib/src/lib.rs:12594:57
      |
12594 |         fn serialize<S>(&self, serializer: S) -> Result<S::Ok, S::Error>
      |                                                         ^^^^^  ^^^^^^^^ unexpected type argument
      |                                                         |
      |                                                         unexpected type argument

error[E0107]: wrong number of type arguments: expected 0, found 2
     --> vision/v1/lib/src/lib.rs:12602:54
      |
12602 |         fn deserialize<D>(deserializer: D) -> Result<Self, D::Error>
      |                                                      ^^^^  ^^^^^^^^ unexpected type argument
      |                                                      |
      |                                                      unexpected type argument

error[E0107]: wrong number of type arguments: expected 0, found 2
     --> vision/v1/lib/src/lib.rs:12667:57
      |
12667 |         fn serialize<S>(&self, serializer: S) -> Result<S::Ok, S::Error>
      |                                                         ^^^^^  ^^^^^^^^ unexpected type argument
      |                                                         |
      |                                                         unexpected type argument

error[E0107]: wrong number of type arguments: expected 0, found 2
     --> vision/v1/lib/src/lib.rs:12675:54
      |
12675 |         fn deserialize<D>(deserializer: D) -> Result<Self, D::Error>
      |                                                      ^^^^  ^^^^^^^^ unexpected type argument
      |                                                      |
      |                                                      unexpected type argument

error[E0107]: wrong number of type arguments: expected 0, found 2
     --> vision/v1/lib/src/lib.rs:12742:57
      |
12742 |         fn serialize<S>(&self, serializer: S) -> Result<S::Ok, S::Error>
      |                                                         ^^^^^  ^^^^^^^^ unexpected type argument
      |                                                         |
      |                                                         unexpected type argument

error[E0107]: wrong number of type arguments: expected 0, found 2
     --> vision/v1/lib/src/lib.rs:12750:54
      |
12750 |         fn deserialize<D>(deserializer: D) -> Result<Self, D::Error>
      |                                                      ^^^^  ^^^^^^^^ unexpected type argument
      |                                                      |
      |                                                      unexpected type argument

error[E0107]: wrong number of type arguments: expected 0, found 2
     --> vision/v1/lib/src/lib.rs:12927:57
      |
12927 |         fn serialize<S>(&self, serializer: S) -> Result<S::Ok, S::Error>
      |                                                         ^^^^^  ^^^^^^^^ unexpected type argument
      |                                                         |
      |                                                         unexpected type argument

error[E0107]: wrong number of type arguments: expected 0, found 2
     --> vision/v1/lib/src/lib.rs:12935:54
      |
12935 |         fn deserialize<D>(deserializer: D) -> Result<Self, D::Error>
      |                                                      ^^^^  ^^^^^^^^ unexpected type argument
      |                                                      |
      |                                                      unexpected type argument

error[E0107]: wrong number of type arguments: expected 0, found 2
     --> vision/v1/lib/src/lib.rs:13478:57
      |
13478 |         fn serialize<S>(&self, serializer: S) -> Result<S::Ok, S::Error>
      |                                                         ^^^^^  ^^^^^^^^ unexpected type argument
      |                                                         |
      |                                                         unexpected type argument

error[E0107]: wrong number of type arguments: expected 0, found 2
     --> vision/v1/lib/src/lib.rs:13486:54
      |
13486 |         fn deserialize<D>(deserializer: D) -> Result<Self, D::Error>
      |                                                      ^^^^  ^^^^^^^^ unexpected type argument
      |                                                      |
      |                                                      unexpected type argument

error[E0107]: wrong number of type arguments: expected 0, found 2
     --> vision/v1/lib/src/lib.rs:13587:57
      |
13587 |         fn serialize<S>(&self, serializer: S) -> Result<S::Ok, S::Error>
      |                                                         ^^^^^  ^^^^^^^^ unexpected type argument
      |                                                         |
      |                                                         unexpected type argument

error[E0107]: wrong number of type arguments: expected 0, found 2
     --> vision/v1/lib/src/lib.rs:13595:54
      |
13595 |         fn deserialize<D>(deserializer: D) -> Result<Self, D::Error>
      |                                                      ^^^^  ^^^^^^^^ unexpected type argument
      |                                                      |
      |                                                      unexpected type argument

error[E0107]: wrong number of type arguments: expected 0, found 2
     --> vision/v1/lib/src/lib.rs:13854:57
      |
13854 |         fn serialize<S>(&self, serializer: S) -> Result<S::Ok, S::Error>
      |                                                         ^^^^^  ^^^^^^^^ unexpected type argument
      |                                                         |
      |                                                         unexpected type argument

error[E0107]: wrong number of type arguments: expected 0, found 2
     --> vision/v1/lib/src/lib.rs:13862:54
      |
13862 |         fn deserialize<D>(deserializer: D) -> Result<Self, D::Error>
      |                                                      ^^^^  ^^^^^^^^ unexpected type argument
      |                                                      |
      |                                                      unexpected type argument

error[E0107]: wrong number of type arguments: expected 0, found 2
     --> vision/v1/lib/src/lib.rs:13933:57
      |
13933 |         fn serialize<S>(&self, serializer: S) -> Result<S::Ok, S::Error>
      |                                                         ^^^^^  ^^^^^^^^ unexpected type argument
      |                                                         |
      |                                                         unexpected type argument

error[E0107]: wrong number of type arguments: expected 0, found 2
     --> vision/v1/lib/src/lib.rs:13941:54
      |
13941 |         fn deserialize<D>(deserializer: D) -> Result<Self, D::Error>
      |                                                      ^^^^  ^^^^^^^^ unexpected type argument
      |                                                      |
      |                                                      unexpected type argument

error[E0107]: wrong number of type arguments: expected 0, found 2
     --> vision/v1/lib/src/lib.rs:14012:57
      |
14012 |         fn serialize<S>(&self, serializer: S) -> Result<S::Ok, S::Error>
      |                                                         ^^^^^  ^^^^^^^^ unexpected type argument
      |                                                         |
      |                                                         unexpected type argument

error[E0107]: wrong number of type arguments: expected 0, found 2
     --> vision/v1/lib/src/lib.rs:14020:54
      |
14020 |         fn deserialize<D>(deserializer: D) -> Result<Self, D::Error>
      |                                                      ^^^^  ^^^^^^^^ unexpected type argument
      |                                                      |
      |                                                      unexpected type argument

error[E0107]: wrong number of type arguments: expected 0, found 2
     --> vision/v1/lib/src/lib.rs:14091:57
      |
14091 |         fn serialize<S>(&self, serializer: S) -> Result<S::Ok, S::Error>
      |                                                         ^^^^^  ^^^^^^^^ unexpected type argument
      |                                                         |
      |                                                         unexpected type argument

error[E0107]: wrong number of type arguments: expected 0, found 2
     --> vision/v1/lib/src/lib.rs:14099:54
      |
14099 |         fn deserialize<D>(deserializer: D) -> Result<Self, D::Error>
      |                                                      ^^^^  ^^^^^^^^ unexpected type argument
      |                                                      |
      |                                                      unexpected type argument

error[E0107]: wrong number of type arguments: expected 0, found 2
     --> vision/v1/lib/src/lib.rs:14168:57
      |
14168 |         fn serialize<S>(&self, serializer: S) -> Result<S::Ok, S::Error>
      |                                                         ^^^^^  ^^^^^^^^ unexpected type argument
      |                                                         |
      |                                                         unexpected type argument

error[E0107]: wrong number of type arguments: expected 0, found 2
     --> vision/v1/lib/src/lib.rs:14176:54
      |
14176 |         fn deserialize<D>(deserializer: D) -> Result<Self, D::Error>
      |                                                      ^^^^  ^^^^^^^^ unexpected type argument
      |                                                      |
      |                                                      unexpected type argument

error[E0107]: wrong number of type arguments: expected 0, found 2
     --> vision/v1/lib/src/lib.rs:14247:57
      |
14247 |         fn serialize<S>(&self, serializer: S) -> Result<S::Ok, S::Error>
      |                                                         ^^^^^  ^^^^^^^^ unexpected type argument
      |                                                         |
      |                                                         unexpected type argument

error[E0107]: wrong number of type arguments: expected 0, found 2
     --> vision/v1/lib/src/lib.rs:14255:54
      |
14255 |         fn deserialize<D>(deserializer: D) -> Result<Self, D::Error>
      |                                                      ^^^^  ^^^^^^^^ unexpected type argument
      |                                                      |
      |                                                      unexpected type argument

error[E0107]: wrong number of type arguments: expected 0, found 2
     --> vision/v1/lib/src/lib.rs:14334:57
      |
14334 |         fn serialize<S>(&self, serializer: S) -> Result<S::Ok, S::Error>
      |                                                         ^^^^^  ^^^^^^^^ unexpected type argument
      |                                                         |
      |                                                         unexpected type argument

error[E0107]: wrong number of type arguments: expected 0, found 2
     --> vision/v1/lib/src/lib.rs:14344:54
      |
14344 |         fn deserialize<D>(deserializer: D) -> Result<Self, D::Error>
      |                                                      ^^^^  ^^^^^^^^ unexpected type argument
      |                                                      |
      |                                                      unexpected type argument

error[E0107]: wrong number of type arguments: expected 0, found 2
     --> vision/v1/lib/src/lib.rs:14637:57
      |
14637 |         fn serialize<S>(&self, serializer: S) -> Result<S::Ok, S::Error>
      |                                                         ^^^^^  ^^^^^^^^ unexpected type argument
      |                                                         |
      |                                                         unexpected type argument

error[E0107]: wrong number of type arguments: expected 0, found 2
     --> vision/v1/lib/src/lib.rs:14645:54
      |
14645 |         fn deserialize<D>(deserializer: D) -> Result<Self, D::Error>
      |                                                      ^^^^  ^^^^^^^^ unexpected type argument
      |                                                      |
      |                                                      unexpected type argument

error[E0107]: wrong number of type arguments: expected 0, found 2
     --> vision/v1/lib/src/lib.rs:15059:57
      |
15059 |         fn serialize<S>(&self, serializer: S) -> Result<S::Ok, S::Error>
      |                                                         ^^^^^  ^^^^^^^^ unexpected type argument
      |                                                         |
      |                                                         unexpected type argument

error[E0107]: wrong number of type arguments: expected 0, found 2
     --> vision/v1/lib/src/lib.rs:15067:54
      |
15067 |         fn deserialize<D>(deserializer: D) -> Result<Self, D::Error>
      |                                                      ^^^^  ^^^^^^^^ unexpected type argument
      |                                                      |
      |                                                      unexpected type argument

error[E0107]: wrong number of type arguments: expected 0, found 2
     --> vision/v1/lib/src/lib.rs:15485:57
      |
15485 |         fn serialize<S>(&self, serializer: S) -> Result<S::Ok, S::Error>
      |                                                         ^^^^^  ^^^^^^^^ unexpected type argument
      |                                                         |
      |                                                         unexpected type argument

error[E0107]: wrong number of type arguments: expected 0, found 2
     --> vision/v1/lib/src/lib.rs:15493:54
      |
15493 |         fn deserialize<D>(deserializer: D) -> Result<Self, D::Error>
      |                                                      ^^^^  ^^^^^^^^ unexpected type argument
      |                                                      |
      |                                                      unexpected type argument

error[E0107]: wrong number of type arguments: expected 0, found 2
     --> vision/v1/lib/src/lib.rs:15560:57
      |
15560 |         fn serialize<S>(&self, serializer: S) -> Result<S::Ok, S::Error>
      |                                                         ^^^^^  ^^^^^^^^ unexpected type argument
      |                                                         |
      |                                                         unexpected type argument

error[E0107]: wrong number of type arguments: expected 0, found 2
     --> vision/v1/lib/src/lib.rs:15568:54
      |
15568 |         fn deserialize<D>(deserializer: D) -> Result<Self, D::Error>
      |                                                      ^^^^  ^^^^^^^^ unexpected type argument
      |                                                      |
      |                                                      unexpected type argument

error[E0107]: wrong number of type arguments: expected 0, found 2
     --> vision/v1/lib/src/lib.rs:15633:57
      |
15633 |         fn serialize<S>(&self, serializer: S) -> Result<S::Ok, S::Error>
      |                                                         ^^^^^  ^^^^^^^^ unexpected type argument
      |                                                         |
      |                                                         unexpected type argument

error[E0107]: wrong number of type arguments: expected 0, found 2
     --> vision/v1/lib/src/lib.rs:15641:54
      |
15641 |         fn deserialize<D>(deserializer: D) -> Result<Self, D::Error>
      |                                                      ^^^^  ^^^^^^^^ unexpected type argument
      |                                                      |
      |                                                      unexpected type argument

error[E0107]: wrong number of type arguments: expected 0, found 2
     --> vision/v1/lib/src/lib.rs:15706:57
      |
15706 |         fn serialize<S>(&self, serializer: S) -> Result<S::Ok, S::Error>
      |                                                         ^^^^^  ^^^^^^^^ unexpected type argument
      |                                                         |
      |                                                         unexpected type argument

error[E0107]: wrong number of type arguments: expected 0, found 2
     --> vision/v1/lib/src/lib.rs:15714:54
      |
15714 |         fn deserialize<D>(deserializer: D) -> Result<Self, D::Error>
      |                                                      ^^^^  ^^^^^^^^ unexpected type argument
      |                                                      |
      |                                                      unexpected type argument

error[E0107]: wrong number of type arguments: expected 0, found 2
     --> vision/v1/lib/src/lib.rs:15781:57
      |
15781 |         fn serialize<S>(&self, serializer: S) -> Result<S::Ok, S::Error>
      |                                                         ^^^^^  ^^^^^^^^ unexpected type argument
      |                                                         |
      |                                                         unexpected type argument

error[E0107]: wrong number of type arguments: expected 0, found 2
     --> vision/v1/lib/src/lib.rs:15789:54
      |
15789 |         fn deserialize<D>(deserializer: D) -> Result<Self, D::Error>
      |                                                      ^^^^  ^^^^^^^^ unexpected type argument
      |                                                      |
      |                                                      unexpected type argument

error[E0107]: wrong number of type arguments: expected 0, found 2
     --> vision/v1/lib/src/lib.rs:16032:57
      |
16032 |         fn serialize<S>(&self, serializer: S) -> Result<S::Ok, S::Error>
      |                                                         ^^^^^  ^^^^^^^^ unexpected type argument
      |                                                         |
      |                                                         unexpected type argument

error[E0107]: wrong number of type arguments: expected 0, found 2
     --> vision/v1/lib/src/lib.rs:16040:54
      |
16040 |         fn deserialize<D>(deserializer: D) -> Result<Self, D::Error>
      |                                                      ^^^^  ^^^^^^^^ unexpected type argument
      |                                                      |
      |                                                      unexpected type argument

error[E0107]: wrong number of type arguments: expected 0, found 2
     --> vision/v1/lib/src/lib.rs:16791:57
      |
16791 |         fn serialize<S>(&self, serializer: S) -> Result<S::Ok, S::Error>
      |                                                         ^^^^^  ^^^^^^^^ unexpected type argument
      |                                                         |
      |                                                         unexpected type argument

error[E0107]: wrong number of type arguments: expected 0, found 2
     --> vision/v1/lib/src/lib.rs:16799:54
      |
16799 |         fn deserialize<D>(deserializer: D) -> Result<Self, D::Error>
      |                                                      ^^^^  ^^^^^^^^ unexpected type argument
      |                                                      |
      |                                                      unexpected type argument

error[E0107]: wrong number of type arguments: expected 0, found 2
     --> vision/v1/lib/src/lib.rs:17160:57
      |
17160 |         fn serialize<S>(&self, serializer: S) -> Result<S::Ok, S::Error>
      |                                                         ^^^^^  ^^^^^^^^ unexpected type argument
      |                                                         |
      |                                                         unexpected type argument

error[E0107]: wrong number of type arguments: expected 0, found 2
     --> vision/v1/lib/src/lib.rs:17168:54
      |
17168 |         fn deserialize<D>(deserializer: D) -> Result<Self, D::Error>
      |                                                      ^^^^  ^^^^^^^^ unexpected type argument
      |                                                      |
      |                                                      unexpected type argument

error[E0107]: wrong number of type arguments: expected 0, found 2
     --> vision/v1/lib/src/lib.rs:17585:57
      |
17585 |         fn serialize<S>(&self, serializer: S) -> Result<S::Ok, S::Error>
      |                                                         ^^^^^  ^^^^^^^^ unexpected type argument
      |                                                         |
      |                                                         unexpected type argument

error[E0107]: wrong number of type arguments: expected 0, found 2
     --> vision/v1/lib/src/lib.rs:17593:54
      |
17593 |         fn deserialize<D>(deserializer: D) -> Result<Self, D::Error>
      |                                                      ^^^^  ^^^^^^^^ unexpected type argument
      |                                                      |
      |                                                      unexpected type argument

error[E0107]: wrong number of type arguments: expected 0, found 2
     --> vision/v1/lib/src/lib.rs:17656:57
      |
17656 |         fn serialize<S>(&self, serializer: S) -> Result<S::Ok, S::Error>
      |                                                         ^^^^^  ^^^^^^^^ unexpected type argument
      |                                                         |
      |                                                         unexpected type argument

error[E0107]: wrong number of type arguments: expected 0, found 2
     --> vision/v1/lib/src/lib.rs:17664:54
      |
17664 |         fn deserialize<D>(deserializer: D) -> Result<Self, D::Error>
      |                                                      ^^^^  ^^^^^^^^ unexpected type argument
      |                                                      |
      |                                                      unexpected type argument

error[E0107]: wrong number of type arguments: expected 0, found 2
     --> vision/v1/lib/src/lib.rs:17727:57
      |
17727 |         fn serialize<S>(&self, serializer: S) -> Result<S::Ok, S::Error>
      |                                                         ^^^^^  ^^^^^^^^ unexpected type argument
      |                                                         |
      |                                                         unexpected type argument

error[E0107]: wrong number of type arguments: expected 0, found 2
     --> vision/v1/lib/src/lib.rs:17735:54
      |
17735 |         fn deserialize<D>(deserializer: D) -> Result<Self, D::Error>
      |                                                      ^^^^  ^^^^^^^^ unexpected type argument
      |                                                      |
      |                                                      unexpected type argument

error[E0107]: wrong number of type arguments: expected 0, found 2
     --> vision/v1/lib/src/lib.rs:17798:57
      |
17798 |         fn serialize<S>(&self, serializer: S) -> Result<S::Ok, S::Error>
      |                                                         ^^^^^  ^^^^^^^^ unexpected type argument
      |                                                         |
      |                                                         unexpected type argument

error[E0107]: wrong number of type arguments: expected 0, found 2
     --> vision/v1/lib/src/lib.rs:17806:54
      |
17806 |         fn deserialize<D>(deserializer: D) -> Result<Self, D::Error>
      |                                                      ^^^^  ^^^^^^^^ unexpected type argument
      |                                                      |
      |                                                      unexpected type argument

error[E0107]: wrong number of type arguments: expected 0, found 2
     --> vision/v1/lib/src/lib.rs:17869:57
      |
17869 |         fn serialize<S>(&self, serializer: S) -> Result<S::Ok, S::Error>
      |                                                         ^^^^^  ^^^^^^^^ unexpected type argument
      |                                                         |
      |                                                         unexpected type argument

error[E0107]: wrong number of type arguments: expected 0, found 2
     --> vision/v1/lib/src/lib.rs:17877:54
      |
17877 |         fn deserialize<D>(deserializer: D) -> Result<Self, D::Error>
      |                                                      ^^^^  ^^^^^^^^ unexpected type argument
      |                                                      |
      |                                                      unexpected type argument

error: aborting due to 204 previous errors

For more information about this error, try `rustc --explain E0107`.
error: Could not compile `google-vision1`.

To learn more, run the command again with --verbose.
